2025-09-25 13:24:01,267 - data_pre_processing - INFO - Attempting to log in to Garmin Connect...
2025-09-25 13:24:04,824 - data_pre_processing - INFO - Login successful.
2025-09-25 13:24:04,827 - data_pre_processing - INFO - Fetching data from 2024-01-01 to 2025-09-25 (634 days).
2025-09-25 13:24:04,831 - data_pre_processing - INFO - Fetching data for period: 2024-01-01
2025-09-25 13:24:05,069 - data_pre_processing - INFO - Fetching data for period: 2024-01-02
2025-09-25 13:24:05,221 - data_pre_processing - INFO - Fetching data for period: 2024-01-03
2025-09-25 13:24:05,451 - data_pre_processing - INFO - Fetching data for period: 2024-01-04
2025-09-25 13:24:05,570 - data_pre_processing - INFO - Fetching data for period: 2024-01-05
2025-09-25 13:24:05,740 - data_pre_processing - INFO - Fetching data for period: 2024-01-06
2025-09-25 13:24:05,962 - data_pre_processing - INFO - Fetching data for period: 2024-01-07
2025-09-25 13:24:06,178 - data_pre_processing - INFO - Fetching data for period: 2024-01-08
2025-09-25 13:24:06,404 - data_pre_processing - INFO - Fetching data for period: 2024-01-09
2025-09-25 13:24:06,513 - data_pre_processing - INFO - Fetching data for period: 2024-01-10
2025-09-25 13:24:06,636 - data_pre_processing - INFO - Fetching data for period: 2024-01-11
2025-09-25 13:24:06,754 - data_pre_processing - INFO - Fetching data for period: 2024-01-12
2025-09-25 13:24:06,879 - data_pre_processing - INFO - Fetching data for period: 2024-01-13
2025-09-25 13:24:07,001 - data_pre_processing - INFO - Fetching data for period: 2024-01-14
2025-09-25 13:24:07,134 - data_pre_processing - INFO - Fetching data for period: 2024-01-15
2025-09-25 13:24:07,382 - data_pre_processing - INFO - Fetching data for period: 2024-01-16
2025-09-25 13:24:07,494 - data_pre_processing - INFO - Fetching data for period: 2024-01-17
2025-09-25 13:24:07,653 - data_pre_processing - INFO - Fetching data for period: 2024-01-18
2025-09-25 13:24:07,775 - data_pre_processing - INFO - Fetching data for period: 2024-01-19
2025-09-25 13:24:07,889 - data_pre_processing - INFO - Fetching data for period: 2024-01-20
2025-09-25 13:24:08,012 - data_pre_processing - INFO - Fetching data for period: 2024-01-21
2025-09-25 13:24:08,143 - data_pre_processing - INFO - Fetching data for period: 2024-01-22
2025-09-25 13:24:08,256 - data_pre_processing - INFO - Fetching data for period: 2024-01-23
2025-09-25 13:24:08,379 - data_pre_processing - INFO - Fetching data for period: 2024-01-24
2025-09-25 13:24:08,492 - data_pre_processing - INFO - Fetching data for period: 2024-01-25
2025-09-25 13:24:08,607 - data_pre_processing - INFO - Fetching data for period: 2024-01-26
2025-09-25 13:24:08,713 - data_pre_processing - INFO - Fetching data for period: 2024-01-27
2025-09-25 13:24:08,847 - data_pre_processing - INFO - Fetching data for period: 2024-01-28
2025-09-25 13:24:09,090 - data_pre_processing - INFO - Fetching data for period: 2024-01-29
2025-09-25 13:24:09,205 - data_pre_processing - INFO - Fetching data for period: 2024-01-30
2025-09-25 13:24:09,313 - data_pre_processing - INFO - Fetching data for period: 2024-01-31
2025-09-25 13:24:09,430 - data_pre_processing - INFO - Fetching data for period: 2024-02-01
2025-09-25 13:24:09,527 - data_pre_processing - INFO - Fetching data for period: 2024-02-02
2025-09-25 13:24:09,695 - data_pre_processing - INFO - Fetching data for period: 2024-02-03
2025-09-25 13:24:09,791 - data_pre_processing - INFO - Fetching data for period: 2024-02-04
2025-09-25 13:24:09,911 - data_pre_processing - INFO - Fetching data for period: 2024-02-05
2025-09-25 13:24:10,020 - data_pre_processing - INFO - Fetching data for period: 2024-02-06
2025-09-25 13:24:10,139 - data_pre_processing - INFO - Fetching data for period: 2024-02-07
2025-09-25 13:24:10,258 - data_pre_processing - INFO - Fetching data for period: 2024-02-08
2025-09-25 13:24:10,372 - data_pre_processing - INFO - Fetching data for period: 2024-02-09
2025-09-25 13:24:10,485 - data_pre_processing - INFO - Fetching data for period: 2024-02-10
2025-09-25 13:24:10,589 - data_pre_processing - INFO - Fetching data for period: 2024-02-11
2025-09-25 13:24:10,691 - data_pre_processing - INFO - Fetching data for period: 2024-02-12
2025-09-25 13:24:10,815 - data_pre_processing - INFO - Fetching data for period: 2024-02-13
2025-09-25 13:24:10,954 - data_pre_processing - INFO - Fetching data for period: 2024-02-14
2025-09-25 13:24:11,080 - data_pre_processing - INFO - Fetching data for period: 2024-02-15
2025-09-25 13:24:11,212 - data_pre_processing - INFO - Fetching data for period: 2024-02-16
2025-09-25 13:24:11,375 - data_pre_processing - INFO - Fetching data for period: 2024-02-17
2025-09-25 13:24:11,493 - data_pre_processing - INFO - Fetching data for period: 2024-02-18
2025-09-25 13:24:11,612 - data_pre_processing - INFO - Fetching data for period: 2024-02-19
2025-09-25 13:24:11,725 - data_pre_processing - INFO - Fetching data for period: 2024-02-20
2025-09-25 13:24:11,957 - data_pre_processing - INFO - Fetching data for period: 2024-02-21
2025-09-25 13:24:12,064 - data_pre_processing - INFO - Fetching data for period: 2024-02-22
2025-09-25 13:24:12,176 - data_pre_processing - INFO - Fetching data for period: 2024-02-23
2025-09-25 13:24:12,289 - data_pre_processing - INFO - Fetching data for period: 2024-02-24
2025-09-25 13:24:12,406 - data_pre_processing - INFO - Fetching data for period: 2024-02-25
2025-09-25 13:24:12,522 - data_pre_processing - INFO - Fetching data for period: 2024-02-26
2025-09-25 13:24:12,660 - data_pre_processing - INFO - Fetching data for period: 2024-02-27
2025-09-25 13:24:12,787 - data_pre_processing - INFO - Fetching data for period: 2024-02-28
2025-09-25 13:24:12,891 - data_pre_processing - INFO - Fetching data for period: 2024-02-29
2025-09-25 13:24:13,015 - data_pre_processing - INFO - Fetching data for period: 2024-03-01
2025-09-25 13:24:13,191 - data_pre_processing - INFO - Fetching data for period: 2024-03-02
2025-09-25 13:24:13,306 - data_pre_processing - INFO - Fetching data for period: 2024-03-03
2025-09-25 13:24:13,462 - data_pre_processing - INFO - Fetching data for period: 2024-03-04
2025-09-25 13:24:13,571 - data_pre_processing - INFO - Fetching data for period: 2024-03-05
2025-09-25 13:24:13,691 - data_pre_processing - INFO - Fetching data for period: 2024-03-06
2025-09-25 13:24:13,827 - data_pre_processing - INFO - Fetching data for period: 2024-03-07
2025-09-25 13:24:13,926 - data_pre_processing - INFO - Fetching data for period: 2024-03-08
2025-09-25 13:24:14,023 - data_pre_processing - INFO - Fetching data for period: 2024-03-09
2025-09-25 13:24:14,144 - data_pre_processing - INFO - Fetching data for period: 2024-03-10
2025-09-25 13:24:14,252 - data_pre_processing - INFO - Fetching data for period: 2024-03-11
2025-09-25 13:24:14,357 - data_pre_processing - INFO - Fetching data for period: 2024-03-12
2025-09-25 13:24:14,460 - data_pre_processing - INFO - Fetching data for period: 2024-03-13
2025-09-25 13:24:14,559 - data_pre_processing - INFO - Fetching data for period: 2024-03-14
2025-09-25 13:24:14,918 - data_pre_processing - INFO - Fetching data for period: 2024-03-15
2025-09-25 13:24:15,015 - data_pre_processing - INFO - Fetching data for period: 2024-03-16
2025-09-25 13:24:15,115 - data_pre_processing - INFO - Fetching data for period: 2024-03-17
2025-09-25 13:24:15,220 - data_pre_processing - INFO - Fetching data for period: 2024-03-18
2025-09-25 13:24:15,550 - data_pre_processing - INFO - Fetching data for period: 2024-03-19
2025-09-25 13:24:15,660 - data_pre_processing - INFO - Fetching data for period: 2024-03-20
2025-09-25 13:24:15,762 - data_pre_processing - INFO - Fetching data for period: 2024-03-21
2025-09-25 13:24:15,866 - data_pre_processing - INFO - Fetching data for period: 2024-03-22
2025-09-25 13:24:15,969 - data_pre_processing - INFO - Fetching data for period: 2024-03-23
2025-09-25 13:24:16,079 - data_pre_processing - INFO - Fetching data for period: 2024-03-24
2025-09-25 13:24:16,195 - data_pre_processing - INFO - Fetching data for period: 2024-03-25
2025-09-25 13:24:16,298 - data_pre_processing - INFO - Fetching data for period: 2024-03-26
2025-09-25 13:24:16,420 - data_pre_processing - INFO - Fetching data for period: 2024-03-27
2025-09-25 13:24:16,521 - data_pre_processing - INFO - Fetching data for period: 2024-03-28
2025-09-25 13:24:16,636 - data_pre_processing - INFO - Fetching data for period: 2024-03-29
2025-09-25 13:24:16,739 - data_pre_processing - INFO - Fetching data for period: 2024-03-30
2025-09-25 13:24:16,874 - data_pre_processing - INFO - Fetching data for period: 2024-03-31
2025-09-25 13:24:16,991 - data_pre_processing - INFO - Fetching data for period: 2024-04-01
2025-09-25 13:24:17,116 - data_pre_processing - INFO - Fetching data for period: 2024-04-02
2025-09-25 13:24:17,227 - data_pre_processing - INFO - Fetching data for period: 2024-04-03
2025-09-25 13:24:17,328 - data_pre_processing - INFO - Fetching data for period: 2024-04-04
2025-09-25 13:24:17,432 - data_pre_processing - INFO - Fetching data for period: 2024-04-05
2025-09-25 13:24:17,533 - data_pre_processing - INFO - Fetching data for period: 2024-04-06
2025-09-25 13:24:17,644 - data_pre_processing - INFO - Fetching data for period: 2024-04-07
2025-09-25 13:24:17,764 - data_pre_processing - INFO - Fetching data for period: 2024-04-08
2025-09-25 13:24:17,871 - data_pre_processing - INFO - Fetching data for period: 2024-04-09
2025-09-25 13:24:17,969 - data_pre_processing - INFO - Fetching data for period: 2024-04-10
2025-09-25 13:24:18,068 - data_pre_processing - INFO - Fetching data for period: 2024-04-11
2025-09-25 13:24:18,182 - data_pre_processing - INFO - Fetching data for period: 2024-04-12
2025-09-25 13:24:18,290 - data_pre_processing - INFO - Fetching data for period: 2024-04-13
2025-09-25 13:24:18,464 - data_pre_processing - INFO - Fetching data for period: 2024-04-14
2025-09-25 13:24:18,671 - data_pre_processing - INFO - Fetching data for period: 2024-04-15
2025-09-25 13:24:18,775 - data_pre_processing - INFO - Fetching data for period: 2024-04-16
2025-09-25 13:24:18,886 - data_pre_processing - INFO - Fetching data for period: 2024-04-17
2025-09-25 13:24:19,011 - data_pre_processing - INFO - Fetching data for period: 2024-04-18
2025-09-25 13:24:19,127 - data_pre_processing - INFO - Fetching data for period: 2024-04-19
2025-09-25 13:24:19,237 - data_pre_processing - INFO - Fetching data for period: 2024-04-20
2025-09-25 13:24:19,340 - data_pre_processing - INFO - Fetching data for period: 2024-04-21
2025-09-25 13:24:19,476 - data_pre_processing - INFO - Fetching data for period: 2024-04-22
2025-09-25 13:24:19,584 - data_pre_processing - INFO - Fetching data for period: 2024-04-23
2025-09-25 13:24:19,705 - data_pre_processing - INFO - Fetching data for period: 2024-04-24
2025-09-25 13:24:19,810 - data_pre_processing - INFO - Fetching data for period: 2024-04-25
2025-09-25 13:24:19,904 - data_pre_processing - INFO - Fetching data for period: 2024-04-26
2025-09-25 13:24:20,006 - data_pre_processing - INFO - Fetching data for period: 2024-04-27
2025-09-25 13:24:20,113 - data_pre_processing - INFO - Fetching data for period: 2024-04-28
2025-09-25 13:24:20,308 - data_pre_processing - INFO - Fetching data for period: 2024-04-29
2025-09-25 13:24:20,418 - data_pre_processing - INFO - Fetching data for period: 2024-04-30
2025-09-25 13:24:20,522 - data_pre_processing - INFO - Fetching data for period: 2024-05-01
2025-09-25 13:24:20,622 - data_pre_processing - INFO - Fetching data for period: 2024-05-02
2025-09-25 13:24:20,732 - data_pre_processing - INFO - Fetching data for period: 2024-05-03
2025-09-25 13:24:20,856 - data_pre_processing - INFO - Fetching data for period: 2024-05-04
2025-09-25 13:24:20,981 - data_pre_processing - INFO - Fetching data for period: 2024-05-05
2025-09-25 13:24:21,092 - data_pre_processing - INFO - Fetching data for period: 2024-05-06
2025-09-25 13:24:21,201 - data_pre_processing - INFO - Fetching data for period: 2024-05-07
2025-09-25 13:24:21,313 - data_pre_processing - INFO - Fetching data for period: 2024-05-08
2025-09-25 13:24:21,422 - data_pre_processing - INFO - Fetching data for period: 2024-05-09
2025-09-25 13:24:21,537 - data_pre_processing - INFO - Fetching data for period: 2024-05-10
2025-09-25 13:24:21,636 - data_pre_processing - INFO - Fetching data for period: 2024-05-11
2025-09-25 13:24:21,731 - data_pre_processing - INFO - Fetching data for period: 2024-05-12
2025-09-25 13:24:21,836 - data_pre_processing - INFO - Fetching data for period: 2024-05-13
2025-09-25 13:24:21,935 - data_pre_processing - INFO - Fetching data for period: 2024-05-14
2025-09-25 13:24:22,045 - data_pre_processing - INFO - Fetching data for period: 2024-05-15
2025-09-25 13:24:22,157 - data_pre_processing - INFO - Fetching data for period: 2024-05-16
2025-09-25 13:24:22,279 - data_pre_processing - INFO - Fetching data for period: 2024-05-17
2025-09-25 13:24:22,393 - data_pre_processing - INFO - Fetching data for period: 2024-05-18
2025-09-25 13:24:22,510 - data_pre_processing - INFO - Fetching data for period: 2024-05-19
2025-09-25 13:24:22,647 - data_pre_processing - INFO - Fetching data for period: 2024-05-20
2025-09-25 13:24:22,753 - data_pre_processing - INFO - Fetching data for period: 2024-05-21
2025-09-25 13:24:22,866 - data_pre_processing - INFO - Fetching data for period: 2024-05-22
2025-09-25 13:24:22,973 - data_pre_processing - INFO - Fetching data for period: 2024-05-23
2025-09-25 13:24:23,084 - data_pre_processing - INFO - Fetching data for period: 2024-05-24
2025-09-25 13:24:23,193 - data_pre_processing - INFO - Fetching data for period: 2024-05-25
2025-09-25 13:24:23,316 - data_pre_processing - INFO - Fetching data for period: 2024-05-26
2025-09-25 13:24:23,422 - data_pre_processing - INFO - Fetching data for period: 2024-05-27
2025-09-25 13:24:23,530 - data_pre_processing - INFO - Fetching data for period: 2024-05-28
2025-09-25 13:24:23,643 - data_pre_processing - INFO - Fetching data for period: 2024-05-29
2025-09-25 13:24:23,762 - data_pre_processing - INFO - Fetching data for period: 2024-05-30
2025-09-25 13:24:23,870 - data_pre_processing - INFO - Fetching data for period: 2024-05-31
2025-09-25 13:24:23,996 - data_pre_processing - INFO - Fetching data for period: 2024-06-01
2025-09-25 13:24:24,227 - data_pre_processing - INFO - Fetching data for period: 2024-06-02
2025-09-25 13:24:24,331 - data_pre_processing - INFO - Fetching data for period: 2024-06-03
2025-09-25 13:24:24,434 - data_pre_processing - INFO - Fetching data for period: 2024-06-04
2025-09-25 13:24:24,543 - data_pre_processing - INFO - Fetching data for period: 2024-06-05
2025-09-25 13:24:24,659 - data_pre_processing - INFO - Fetching data for period: 2024-06-06
2025-09-25 13:24:24,777 - data_pre_processing - INFO - Fetching data for period: 2024-06-07
2025-09-25 13:24:24,901 - data_pre_processing - INFO - Fetching data for period: 2024-06-08
2025-09-25 13:24:25,011 - data_pre_processing - INFO - Fetching data for period: 2024-06-09
2025-09-25 13:24:25,124 - data_pre_processing - INFO - Fetching data for period: 2024-06-10
2025-09-25 13:24:25,246 - data_pre_processing - INFO - Fetching data for period: 2024-06-11
2025-09-25 13:24:25,391 - data_pre_processing - INFO - Fetching data for period: 2024-06-12
2025-09-25 13:24:25,490 - data_pre_processing - INFO - Fetching data for period: 2024-06-13
2025-09-25 13:24:25,588 - data_pre_processing - INFO - Fetching data for period: 2024-06-14
2025-09-25 13:24:25,697 - data_pre_processing - INFO - Fetching data for period: 2024-06-15
2025-09-25 13:24:25,848 - data_pre_processing - INFO - Fetching data for period: 2024-06-16
2025-09-25 13:24:26,011 - data_pre_processing - INFO - Fetching data for period: 2024-06-17
2025-09-25 13:24:26,104 - data_pre_processing - INFO - Fetching data for period: 2024-06-18
2025-09-25 13:24:26,246 - data_pre_processing - INFO - Fetching data for period: 2024-06-19
2025-09-25 13:24:26,354 - data_pre_processing - INFO - Fetching data for period: 2024-06-20
2025-09-25 13:24:26,454 - data_pre_processing - INFO - Fetching data for period: 2024-06-21
2025-09-25 13:24:26,569 - data_pre_processing - INFO - Fetching data for period: 2024-06-22
2025-09-25 13:24:26,669 - data_pre_processing - INFO - Fetching data for period: 2024-06-23
2025-09-25 13:24:26,773 - data_pre_processing - INFO - Fetching data for period: 2024-06-24
2025-09-25 13:24:26,889 - data_pre_processing - INFO - Fetching data for period: 2024-06-25
2025-09-25 13:24:27,027 - data_pre_processing - INFO - Fetching data for period: 2024-06-26
2025-09-25 13:24:27,126 - data_pre_processing - INFO - Fetching data for period: 2024-06-27
2025-09-25 13:24:27,219 - data_pre_processing - INFO - Fetching data for period: 2024-06-28
2025-09-25 13:24:27,327 - data_pre_processing - INFO - Fetching data for period: 2024-06-29
2025-09-25 13:24:27,440 - data_pre_processing - INFO - Fetching data for period: 2024-06-30
2025-09-25 13:24:27,541 - data_pre_processing - INFO - Fetching data for period: 2024-07-01
2025-09-25 13:24:27,656 - data_pre_processing - INFO - Fetching data for period: 2024-07-02
2025-09-25 13:24:27,765 - data_pre_processing - INFO - Fetching data for period: 2024-07-03
2025-09-25 13:24:27,934 - data_pre_processing - INFO - Fetching data for period: 2024-07-04
2025-09-25 13:24:28,076 - data_pre_processing - INFO - Fetching data for period: 2024-07-05
2025-09-25 13:24:28,176 - data_pre_processing - INFO - Fetching data for period: 2024-07-06
2025-09-25 13:24:28,274 - data_pre_processing - INFO - Fetching data for period: 2024-07-07
2025-09-25 13:24:28,372 - data_pre_processing - INFO - Fetching data for period: 2024-07-08
2025-09-25 13:24:28,481 - data_pre_processing - INFO - Fetching data for period: 2024-07-09
2025-09-25 13:24:28,594 - data_pre_processing - INFO - Fetching data for period: 2024-07-10
2025-09-25 13:24:28,697 - data_pre_processing - INFO - Fetching data for period: 2024-07-11
2025-09-25 13:24:28,823 - data_pre_processing - INFO - Fetching data for period: 2024-07-12
2025-09-25 13:24:28,928 - data_pre_processing - INFO - Fetching data for period: 2024-07-13
2025-09-25 13:24:29,037 - data_pre_processing - INFO - Fetching data for period: 2024-07-14
2025-09-25 13:24:29,170 - data_pre_processing - INFO - Fetching data for period: 2024-07-15
2025-09-25 13:24:29,273 - data_pre_processing - INFO - Fetching data for period: 2024-07-16
2025-09-25 13:24:29,371 - data_pre_processing - INFO - Fetching data for period: 2024-07-17
2025-09-25 13:24:29,467 - data_pre_processing - INFO - Fetching data for period: 2024-07-18
2025-09-25 13:24:29,565 - data_pre_processing - INFO - Fetching data for period: 2024-07-19
2025-09-25 13:24:29,668 - data_pre_processing - INFO - Fetching data for period: 2024-07-20
2025-09-25 13:24:29,769 - data_pre_processing - INFO - Fetching data for period: 2024-07-21
2025-09-25 13:24:29,881 - data_pre_processing - INFO - Fetching data for period: 2024-07-22
2025-09-25 13:24:29,983 - data_pre_processing - INFO - Fetching data for period: 2024-07-23
2025-09-25 13:24:30,104 - data_pre_processing - INFO - Fetching data for period: 2024-07-24
2025-09-25 13:24:30,207 - data_pre_processing - INFO - Fetching data for period: 2024-07-25
2025-09-25 13:24:30,504 - data_pre_processing - INFO - Fetching data for period: 2024-07-26
2025-09-25 13:24:30,627 - data_pre_processing - INFO - Fetching data for period: 2024-07-27
2025-09-25 13:24:30,747 - data_pre_processing - INFO - Fetching data for period: 2024-07-28
2025-09-25 13:24:30,860 - data_pre_processing - INFO - Fetching data for period: 2024-07-29
2025-09-25 13:24:31,068 - data_pre_processing - INFO - Fetching data for period: 2024-07-30
2025-09-25 13:24:31,172 - data_pre_processing - INFO - Fetching data for period: 2024-07-31
2025-09-25 13:24:31,269 - data_pre_processing - INFO - Fetching data for period: 2024-08-01
2025-09-25 13:24:31,382 - data_pre_processing - INFO - Fetching data for period: 2024-08-02
2025-09-25 13:24:31,485 - data_pre_processing - INFO - Fetching data for period: 2024-08-03
2025-09-25 13:24:31,591 - data_pre_processing - INFO - Fetching data for period: 2024-08-04
2025-09-25 13:24:31,694 - data_pre_processing - INFO - Fetching data for period: 2024-08-05
2025-09-25 13:24:31,798 - data_pre_processing - INFO - Fetching data for period: 2024-08-06
2025-09-25 13:24:31,917 - data_pre_processing - INFO - Fetching data for period: 2024-08-07
2025-09-25 13:24:32,018 - data_pre_processing - INFO - Fetching data for period: 2024-08-08
2025-09-25 13:24:32,129 - data_pre_processing - INFO - Fetching data for period: 2024-08-09
2025-09-25 13:24:32,227 - data_pre_processing - INFO - Fetching data for period: 2024-08-10
2025-09-25 13:24:32,376 - data_pre_processing - INFO - Fetching data for period: 2024-08-11
2025-09-25 13:24:32,482 - data_pre_processing - INFO - Fetching data for period: 2024-08-12
2025-09-25 13:24:32,626 - data_pre_processing - INFO - Fetching data for period: 2024-08-13
2025-09-25 13:24:32,730 - data_pre_processing - INFO - Fetching data for period: 2024-08-14
2025-09-25 13:24:32,828 - data_pre_processing - INFO - Fetching data for period: 2024-08-15
2025-09-25 13:24:32,930 - data_pre_processing - INFO - Fetching data for period: 2024-08-16
2025-09-25 13:24:33,053 - data_pre_processing - INFO - Fetching data for period: 2024-08-17
2025-09-25 13:24:33,164 - data_pre_processing - INFO - Fetching data for period: 2024-08-18
2025-09-25 13:24:33,276 - data_pre_processing - INFO - Fetching data for period: 2024-08-19
2025-09-25 13:24:33,419 - data_pre_processing - INFO - Fetching data for period: 2024-08-20
2025-09-25 13:24:33,539 - data_pre_processing - INFO - Fetching data for period: 2024-08-21
2025-09-25 13:24:33,634 - data_pre_processing - INFO - Fetching data for period: 2024-08-22
2025-09-25 13:24:33,733 - data_pre_processing - INFO - Fetching data for period: 2024-08-23
2025-09-25 13:24:33,839 - data_pre_processing - INFO - Fetching data for period: 2024-08-24
2025-09-25 13:24:33,939 - data_pre_processing - INFO - Fetching data for period: 2024-08-25
2025-09-25 13:24:34,048 - data_pre_processing - INFO - Fetching data for period: 2024-08-26
2025-09-25 13:24:34,144 - data_pre_processing - INFO - Fetching data for period: 2024-08-27
2025-09-25 13:24:34,255 - data_pre_processing - INFO - Fetching data for period: 2024-08-28
2025-09-25 13:24:34,368 - data_pre_processing - INFO - Fetching data for period: 2024-08-29
2025-09-25 13:24:34,486 - data_pre_processing - INFO - Fetching data for period: 2024-08-30
2025-09-25 13:24:34,590 - data_pre_processing - INFO - Fetching data for period: 2024-08-31
2025-09-25 13:24:34,688 - data_pre_processing - INFO - Fetching data for period: 2024-09-01
2025-09-25 13:24:34,815 - data_pre_processing - INFO - Fetching data for period: 2024-09-02
2025-09-25 13:24:34,921 - data_pre_processing - INFO - Fetching data for period: 2024-09-03
2025-09-25 13:24:35,029 - data_pre_processing - INFO - Fetching data for period: 2024-09-04
2025-09-25 13:24:35,149 - data_pre_processing - INFO - Fetching data for period: 2024-09-05
2025-09-25 13:24:35,253 - data_pre_processing - INFO - Fetching data for period: 2024-09-06
2025-09-25 13:24:35,373 - data_pre_processing - INFO - Fetching data for period: 2024-09-07
2025-09-25 13:24:35,523 - data_pre_processing - INFO - Fetching data for period: 2024-09-08
2025-09-25 13:24:35,615 - data_pre_processing - INFO - Fetching data for period: 2024-09-09
2025-09-25 13:24:35,738 - data_pre_processing - INFO - Fetching data for period: 2024-09-10
2025-09-25 13:24:35,851 - data_pre_processing - INFO - Fetching data for period: 2024-09-11
2025-09-25 13:24:36,002 - data_pre_processing - INFO - Fetching data for period: 2024-09-12
2025-09-25 13:24:36,110 - data_pre_processing - INFO - Fetching data for period: 2024-09-13
2025-09-25 13:24:36,220 - data_pre_processing - INFO - Fetching data for period: 2024-09-14
2025-09-25 13:24:36,332 - data_pre_processing - INFO - Fetching data for period: 2024-09-15
2025-09-25 13:24:36,448 - data_pre_processing - INFO - Fetching data for period: 2024-09-16
2025-09-25 13:24:36,567 - data_pre_processing - INFO - Fetching data for period: 2024-09-17
2025-09-25 13:24:36,673 - data_pre_processing - INFO - Fetching data for period: 2024-09-18
2025-09-25 13:24:36,795 - data_pre_processing - INFO - Fetching data for period: 2024-09-19
2025-09-25 13:24:36,902 - data_pre_processing - INFO - Fetching data for period: 2024-09-20
2025-09-25 13:24:37,038 - data_pre_processing - INFO - Fetching data for period: 2024-09-21
2025-09-25 13:24:37,138 - data_pre_processing - INFO - Fetching data for period: 2024-09-22
2025-09-25 13:24:37,243 - data_pre_processing - INFO - Fetching data for period: 2024-09-23
2025-09-25 13:24:37,356 - data_pre_processing - INFO - Fetching data for period: 2024-09-24
2025-09-25 13:24:37,468 - data_pre_processing - INFO - Fetching data for period: 2024-09-25
2025-09-25 13:24:37,573 - data_pre_processing - INFO - Fetching data for period: 2024-09-26
2025-09-25 13:24:37,679 - data_pre_processing - INFO - Fetching data for period: 2024-09-27
2025-09-25 13:24:37,787 - data_pre_processing - INFO - Fetching data for period: 2024-09-28
2025-09-25 13:24:37,885 - data_pre_processing - INFO - Fetching data for period: 2024-09-29
2025-09-25 13:24:37,996 - data_pre_processing - INFO - Fetching data for period: 2024-09-30
2025-09-25 13:24:38,101 - data_pre_processing - INFO - Fetching data for period: 2024-10-01
2025-09-25 13:24:38,202 - data_pre_processing - INFO - Fetching data for period: 2024-10-02
2025-09-25 13:24:38,300 - data_pre_processing - INFO - Fetching data for period: 2024-10-03
2025-09-25 13:24:38,418 - data_pre_processing - INFO - Fetching data for period: 2024-10-04
2025-09-25 13:24:38,522 - data_pre_processing - INFO - Fetching data for period: 2024-10-05
2025-09-25 13:24:38,620 - data_pre_processing - INFO - Fetching data for period: 2024-10-06
2025-09-25 13:24:38,720 - data_pre_processing - INFO - Fetching data for period: 2024-10-07
2025-09-25 13:24:38,849 - data_pre_processing - INFO - Fetching data for period: 2024-10-08
2025-09-25 13:24:39,202 - data_pre_processing - INFO - Fetching data for period: 2024-10-09
2025-09-25 13:24:39,315 - data_pre_processing - INFO - Fetching data for period: 2024-10-10
2025-09-25 13:24:39,425 - data_pre_processing - INFO - Fetching data for period: 2024-10-11
2025-09-25 13:24:39,523 - data_pre_processing - INFO - Fetching data for period: 2024-10-12
2025-09-25 13:24:39,621 - data_pre_processing - INFO - Fetching data for period: 2024-10-13
2025-09-25 13:24:39,750 - data_pre_processing - INFO - Fetching data for period: 2024-10-14
2025-09-25 13:24:39,853 - data_pre_processing - INFO - Fetching data for period: 2024-10-15
2025-09-25 13:24:39,977 - data_pre_processing - INFO - Fetching data for period: 2024-10-16
2025-09-25 13:24:40,074 - data_pre_processing - INFO - Fetching data for period: 2024-10-17
2025-09-25 13:24:40,204 - data_pre_processing - INFO - Fetching data for period: 2024-10-18
2025-09-25 13:24:40,356 - data_pre_processing - INFO - Fetching data for period: 2024-10-19
2025-09-25 13:24:40,535 - data_pre_processing - INFO - Fetching data for period: 2024-10-20
2025-09-25 13:24:40,641 - data_pre_processing - INFO - Fetching data for period: 2024-10-21
2025-09-25 13:24:40,763 - data_pre_processing - INFO - Fetching data for period: 2024-10-22
2025-09-25 13:24:40,885 - data_pre_processing - INFO - Fetching data for period: 2024-10-23
2025-09-25 13:24:41,016 - data_pre_processing - INFO - Fetching data for period: 2024-10-24
2025-09-25 13:24:41,120 - data_pre_processing - INFO - Fetching data for period: 2024-10-25
2025-09-25 13:24:41,240 - data_pre_processing - INFO - Fetching data for period: 2024-10-26
2025-09-25 13:24:41,348 - data_pre_processing - INFO - Fetching data for period: 2024-10-27
2025-09-25 13:24:41,445 - data_pre_processing - INFO - Fetching data for period: 2024-10-28
2025-09-25 13:24:41,549 - data_pre_processing - INFO - Fetching data for period: 2024-10-29
2025-09-25 13:24:41,658 - data_pre_processing - INFO - Fetching data for period: 2024-10-30
2025-09-25 13:24:41,769 - data_pre_processing - INFO - Fetching data for period: 2024-10-31
2025-09-25 13:24:41,918 - data_pre_processing - INFO - Fetching data for period: 2024-11-01
2025-09-25 13:24:42,017 - data_pre_processing - INFO - Fetching data for period: 2024-11-02
2025-09-25 13:24:42,126 - data_pre_processing - INFO - Fetching data for period: 2024-11-03
2025-09-25 13:24:42,265 - data_pre_processing - INFO - Fetching data for period: 2024-11-04
2025-09-25 13:24:42,362 - data_pre_processing - INFO - Fetching data for period: 2024-11-05
2025-09-25 13:24:42,461 - data_pre_processing - INFO - Fetching data for period: 2024-11-06
2025-09-25 13:24:42,553 - data_pre_processing - INFO - Fetching data for period: 2024-11-07
2025-09-25 13:24:42,657 - data_pre_processing - INFO - Fetching data for period: 2024-11-08
2025-09-25 13:24:42,760 - data_pre_processing - INFO - Fetching data for period: 2024-11-09
2025-09-25 13:24:42,872 - data_pre_processing - INFO - Fetching data for period: 2024-11-10
2025-09-25 13:24:43,081 - data_pre_processing - INFO - Fetching data for period: 2024-11-11
2025-09-25 13:24:43,204 - data_pre_processing - INFO - Fetching data for period: 2024-11-12
2025-09-25 13:24:43,337 - data_pre_processing - INFO - Fetching data for period: 2024-11-13
2025-09-25 13:24:43,524 - data_pre_processing - INFO - Fetching data for period: 2024-11-14
2025-09-25 13:24:43,652 - data_pre_processing - INFO - Fetching data for period: 2024-11-15
2025-09-25 13:24:43,753 - data_pre_processing - INFO - Fetching data for period: 2024-11-16
2025-09-25 13:24:43,857 - data_pre_processing - INFO - Fetching data for period: 2024-11-17
2025-09-25 13:24:43,961 - data_pre_processing - INFO - Fetching data for period: 2024-11-18
2025-09-25 13:24:44,066 - data_pre_processing - INFO - Fetching data for period: 2024-11-19
2025-09-25 13:24:44,169 - data_pre_processing - INFO - Fetching data for period: 2024-11-20
2025-09-25 13:24:44,276 - data_pre_processing - INFO - Fetching data for period: 2024-11-21
2025-09-25 13:24:44,395 - data_pre_processing - INFO - Fetching data for period: 2024-11-22
2025-09-25 13:24:44,527 - data_pre_processing - INFO - Fetching data for period: 2024-11-23
2025-09-25 13:24:44,633 - data_pre_processing - INFO - Fetching data for period: 2024-11-24
2025-09-25 13:24:44,756 - data_pre_processing - INFO - Fetching data for period: 2024-11-25
2025-09-25 13:24:44,885 - data_pre_processing - INFO - Fetching data for period: 2024-11-26
2025-09-25 13:24:44,992 - data_pre_processing - INFO - Fetching data for period: 2024-11-27
2025-09-25 13:24:45,088 - data_pre_processing - INFO - Fetching data for period: 2024-11-28
2025-09-25 13:24:45,185 - data_pre_processing - INFO - Fetching data for period: 2024-11-29
2025-09-25 13:24:45,285 - data_pre_processing - INFO - Fetching data for period: 2024-11-30
2025-09-25 13:24:45,388 - data_pre_processing - INFO - Fetching data for period: 2024-12-01
2025-09-25 13:24:45,497 - data_pre_processing - INFO - Fetching data for period: 2024-12-02
2025-09-25 13:24:45,602 - data_pre_processing - INFO - Fetching data for period: 2024-12-03
2025-09-25 13:24:45,716 - data_pre_processing - INFO - Fetching data for period: 2024-12-04
2025-09-25 13:24:45,854 - data_pre_processing - INFO - Fetching data for period: 2024-12-05
2025-09-25 13:24:45,971 - data_pre_processing - INFO - Fetching data for period: 2024-12-06
2025-09-25 13:24:46,072 - data_pre_processing - INFO - Fetching data for period: 2024-12-07
2025-09-25 13:24:46,143 - data_pre_processing - INFO - Fetching data for period: 2024-12-08
2025-09-25 13:24:46,254 - data_pre_processing - INFO - Fetching data for period: 2024-12-09
2025-09-25 13:24:46,349 - data_pre_processing - INFO - Fetching data for period: 2024-12-10
2025-09-25 13:24:46,468 - data_pre_processing - INFO - Fetching data for period: 2024-12-11
2025-09-25 13:24:46,577 - data_pre_processing - INFO - Fetching data for period: 2024-12-12
2025-09-25 13:24:46,690 - data_pre_processing - INFO - Fetching data for period: 2024-12-13
2025-09-25 13:24:46,818 - data_pre_processing - INFO - Fetching data for period: 2024-12-14
2025-09-25 13:24:46,930 - data_pre_processing - INFO - Fetching data for period: 2024-12-15
2025-09-25 13:24:47,035 - data_pre_processing - INFO - Fetching data for period: 2024-12-16
2025-09-25 13:24:47,138 - data_pre_processing - INFO - Fetching data for period: 2024-12-17
2025-09-25 13:24:47,236 - data_pre_processing - INFO - Fetching data for period: 2024-12-18
2025-09-25 13:24:47,397 - data_pre_processing - INFO - Fetching data for period: 2024-12-19
2025-09-25 13:24:47,500 - data_pre_processing - INFO - Fetching data for period: 2024-12-20
2025-09-25 13:24:47,605 - data_pre_processing - INFO - Fetching data for period: 2024-12-21
2025-09-25 13:24:47,711 - data_pre_processing - INFO - Fetching data for period: 2024-12-22
2025-09-25 13:24:47,812 - data_pre_processing - INFO - Fetching data for period: 2024-12-23
2025-09-25 13:24:47,927 - data_pre_processing - INFO - Fetching data for period: 2024-12-24
2025-09-25 13:24:48,044 - data_pre_processing - INFO - Fetching data for period: 2024-12-25
2025-09-25 13:24:48,139 - data_pre_processing - INFO - Fetching data for period: 2024-12-26
2025-09-25 13:24:48,244 - data_pre_processing - INFO - Fetching data for period: 2024-12-27
2025-09-25 13:24:48,375 - data_pre_processing - INFO - Fetching data for period: 2024-12-28
2025-09-25 13:24:48,481 - data_pre_processing - INFO - Fetching data for period: 2024-12-29
2025-09-25 13:24:48,713 - data_pre_processing - INFO - Fetching data for period: 2024-12-30
2025-09-25 13:24:48,826 - data_pre_processing - INFO - Fetching data for period: 2024-12-31
2025-09-25 13:24:48,942 - data_pre_processing - INFO - Fetching data for period: 2025-01-01
2025-09-25 13:24:49,039 - data_pre_processing - INFO - Fetching data for period: 2025-01-02
2025-09-25 13:24:49,141 - data_pre_processing - INFO - Fetching data for period: 2025-01-03
2025-09-25 13:24:49,240 - data_pre_processing - INFO - Fetching data for period: 2025-01-04
2025-09-25 13:24:49,346 - data_pre_processing - INFO - Fetching data for period: 2025-01-05
2025-09-25 13:24:49,448 - data_pre_processing - INFO - Fetching data for period: 2025-01-06
2025-09-25 13:24:49,558 - data_pre_processing - INFO - Fetching data for period: 2025-01-07
2025-09-25 13:24:49,655 - data_pre_processing - INFO - Fetching data for period: 2025-01-08
2025-09-25 13:24:49,763 - data_pre_processing - INFO - Fetching data for period: 2025-01-09
2025-09-25 13:24:49,863 - data_pre_processing - INFO - Fetching data for period: 2025-01-10
2025-09-25 13:24:50,212 - data_pre_processing - INFO - Fetching data for period: 2025-01-11
2025-09-25 13:24:50,337 - data_pre_processing - INFO - Fetching data for period: 2025-01-12
2025-09-25 13:24:50,440 - data_pre_processing - INFO - Fetching data for period: 2025-01-13
2025-09-25 13:24:50,541 - data_pre_processing - INFO - Fetching data for period: 2025-01-14
2025-09-25 13:24:50,647 - data_pre_processing - INFO - Fetching data for period: 2025-01-15
2025-09-25 13:24:50,758 - data_pre_processing - INFO - Fetching data for period: 2025-01-16
2025-09-25 13:24:50,860 - data_pre_processing - INFO - Fetching data for period: 2025-01-17
2025-09-25 13:24:51,037 - data_pre_processing - INFO - Fetching data for period: 2025-01-18
2025-09-25 13:24:51,144 - data_pre_processing - INFO - Fetching data for period: 2025-01-19
2025-09-25 13:24:51,359 - data_pre_processing - INFO - Fetching data for period: 2025-01-20
2025-09-25 13:24:51,488 - data_pre_processing - INFO - Fetching data for period: 2025-01-21
2025-09-25 13:24:51,595 - data_pre_processing - INFO - Fetching data for period: 2025-01-22
2025-09-25 13:24:51,699 - data_pre_processing - INFO - Fetching data for period: 2025-01-23
2025-09-25 13:24:51,823 - data_pre_processing - INFO - Fetching data for period: 2025-01-24
2025-09-25 13:24:51,948 - data_pre_processing - INFO - Fetching data for period: 2025-01-25
2025-09-25 13:24:52,064 - data_pre_processing - INFO - Fetching data for period: 2025-01-26
2025-09-25 13:24:52,185 - data_pre_processing - INFO - Fetching data for period: 2025-01-27
2025-09-25 13:24:52,287 - data_pre_processing - INFO - Fetching data for period: 2025-01-28
2025-09-25 13:24:52,399 - data_pre_processing - INFO - Fetching data for period: 2025-01-29
2025-09-25 13:24:52,577 - data_pre_processing - INFO - Fetching data for period: 2025-01-30
2025-09-25 13:24:52,681 - data_pre_processing - INFO - Fetching data for period: 2025-01-31
2025-09-25 13:24:52,796 - data_pre_processing - INFO - Fetching data for period: 2025-02-01
2025-09-25 13:24:52,912 - data_pre_processing - INFO - Fetching data for period: 2025-02-02
2025-09-25 13:24:53,017 - data_pre_processing - INFO - Fetching data for period: 2025-02-03
2025-09-25 13:24:53,126 - data_pre_processing - INFO - Fetching data for period: 2025-02-04
2025-09-25 13:24:53,246 - data_pre_processing - INFO - Fetching data for period: 2025-02-05
2025-09-25 13:24:53,363 - data_pre_processing - INFO - Fetching data for period: 2025-02-06
2025-09-25 13:24:53,467 - data_pre_processing - INFO - Fetching data for period: 2025-02-07
2025-09-25 13:24:53,578 - data_pre_processing - INFO - Fetching data for period: 2025-02-08
2025-09-25 13:24:53,682 - data_pre_processing - INFO - Fetching data for period: 2025-02-09
2025-09-25 13:24:53,788 - data_pre_processing - INFO - Fetching data for period: 2025-02-10
2025-09-25 13:24:53,911 - data_pre_processing - INFO - Fetching data for period: 2025-02-11
2025-09-25 13:24:54,017 - data_pre_processing - INFO - Fetching data for period: 2025-02-12
2025-09-25 13:24:54,122 - data_pre_processing - INFO - Fetching data for period: 2025-02-13
2025-09-25 13:24:54,234 - data_pre_processing - INFO - Fetching data for period: 2025-02-14
2025-09-25 13:24:54,358 - data_pre_processing - INFO - Fetching data for period: 2025-02-15
2025-09-25 13:24:54,457 - data_pre_processing - INFO - Fetching data for period: 2025-02-16
2025-09-25 13:24:54,558 - data_pre_processing - INFO - Fetching data for period: 2025-02-17
2025-09-25 13:24:54,664 - data_pre_processing - INFO - Fetching data for period: 2025-02-18
2025-09-25 13:24:54,783 - data_pre_processing - INFO - Fetching data for period: 2025-02-19
2025-09-25 13:24:54,927 - data_pre_processing - INFO - Fetching data for period: 2025-02-20
2025-09-25 13:24:55,029 - data_pre_processing - INFO - Fetching data for period: 2025-02-21
2025-09-25 13:24:55,141 - data_pre_processing - INFO - Fetching data for period: 2025-02-22
2025-09-25 13:24:55,271 - data_pre_processing - INFO - Fetching data for period: 2025-02-23
2025-09-25 13:24:55,382 - data_pre_processing - INFO - Fetching data for period: 2025-02-24
2025-09-25 13:24:55,514 - data_pre_processing - INFO - Fetching data for period: 2025-02-25
2025-09-25 13:24:55,617 - data_pre_processing - INFO - Fetching data for period: 2025-02-26
2025-09-25 13:24:55,720 - data_pre_processing - INFO - Fetching data for period: 2025-02-27
2025-09-25 13:24:55,822 - data_pre_processing - INFO - Fetching data for period: 2025-02-28
2025-09-25 13:24:55,938 - data_pre_processing - INFO - Fetching data for period: 2025-03-01
2025-09-25 13:24:56,057 - data_pre_processing - INFO - Fetching data for period: 2025-03-02
2025-09-25 13:24:56,161 - data_pre_processing - INFO - Fetching data for period: 2025-03-03
2025-09-25 13:24:56,305 - data_pre_processing - INFO - Fetching data for period: 2025-03-04
2025-09-25 13:24:56,419 - data_pre_processing - INFO - Fetching data for period: 2025-03-05
2025-09-25 13:24:56,530 - data_pre_processing - INFO - Fetching data for period: 2025-03-06
2025-09-25 13:24:56,660 - data_pre_processing - INFO - Fetching data for period: 2025-03-07
2025-09-25 13:24:56,769 - data_pre_processing - INFO - Fetching data for period: 2025-03-08
2025-09-25 13:24:56,869 - data_pre_processing - INFO - Fetching data for period: 2025-03-09
2025-09-25 13:24:56,987 - data_pre_processing - INFO - Fetching data for period: 2025-03-10
2025-09-25 13:24:57,102 - data_pre_processing - INFO - Fetching data for period: 2025-03-11
2025-09-25 13:24:57,221 - data_pre_processing - INFO - Fetching data for period: 2025-03-12
2025-09-25 13:24:57,399 - data_pre_processing - INFO - Fetching data for period: 2025-03-13
2025-09-25 13:24:57,507 - data_pre_processing - INFO - Fetching data for period: 2025-03-14
2025-09-25 13:24:57,683 - data_pre_processing - INFO - Fetching data for period: 2025-03-15
2025-09-25 13:24:57,801 - data_pre_processing - INFO - Fetching data for period: 2025-03-16
2025-09-25 13:24:57,967 - data_pre_processing - INFO - Fetching data for period: 2025-03-17
2025-09-25 13:24:58,084 - data_pre_processing - INFO - Fetching data for period: 2025-03-18
2025-09-25 13:24:58,205 - data_pre_processing - INFO - Fetching data for period: 2025-03-19
2025-09-25 13:24:58,320 - data_pre_processing - INFO - Fetching data for period: 2025-03-20
2025-09-25 13:24:58,420 - data_pre_processing - INFO - Fetching data for period: 2025-03-21
2025-09-25 13:24:58,530 - data_pre_processing - INFO - Fetching data for period: 2025-03-22
2025-09-25 13:24:58,635 - data_pre_processing - INFO - Fetching data for period: 2025-03-23
2025-09-25 13:24:58,740 - data_pre_processing - INFO - Fetching data for period: 2025-03-24
2025-09-25 13:24:58,859 - data_pre_processing - INFO - Fetching data for period: 2025-03-25
2025-09-25 13:24:58,964 - data_pre_processing - INFO - Fetching data for period: 2025-03-26
2025-09-25 13:24:59,063 - data_pre_processing - INFO - Fetching data for period: 2025-03-27
2025-09-25 13:24:59,171 - data_pre_processing - INFO - Fetching data for period: 2025-03-28
2025-09-25 13:24:59,285 - data_pre_processing - INFO - Fetching data for period: 2025-03-29
2025-09-25 13:24:59,390 - data_pre_processing - INFO - Fetching data for period: 2025-03-30
2025-09-25 13:24:59,497 - data_pre_processing - INFO - Fetching data for period: 2025-03-31
2025-09-25 13:24:59,777 - data_pre_processing - INFO - Fetching data for period: 2025-04-01
2025-09-25 13:24:59,881 - data_pre_processing - INFO - Fetching data for period: 2025-04-02
2025-09-25 13:25:00,005 - data_pre_processing - INFO - Fetching data for period: 2025-04-03
2025-09-25 13:25:00,132 - data_pre_processing - INFO - Fetching data for period: 2025-04-04
2025-09-25 13:25:00,248 - data_pre_processing - INFO - Fetching data for period: 2025-04-05
2025-09-25 13:25:00,388 - data_pre_processing - INFO - Fetching data for period: 2025-04-06
2025-09-25 13:25:00,509 - data_pre_processing - INFO - Fetching data for period: 2025-04-07
2025-09-25 13:25:00,630 - data_pre_processing - INFO - Fetching data for period: 2025-04-08
2025-09-25 13:25:00,747 - data_pre_processing - INFO - Fetching data for period: 2025-04-09
2025-09-25 13:25:00,865 - data_pre_processing - INFO - Fetching data for period: 2025-04-10
2025-09-25 13:25:00,977 - data_pre_processing - INFO - Fetching data for period: 2025-04-11
2025-09-25 13:25:01,088 - data_pre_processing - INFO - Fetching data for period: 2025-04-12
2025-09-25 13:25:01,237 - data_pre_processing - INFO - Fetching data for period: 2025-04-13
2025-09-25 13:25:01,341 - data_pre_processing - INFO - Fetching data for period: 2025-04-14
2025-09-25 13:25:01,444 - data_pre_processing - INFO - Fetching data for period: 2025-04-15
2025-09-25 13:25:01,900 - data_pre_processing - INFO - Fetching data for period: 2025-04-16
2025-09-25 13:25:02,027 - data_pre_processing - INFO - Fetching data for period: 2025-04-17
2025-09-25 13:25:02,308 - data_pre_processing - INFO - Fetching data for period: 2025-04-18
2025-09-25 13:25:02,415 - data_pre_processing - INFO - Fetching data for period: 2025-04-19
2025-09-25 13:25:02,513 - data_pre_processing - INFO - Fetching data for period: 2025-04-20
2025-09-25 13:25:02,627 - data_pre_processing - INFO - Fetching data for period: 2025-04-21
2025-09-25 13:25:02,751 - data_pre_processing - INFO - Fetching data for period: 2025-04-22
2025-09-25 13:25:02,883 - data_pre_processing - INFO - Fetching data for period: 2025-04-23
2025-09-25 13:25:03,001 - data_pre_processing - INFO - Fetching data for period: 2025-04-24
2025-09-25 13:25:03,119 - data_pre_processing - INFO - Fetching data for period: 2025-04-25
2025-09-25 13:25:03,225 - data_pre_processing - INFO - Fetching data for period: 2025-04-26
2025-09-25 13:25:03,367 - data_pre_processing - INFO - Fetching data for period: 2025-04-27
2025-09-25 13:25:03,488 - data_pre_processing - INFO - Fetching data for period: 2025-04-28
2025-09-25 13:25:03,593 - data_pre_processing - INFO - Fetching data for period: 2025-04-29
2025-09-25 13:25:03,852 - data_pre_processing - INFO - Fetching data for period: 2025-04-30
2025-09-25 13:25:03,959 - data_pre_processing - INFO - Fetching data for period: 2025-05-01
2025-09-25 13:25:04,188 - data_pre_processing - INFO - Fetching data for period: 2025-05-02
2025-09-25 13:25:04,346 - data_pre_processing - INFO - Fetching data for period: 2025-05-03
2025-09-25 13:25:04,485 - data_pre_processing - INFO - Fetching data for period: 2025-05-04
2025-09-25 13:25:04,669 - data_pre_processing - INFO - Fetching data for period: 2025-05-05
2025-09-25 13:25:04,809 - data_pre_processing - INFO - Fetching data for period: 2025-05-06
2025-09-25 13:25:04,933 - data_pre_processing - INFO - Fetching data for period: 2025-05-07
2025-09-25 13:25:05,074 - data_pre_processing - INFO - Fetching data for period: 2025-05-08
2025-09-25 13:25:05,225 - data_pre_processing - INFO - Fetching data for period: 2025-05-09
2025-09-25 13:25:05,368 - data_pre_processing - INFO - Fetching data for period: 2025-05-10
2025-09-25 13:25:05,515 - data_pre_processing - INFO - Fetching data for period: 2025-05-11
2025-09-25 13:25:05,666 - data_pre_processing - INFO - Fetching data for period: 2025-05-12
2025-09-25 13:25:05,791 - data_pre_processing - INFO - Fetching data for period: 2025-05-13
2025-09-25 13:25:05,940 - data_pre_processing - INFO - Fetching data for period: 2025-05-14
2025-09-25 13:25:06,217 - data_pre_processing - INFO - Fetching data for period: 2025-05-15
2025-09-25 13:25:06,368 - data_pre_processing - INFO - Fetching data for period: 2025-05-16
2025-09-25 13:25:06,522 - data_pre_processing - INFO - Fetching data for period: 2025-05-17
2025-09-25 13:25:06,657 - data_pre_processing - INFO - Fetching data for period: 2025-05-18
2025-09-25 13:25:06,808 - data_pre_processing - INFO - Fetching data for period: 2025-05-19
2025-09-25 13:25:06,945 - data_pre_processing - INFO - Fetching data for period: 2025-05-20
2025-09-25 13:25:07,100 - data_pre_processing - INFO - Fetching data for period: 2025-05-21
2025-09-25 13:25:07,250 - data_pre_processing - INFO - Fetching data for period: 2025-05-22
2025-09-25 13:25:07,390 - data_pre_processing - INFO - Fetching data for period: 2025-05-23
2025-09-25 13:25:07,538 - data_pre_processing - INFO - Fetching data for period: 2025-05-24
2025-09-25 13:25:07,779 - data_pre_processing - INFO - Fetching data for period: 2025-05-25
2025-09-25 13:25:07,919 - data_pre_processing - INFO - Fetching data for period: 2025-05-26
2025-09-25 13:25:08,091 - data_pre_processing - INFO - Fetching data for period: 2025-05-27
2025-09-25 13:25:08,255 - data_pre_processing - INFO - Fetching data for period: 2025-05-28
2025-09-25 13:25:08,409 - data_pre_processing - INFO - Fetching data for period: 2025-05-29
2025-09-25 13:25:08,545 - data_pre_processing - INFO - Fetching data for period: 2025-05-30
2025-09-25 13:25:08,824 - data_pre_processing - INFO - Fetching data for period: 2025-05-31
2025-09-25 13:25:08,955 - data_pre_processing - INFO - Fetching data for period: 2025-06-01
2025-09-25 13:25:09,145 - data_pre_processing - INFO - Fetching data for period: 2025-06-02
2025-09-25 13:25:09,296 - data_pre_processing - INFO - Fetching data for period: 2025-06-03
2025-09-25 13:25:09,402 - data_pre_processing - INFO - Fetching data for period: 2025-06-04
2025-09-25 13:25:09,522 - data_pre_processing - INFO - Fetching data for period: 2025-06-05
2025-09-25 13:25:09,638 - data_pre_processing - INFO - Fetching data for period: 2025-06-06
2025-09-25 13:25:09,745 - data_pre_processing - INFO - Fetching data for period: 2025-06-07
2025-09-25 13:25:09,878 - data_pre_processing - INFO - Fetching data for period: 2025-06-08
2025-09-25 13:25:09,977 - data_pre_processing - INFO - Fetching data for period: 2025-06-09
2025-09-25 13:25:10,175 - data_pre_processing - INFO - Fetching data for period: 2025-06-10
2025-09-25 13:25:10,345 - data_pre_processing - INFO - Fetching data for period: 2025-06-11
2025-09-25 13:25:10,474 - data_pre_processing - INFO - Fetching data for period: 2025-06-12
2025-09-25 13:25:10,725 - data_pre_processing - INFO - Fetching data for period: 2025-06-13
2025-09-25 13:25:10,899 - data_pre_processing - INFO - Fetching data for period: 2025-06-14
2025-09-25 13:25:11,053 - data_pre_processing - INFO - Fetching data for period: 2025-06-15
2025-09-25 13:25:11,253 - data_pre_processing - INFO - Fetching data for period: 2025-06-16
2025-09-25 13:25:11,419 - data_pre_processing - INFO - Fetching data for period: 2025-06-17
2025-09-25 13:25:11,610 - data_pre_processing - INFO - Fetching data for period: 2025-06-18
2025-09-25 13:25:11,767 - data_pre_processing - INFO - Fetching data for period: 2025-06-19
2025-09-25 13:25:11,905 - data_pre_processing - INFO - Fetching data for period: 2025-06-20
2025-09-25 13:25:12,075 - data_pre_processing - INFO - Fetching data for period: 2025-06-21
2025-09-25 13:25:12,249 - data_pre_processing - INFO - Fetching data for period: 2025-06-22
2025-09-25 13:25:12,468 - data_pre_processing - INFO - Fetching data for period: 2025-06-23
2025-09-25 13:25:12,648 - data_pre_processing - INFO - Fetching data for period: 2025-06-24
2025-09-25 13:25:12,919 - data_pre_processing - INFO - Fetching data for period: 2025-06-25
2025-09-25 13:25:13,107 - data_pre_processing - INFO - Fetching data for period: 2025-06-26
2025-09-25 13:25:13,284 - data_pre_processing - INFO - Fetching data for period: 2025-06-27
2025-09-25 13:25:13,590 - data_pre_processing - INFO - Fetching data for period: 2025-06-28
2025-09-25 13:25:13,784 - data_pre_processing - INFO - Fetching data for period: 2025-06-29
2025-09-25 13:25:14,092 - data_pre_processing - INFO - Fetching data for period: 2025-06-30
2025-09-25 13:25:14,270 - data_pre_processing - INFO - Fetching data for period: 2025-07-01
2025-09-25 13:25:14,450 - data_pre_processing - INFO - Fetching data for period: 2025-07-02
2025-09-25 13:25:14,658 - data_pre_processing - INFO - Fetching data for period: 2025-07-03
2025-09-25 13:25:14,909 - data_pre_processing - INFO - Fetching data for period: 2025-07-04
2025-09-25 13:25:15,084 - data_pre_processing - INFO - Fetching data for period: 2025-07-05
2025-09-25 13:25:15,270 - data_pre_processing - INFO - Fetching data for period: 2025-07-06
2025-09-25 13:25:15,464 - data_pre_processing - INFO - Fetching data for period: 2025-07-07
2025-09-25 13:25:15,865 - data_pre_processing - INFO - Fetching data for period: 2025-07-08
2025-09-25 13:25:16,039 - data_pre_processing - INFO - Fetching data for period: 2025-07-09
2025-09-25 13:25:16,230 - data_pre_processing - INFO - Fetching data for period: 2025-07-10
2025-09-25 13:25:16,425 - data_pre_processing - INFO - Fetching data for period: 2025-07-11
2025-09-25 13:25:16,828 - data_pre_processing - INFO - Fetching data for period: 2025-07-12
2025-09-25 13:25:17,052 - data_pre_processing - INFO - Fetching data for period: 2025-07-13
2025-09-25 13:25:17,252 - data_pre_processing - INFO - Fetching data for period: 2025-07-14
2025-09-25 13:25:17,456 - data_pre_processing - INFO - Fetching data for period: 2025-07-15
2025-09-25 13:25:17,640 - data_pre_processing - INFO - Fetching data for period: 2025-07-16
2025-09-25 13:25:17,812 - data_pre_processing - INFO - Fetching data for period: 2025-07-17
2025-09-25 13:25:18,032 - data_pre_processing - INFO - Fetching data for period: 2025-07-18
2025-09-25 13:25:18,232 - data_pre_processing - INFO - Fetching data for period: 2025-07-19
2025-09-25 13:25:18,390 - data_pre_processing - INFO - Fetching data for period: 2025-07-20
2025-09-25 13:25:18,585 - data_pre_processing - INFO - Fetching data for period: 2025-07-21
2025-09-25 13:25:18,757 - data_pre_processing - INFO - Fetching data for period: 2025-07-22
2025-09-25 13:25:19,018 - data_pre_processing - INFO - Fetching data for period: 2025-07-23
2025-09-25 13:25:19,210 - data_pre_processing - INFO - Fetching data for period: 2025-07-24
2025-09-25 13:25:19,389 - data_pre_processing - INFO - Fetching data for period: 2025-07-25
2025-09-25 13:25:19,561 - data_pre_processing - INFO - Fetching data for period: 2025-07-26
2025-09-25 13:25:19,748 - data_pre_processing - INFO - Fetching data for period: 2025-07-27
2025-09-25 13:25:19,981 - data_pre_processing - INFO - Fetching data for period: 2025-07-28
2025-09-25 13:25:20,182 - data_pre_processing - INFO - Fetching data for period: 2025-07-29
2025-09-25 13:25:20,419 - data_pre_processing - INFO - Fetching data for period: 2025-07-30
2025-09-25 13:25:20,685 - data_pre_processing - INFO - Fetching data for period: 2025-07-31
2025-09-25 13:25:20,850 - data_pre_processing - INFO - Fetching data for period: 2025-08-01
2025-09-25 13:25:21,053 - data_pre_processing - INFO - Fetching data for period: 2025-08-02
2025-09-25 13:25:21,217 - data_pre_processing - INFO - Fetching data for period: 2025-08-03
2025-09-25 13:25:21,482 - data_pre_processing - INFO - Fetching data for period: 2025-08-04
2025-09-25 13:25:21,661 - data_pre_processing - INFO - Fetching data for period: 2025-08-05
2025-09-25 13:25:21,836 - data_pre_processing - INFO - Fetching data for period: 2025-08-06
2025-09-25 13:25:22,037 - data_pre_processing - INFO - Fetching data for period: 2025-08-07
2025-09-25 13:25:22,252 - data_pre_processing - INFO - Fetching data for period: 2025-08-08
2025-09-25 13:25:22,507 - data_pre_processing - INFO - Fetching data for period: 2025-08-09
2025-09-25 13:25:22,687 - data_pre_processing - INFO - Fetching data for period: 2025-08-10
2025-09-25 13:25:22,849 - data_pre_processing - INFO - Fetching data for period: 2025-08-11
2025-09-25 13:25:22,970 - data_pre_processing - INFO - Fetching data for period: 2025-08-12
2025-09-25 13:25:23,113 - data_pre_processing - INFO - Fetching data for period: 2025-08-13
2025-09-25 13:25:23,236 - data_pre_processing - INFO - Fetching data for period: 2025-08-14
2025-09-25 13:25:23,373 - data_pre_processing - INFO - Fetching data for period: 2025-08-15
2025-09-25 13:25:23,509 - data_pre_processing - INFO - Fetching data for period: 2025-08-16
2025-09-25 13:25:23,663 - data_pre_processing - INFO - Fetching data for period: 2025-08-17
2025-09-25 13:25:23,816 - data_pre_processing - INFO - Fetching data for period: 2025-08-18
2025-09-25 13:25:23,956 - data_pre_processing - INFO - Fetching data for period: 2025-08-19
2025-09-25 13:25:24,089 - data_pre_processing - INFO - Fetching data for period: 2025-08-20
2025-09-25 13:25:24,208 - data_pre_processing - INFO - Fetching data for period: 2025-08-21
2025-09-25 13:25:24,347 - data_pre_processing - INFO - Fetching data for period: 2025-08-22
2025-09-25 13:25:24,476 - data_pre_processing - INFO - Fetching data for period: 2025-08-23
2025-09-25 13:25:24,600 - data_pre_processing - INFO - Fetching data for period: 2025-08-24
2025-09-25 13:25:24,759 - data_pre_processing - INFO - Fetching data for period: 2025-08-25
2025-09-25 13:25:24,940 - data_pre_processing - INFO - Fetching data for period: 2025-08-26
2025-09-25 13:25:25,084 - data_pre_processing - INFO - Fetching data for period: 2025-08-27
2025-09-25 13:25:25,268 - data_pre_processing - INFO - Fetching data for period: 2025-08-28
2025-09-25 13:25:25,406 - data_pre_processing - INFO - Fetching data for period: 2025-08-29
2025-09-25 13:25:25,543 - data_pre_processing - INFO - Fetching data for period: 2025-08-30
2025-09-25 13:25:25,745 - data_pre_processing - INFO - Fetching data for period: 2025-08-31
2025-09-25 13:25:25,904 - data_pre_processing - INFO - Fetching data for period: 2025-09-01
2025-09-25 13:25:26,116 - data_pre_processing - INFO - Fetching data for period: 2025-09-02
2025-09-25 13:25:26,310 - data_pre_processing - INFO - Fetching data for period: 2025-09-03
2025-09-25 13:25:26,511 - data_pre_processing - INFO - Fetching data for period: 2025-09-04
2025-09-25 13:25:26,694 - data_pre_processing - INFO - Fetching data for period: 2025-09-05
2025-09-25 13:25:26,896 - data_pre_processing - INFO - Fetching data for period: 2025-09-06
2025-09-25 13:25:27,122 - data_pre_processing - INFO - Fetching data for period: 2025-09-07
2025-09-25 13:25:27,302 - data_pre_processing - INFO - Fetching data for period: 2025-09-08
2025-09-25 13:25:27,486 - data_pre_processing - INFO - Fetching data for period: 2025-09-09
2025-09-25 13:25:27,660 - data_pre_processing - INFO - Fetching data for period: 2025-09-10
2025-09-25 13:25:27,803 - data_pre_processing - INFO - Fetching data for period: 2025-09-11
2025-09-25 13:25:27,969 - data_pre_processing - INFO - Fetching data for period: 2025-09-12
2025-09-25 13:25:28,245 - data_pre_processing - INFO - Fetching data for period: 2025-09-13
2025-09-25 13:25:28,424 - data_pre_processing - INFO - Fetching data for period: 2025-09-14
2025-09-25 13:25:28,502 - data_pre_processing - INFO - Fetching data for period: 2025-09-15
2025-09-25 13:25:28,923 - data_pre_processing - INFO - Fetching data for period: 2025-09-16
2025-09-25 13:25:29,113 - data_pre_processing - INFO - Fetching data for period: 2025-09-17
2025-09-25 13:25:29,304 - data_pre_processing - INFO - Fetching data for period: 2025-09-18
2025-09-25 13:25:29,500 - data_pre_processing - INFO - Fetching data for period: 2025-09-19
2025-09-25 13:25:29,682 - data_pre_processing - INFO - Fetching data for period: 2025-09-20
2025-09-25 13:25:29,910 - data_pre_processing - INFO - Fetching data for period: 2025-09-21
2025-09-25 13:25:30,117 - data_pre_processing - INFO - Fetching data for period: 2025-09-22
2025-09-25 13:25:30,303 - data_pre_processing - INFO - Fetching data for period: 2025-09-23
2025-09-25 13:25:30,513 - data_pre_processing - INFO - Fetching data for period: 2025-09-24
2025-09-25 13:25:30,740 - data_pre_processing - INFO - Fetching data for period: 2025-09-25
