2025-08-13 11:51:55,928 - data_pre_processing - INFO - Attempting to log in to Garmin Connect...
2025-08-13 11:51:59,021 - data_pre_processing - INFO - Login successful.
2025-08-13 11:51:59,023 - data_pre_processing - INFO - Script started. Fetching data from 2024-01-01 to 2025-08-13
2025-08-13 11:51:59,026 - data_pre_processing - INFO - Fetching data for period: 2024-01-01
2025-08-13 11:51:59,230 - data_pre_processing - INFO - Fetching data for period: 2024-01-02
2025-08-13 11:51:59,351 - data_pre_processing - INFO - Fetching data for period: 2024-01-03
2025-08-13 11:51:59,479 - data_pre_processing - INFO - Fetching data for period: 2024-01-04
2025-08-13 11:51:59,605 - data_pre_processing - INFO - Fetching data for period: 2024-01-05
2025-08-13 11:51:59,722 - data_pre_processing - INFO - Fetching data for period: 2024-01-06
2025-08-13 11:51:59,881 - data_pre_processing - INFO - Fetching data for period: 2024-01-07
2025-08-13 11:52:00,005 - data_pre_processing - INFO - Fetching data for period: 2024-01-08
2025-08-13 11:52:00,126 - data_pre_processing - INFO - Fetching data for period: 2024-01-09
2025-08-13 11:52:00,283 - data_pre_processing - INFO - Fetching data for period: 2024-01-10
2025-08-13 11:52:00,430 - data_pre_processing - INFO - Fetching data for period: 2024-01-11
2025-08-13 11:52:00,568 - data_pre_processing - INFO - Fetching data for period: 2024-01-12
2025-08-13 11:52:00,689 - data_pre_processing - INFO - Fetching data for period: 2024-01-13
2025-08-13 11:52:00,818 - data_pre_processing - INFO - Fetching data for period: 2024-01-14
2025-08-13 11:52:00,933 - data_pre_processing - INFO - Fetching data for period: 2024-01-15
2025-08-13 11:52:01,069 - data_pre_processing - INFO - Fetching data for period: 2024-01-16
2025-08-13 11:52:01,189 - data_pre_processing - INFO - Fetching data for period: 2024-01-17
2025-08-13 11:52:01,344 - data_pre_processing - INFO - Fetching data for period: 2024-01-18
2025-08-13 11:52:01,489 - data_pre_processing - INFO - Fetching data for period: 2024-01-19
2025-08-13 11:52:01,609 - data_pre_processing - INFO - Fetching data for period: 2024-01-20
2025-08-13 11:52:01,753 - data_pre_processing - INFO - Fetching data for period: 2024-01-21
2025-08-13 11:52:01,924 - data_pre_processing - INFO - Fetching data for period: 2024-01-22
2025-08-13 11:52:02,135 - data_pre_processing - INFO - Fetching data for period: 2024-01-23
2025-08-13 11:52:02,291 - data_pre_processing - INFO - Fetching data for period: 2024-01-24
2025-08-13 11:52:02,424 - data_pre_processing - INFO - Fetching data for period: 2024-01-25
2025-08-13 11:52:02,556 - data_pre_processing - INFO - Fetching data for period: 2024-01-26
2025-08-13 11:52:02,674 - data_pre_processing - INFO - Fetching data for period: 2024-01-27
2025-08-13 11:52:02,835 - data_pre_processing - INFO - Fetching data for period: 2024-01-28
2025-08-13 11:52:02,959 - data_pre_processing - INFO - Fetching data for period: 2024-01-29
2025-08-13 11:52:03,104 - data_pre_processing - INFO - Fetching data for period: 2024-01-30
2025-08-13 11:52:03,213 - data_pre_processing - INFO - Fetching data for period: 2024-01-31
2025-08-13 11:52:03,339 - data_pre_processing - INFO - Fetching data for period: 2024-02-01
2025-08-13 11:52:03,454 - data_pre_processing - INFO - Fetching data for period: 2024-02-02
2025-08-13 11:52:03,563 - data_pre_processing - INFO - Fetching data for period: 2024-02-03
2025-08-13 11:52:03,686 - data_pre_processing - INFO - Fetching data for period: 2024-02-04
2025-08-13 11:52:03,793 - data_pre_processing - INFO - Fetching data for period: 2024-02-05
2025-08-13 11:52:03,915 - data_pre_processing - INFO - Fetching data for period: 2024-02-06
2025-08-13 11:52:04,046 - data_pre_processing - INFO - Fetching data for period: 2024-02-07
2025-08-13 11:52:04,178 - data_pre_processing - INFO - Fetching data for period: 2024-02-08
2025-08-13 11:52:04,287 - data_pre_processing - INFO - Fetching data for period: 2024-02-09
2025-08-13 11:52:04,392 - data_pre_processing - INFO - Fetching data for period: 2024-02-10
2025-08-13 11:52:04,505 - data_pre_processing - INFO - Fetching data for period: 2024-02-11
2025-08-13 11:52:04,646 - data_pre_processing - INFO - Fetching data for period: 2024-02-12
2025-08-13 11:52:04,764 - data_pre_processing - INFO - Fetching data for period: 2024-02-13
2025-08-13 11:52:04,912 - data_pre_processing - INFO - Fetching data for period: 2024-02-14
2025-08-13 11:52:05,028 - data_pre_processing - INFO - Fetching data for period: 2024-02-15
2025-08-13 11:52:05,147 - data_pre_processing - INFO - Fetching data for period: 2024-02-16
2025-08-13 11:52:05,274 - data_pre_processing - INFO - Fetching data for period: 2024-02-17
2025-08-13 11:52:05,397 - data_pre_processing - INFO - Fetching data for period: 2024-02-18
2025-08-13 11:52:05,536 - data_pre_processing - INFO - Fetching data for period: 2024-02-19
2025-08-13 11:52:05,656 - data_pre_processing - INFO - Fetching data for period: 2024-02-20
2025-08-13 11:52:05,784 - data_pre_processing - INFO - Fetching data for period: 2024-02-21
2025-08-13 11:52:05,895 - data_pre_processing - INFO - Fetching data for period: 2024-02-22
2025-08-13 11:52:06,009 - data_pre_processing - INFO - Fetching data for period: 2024-02-23
2025-08-13 11:52:06,155 - data_pre_processing - INFO - Fetching data for period: 2024-02-24
2025-08-13 11:52:06,296 - data_pre_processing - INFO - Fetching data for period: 2024-02-25
2025-08-13 11:52:06,405 - data_pre_processing - INFO - Fetching data for period: 2024-02-26
2025-08-13 11:52:06,534 - data_pre_processing - INFO - Fetching data for period: 2024-02-27
2025-08-13 11:52:06,661 - data_pre_processing - INFO - Fetching data for period: 2024-02-28
2025-08-13 11:52:06,789 - data_pre_processing - INFO - Fetching data for period: 2024-02-29
2025-08-13 11:52:06,903 - data_pre_processing - INFO - Fetching data for period: 2024-03-01
2025-08-13 11:52:07,025 - data_pre_processing - INFO - Fetching data for period: 2024-03-02
2025-08-13 11:52:07,168 - data_pre_processing - INFO - Fetching data for period: 2024-03-03
2025-08-13 11:52:07,309 - data_pre_processing - INFO - Fetching data for period: 2024-03-04
2025-08-13 11:52:07,443 - data_pre_processing - INFO - Fetching data for period: 2024-03-05
2025-08-13 11:52:07,570 - data_pre_processing - INFO - Fetching data for period: 2024-03-06
2025-08-13 11:52:07,689 - data_pre_processing - INFO - Fetching data for period: 2024-03-07
2025-08-13 11:52:07,796 - data_pre_processing - INFO - Fetching data for period: 2024-03-08
2025-08-13 11:52:07,923 - data_pre_processing - INFO - Fetching data for period: 2024-03-09
2025-08-13 11:52:08,053 - data_pre_processing - INFO - Fetching data for period: 2024-03-10
2025-08-13 11:52:08,177 - data_pre_processing - INFO - Fetching data for period: 2024-03-11
2025-08-13 11:52:08,308 - data_pre_processing - INFO - Fetching data for period: 2024-03-12
2025-08-13 11:52:08,437 - data_pre_processing - INFO - Fetching data for period: 2024-03-13
2025-08-13 11:52:08,576 - data_pre_processing - INFO - Fetching data for period: 2024-03-14
2025-08-13 11:52:08,690 - data_pre_processing - INFO - Fetching data for period: 2024-03-15
2025-08-13 11:52:08,800 - data_pre_processing - INFO - Fetching data for period: 2024-03-16
2025-08-13 11:52:08,938 - data_pre_processing - INFO - Fetching data for period: 2024-03-17
2025-08-13 11:52:09,090 - data_pre_processing - INFO - Fetching data for period: 2024-03-18
2025-08-13 11:52:09,207 - data_pre_processing - INFO - Fetching data for period: 2024-03-19
2025-08-13 11:52:09,322 - data_pre_processing - INFO - Fetching data for period: 2024-03-20
2025-08-13 11:52:09,445 - data_pre_processing - INFO - Fetching data for period: 2024-03-21
2025-08-13 11:52:09,565 - data_pre_processing - INFO - Fetching data for period: 2024-03-22
2025-08-13 11:52:09,680 - data_pre_processing - INFO - Fetching data for period: 2024-03-23
2025-08-13 11:52:09,794 - data_pre_processing - INFO - Fetching data for period: 2024-03-24
2025-08-13 11:52:09,917 - data_pre_processing - INFO - Fetching data for period: 2024-03-25
2025-08-13 11:52:10,064 - data_pre_processing - INFO - Fetching data for period: 2024-03-26
2025-08-13 11:52:10,188 - data_pre_processing - INFO - Fetching data for period: 2024-03-27
2025-08-13 11:52:10,307 - data_pre_processing - INFO - Fetching data for period: 2024-03-28
2025-08-13 11:52:10,431 - data_pre_processing - INFO - Fetching data for period: 2024-03-29
2025-08-13 11:52:10,552 - data_pre_processing - INFO - Fetching data for period: 2024-03-30
2025-08-13 11:52:10,660 - data_pre_processing - INFO - Fetching data for period: 2024-03-31
2025-08-13 11:52:10,781 - data_pre_processing - INFO - Fetching data for period: 2024-04-01
2025-08-13 11:52:10,889 - data_pre_processing - INFO - Fetching data for period: 2024-04-02
2025-08-13 11:52:11,030 - data_pre_processing - INFO - Fetching data for period: 2024-04-03
2025-08-13 11:52:11,172 - data_pre_processing - INFO - Fetching data for period: 2024-04-04
2025-08-13 11:52:11,320 - data_pre_processing - INFO - Fetching data for period: 2024-04-05
2025-08-13 11:52:11,488 - data_pre_processing - INFO - Fetching data for period: 2024-04-06
2025-08-13 11:52:11,609 - data_pre_processing - INFO - Fetching data for period: 2024-04-07
2025-08-13 11:52:11,738 - data_pre_processing - INFO - Fetching data for period: 2024-04-08
2025-08-13 11:52:11,858 - data_pre_processing - INFO - Fetching data for period: 2024-04-09
2025-08-13 11:52:11,984 - data_pre_processing - INFO - Fetching data for period: 2024-04-10
2025-08-13 11:52:12,196 - data_pre_processing - INFO - Fetching data for period: 2024-04-11
2025-08-13 11:52:12,322 - data_pre_processing - INFO - Fetching data for period: 2024-04-12
2025-08-13 11:52:12,437 - data_pre_processing - INFO - Fetching data for period: 2024-04-13
2025-08-13 11:52:12,552 - data_pre_processing - INFO - Fetching data for period: 2024-04-14
2025-08-13 11:52:12,685 - data_pre_processing - INFO - Fetching data for period: 2024-04-15
2025-08-13 11:52:12,794 - data_pre_processing - INFO - Fetching data for period: 2024-04-16
2025-08-13 11:52:12,906 - data_pre_processing - INFO - Fetching data for period: 2024-04-17
2025-08-13 11:52:13,028 - data_pre_processing - INFO - Fetching data for period: 2024-04-18
2025-08-13 11:52:13,147 - data_pre_processing - INFO - Fetching data for period: 2024-04-19
2025-08-13 11:52:13,261 - data_pre_processing - INFO - Fetching data for period: 2024-04-20
2025-08-13 11:52:13,367 - data_pre_processing - INFO - Fetching data for period: 2024-04-21
2025-08-13 11:52:13,491 - data_pre_processing - INFO - Fetching data for period: 2024-04-22
2025-08-13 11:52:13,603 - data_pre_processing - INFO - Fetching data for period: 2024-04-23
2025-08-13 11:52:13,719 - data_pre_processing - INFO - Fetching data for period: 2024-04-24
2025-08-13 11:52:13,825 - data_pre_processing - INFO - Fetching data for period: 2024-04-25
2025-08-13 11:52:13,970 - data_pre_processing - INFO - Fetching data for period: 2024-04-26
2025-08-13 11:52:14,145 - data_pre_processing - INFO - Fetching data for period: 2024-04-27
2025-08-13 11:52:14,286 - data_pre_processing - INFO - Fetching data for period: 2024-04-28
2025-08-13 11:52:14,393 - data_pre_processing - INFO - Fetching data for period: 2024-04-29
2025-08-13 11:52:14,503 - data_pre_processing - INFO - Fetching data for period: 2024-04-30
2025-08-13 11:52:14,606 - data_pre_processing - INFO - Fetching data for period: 2024-05-01
2025-08-13 11:52:14,723 - data_pre_processing - INFO - Fetching data for period: 2024-05-02
2025-08-13 11:52:14,830 - data_pre_processing - INFO - Fetching data for period: 2024-05-03
2025-08-13 11:52:14,948 - data_pre_processing - INFO - Fetching data for period: 2024-05-04
2025-08-13 11:52:15,053 - data_pre_processing - INFO - Fetching data for period: 2024-05-05
2025-08-13 11:52:15,159 - data_pre_processing - INFO - Fetching data for period: 2024-05-06
2025-08-13 11:52:15,272 - data_pre_processing - INFO - Fetching data for period: 2024-05-07
2025-08-13 11:52:15,385 - data_pre_processing - INFO - Fetching data for period: 2024-05-08
2025-08-13 11:52:15,490 - data_pre_processing - INFO - Fetching data for period: 2024-05-09
2025-08-13 11:52:15,594 - data_pre_processing - INFO - Fetching data for period: 2024-05-10
2025-08-13 11:52:15,698 - data_pre_processing - INFO - Fetching data for period: 2024-05-11
2025-08-13 11:52:15,800 - data_pre_processing - INFO - Fetching data for period: 2024-05-12
2025-08-13 11:52:15,905 - data_pre_processing - INFO - Fetching data for period: 2024-05-13
2025-08-13 11:52:16,020 - data_pre_processing - INFO - Fetching data for period: 2024-05-14
2025-08-13 11:52:16,130 - data_pre_processing - INFO - Fetching data for period: 2024-05-15
2025-08-13 11:52:16,237 - data_pre_processing - INFO - Fetching data for period: 2024-05-16
2025-08-13 11:52:16,353 - data_pre_processing - INFO - Fetching data for period: 2024-05-17
2025-08-13 11:52:16,526 - data_pre_processing - INFO - Fetching data for period: 2024-05-18
2025-08-13 11:52:16,625 - data_pre_processing - INFO - Fetching data for period: 2024-05-19
2025-08-13 11:52:16,726 - data_pre_processing - INFO - Fetching data for period: 2024-05-20
2025-08-13 11:52:16,927 - data_pre_processing - INFO - Fetching data for period: 2024-05-21
2025-08-13 11:52:17,057 - data_pre_processing - INFO - Fetching data for period: 2024-05-22
2025-08-13 11:52:17,190 - data_pre_processing - INFO - Fetching data for period: 2024-05-23
2025-08-13 11:52:17,305 - data_pre_processing - INFO - Fetching data for period: 2024-05-24
2025-08-13 11:52:17,417 - data_pre_processing - INFO - Fetching data for period: 2024-05-25
2025-08-13 11:52:17,519 - data_pre_processing - INFO - Fetching data for period: 2024-05-26
2025-08-13 11:52:17,625 - data_pre_processing - INFO - Fetching data for period: 2024-05-27
2025-08-13 11:52:17,735 - data_pre_processing - INFO - Fetching data for period: 2024-05-28
2025-08-13 11:52:17,833 - data_pre_processing - INFO - Fetching data for period: 2024-05-29
2025-08-13 11:52:17,939 - data_pre_processing - INFO - Fetching data for period: 2024-05-30
2025-08-13 11:52:18,050 - data_pre_processing - INFO - Fetching data for period: 2024-05-31
2025-08-13 11:52:18,167 - data_pre_processing - INFO - Fetching data for period: 2024-06-01
2025-08-13 11:52:18,290 - data_pre_processing - INFO - Fetching data for period: 2024-06-02
2025-08-13 11:52:18,392 - data_pre_processing - INFO - Fetching data for period: 2024-06-03
2025-08-13 11:52:18,499 - data_pre_processing - INFO - Fetching data for period: 2024-06-04
2025-08-13 11:52:18,606 - data_pre_processing - INFO - Fetching data for period: 2024-06-05
2025-08-13 11:52:18,714 - data_pre_processing - INFO - Fetching data for period: 2024-06-06
2025-08-13 11:52:18,832 - data_pre_processing - INFO - Fetching data for period: 2024-06-07
2025-08-13 11:52:18,941 - data_pre_processing - INFO - Fetching data for period: 2024-06-08
2025-08-13 11:52:19,045 - data_pre_processing - INFO - Fetching data for period: 2024-06-09
2025-08-13 11:52:19,152 - data_pre_processing - INFO - Fetching data for period: 2024-06-10
2025-08-13 11:52:19,294 - data_pre_processing - INFO - Fetching data for period: 2024-06-11
2025-08-13 11:52:19,404 - data_pre_processing - INFO - Fetching data for period: 2024-06-12
2025-08-13 11:52:19,517 - data_pre_processing - INFO - Fetching data for period: 2024-06-13
2025-08-13 11:52:19,628 - data_pre_processing - INFO - Fetching data for period: 2024-06-14
2025-08-13 11:52:19,748 - data_pre_processing - INFO - Fetching data for period: 2024-06-15
2025-08-13 11:52:19,905 - data_pre_processing - INFO - Fetching data for period: 2024-06-16
2025-08-13 11:52:20,042 - data_pre_processing - INFO - Fetching data for period: 2024-06-17
2025-08-13 11:52:20,157 - data_pre_processing - INFO - Fetching data for period: 2024-06-18
2025-08-13 11:52:20,257 - data_pre_processing - INFO - Fetching data for period: 2024-06-19
2025-08-13 11:52:20,381 - data_pre_processing - INFO - Fetching data for period: 2024-06-20
2025-08-13 11:52:20,478 - data_pre_processing - INFO - Fetching data for period: 2024-06-21
2025-08-13 11:52:20,586 - data_pre_processing - INFO - Fetching data for period: 2024-06-22
2025-08-13 11:52:20,700 - data_pre_processing - INFO - Fetching data for period: 2024-06-23
2025-08-13 11:52:20,798 - data_pre_processing - INFO - Fetching data for period: 2024-06-24
2025-08-13 11:52:20,910 - data_pre_processing - INFO - Fetching data for period: 2024-06-25
2025-08-13 11:52:21,040 - data_pre_processing - INFO - Fetching data for period: 2024-06-26
2025-08-13 11:52:21,147 - data_pre_processing - INFO - Fetching data for period: 2024-06-27
2025-08-13 11:52:21,307 - data_pre_processing - INFO - Fetching data for period: 2024-06-28
2025-08-13 11:52:21,448 - data_pre_processing - INFO - Fetching data for period: 2024-06-29
2025-08-13 11:52:21,561 - data_pre_processing - INFO - Fetching data for period: 2024-06-30
2025-08-13 11:52:21,661 - data_pre_processing - INFO - Fetching data for period: 2024-07-01
2025-08-13 11:52:21,806 - data_pre_processing - INFO - Fetching data for period: 2024-07-02
2025-08-13 11:52:21,924 - data_pre_processing - INFO - Fetching data for period: 2024-07-03
2025-08-13 11:52:22,034 - data_pre_processing - INFO - Fetching data for period: 2024-07-04
2025-08-13 11:52:22,132 - data_pre_processing - INFO - Fetching data for period: 2024-07-05
2025-08-13 11:52:22,232 - data_pre_processing - INFO - Fetching data for period: 2024-07-06
2025-08-13 11:52:22,334 - data_pre_processing - INFO - Fetching data for period: 2024-07-07
2025-08-13 11:52:22,443 - data_pre_processing - INFO - Fetching data for period: 2024-07-08
2025-08-13 11:52:22,559 - data_pre_processing - INFO - Fetching data for period: 2024-07-09
2025-08-13 11:52:22,677 - data_pre_processing - INFO - Fetching data for period: 2024-07-10
2025-08-13 11:52:22,791 - data_pre_processing - INFO - Fetching data for period: 2024-07-11
2025-08-13 11:52:22,920 - data_pre_processing - INFO - Fetching data for period: 2024-07-12
2025-08-13 11:52:23,058 - data_pre_processing - INFO - Fetching data for period: 2024-07-13
2025-08-13 11:52:23,157 - data_pre_processing - INFO - Fetching data for period: 2024-07-14
2025-08-13 11:52:23,265 - data_pre_processing - INFO - Fetching data for period: 2024-07-15
2025-08-13 11:52:23,372 - data_pre_processing - INFO - Fetching data for period: 2024-07-16
2025-08-13 11:52:23,548 - data_pre_processing - INFO - Fetching data for period: 2024-07-17
2025-08-13 11:52:23,686 - data_pre_processing - INFO - Fetching data for period: 2024-07-18
2025-08-13 11:52:23,805 - data_pre_processing - INFO - Fetching data for period: 2024-07-19
2025-08-13 11:52:23,914 - data_pre_processing - INFO - Fetching data for period: 2024-07-20
2025-08-13 11:52:24,034 - data_pre_processing - INFO - Fetching data for period: 2024-07-21
2025-08-13 11:52:24,143 - data_pre_processing - INFO - Fetching data for period: 2024-07-22
2025-08-13 11:52:24,273 - data_pre_processing - INFO - Fetching data for period: 2024-07-23
2025-08-13 11:52:24,428 - data_pre_processing - INFO - Fetching data for period: 2024-07-24
2025-08-13 11:52:24,537 - data_pre_processing - INFO - Fetching data for period: 2024-07-25
2025-08-13 11:52:24,648 - data_pre_processing - INFO - Fetching data for period: 2024-07-26
2025-08-13 11:52:24,800 - data_pre_processing - INFO - Fetching data for period: 2024-07-27
2025-08-13 11:52:24,910 - data_pre_processing - INFO - Fetching data for period: 2024-07-28
2025-08-13 11:52:25,029 - data_pre_processing - INFO - Fetching data for period: 2024-07-29
2025-08-13 11:52:25,158 - data_pre_processing - INFO - Fetching data for period: 2024-07-30
2025-08-13 11:52:25,291 - data_pre_processing - INFO - Fetching data for period: 2024-07-31
2025-08-13 11:52:25,404 - data_pre_processing - INFO - Fetching data for period: 2024-08-01
2025-08-13 11:52:25,515 - data_pre_processing - INFO - Fetching data for period: 2024-08-02
2025-08-13 11:52:25,632 - data_pre_processing - INFO - Fetching data for period: 2024-08-03
2025-08-13 11:52:25,751 - data_pre_processing - INFO - Fetching data for period: 2024-08-04
2025-08-13 11:52:25,910 - data_pre_processing - INFO - Fetching data for period: 2024-08-05
2025-08-13 11:52:26,038 - data_pre_processing - INFO - Fetching data for period: 2024-08-06
2025-08-13 11:52:26,148 - data_pre_processing - INFO - Fetching data for period: 2024-08-07
2025-08-13 11:52:26,266 - data_pre_processing - INFO - Fetching data for period: 2024-08-08
2025-08-13 11:52:26,393 - data_pre_processing - INFO - Fetching data for period: 2024-08-09
2025-08-13 11:52:26,538 - data_pre_processing - INFO - Fetching data for period: 2024-08-10
2025-08-13 11:52:26,667 - data_pre_processing - INFO - Fetching data for period: 2024-08-11
2025-08-13 11:52:26,778 - data_pre_processing - INFO - Fetching data for period: 2024-08-12
2025-08-13 11:52:26,892 - data_pre_processing - INFO - Fetching data for period: 2024-08-13
2025-08-13 11:52:27,033 - data_pre_processing - INFO - Fetching data for period: 2024-08-14
2025-08-13 11:52:27,173 - data_pre_processing - INFO - Fetching data for period: 2024-08-15
2025-08-13 11:52:27,304 - data_pre_processing - INFO - Fetching data for period: 2024-08-16
2025-08-13 11:52:27,437 - data_pre_processing - INFO - Fetching data for period: 2024-08-17
2025-08-13 11:52:27,556 - data_pre_processing - INFO - Fetching data for period: 2024-08-18
2025-08-13 11:52:27,663 - data_pre_processing - INFO - Fetching data for period: 2024-08-19
2025-08-13 11:52:27,805 - data_pre_processing - INFO - Fetching data for period: 2024-08-20
2025-08-13 11:52:27,914 - data_pre_processing - INFO - Fetching data for period: 2024-08-21
2025-08-13 11:52:28,029 - data_pre_processing - INFO - Fetching data for period: 2024-08-22
2025-08-13 11:52:28,137 - data_pre_processing - INFO - Fetching data for period: 2024-08-23
2025-08-13 11:52:28,279 - data_pre_processing - INFO - Fetching data for period: 2024-08-24
2025-08-13 11:52:28,401 - data_pre_processing - INFO - Fetching data for period: 2024-08-25
2025-08-13 11:52:28,514 - data_pre_processing - INFO - Fetching data for period: 2024-08-26
2025-08-13 11:52:28,618 - data_pre_processing - INFO - Fetching data for period: 2024-08-27
2025-08-13 11:52:28,724 - data_pre_processing - INFO - Fetching data for period: 2024-08-28
2025-08-13 11:52:28,867 - data_pre_processing - INFO - Fetching data for period: 2024-08-29
2025-08-13 11:52:29,004 - data_pre_processing - INFO - Fetching data for period: 2024-08-30
2025-08-13 11:52:29,129 - data_pre_processing - INFO - Fetching data for period: 2024-08-31
2025-08-13 11:52:29,228 - data_pre_processing - INFO - Fetching data for period: 2024-09-01
2025-08-13 11:52:29,483 - data_pre_processing - INFO - Fetching data for period: 2024-09-02
2025-08-13 11:52:29,620 - data_pre_processing - INFO - Fetching data for period: 2024-09-03
2025-08-13 11:52:29,757 - data_pre_processing - INFO - Fetching data for period: 2024-09-04
2025-08-13 11:52:29,858 - data_pre_processing - INFO - Fetching data for period: 2024-09-05
2025-08-13 11:52:30,000 - data_pre_processing - INFO - Fetching data for period: 2024-09-06
2025-08-13 11:52:30,109 - data_pre_processing - INFO - Fetching data for period: 2024-09-07
2025-08-13 11:52:30,235 - data_pre_processing - INFO - Fetching data for period: 2024-09-08
2025-08-13 11:52:30,362 - data_pre_processing - INFO - Fetching data for period: 2024-09-09
2025-08-13 11:52:30,476 - data_pre_processing - INFO - Fetching data for period: 2024-09-10
2025-08-13 11:52:30,618 - data_pre_processing - INFO - Fetching data for period: 2024-09-11
2025-08-13 11:52:30,741 - data_pre_processing - INFO - Fetching data for period: 2024-09-12
2025-08-13 11:52:30,863 - data_pre_processing - INFO - Fetching data for period: 2024-09-13
2025-08-13 11:52:30,984 - data_pre_processing - INFO - Fetching data for period: 2024-09-14
2025-08-13 11:52:31,098 - data_pre_processing - INFO - Fetching data for period: 2024-09-15
2025-08-13 11:52:31,208 - data_pre_processing - INFO - Fetching data for period: 2024-09-16
2025-08-13 11:52:31,316 - data_pre_processing - INFO - Fetching data for period: 2024-09-17
2025-08-13 11:52:31,422 - data_pre_processing - INFO - Fetching data for period: 2024-09-18
2025-08-13 11:52:31,553 - data_pre_processing - INFO - Fetching data for period: 2024-09-19
2025-08-13 11:52:31,665 - data_pre_processing - INFO - Fetching data for period: 2024-09-20
2025-08-13 11:52:31,789 - data_pre_processing - INFO - Fetching data for period: 2024-09-21
2025-08-13 11:52:31,926 - data_pre_processing - INFO - Fetching data for period: 2024-09-22
2025-08-13 11:52:32,055 - data_pre_processing - INFO - Fetching data for period: 2024-09-23
2025-08-13 11:52:32,181 - data_pre_processing - INFO - Fetching data for period: 2024-09-24
2025-08-13 11:52:32,306 - data_pre_processing - INFO - Fetching data for period: 2024-09-25
2025-08-13 11:52:32,438 - data_pre_processing - INFO - Fetching data for period: 2024-09-26
2025-08-13 11:52:32,544 - data_pre_processing - INFO - Fetching data for period: 2024-09-27
2025-08-13 11:52:32,659 - data_pre_processing - INFO - Fetching data for period: 2024-09-28
2025-08-13 11:52:32,783 - data_pre_processing - INFO - Fetching data for period: 2024-09-29
2025-08-13 11:52:32,901 - data_pre_processing - INFO - Fetching data for period: 2024-09-30
2025-08-13 11:52:33,032 - data_pre_processing - INFO - Fetching data for period: 2024-10-01
2025-08-13 11:52:33,132 - data_pre_processing - INFO - Fetching data for period: 2024-10-02
2025-08-13 11:52:33,244 - data_pre_processing - INFO - Fetching data for period: 2024-10-03
2025-08-13 11:52:33,356 - data_pre_processing - INFO - Fetching data for period: 2024-10-04
2025-08-13 11:52:33,523 - data_pre_processing - INFO - Fetching data for period: 2024-10-05
2025-08-13 11:52:33,625 - data_pre_processing - INFO - Fetching data for period: 2024-10-06
2025-08-13 11:52:33,732 - data_pre_processing - INFO - Fetching data for period: 2024-10-07
2025-08-13 11:52:33,833 - data_pre_processing - INFO - Fetching data for period: 2024-10-08
2025-08-13 11:52:33,950 - data_pre_processing - INFO - Fetching data for period: 2024-10-09
2025-08-13 11:52:34,075 - data_pre_processing - INFO - Fetching data for period: 2024-10-10
2025-08-13 11:52:34,196 - data_pre_processing - INFO - Fetching data for period: 2024-10-11
2025-08-13 11:52:34,311 - data_pre_processing - INFO - Fetching data for period: 2024-10-12
2025-08-13 11:52:34,423 - data_pre_processing - INFO - Fetching data for period: 2024-10-13
2025-08-13 11:52:34,558 - data_pre_processing - INFO - Fetching data for period: 2024-10-14
2025-08-13 11:52:34,665 - data_pre_processing - INFO - Fetching data for period: 2024-10-15
2025-08-13 11:52:34,767 - data_pre_processing - INFO - Fetching data for period: 2024-10-16
2025-08-13 11:52:34,872 - data_pre_processing - INFO - Fetching data for period: 2024-10-17
2025-08-13 11:52:34,972 - data_pre_processing - INFO - Fetching data for period: 2024-10-18
2025-08-13 11:52:35,111 - data_pre_processing - INFO - Fetching data for period: 2024-10-19
2025-08-13 11:52:35,220 - data_pre_processing - INFO - Fetching data for period: 2024-10-20
2025-08-13 11:52:35,344 - data_pre_processing - INFO - Fetching data for period: 2024-10-21
2025-08-13 11:52:35,448 - data_pre_processing - INFO - Fetching data for period: 2024-10-22
2025-08-13 11:52:35,553 - data_pre_processing - INFO - Fetching data for period: 2024-10-23
2025-08-13 11:52:35,658 - data_pre_processing - INFO - Fetching data for period: 2024-10-24
2025-08-13 11:52:35,763 - data_pre_processing - INFO - Fetching data for period: 2024-10-25
2025-08-13 11:52:35,931 - data_pre_processing - INFO - Fetching data for period: 2024-10-26
2025-08-13 11:52:36,038 - data_pre_processing - INFO - Fetching data for period: 2024-10-27
2025-08-13 11:52:36,226 - data_pre_processing - INFO - Fetching data for period: 2024-10-28
2025-08-13 11:52:36,365 - data_pre_processing - INFO - Fetching data for period: 2024-10-29
2025-08-13 11:52:36,465 - data_pre_processing - INFO - Fetching data for period: 2024-10-30
2025-08-13 11:52:36,565 - data_pre_processing - INFO - Fetching data for period: 2024-10-31
2025-08-13 11:52:36,667 - data_pre_processing - INFO - Fetching data for period: 2024-11-01
2025-08-13 11:52:36,784 - data_pre_processing - INFO - Fetching data for period: 2024-11-02
2025-08-13 11:52:36,899 - data_pre_processing - INFO - Fetching data for period: 2024-11-03
2025-08-13 11:52:37,021 - data_pre_processing - INFO - Fetching data for period: 2024-11-04
2025-08-13 11:52:37,195 - data_pre_processing - INFO - Fetching data for period: 2024-11-05
2025-08-13 11:52:37,312 - data_pre_processing - INFO - Fetching data for period: 2024-11-06
2025-08-13 11:52:37,415 - data_pre_processing - INFO - Fetching data for period: 2024-11-07
2025-08-13 11:52:37,524 - data_pre_processing - INFO - Fetching data for period: 2024-11-08
2025-08-13 11:52:37,654 - data_pre_processing - INFO - Fetching data for period: 2024-11-09
2025-08-13 11:52:37,777 - data_pre_processing - INFO - Fetching data for period: 2024-11-10
2025-08-13 11:52:37,906 - data_pre_processing - INFO - Fetching data for period: 2024-11-11
2025-08-13 11:52:38,013 - data_pre_processing - INFO - Fetching data for period: 2024-11-12
2025-08-13 11:52:38,121 - data_pre_processing - INFO - Fetching data for period: 2024-11-13
2025-08-13 11:52:38,229 - data_pre_processing - INFO - Fetching data for period: 2024-11-14
2025-08-13 11:52:38,353 - data_pre_processing - INFO - Fetching data for period: 2024-11-15
2025-08-13 11:52:38,467 - data_pre_processing - INFO - Fetching data for period: 2024-11-16
2025-08-13 11:52:38,572 - data_pre_processing - INFO - Fetching data for period: 2024-11-17
2025-08-13 11:52:38,699 - data_pre_processing - INFO - Fetching data for period: 2024-11-18
2025-08-13 11:52:38,809 - data_pre_processing - INFO - Fetching data for period: 2024-11-19
2025-08-13 11:52:38,951 - data_pre_processing - INFO - Fetching data for period: 2024-11-20
2025-08-13 11:52:39,069 - data_pre_processing - INFO - Fetching data for period: 2024-11-21
2025-08-13 11:52:39,181 - data_pre_processing - INFO - Fetching data for period: 2024-11-22
2025-08-13 11:52:39,297 - data_pre_processing - INFO - Fetching data for period: 2024-11-23
2025-08-13 11:52:39,436 - data_pre_processing - INFO - Fetching data for period: 2024-11-24
2025-08-13 11:52:39,558 - data_pre_processing - INFO - Fetching data for period: 2024-11-25
2025-08-13 11:52:39,684 - data_pre_processing - INFO - Fetching data for period: 2024-11-26
2025-08-13 11:52:39,877 - data_pre_processing - INFO - Fetching data for period: 2024-11-27
2025-08-13 11:52:39,986 - data_pre_processing - INFO - Fetching data for period: 2024-11-28
2025-08-13 11:52:40,104 - data_pre_processing - INFO - Fetching data for period: 2024-11-29
2025-08-13 11:52:40,212 - data_pre_processing - INFO - Fetching data for period: 2024-11-30
2025-08-13 11:52:40,329 - data_pre_processing - INFO - Fetching data for period: 2024-12-01
2025-08-13 11:52:40,536 - data_pre_processing - INFO - Fetching data for period: 2024-12-02
2025-08-13 11:52:40,638 - data_pre_processing - INFO - Fetching data for period: 2024-12-03
2025-08-13 11:52:40,753 - data_pre_processing - INFO - Fetching data for period: 2024-12-04
2025-08-13 11:52:40,855 - data_pre_processing - INFO - Fetching data for period: 2024-12-05
2025-08-13 11:52:40,972 - data_pre_processing - INFO - Fetching data for period: 2024-12-06
2025-08-13 11:52:41,097 - data_pre_processing - INFO - Fetching data for period: 2024-12-07
2025-08-13 11:52:41,193 - data_pre_processing - INFO - Fetching data for period: 2024-12-08
2025-08-13 11:52:41,308 - data_pre_processing - INFO - Fetching data for period: 2024-12-09
2025-08-13 11:52:41,422 - data_pre_processing - INFO - Fetching data for period: 2024-12-10
2025-08-13 11:52:41,533 - data_pre_processing - INFO - Fetching data for period: 2024-12-11
2025-08-13 11:52:41,637 - data_pre_processing - INFO - Fetching data for period: 2024-12-12
2025-08-13 11:52:41,739 - data_pre_processing - INFO - Fetching data for period: 2024-12-13
2025-08-13 11:52:41,856 - data_pre_processing - INFO - Fetching data for period: 2024-12-14
2025-08-13 11:52:41,977 - data_pre_processing - INFO - Fetching data for period: 2024-12-15
2025-08-13 11:52:42,118 - data_pre_processing - INFO - Fetching data for period: 2024-12-16
2025-08-13 11:52:42,232 - data_pre_processing - INFO - Fetching data for period: 2024-12-17
2025-08-13 11:52:42,349 - data_pre_processing - INFO - Fetching data for period: 2024-12-18
2025-08-13 11:52:42,460 - data_pre_processing - INFO - Fetching data for period: 2024-12-19
2025-08-13 11:52:42,592 - data_pre_processing - INFO - Fetching data for period: 2024-12-20
2025-08-13 11:52:42,707 - data_pre_processing - INFO - Fetching data for period: 2024-12-21
2025-08-13 11:52:42,820 - data_pre_processing - INFO - Fetching data for period: 2024-12-22
2025-08-13 11:52:42,941 - data_pre_processing - INFO - Fetching data for period: 2024-12-23
2025-08-13 11:52:43,047 - data_pre_processing - INFO - Fetching data for period: 2024-12-24
2025-08-13 11:52:43,159 - data_pre_processing - INFO - Fetching data for period: 2024-12-25
2025-08-13 11:52:43,274 - data_pre_processing - INFO - Fetching data for period: 2024-12-26
2025-08-13 11:52:43,388 - data_pre_processing - INFO - Fetching data for period: 2024-12-27
2025-08-13 11:52:43,576 - data_pre_processing - INFO - Fetching data for period: 2024-12-28
2025-08-13 11:52:43,688 - data_pre_processing - INFO - Fetching data for period: 2024-12-29
2025-08-13 11:52:43,804 - data_pre_processing - INFO - Fetching data for period: 2024-12-30
2025-08-13 11:52:43,918 - data_pre_processing - INFO - Fetching data for period: 2024-12-31
2025-08-13 11:52:44,048 - data_pre_processing - INFO - Fetching data for period: 2025-01-01
2025-08-13 11:52:44,170 - data_pre_processing - INFO - Fetching data for period: 2025-01-02
2025-08-13 11:52:44,301 - data_pre_processing - INFO - Fetching data for period: 2025-01-03
2025-08-13 11:52:44,410 - data_pre_processing - INFO - Fetching data for period: 2025-01-04
2025-08-13 11:52:44,530 - data_pre_processing - INFO - Fetching data for period: 2025-01-05
2025-08-13 11:52:44,651 - data_pre_processing - INFO - Fetching data for period: 2025-01-06
2025-08-13 11:52:44,798 - data_pre_processing - INFO - Fetching data for period: 2025-01-07
2025-08-13 11:52:44,916 - data_pre_processing - INFO - Fetching data for period: 2025-01-08
2025-08-13 11:52:45,069 - data_pre_processing - INFO - Fetching data for period: 2025-01-09
2025-08-13 11:52:45,184 - data_pre_processing - INFO - Fetching data for period: 2025-01-10
2025-08-13 11:52:45,290 - data_pre_processing - INFO - Fetching data for period: 2025-01-11
2025-08-13 11:52:45,435 - data_pre_processing - INFO - Fetching data for period: 2025-01-12
2025-08-13 11:52:45,548 - data_pre_processing - INFO - Fetching data for period: 2025-01-13
2025-08-13 11:52:45,664 - data_pre_processing - INFO - Fetching data for period: 2025-01-14
2025-08-13 11:52:45,763 - data_pre_processing - INFO - Fetching data for period: 2025-01-15
2025-08-13 11:52:45,864 - data_pre_processing - INFO - Fetching data for period: 2025-01-16
2025-08-13 11:52:45,986 - data_pre_processing - INFO - Fetching data for period: 2025-01-17
2025-08-13 11:52:46,091 - data_pre_processing - INFO - Fetching data for period: 2025-01-18
2025-08-13 11:52:46,222 - data_pre_processing - INFO - Fetching data for period: 2025-01-19
2025-08-13 11:52:46,323 - data_pre_processing - INFO - Fetching data for period: 2025-01-20
2025-08-13 11:52:46,422 - data_pre_processing - INFO - Fetching data for period: 2025-01-21
2025-08-13 11:52:46,523 - data_pre_processing - INFO - Fetching data for period: 2025-01-22
2025-08-13 11:52:46,632 - data_pre_processing - INFO - Fetching data for period: 2025-01-23
2025-08-13 11:52:46,765 - data_pre_processing - INFO - Fetching data for period: 2025-01-24
2025-08-13 11:52:46,874 - data_pre_processing - INFO - Fetching data for period: 2025-01-25
2025-08-13 11:52:46,989 - data_pre_processing - INFO - Fetching data for period: 2025-01-26
2025-08-13 11:52:47,099 - data_pre_processing - INFO - Fetching data for period: 2025-01-27
2025-08-13 11:52:47,221 - data_pre_processing - INFO - Fetching data for period: 2025-01-28
2025-08-13 11:52:47,323 - data_pre_processing - INFO - Fetching data for period: 2025-01-29
2025-08-13 11:52:47,424 - data_pre_processing - INFO - Fetching data for period: 2025-01-30
2025-08-13 11:52:47,603 - data_pre_processing - INFO - Fetching data for period: 2025-01-31
2025-08-13 11:52:47,719 - data_pre_processing - INFO - Fetching data for period: 2025-02-01
2025-08-13 11:52:47,865 - data_pre_processing - INFO - Fetching data for period: 2025-02-02
2025-08-13 11:52:47,972 - data_pre_processing - INFO - Fetching data for period: 2025-02-03
2025-08-13 11:52:48,076 - data_pre_processing - INFO - Fetching data for period: 2025-02-04
2025-08-13 11:52:48,198 - data_pre_processing - INFO - Fetching data for period: 2025-02-05
2025-08-13 11:52:48,317 - data_pre_processing - INFO - Fetching data for period: 2025-02-06
2025-08-13 11:52:48,428 - data_pre_processing - INFO - Fetching data for period: 2025-02-07
2025-08-13 11:52:48,526 - data_pre_processing - INFO - Fetching data for period: 2025-02-08
2025-08-13 11:52:48,630 - data_pre_processing - INFO - Fetching data for period: 2025-02-09
2025-08-13 11:52:48,753 - data_pre_processing - INFO - Fetching data for period: 2025-02-10
2025-08-13 11:52:48,859 - data_pre_processing - INFO - Fetching data for period: 2025-02-11
2025-08-13 11:52:48,962 - data_pre_processing - INFO - Fetching data for period: 2025-02-12
2025-08-13 11:52:49,098 - data_pre_processing - INFO - Fetching data for period: 2025-02-13
2025-08-13 11:52:49,236 - data_pre_processing - INFO - Fetching data for period: 2025-02-14
2025-08-13 11:52:49,348 - data_pre_processing - INFO - Fetching data for period: 2025-02-15
2025-08-13 11:52:49,469 - data_pre_processing - INFO - Fetching data for period: 2025-02-16
2025-08-13 11:52:49,580 - data_pre_processing - INFO - Fetching data for period: 2025-02-17
2025-08-13 11:52:49,713 - data_pre_processing - INFO - Fetching data for period: 2025-02-18
2025-08-13 11:52:49,821 - data_pre_processing - INFO - Fetching data for period: 2025-02-19
2025-08-13 11:52:49,941 - data_pre_processing - INFO - Fetching data for period: 2025-02-20
2025-08-13 11:52:50,060 - data_pre_processing - INFO - Fetching data for period: 2025-02-21
2025-08-13 11:52:50,196 - data_pre_processing - INFO - Fetching data for period: 2025-02-22
2025-08-13 11:52:50,318 - data_pre_processing - INFO - Fetching data for period: 2025-02-23
2025-08-13 11:52:50,438 - data_pre_processing - INFO - Fetching data for period: 2025-02-24
2025-08-13 11:52:50,540 - data_pre_processing - INFO - Fetching data for period: 2025-02-25
2025-08-13 11:52:50,659 - data_pre_processing - INFO - Fetching data for period: 2025-02-26
2025-08-13 11:52:50,769 - data_pre_processing - INFO - Fetching data for period: 2025-02-27
2025-08-13 11:52:50,882 - data_pre_processing - INFO - Fetching data for period: 2025-02-28
2025-08-13 11:52:50,989 - data_pre_processing - INFO - Fetching data for period: 2025-03-01
2025-08-13 11:52:51,096 - data_pre_processing - INFO - Fetching data for period: 2025-03-02
2025-08-13 11:52:51,214 - data_pre_processing - INFO - Fetching data for period: 2025-03-03
2025-08-13 11:52:51,319 - data_pre_processing - INFO - Fetching data for period: 2025-03-04
2025-08-13 11:52:51,428 - data_pre_processing - INFO - Fetching data for period: 2025-03-05
2025-08-13 11:52:51,558 - data_pre_processing - INFO - Fetching data for period: 2025-03-06
2025-08-13 11:52:51,693 - data_pre_processing - INFO - Fetching data for period: 2025-03-07
2025-08-13 11:52:51,808 - data_pre_processing - INFO - Fetching data for period: 2025-03-08
2025-08-13 11:52:51,918 - data_pre_processing - INFO - Fetching data for period: 2025-03-09
2025-08-13 11:52:52,024 - data_pre_processing - INFO - Fetching data for period: 2025-03-10
2025-08-13 11:52:52,139 - data_pre_processing - INFO - Fetching data for period: 2025-03-11
2025-08-13 11:52:52,318 - data_pre_processing - INFO - Fetching data for period: 2025-03-12
2025-08-13 11:52:52,429 - data_pre_processing - INFO - Fetching data for period: 2025-03-13
2025-08-13 11:52:52,549 - data_pre_processing - INFO - Fetching data for period: 2025-03-14
2025-08-13 11:52:52,675 - data_pre_processing - INFO - Fetching data for period: 2025-03-15
2025-08-13 11:52:52,772 - data_pre_processing - INFO - Fetching data for period: 2025-03-16
2025-08-13 11:52:52,882 - data_pre_processing - INFO - Fetching data for period: 2025-03-17
2025-08-13 11:52:52,999 - data_pre_processing - INFO - Fetching data for period: 2025-03-18
2025-08-13 11:52:53,109 - data_pre_processing - INFO - Fetching data for period: 2025-03-19
2025-08-13 11:52:53,221 - data_pre_processing - INFO - Fetching data for period: 2025-03-20
2025-08-13 11:52:53,323 - data_pre_processing - INFO - Fetching data for period: 2025-03-21
2025-08-13 11:52:53,498 - data_pre_processing - INFO - Fetching data for period: 2025-03-22
2025-08-13 11:52:53,605 - data_pre_processing - INFO - Fetching data for period: 2025-03-23
2025-08-13 11:52:53,714 - data_pre_processing - INFO - Fetching data for period: 2025-03-24
2025-08-13 11:52:53,827 - data_pre_processing - INFO - Fetching data for period: 2025-03-25
2025-08-13 11:52:53,954 - data_pre_processing - INFO - Fetching data for period: 2025-03-26
2025-08-13 11:52:54,097 - data_pre_processing - INFO - Fetching data for period: 2025-03-27
2025-08-13 11:52:54,239 - data_pre_processing - INFO - Fetching data for period: 2025-03-28
2025-08-13 11:52:54,423 - data_pre_processing - INFO - Fetching data for period: 2025-03-29
2025-08-13 11:52:54,541 - data_pre_processing - INFO - Fetching data for period: 2025-03-30
2025-08-13 11:52:54,661 - data_pre_processing - INFO - Fetching data for period: 2025-03-31
2025-08-13 11:52:54,777 - data_pre_processing - INFO - Fetching data for period: 2025-04-01
2025-08-13 11:52:54,942 - data_pre_processing - INFO - Fetching data for period: 2025-04-02
2025-08-13 11:52:55,143 - data_pre_processing - INFO - Fetching data for period: 2025-04-03
2025-08-13 11:52:55,291 - data_pre_processing - INFO - Fetching data for period: 2025-04-04
2025-08-13 11:52:55,491 - data_pre_processing - INFO - Fetching data for period: 2025-04-05
2025-08-13 11:52:55,656 - data_pre_processing - INFO - Fetching data for period: 2025-04-06
2025-08-13 11:52:55,784 - data_pre_processing - INFO - Fetching data for period: 2025-04-07
2025-08-13 11:52:55,936 - data_pre_processing - INFO - Fetching data for period: 2025-04-08
2025-08-13 11:52:56,089 - data_pre_processing - INFO - Fetching data for period: 2025-04-09
2025-08-13 11:52:56,248 - data_pre_processing - INFO - Fetching data for period: 2025-04-10
2025-08-13 11:52:56,390 - data_pre_processing - INFO - Fetching data for period: 2025-04-11
2025-08-13 11:52:56,544 - data_pre_processing - INFO - Fetching data for period: 2025-04-12
2025-08-13 11:52:56,705 - data_pre_processing - INFO - Fetching data for period: 2025-04-13
2025-08-13 11:52:56,865 - data_pre_processing - INFO - Fetching data for period: 2025-04-14
2025-08-13 11:52:57,018 - data_pre_processing - INFO - Fetching data for period: 2025-04-15
2025-08-13 11:52:57,136 - data_pre_processing - INFO - Fetching data for period: 2025-04-16
2025-08-13 11:52:57,358 - data_pre_processing - INFO - Fetching data for period: 2025-04-17
2025-08-13 11:52:57,464 - data_pre_processing - INFO - Fetching data for period: 2025-04-18
2025-08-13 11:52:57,579 - data_pre_processing - INFO - Fetching data for period: 2025-04-19
2025-08-13 11:52:57,690 - data_pre_processing - INFO - Fetching data for period: 2025-04-20
2025-08-13 11:52:57,900 - data_pre_processing - INFO - Fetching data for period: 2025-04-21
2025-08-13 11:52:58,017 - data_pre_processing - INFO - Fetching data for period: 2025-04-22
2025-08-13 11:52:58,144 - data_pre_processing - INFO - Fetching data for period: 2025-04-23
2025-08-13 11:52:58,250 - data_pre_processing - INFO - Fetching data for period: 2025-04-24
2025-08-13 11:52:58,360 - data_pre_processing - INFO - Fetching data for period: 2025-04-25
2025-08-13 11:52:58,542 - data_pre_processing - INFO - Fetching data for period: 2025-04-26
2025-08-13 11:52:58,695 - data_pre_processing - INFO - Fetching data for period: 2025-04-27
2025-08-13 11:52:58,861 - data_pre_processing - INFO - Fetching data for period: 2025-04-28
2025-08-13 11:52:58,996 - data_pre_processing - INFO - Fetching data for period: 2025-04-29
2025-08-13 11:52:59,200 - data_pre_processing - INFO - Fetching data for period: 2025-04-30
2025-08-13 11:52:59,338 - data_pre_processing - INFO - Fetching data for period: 2025-05-01
2025-08-13 11:52:59,495 - data_pre_processing - INFO - Fetching data for period: 2025-05-02
2025-08-13 11:52:59,649 - data_pre_processing - INFO - Fetching data for period: 2025-05-03
2025-08-13 11:52:59,795 - data_pre_processing - INFO - Fetching data for period: 2025-05-04
2025-08-13 11:52:59,973 - data_pre_processing - INFO - Fetching data for period: 2025-05-05
2025-08-13 11:53:00,203 - data_pre_processing - INFO - Fetching data for period: 2025-05-06
2025-08-13 11:53:00,404 - data_pre_processing - INFO - Fetching data for period: 2025-05-07
2025-08-13 11:53:00,610 - data_pre_processing - INFO - Fetching data for period: 2025-05-08
2025-08-13 11:53:00,900 - data_pre_processing - INFO - Fetching data for period: 2025-05-09
2025-08-13 11:53:01,066 - data_pre_processing - INFO - Fetching data for period: 2025-05-10
2025-08-13 11:53:01,197 - data_pre_processing - INFO - Fetching data for period: 2025-05-11
2025-08-13 11:53:01,355 - data_pre_processing - INFO - Fetching data for period: 2025-05-12
2025-08-13 11:53:01,506 - data_pre_processing - INFO - Fetching data for period: 2025-05-13
2025-08-13 11:53:01,693 - data_pre_processing - INFO - Fetching data for period: 2025-05-14
2025-08-13 11:53:01,844 - data_pre_processing - INFO - Fetching data for period: 2025-05-15
2025-08-13 11:53:02,057 - data_pre_processing - INFO - Fetching data for period: 2025-05-16
2025-08-13 11:53:02,251 - data_pre_processing - INFO - Fetching data for period: 2025-05-17
2025-08-13 11:53:02,381 - data_pre_processing - INFO - Fetching data for period: 2025-05-18
2025-08-13 11:53:02,526 - data_pre_processing - INFO - Fetching data for period: 2025-05-19
2025-08-13 11:53:02,699 - data_pre_processing - INFO - Fetching data for period: 2025-05-20
2025-08-13 11:53:02,860 - data_pre_processing - INFO - Fetching data for period: 2025-05-21
2025-08-13 11:53:03,009 - data_pre_processing - INFO - Fetching data for period: 2025-05-22
2025-08-13 11:53:03,199 - data_pre_processing - INFO - Fetching data for period: 2025-05-23
2025-08-13 11:53:03,367 - data_pre_processing - INFO - Fetching data for period: 2025-05-24
2025-08-13 11:53:03,612 - data_pre_processing - INFO - Fetching data for period: 2025-05-25
2025-08-13 11:53:03,762 - data_pre_processing - INFO - Fetching data for period: 2025-05-26
2025-08-13 11:53:03,927 - data_pre_processing - INFO - Fetching data for period: 2025-05-27
2025-08-13 11:53:04,069 - data_pre_processing - INFO - Fetching data for period: 2025-05-28
2025-08-13 11:53:04,318 - data_pre_processing - INFO - Fetching data for period: 2025-05-29
2025-08-13 11:53:04,460 - data_pre_processing - INFO - Fetching data for period: 2025-05-30
2025-08-13 11:53:04,612 - data_pre_processing - INFO - Fetching data for period: 2025-05-31
2025-08-13 11:53:04,788 - data_pre_processing - INFO - Fetching data for period: 2025-06-01
2025-08-13 11:53:04,941 - data_pre_processing - INFO - Fetching data for period: 2025-06-02
2025-08-13 11:53:05,086 - data_pre_processing - INFO - Fetching data for period: 2025-06-03
2025-08-13 11:53:05,198 - data_pre_processing - INFO - Fetching data for period: 2025-06-04
2025-08-13 11:53:05,310 - data_pre_processing - INFO - Fetching data for period: 2025-06-05
2025-08-13 11:53:05,420 - data_pre_processing - INFO - Fetching data for period: 2025-06-06
2025-08-13 11:53:05,533 - data_pre_processing - INFO - Fetching data for period: 2025-06-07
2025-08-13 11:53:05,645 - data_pre_processing - INFO - Fetching data for period: 2025-06-08
2025-08-13 11:53:05,795 - data_pre_processing - INFO - Fetching data for period: 2025-06-09
2025-08-13 11:53:05,936 - data_pre_processing - INFO - Fetching data for period: 2025-06-10
2025-08-13 11:53:06,103 - data_pre_processing - INFO - Fetching data for period: 2025-06-11
2025-08-13 11:53:06,239 - data_pre_processing - INFO - Fetching data for period: 2025-06-12
2025-08-13 11:53:06,383 - data_pre_processing - INFO - Fetching data for period: 2025-06-13
2025-08-13 11:53:06,550 - data_pre_processing - INFO - Fetching data for period: 2025-06-14
2025-08-13 11:53:06,696 - data_pre_processing - INFO - Fetching data for period: 2025-06-15
2025-08-13 11:53:06,869 - data_pre_processing - INFO - Fetching data for period: 2025-06-16
2025-08-13 11:53:07,022 - data_pre_processing - INFO - Fetching data for period: 2025-06-17
2025-08-13 11:53:07,196 - data_pre_processing - INFO - Fetching data for period: 2025-06-18
2025-08-13 11:53:07,349 - data_pre_processing - INFO - Fetching data for period: 2025-06-19
2025-08-13 11:53:07,485 - data_pre_processing - INFO - Fetching data for period: 2025-06-20
2025-08-13 11:53:07,638 - data_pre_processing - INFO - Fetching data for period: 2025-06-21
2025-08-13 11:53:07,906 - data_pre_processing - INFO - Fetching data for period: 2025-06-22
2025-08-13 11:53:08,042 - data_pre_processing - INFO - Fetching data for period: 2025-06-23
2025-08-13 11:53:08,182 - data_pre_processing - INFO - Fetching data for period: 2025-06-24
2025-08-13 11:53:08,325 - data_pre_processing - INFO - Fetching data for period: 2025-06-25
2025-08-13 11:53:08,470 - data_pre_processing - INFO - Fetching data for period: 2025-06-26
2025-08-13 11:53:08,699 - data_pre_processing - INFO - Fetching data for period: 2025-06-27
2025-08-13 11:53:08,922 - data_pre_processing - INFO - Fetching data for period: 2025-06-28
2025-08-13 11:53:09,079 - data_pre_processing - INFO - Fetching data for period: 2025-06-29
2025-08-13 11:53:09,238 - data_pre_processing - INFO - Fetching data for period: 2025-06-30
2025-08-13 11:53:09,396 - data_pre_processing - INFO - Fetching data for period: 2025-07-01
2025-08-13 11:53:09,553 - data_pre_processing - INFO - Fetching data for period: 2025-07-02
2025-08-13 11:53:09,728 - data_pre_processing - INFO - Fetching data for period: 2025-07-03
2025-08-13 11:53:09,970 - data_pre_processing - INFO - Fetching data for period: 2025-07-04
2025-08-13 11:53:10,158 - data_pre_processing - INFO - Fetching data for period: 2025-07-05
2025-08-13 11:53:10,318 - data_pre_processing - INFO - Fetching data for period: 2025-07-06
2025-08-13 11:53:10,482 - data_pre_processing - INFO - Fetching data for period: 2025-07-07
2025-08-13 11:53:10,623 - data_pre_processing - INFO - Fetching data for period: 2025-07-08
2025-08-13 11:53:10,776 - data_pre_processing - INFO - Fetching data for period: 2025-07-09
2025-08-13 11:53:10,947 - data_pre_processing - INFO - Fetching data for period: 2025-07-10
2025-08-13 11:53:11,112 - data_pre_processing - INFO - Fetching data for period: 2025-07-11
2025-08-13 11:53:11,296 - data_pre_processing - INFO - Fetching data for period: 2025-07-12
2025-08-13 11:53:11,468 - data_pre_processing - INFO - Fetching data for period: 2025-07-13
2025-08-13 11:53:11,622 - data_pre_processing - INFO - Fetching data for period: 2025-07-14
2025-08-13 11:53:11,771 - data_pre_processing - INFO - Fetching data for period: 2025-07-15
2025-08-13 11:53:11,922 - data_pre_processing - INFO - Fetching data for period: 2025-07-16
2025-08-13 11:53:12,090 - data_pre_processing - INFO - Fetching data for period: 2025-07-17
2025-08-13 11:53:12,248 - data_pre_processing - INFO - Fetching data for period: 2025-07-18
2025-08-13 11:53:12,413 - data_pre_processing - INFO - Fetching data for period: 2025-07-19
2025-08-13 11:53:12,558 - data_pre_processing - INFO - Fetching data for period: 2025-07-20
2025-08-13 11:53:12,711 - data_pre_processing - INFO - Fetching data for period: 2025-07-21
2025-08-13 11:53:12,870 - data_pre_processing - INFO - Fetching data for period: 2025-07-22
2025-08-13 11:53:13,031 - data_pre_processing - INFO - Fetching data for period: 2025-07-23
2025-08-13 11:53:13,174 - data_pre_processing - INFO - Fetching data for period: 2025-07-24
2025-08-13 11:53:13,319 - data_pre_processing - INFO - Fetching data for period: 2025-07-25
2025-08-13 11:53:13,648 - data_pre_processing - INFO - Fetching data for period: 2025-07-26
2025-08-13 11:53:13,799 - data_pre_processing - INFO - Fetching data for period: 2025-07-27
2025-08-13 11:53:13,946 - data_pre_processing - INFO - Fetching data for period: 2025-07-28
2025-08-13 11:53:14,112 - data_pre_processing - INFO - Fetching data for period: 2025-07-29
2025-08-13 11:53:14,255 - data_pre_processing - INFO - Fetching data for period: 2025-07-30
2025-08-13 11:53:14,403 - data_pre_processing - INFO - Fetching data for period: 2025-07-31
2025-08-13 11:53:14,563 - data_pre_processing - INFO - Fetching data for period: 2025-08-01
2025-08-13 11:53:14,860 - data_pre_processing - INFO - Fetching data for period: 2025-08-02
2025-08-13 11:53:15,004 - data_pre_processing - INFO - Fetching data for period: 2025-08-03
2025-08-13 11:53:15,148 - data_pre_processing - INFO - Fetching data for period: 2025-08-04
2025-08-13 11:53:15,353 - data_pre_processing - INFO - Fetching data for period: 2025-08-05
2025-08-13 11:53:15,644 - data_pre_processing - INFO - Fetching data for period: 2025-08-06
2025-08-13 11:53:15,798 - data_pre_processing - INFO - Fetching data for period: 2025-08-07
2025-08-13 11:53:15,963 - data_pre_processing - INFO - Fetching data for period: 2025-08-08
2025-08-13 11:53:16,102 - data_pre_processing - INFO - Fetching data for period: 2025-08-09
2025-08-13 11:53:16,259 - data_pre_processing - INFO - Fetching data for period: 2025-08-10
2025-08-13 11:53:16,347 - data_pre_processing - INFO - Fetching data for period: 2025-08-11
2025-08-13 11:53:16,417 - data_pre_processing - INFO - Fetching data for period: 2025-08-12
2025-08-13 11:53:16,496 - data_pre_processing - INFO - Fetching data for period: 2025-08-13
