2025-08-07 15:08:10,748 - __main__ - INFO - Attempting to log in to Garmin Connect...
2025-08-07 15:08:13,853 - __main__ - INFO - Login successful.
2025-08-07 15:08:13,853 - __main__ - INFO - Script started. Fetching data from 2024-01-01 to 2025-08-07
2025-08-07 15:08:13,854 - __main__ - INFO - Fetching data for period: 2024-01-01
2025-08-07 15:08:13,981 - __main__ - INFO - Fetching data for period: 2024-01-02
2025-08-07 15:08:14,119 - __main__ - INFO - Fetching data for period: 2024-01-03
2025-08-07 15:08:14,255 - __main__ - INFO - Fetching data for period: 2024-01-04
2025-08-07 15:08:14,397 - __main__ - INFO - Fetching data for period: 2024-01-05
2025-08-07 15:08:14,528 - __main__ - INFO - Fetching data for period: 2024-01-06
2025-08-07 15:08:14,641 - __main__ - INFO - Fetching data for period: 2024-01-07
2025-08-07 15:08:14,762 - __main__ - INFO - Fetching data for period: 2024-01-08
2025-08-07 15:08:14,894 - __main__ - INFO - Fetching data for period: 2024-01-09
2025-08-07 15:08:15,009 - __main__ - INFO - Fetching data for period: 2024-01-10
2025-08-07 15:08:15,229 - __main__ - INFO - Fetching data for period: 2024-01-11
2025-08-07 15:08:15,348 - __main__ - INFO - Fetching data for period: 2024-01-12
2025-08-07 15:08:15,468 - __main__ - INFO - Fetching data for period: 2024-01-13
2025-08-07 15:08:15,582 - __main__ - INFO - Fetching data for period: 2024-01-14
2025-08-07 15:08:15,699 - __main__ - INFO - Fetching data for period: 2024-01-15
2025-08-07 15:08:15,829 - __main__ - INFO - Fetching data for period: 2024-01-16
2025-08-07 15:08:15,967 - __main__ - INFO - Fetching data for period: 2024-01-17
2025-08-07 15:08:16,085 - __main__ - INFO - Fetching data for period: 2024-01-18
2025-08-07 15:08:16,204 - __main__ - INFO - Fetching data for period: 2024-01-19
2025-08-07 15:08:16,323 - __main__ - INFO - Fetching data for period: 2024-01-20
2025-08-07 15:08:16,438 - __main__ - INFO - Fetching data for period: 2024-01-21
2025-08-07 15:08:16,560 - __main__ - INFO - Fetching data for period: 2024-01-22
2025-08-07 15:08:16,702 - __main__ - INFO - Fetching data for period: 2024-01-23
2025-08-07 15:08:16,819 - __main__ - INFO - Fetching data for period: 2024-01-24
2025-08-07 15:08:16,927 - __main__ - INFO - Fetching data for period: 2024-01-25
2025-08-07 15:08:17,162 - __main__ - INFO - Fetching data for period: 2024-01-26
2025-08-07 15:08:17,323 - __main__ - INFO - Fetching data for period: 2024-01-27
2025-08-07 15:08:17,481 - __main__ - INFO - Fetching data for period: 2024-01-28
2025-08-07 15:08:17,592 - __main__ - INFO - Fetching data for period: 2024-01-29
2025-08-07 15:08:17,725 - __main__ - INFO - Fetching data for period: 2024-01-30
2025-08-07 15:08:17,841 - __main__ - INFO - Fetching data for period: 2024-01-31
2025-08-07 15:08:18,064 - __main__ - INFO - Fetching data for period: 2024-02-01
2025-08-07 15:08:18,213 - __main__ - INFO - Fetching data for period: 2024-02-02
2025-08-07 15:08:18,341 - __main__ - INFO - Fetching data for period: 2024-02-03
2025-08-07 15:08:18,457 - __main__ - INFO - Fetching data for period: 2024-02-04
2025-08-07 15:08:18,583 - __main__ - INFO - Fetching data for period: 2024-02-05
2025-08-07 15:08:18,792 - __main__ - INFO - Fetching data for period: 2024-02-06
2025-08-07 15:08:18,955 - __main__ - INFO - Fetching data for period: 2024-02-07
2025-08-07 15:08:19,072 - __main__ - INFO - Fetching data for period: 2024-02-08
2025-08-07 15:08:19,243 - __main__ - INFO - Fetching data for period: 2024-02-09
2025-08-07 15:08:19,372 - __main__ - INFO - Fetching data for period: 2024-02-10
2025-08-07 15:08:19,508 - __main__ - INFO - Fetching data for period: 2024-02-11
2025-08-07 15:08:19,623 - __main__ - INFO - Fetching data for period: 2024-02-12
2025-08-07 15:08:19,746 - __main__ - INFO - Fetching data for period: 2024-02-13
2025-08-07 15:08:19,862 - __main__ - INFO - Fetching data for period: 2024-02-14
2025-08-07 15:08:19,996 - __main__ - INFO - Fetching data for period: 2024-02-15
2025-08-07 15:08:20,107 - __main__ - INFO - Fetching data for period: 2024-02-16
2025-08-07 15:08:20,228 - __main__ - INFO - Fetching data for period: 2024-02-17
2025-08-07 15:08:20,348 - __main__ - INFO - Fetching data for period: 2024-02-18
2025-08-07 15:08:20,463 - __main__ - INFO - Fetching data for period: 2024-02-19
2025-08-07 15:08:20,576 - __main__ - INFO - Fetching data for period: 2024-02-20
2025-08-07 15:08:20,759 - __main__ - INFO - Fetching data for period: 2024-02-21
2025-08-07 15:08:20,915 - __main__ - INFO - Fetching data for period: 2024-02-22
2025-08-07 15:08:21,038 - __main__ - INFO - Fetching data for period: 2024-02-23
2025-08-07 15:08:21,156 - __main__ - INFO - Fetching data for period: 2024-02-24
2025-08-07 15:08:21,276 - __main__ - INFO - Fetching data for period: 2024-02-25
2025-08-07 15:08:21,387 - __main__ - INFO - Fetching data for period: 2024-02-26
2025-08-07 15:08:21,502 - __main__ - INFO - Fetching data for period: 2024-02-27
2025-08-07 15:08:21,621 - __main__ - INFO - Fetching data for period: 2024-02-28
2025-08-07 15:08:21,730 - __main__ - INFO - Fetching data for period: 2024-02-29
2025-08-07 15:08:21,841 - __main__ - INFO - Fetching data for period: 2024-03-01
2025-08-07 15:08:21,963 - __main__ - INFO - Fetching data for period: 2024-03-02
2025-08-07 15:08:22,076 - __main__ - INFO - Fetching data for period: 2024-03-03
2025-08-07 15:08:22,185 - __main__ - INFO - Fetching data for period: 2024-03-04
2025-08-07 15:08:22,309 - __main__ - INFO - Fetching data for period: 2024-03-05
2025-08-07 15:08:22,491 - __main__ - INFO - Fetching data for period: 2024-03-06
2025-08-07 15:08:22,616 - __main__ - INFO - Fetching data for period: 2024-03-07
2025-08-07 15:08:22,739 - __main__ - INFO - Fetching data for period: 2024-03-08
2025-08-07 15:08:22,895 - __main__ - INFO - Fetching data for period: 2024-03-09
2025-08-07 15:08:23,007 - __main__ - INFO - Fetching data for period: 2024-03-10
2025-08-07 15:08:23,122 - __main__ - INFO - Fetching data for period: 2024-03-11
2025-08-07 15:08:23,233 - __main__ - INFO - Fetching data for period: 2024-03-12
2025-08-07 15:08:23,397 - __main__ - INFO - Fetching data for period: 2024-03-13
2025-08-07 15:08:23,510 - __main__ - INFO - Fetching data for period: 2024-03-14
2025-08-07 15:08:23,644 - __main__ - INFO - Fetching data for period: 2024-03-15
2025-08-07 15:08:23,761 - __main__ - INFO - Fetching data for period: 2024-03-16
2025-08-07 15:08:23,868 - __main__ - INFO - Fetching data for period: 2024-03-17
2025-08-07 15:08:23,995 - __main__ - INFO - Fetching data for period: 2024-03-18
2025-08-07 15:08:24,115 - __main__ - INFO - Fetching data for period: 2024-03-19
2025-08-07 15:08:24,262 - __main__ - INFO - Fetching data for period: 2024-03-20
2025-08-07 15:08:24,375 - __main__ - INFO - Fetching data for period: 2024-03-21
2025-08-07 15:08:24,494 - __main__ - INFO - Fetching data for period: 2024-03-22
2025-08-07 15:08:24,617 - __main__ - INFO - Fetching data for period: 2024-03-23
2025-08-07 15:08:24,739 - __main__ - INFO - Fetching data for period: 2024-03-24
2025-08-07 15:08:24,866 - __main__ - INFO - Fetching data for period: 2024-03-25
2025-08-07 15:08:24,986 - __main__ - INFO - Fetching data for period: 2024-03-26
2025-08-07 15:08:25,098 - __main__ - INFO - Fetching data for period: 2024-03-27
2025-08-07 15:08:25,214 - __main__ - INFO - Fetching data for period: 2024-03-28
2025-08-07 15:08:25,331 - __main__ - INFO - Fetching data for period: 2024-03-29
2025-08-07 15:08:25,447 - __main__ - INFO - Fetching data for period: 2024-03-30
2025-08-07 15:08:25,560 - __main__ - INFO - Fetching data for period: 2024-03-31
2025-08-07 15:08:25,702 - __main__ - INFO - Fetching data for period: 2024-04-01
2025-08-07 15:08:25,818 - __main__ - INFO - Fetching data for period: 2024-04-02
2025-08-07 15:08:25,929 - __main__ - INFO - Fetching data for period: 2024-04-03
2025-08-07 15:08:26,052 - __main__ - INFO - Fetching data for period: 2024-04-04
2025-08-07 15:08:26,177 - __main__ - INFO - Fetching data for period: 2024-04-05
2025-08-07 15:08:26,326 - __main__ - INFO - Fetching data for period: 2024-04-06
2025-08-07 15:08:26,435 - __main__ - INFO - Fetching data for period: 2024-04-07
2025-08-07 15:08:26,657 - __main__ - INFO - Fetching data for period: 2024-04-08
2025-08-07 15:08:26,803 - __main__ - INFO - Fetching data for period: 2024-04-09
2025-08-07 15:08:26,922 - __main__ - INFO - Fetching data for period: 2024-04-10
2025-08-07 15:08:27,046 - __main__ - INFO - Fetching data for period: 2024-04-11
2025-08-07 15:08:27,194 - __main__ - INFO - Fetching data for period: 2024-04-12
2025-08-07 15:08:27,336 - __main__ - INFO - Fetching data for period: 2024-04-13
2025-08-07 15:08:27,445 - __main__ - INFO - Fetching data for period: 2024-04-14
2025-08-07 15:08:27,575 - __main__ - INFO - Fetching data for period: 2024-04-15
2025-08-07 15:08:27,795 - __main__ - INFO - Fetching data for period: 2024-04-16
2025-08-07 15:08:27,916 - __main__ - INFO - Fetching data for period: 2024-04-17
2025-08-07 15:08:28,049 - __main__ - INFO - Fetching data for period: 2024-04-18
2025-08-07 15:08:28,194 - __main__ - INFO - Fetching data for period: 2024-04-19
2025-08-07 15:08:28,344 - __main__ - INFO - Fetching data for period: 2024-04-20
2025-08-07 15:08:28,468 - __main__ - INFO - Fetching data for period: 2024-04-21
2025-08-07 15:08:28,592 - __main__ - INFO - Fetching data for period: 2024-04-22
2025-08-07 15:08:28,712 - __main__ - INFO - Fetching data for period: 2024-04-23
2025-08-07 15:08:28,859 - __main__ - INFO - Fetching data for period: 2024-04-24
2025-08-07 15:08:28,984 - __main__ - INFO - Fetching data for period: 2024-04-25
2025-08-07 15:08:29,104 - __main__ - INFO - Fetching data for period: 2024-04-26
2025-08-07 15:08:29,230 - __main__ - INFO - Fetching data for period: 2024-04-27
2025-08-07 15:08:29,369 - __main__ - INFO - Fetching data for period: 2024-04-28
2025-08-07 15:08:29,488 - __main__ - INFO - Fetching data for period: 2024-04-29
2025-08-07 15:08:29,611 - __main__ - INFO - Fetching data for period: 2024-04-30
2025-08-07 15:08:29,755 - __main__ - INFO - Fetching data for period: 2024-05-01
2025-08-07 15:08:29,871 - __main__ - INFO - Fetching data for period: 2024-05-02
2025-08-07 15:08:29,995 - __main__ - INFO - Fetching data for period: 2024-05-03
2025-08-07 15:08:30,112 - __main__ - INFO - Fetching data for period: 2024-05-04
2025-08-07 15:08:30,237 - __main__ - INFO - Fetching data for period: 2024-05-05
2025-08-07 15:08:30,363 - __main__ - INFO - Fetching data for period: 2024-05-06
2025-08-07 15:08:30,519 - __main__ - INFO - Fetching data for period: 2024-05-07
2025-08-07 15:08:30,678 - __main__ - INFO - Fetching data for period: 2024-05-08
2025-08-07 15:08:30,820 - __main__ - INFO - Fetching data for period: 2024-05-09
2025-08-07 15:08:30,949 - __main__ - INFO - Fetching data for period: 2024-05-10
2025-08-07 15:08:31,085 - __main__ - INFO - Fetching data for period: 2024-05-11
2025-08-07 15:08:31,207 - __main__ - INFO - Fetching data for period: 2024-05-12
2025-08-07 15:08:31,331 - __main__ - INFO - Fetching data for period: 2024-05-13
2025-08-07 15:08:31,455 - __main__ - INFO - Fetching data for period: 2024-05-14
2025-08-07 15:08:31,593 - __main__ - INFO - Fetching data for period: 2024-05-15
2025-08-07 15:08:31,712 - __main__ - INFO - Fetching data for period: 2024-05-16
2025-08-07 15:08:31,835 - __main__ - INFO - Fetching data for period: 2024-05-17
2025-08-07 15:08:31,960 - __main__ - INFO - Fetching data for period: 2024-05-18
2025-08-07 15:08:32,106 - __main__ - INFO - Fetching data for period: 2024-05-19
2025-08-07 15:08:32,229 - __main__ - INFO - Fetching data for period: 2024-05-20
2025-08-07 15:08:32,344 - __main__ - INFO - Fetching data for period: 2024-05-21
2025-08-07 15:08:32,460 - __main__ - INFO - Fetching data for period: 2024-05-22
2025-08-07 15:08:32,575 - __main__ - INFO - Fetching data for period: 2024-05-23
2025-08-07 15:08:32,687 - __main__ - INFO - Fetching data for period: 2024-05-24
2025-08-07 15:08:32,804 - __main__ - INFO - Fetching data for period: 2024-05-25
2025-08-07 15:08:32,917 - __main__ - INFO - Fetching data for period: 2024-05-26
2025-08-07 15:08:33,032 - __main__ - INFO - Fetching data for period: 2024-05-27
2025-08-07 15:08:33,158 - __main__ - INFO - Fetching data for period: 2024-05-28
2025-08-07 15:08:33,277 - __main__ - INFO - Fetching data for period: 2024-05-29
2025-08-07 15:08:33,402 - __main__ - INFO - Fetching data for period: 2024-05-30
2025-08-07 15:08:33,517 - __main__ - INFO - Fetching data for period: 2024-05-31
2025-08-07 15:08:33,663 - __main__ - INFO - Fetching data for period: 2024-06-01
2025-08-07 15:08:33,786 - __main__ - INFO - Fetching data for period: 2024-06-02
2025-08-07 15:08:33,919 - __main__ - INFO - Fetching data for period: 2024-06-03
2025-08-07 15:08:34,134 - __main__ - INFO - Fetching data for period: 2024-06-04
2025-08-07 15:08:34,257 - __main__ - INFO - Fetching data for period: 2024-06-05
2025-08-07 15:08:34,382 - __main__ - INFO - Fetching data for period: 2024-06-06
2025-08-07 15:08:34,539 - __main__ - INFO - Fetching data for period: 2024-06-07
2025-08-07 15:08:34,651 - __main__ - INFO - Fetching data for period: 2024-06-08
2025-08-07 15:08:34,766 - __main__ - INFO - Fetching data for period: 2024-06-09
2025-08-07 15:08:34,887 - __main__ - INFO - Fetching data for period: 2024-06-10
2025-08-07 15:08:35,006 - __main__ - INFO - Fetching data for period: 2024-06-11
2025-08-07 15:08:35,126 - __main__ - INFO - Fetching data for period: 2024-06-12
2025-08-07 15:08:35,243 - __main__ - INFO - Fetching data for period: 2024-06-13
2025-08-07 15:08:35,367 - __main__ - INFO - Fetching data for period: 2024-06-14
2025-08-07 15:08:35,479 - __main__ - INFO - Fetching data for period: 2024-06-15
2025-08-07 15:08:35,598 - __main__ - INFO - Fetching data for period: 2024-06-16
2025-08-07 15:08:35,723 - __main__ - INFO - Fetching data for period: 2024-06-17
2025-08-07 15:08:35,836 - __main__ - INFO - Fetching data for period: 2024-06-18
2025-08-07 15:08:35,958 - __main__ - INFO - Fetching data for period: 2024-06-19
2025-08-07 15:08:36,078 - __main__ - INFO - Fetching data for period: 2024-06-20
2025-08-07 15:08:36,197 - __main__ - INFO - Fetching data for period: 2024-06-21
2025-08-07 15:08:36,313 - __main__ - INFO - Fetching data for period: 2024-06-22
2025-08-07 15:08:36,426 - __main__ - INFO - Fetching data for period: 2024-06-23
2025-08-07 15:08:36,550 - __main__ - INFO - Fetching data for period: 2024-06-24
2025-08-07 15:08:36,686 - __main__ - INFO - Fetching data for period: 2024-06-25
2025-08-07 15:08:36,812 - __main__ - INFO - Fetching data for period: 2024-06-26
2025-08-07 15:08:36,928 - __main__ - INFO - Fetching data for period: 2024-06-27
2025-08-07 15:08:37,043 - __main__ - INFO - Fetching data for period: 2024-06-28
2025-08-07 15:08:37,166 - __main__ - INFO - Fetching data for period: 2024-06-29
2025-08-07 15:08:37,286 - __main__ - INFO - Fetching data for period: 2024-06-30
2025-08-07 15:08:37,414 - __main__ - INFO - Fetching data for period: 2024-07-01
2025-08-07 15:08:37,559 - __main__ - INFO - Fetching data for period: 2024-07-02
2025-08-07 15:08:37,670 - __main__ - INFO - Fetching data for period: 2024-07-03
2025-08-07 15:08:37,822 - __main__ - INFO - Fetching data for period: 2024-07-04
2025-08-07 15:08:37,952 - __main__ - INFO - Fetching data for period: 2024-07-05
2025-08-07 15:08:38,068 - __main__ - INFO - Fetching data for period: 2024-07-06
2025-08-07 15:08:38,229 - __main__ - INFO - Fetching data for period: 2024-07-07
2025-08-07 15:08:38,347 - __main__ - INFO - Fetching data for period: 2024-07-08
2025-08-07 15:08:38,460 - __main__ - INFO - Fetching data for period: 2024-07-09
2025-08-07 15:08:38,582 - __main__ - INFO - Fetching data for period: 2024-07-10
2025-08-07 15:08:38,701 - __main__ - INFO - Fetching data for period: 2024-07-11
2025-08-07 15:08:38,826 - __main__ - INFO - Fetching data for period: 2024-07-12
2025-08-07 15:08:39,048 - __main__ - INFO - Fetching data for period: 2024-07-13
2025-08-07 15:08:39,187 - __main__ - INFO - Fetching data for period: 2024-07-14
2025-08-07 15:08:39,302 - __main__ - INFO - Fetching data for period: 2024-07-15
2025-08-07 15:08:39,421 - __main__ - INFO - Fetching data for period: 2024-07-16
2025-08-07 15:08:39,542 - __main__ - INFO - Fetching data for period: 2024-07-17
2025-08-07 15:08:39,656 - __main__ - INFO - Fetching data for period: 2024-07-18
2025-08-07 15:08:39,770 - __main__ - INFO - Fetching data for period: 2024-07-19
2025-08-07 15:08:39,891 - __main__ - INFO - Fetching data for period: 2024-07-20
2025-08-07 15:08:40,001 - __main__ - INFO - Fetching data for period: 2024-07-21
2025-08-07 15:08:40,117 - __main__ - INFO - Fetching data for period: 2024-07-22
2025-08-07 15:08:40,238 - __main__ - INFO - Fetching data for period: 2024-07-23
2025-08-07 15:08:40,354 - __main__ - INFO - Fetching data for period: 2024-07-24
2025-08-07 15:08:40,484 - __main__ - INFO - Fetching data for period: 2024-07-25
2025-08-07 15:08:40,602 - __main__ - INFO - Fetching data for period: 2024-07-26
2025-08-07 15:08:40,711 - __main__ - INFO - Fetching data for period: 2024-07-27
2025-08-07 15:08:40,844 - __main__ - INFO - Fetching data for period: 2024-07-28
2025-08-07 15:08:40,964 - __main__ - INFO - Fetching data for period: 2024-07-29
2025-08-07 15:08:41,095 - __main__ - INFO - Fetching data for period: 2024-07-30
2025-08-07 15:08:41,207 - __main__ - INFO - Fetching data for period: 2024-07-31
2025-08-07 15:08:41,343 - __main__ - INFO - Fetching data for period: 2024-08-01
2025-08-07 15:08:41,463 - __main__ - INFO - Fetching data for period: 2024-08-02
2025-08-07 15:08:41,576 - __main__ - INFO - Fetching data for period: 2024-08-03
2025-08-07 15:08:41,690 - __main__ - INFO - Fetching data for period: 2024-08-04
2025-08-07 15:08:41,801 - __main__ - INFO - Fetching data for period: 2024-08-05
2025-08-07 15:08:41,939 - __main__ - INFO - Fetching data for period: 2024-08-06
2025-08-07 15:08:42,055 - __main__ - INFO - Fetching data for period: 2024-08-07
2025-08-07 15:08:42,183 - __main__ - INFO - Fetching data for period: 2024-08-08
2025-08-07 15:08:42,304 - __main__ - INFO - Fetching data for period: 2024-08-09
2025-08-07 15:08:42,420 - __main__ - INFO - Fetching data for period: 2024-08-10
2025-08-07 15:08:42,572 - __main__ - INFO - Fetching data for period: 2024-08-11
2025-08-07 15:08:42,688 - __main__ - INFO - Fetching data for period: 2024-08-12
2025-08-07 15:08:42,800 - __main__ - INFO - Fetching data for period: 2024-08-13
2025-08-07 15:08:42,966 - __main__ - INFO - Fetching data for period: 2024-08-14
2025-08-07 15:08:43,124 - __main__ - INFO - Fetching data for period: 2024-08-15
2025-08-07 15:08:43,251 - __main__ - INFO - Fetching data for period: 2024-08-16
2025-08-07 15:08:43,364 - __main__ - INFO - Fetching data for period: 2024-08-17
2025-08-07 15:08:43,481 - __main__ - INFO - Fetching data for period: 2024-08-18
2025-08-07 15:08:43,606 - __main__ - INFO - Fetching data for period: 2024-08-19
2025-08-07 15:08:43,722 - __main__ - INFO - Fetching data for period: 2024-08-20
2025-08-07 15:08:43,840 - __main__ - INFO - Fetching data for period: 2024-08-21
2025-08-07 15:08:43,957 - __main__ - INFO - Fetching data for period: 2024-08-22
2025-08-07 15:08:44,102 - __main__ - INFO - Fetching data for period: 2024-08-23
2025-08-07 15:08:44,231 - __main__ - INFO - Fetching data for period: 2024-08-24
2025-08-07 15:08:44,345 - __main__ - INFO - Fetching data for period: 2024-08-25
2025-08-07 15:08:44,459 - __main__ - INFO - Fetching data for period: 2024-08-26
2025-08-07 15:08:44,574 - __main__ - INFO - Fetching data for period: 2024-08-27
2025-08-07 15:08:44,698 - __main__ - INFO - Fetching data for period: 2024-08-28
2025-08-07 15:08:44,808 - __main__ - INFO - Fetching data for period: 2024-08-29
2025-08-07 15:08:44,923 - __main__ - INFO - Fetching data for period: 2024-08-30
2025-08-07 15:08:45,037 - __main__ - INFO - Fetching data for period: 2024-08-31
2025-08-07 15:08:45,166 - __main__ - INFO - Fetching data for period: 2024-09-01
2025-08-07 15:08:45,280 - __main__ - INFO - Fetching data for period: 2024-09-02
2025-08-07 15:08:45,396 - __main__ - INFO - Fetching data for period: 2024-09-03
2025-08-07 15:08:45,526 - __main__ - INFO - Fetching data for period: 2024-09-04
2025-08-07 15:08:45,638 - __main__ - INFO - Fetching data for period: 2024-09-05
2025-08-07 15:08:45,751 - __main__ - INFO - Fetching data for period: 2024-09-06
2025-08-07 15:08:45,865 - __main__ - INFO - Fetching data for period: 2024-09-07
2025-08-07 15:08:46,115 - __main__ - INFO - Fetching data for period: 2024-09-08
2025-08-07 15:08:46,226 - __main__ - INFO - Fetching data for period: 2024-09-09
2025-08-07 15:08:46,341 - __main__ - INFO - Fetching data for period: 2024-09-10
2025-08-07 15:08:46,447 - __main__ - INFO - Fetching data for period: 2024-09-11
2025-08-07 15:08:46,633 - __main__ - INFO - Fetching data for period: 2024-09-12
2025-08-07 15:08:46,742 - __main__ - INFO - Fetching data for period: 2024-09-13
2025-08-07 15:08:46,861 - __main__ - INFO - Fetching data for period: 2024-09-14
2025-08-07 15:08:46,971 - __main__ - INFO - Fetching data for period: 2024-09-15
2025-08-07 15:08:47,083 - __main__ - INFO - Fetching data for period: 2024-09-16
2025-08-07 15:08:47,198 - __main__ - INFO - Fetching data for period: 2024-09-17
2025-08-07 15:08:47,323 - __main__ - INFO - Fetching data for period: 2024-09-18
2025-08-07 15:08:47,439 - __main__ - INFO - Fetching data for period: 2024-09-19
2025-08-07 15:08:47,567 - __main__ - INFO - Fetching data for period: 2024-09-20
2025-08-07 15:08:47,682 - __main__ - INFO - Fetching data for period: 2024-09-21
2025-08-07 15:08:47,800 - __main__ - INFO - Fetching data for period: 2024-09-22
2025-08-07 15:08:47,926 - __main__ - INFO - Fetching data for period: 2024-09-23
2025-08-07 15:08:48,044 - __main__ - INFO - Fetching data for period: 2024-09-24
2025-08-07 15:08:48,158 - __main__ - INFO - Fetching data for period: 2024-09-25
2025-08-07 15:08:48,272 - __main__ - INFO - Fetching data for period: 2024-09-26
2025-08-07 15:08:48,392 - __main__ - INFO - Fetching data for period: 2024-09-27
2025-08-07 15:08:48,506 - __main__ - INFO - Fetching data for period: 2024-09-28
2025-08-07 15:08:48,618 - __main__ - INFO - Fetching data for period: 2024-09-29
2025-08-07 15:08:48,738 - __main__ - INFO - Fetching data for period: 2024-09-30
2025-08-07 15:08:48,864 - __main__ - INFO - Fetching data for period: 2024-10-01
2025-08-07 15:08:48,997 - __main__ - INFO - Fetching data for period: 2024-10-02
2025-08-07 15:08:49,119 - __main__ - INFO - Fetching data for period: 2024-10-03
2025-08-07 15:08:49,230 - __main__ - INFO - Fetching data for period: 2024-10-04
2025-08-07 15:08:49,352 - __main__ - INFO - Fetching data for period: 2024-10-05
2025-08-07 15:08:49,471 - __main__ - INFO - Fetching data for period: 2024-10-06
2025-08-07 15:08:49,591 - __main__ - INFO - Fetching data for period: 2024-10-07
2025-08-07 15:08:49,702 - __main__ - INFO - Fetching data for period: 2024-10-08
2025-08-07 15:08:49,808 - __main__ - INFO - Fetching data for period: 2024-10-09
2025-08-07 15:08:49,925 - __main__ - INFO - Fetching data for period: 2024-10-10
2025-08-07 15:08:50,109 - __main__ - INFO - Fetching data for period: 2024-10-11
2025-08-07 15:08:50,227 - __main__ - INFO - Fetching data for period: 2024-10-12
2025-08-07 15:08:50,347 - __main__ - INFO - Fetching data for period: 2024-10-13
2025-08-07 15:08:50,459 - __main__ - INFO - Fetching data for period: 2024-10-14
2025-08-07 15:08:50,578 - __main__ - INFO - Fetching data for period: 2024-10-15
2025-08-07 15:08:50,699 - __main__ - INFO - Fetching data for period: 2024-10-16
2025-08-07 15:08:50,835 - __main__ - INFO - Fetching data for period: 2024-10-17
2025-08-07 15:08:50,952 - __main__ - INFO - Fetching data for period: 2024-10-18
2025-08-07 15:08:51,067 - __main__ - INFO - Fetching data for period: 2024-10-19
2025-08-07 15:08:51,181 - __main__ - INFO - Fetching data for period: 2024-10-20
2025-08-07 15:08:51,296 - __main__ - INFO - Fetching data for period: 2024-10-21
2025-08-07 15:08:51,420 - __main__ - INFO - Fetching data for period: 2024-10-22
2025-08-07 15:08:51,544 - __main__ - INFO - Fetching data for period: 2024-10-23
2025-08-07 15:08:51,669 - __main__ - INFO - Fetching data for period: 2024-10-24
2025-08-07 15:08:51,786 - __main__ - INFO - Fetching data for period: 2024-10-25
2025-08-07 15:08:51,924 - __main__ - INFO - Fetching data for period: 2024-10-26
2025-08-07 15:08:52,033 - __main__ - INFO - Fetching data for period: 2024-10-27
2025-08-07 15:08:52,167 - __main__ - INFO - Fetching data for period: 2024-10-28
2025-08-07 15:08:52,308 - __main__ - INFO - Fetching data for period: 2024-10-29
2025-08-07 15:08:52,432 - __main__ - INFO - Fetching data for period: 2024-10-30
2025-08-07 15:08:52,554 - __main__ - INFO - Fetching data for period: 2024-10-31
2025-08-07 15:08:52,676 - __main__ - INFO - Fetching data for period: 2024-11-01
2025-08-07 15:08:52,784 - __main__ - INFO - Fetching data for period: 2024-11-02
2025-08-07 15:08:52,915 - __main__ - INFO - Fetching data for period: 2024-11-03
2025-08-07 15:08:53,023 - __main__ - INFO - Fetching data for period: 2024-11-04
2025-08-07 15:08:53,137 - __main__ - INFO - Fetching data for period: 2024-11-05
2025-08-07 15:08:53,265 - __main__ - INFO - Fetching data for period: 2024-11-06
2025-08-07 15:08:53,378 - __main__ - INFO - Fetching data for period: 2024-11-07
2025-08-07 15:08:53,513 - __main__ - INFO - Fetching data for period: 2024-11-08
2025-08-07 15:08:53,638 - __main__ - INFO - Fetching data for period: 2024-11-09
2025-08-07 15:08:53,761 - __main__ - INFO - Fetching data for period: 2024-11-10
2025-08-07 15:08:53,875 - __main__ - INFO - Fetching data for period: 2024-11-11
2025-08-07 15:08:53,989 - __main__ - INFO - Fetching data for period: 2024-11-12
2025-08-07 15:08:54,102 - __main__ - INFO - Fetching data for period: 2024-11-13
2025-08-07 15:08:54,229 - __main__ - INFO - Fetching data for period: 2024-11-14
2025-08-07 15:08:54,346 - __main__ - INFO - Fetching data for period: 2024-11-15
2025-08-07 15:08:54,492 - __main__ - INFO - Fetching data for period: 2024-11-16
2025-08-07 15:08:54,614 - __main__ - INFO - Fetching data for period: 2024-11-17
2025-08-07 15:08:54,729 - __main__ - INFO - Fetching data for period: 2024-11-18
2025-08-07 15:08:54,859 - __main__ - INFO - Fetching data for period: 2024-11-19
2025-08-07 15:08:54,977 - __main__ - INFO - Fetching data for period: 2024-11-20
2025-08-07 15:08:55,175 - __main__ - INFO - Fetching data for period: 2024-11-21
2025-08-07 15:08:55,296 - __main__ - INFO - Fetching data for period: 2024-11-22
2025-08-07 15:08:55,414 - __main__ - INFO - Fetching data for period: 2024-11-23
2025-08-07 15:08:55,537 - __main__ - INFO - Fetching data for period: 2024-11-24
2025-08-07 15:08:55,656 - __main__ - INFO - Fetching data for period: 2024-11-25
2025-08-07 15:08:55,791 - __main__ - INFO - Fetching data for period: 2024-11-26
2025-08-07 15:08:55,908 - __main__ - INFO - Fetching data for period: 2024-11-27
2025-08-07 15:08:56,020 - __main__ - INFO - Fetching data for period: 2024-11-28
2025-08-07 15:08:56,131 - __main__ - INFO - Fetching data for period: 2024-11-29
2025-08-07 15:08:56,246 - __main__ - INFO - Fetching data for period: 2024-11-30
2025-08-07 15:08:56,369 - __main__ - INFO - Fetching data for period: 2024-12-01
2025-08-07 15:08:56,477 - __main__ - INFO - Fetching data for period: 2024-12-02
2025-08-07 15:08:56,644 - __main__ - INFO - Fetching data for period: 2024-12-03
2025-08-07 15:08:56,766 - __main__ - INFO - Fetching data for period: 2024-12-04
2025-08-07 15:08:56,901 - __main__ - INFO - Fetching data for period: 2024-12-05
2025-08-07 15:08:57,012 - __main__ - INFO - Fetching data for period: 2024-12-06
2025-08-07 15:08:57,138 - __main__ - INFO - Fetching data for period: 2024-12-07
2025-08-07 15:08:57,232 - __main__ - INFO - Fetching data for period: 2024-12-08
2025-08-07 15:08:57,347 - __main__ - INFO - Fetching data for period: 2024-12-09
2025-08-07 15:08:57,480 - __main__ - INFO - Fetching data for period: 2024-12-10
2025-08-07 15:08:57,601 - __main__ - INFO - Fetching data for period: 2024-12-11
2025-08-07 15:08:57,713 - __main__ - INFO - Fetching data for period: 2024-12-12
2025-08-07 15:08:57,834 - __main__ - INFO - Fetching data for period: 2024-12-13
2025-08-07 15:08:57,958 - __main__ - INFO - Fetching data for period: 2024-12-14
2025-08-07 15:08:58,077 - __main__ - INFO - Fetching data for period: 2024-12-15
2025-08-07 15:08:58,186 - __main__ - INFO - Fetching data for period: 2024-12-16
2025-08-07 15:08:58,313 - __main__ - INFO - Fetching data for period: 2024-12-17
2025-08-07 15:08:58,425 - __main__ - INFO - Fetching data for period: 2024-12-18
2025-08-07 15:08:58,646 - __main__ - INFO - Fetching data for period: 2024-12-19
2025-08-07 15:08:58,756 - __main__ - INFO - Fetching data for period: 2024-12-20
2025-08-07 15:08:58,890 - __main__ - INFO - Fetching data for period: 2024-12-21
2025-08-07 15:08:59,011 - __main__ - INFO - Fetching data for period: 2024-12-22
2025-08-07 15:08:59,125 - __main__ - INFO - Fetching data for period: 2024-12-23
2025-08-07 15:08:59,256 - __main__ - INFO - Fetching data for period: 2024-12-24
2025-08-07 15:08:59,482 - __main__ - INFO - Fetching data for period: 2024-12-25
2025-08-07 15:08:59,681 - __main__ - INFO - Fetching data for period: 2024-12-26
2025-08-07 15:08:59,817 - __main__ - INFO - Fetching data for period: 2024-12-27
2025-08-07 15:08:59,955 - __main__ - INFO - Fetching data for period: 2024-12-28
2025-08-07 15:09:00,239 - __main__ - INFO - Fetching data for period: 2024-12-29
2025-08-07 15:09:00,381 - __main__ - INFO - Fetching data for period: 2024-12-30
2025-08-07 15:09:00,510 - __main__ - INFO - Fetching data for period: 2024-12-31
2025-08-07 15:09:00,648 - __main__ - INFO - Fetching data for period: 2025-01-01
2025-08-07 15:09:00,769 - __main__ - INFO - Fetching data for period: 2025-01-02
2025-08-07 15:09:00,891 - __main__ - INFO - Fetching data for period: 2025-01-03
2025-08-07 15:09:01,036 - __main__ - INFO - Fetching data for period: 2025-01-04
2025-08-07 15:09:01,218 - __main__ - INFO - Fetching data for period: 2025-01-05
2025-08-07 15:09:01,331 - __main__ - INFO - Fetching data for period: 2025-01-06
2025-08-07 15:09:01,449 - __main__ - INFO - Fetching data for period: 2025-01-07
2025-08-07 15:09:01,569 - __main__ - INFO - Fetching data for period: 2025-01-08
2025-08-07 15:09:01,688 - __main__ - INFO - Fetching data for period: 2025-01-09
2025-08-07 15:09:01,801 - __main__ - INFO - Fetching data for period: 2025-01-10
2025-08-07 15:09:01,923 - __main__ - INFO - Fetching data for period: 2025-01-11
2025-08-07 15:09:02,057 - __main__ - INFO - Fetching data for period: 2025-01-12
2025-08-07 15:09:02,170 - __main__ - INFO - Fetching data for period: 2025-01-13
2025-08-07 15:09:02,406 - __main__ - INFO - Fetching data for period: 2025-01-14
2025-08-07 15:09:02,550 - __main__ - INFO - Fetching data for period: 2025-01-15
2025-08-07 15:09:02,674 - __main__ - INFO - Fetching data for period: 2025-01-16
2025-08-07 15:09:02,785 - __main__ - INFO - Fetching data for period: 2025-01-17
2025-08-07 15:09:02,916 - __main__ - INFO - Fetching data for period: 2025-01-18
2025-08-07 15:09:03,032 - __main__ - INFO - Fetching data for period: 2025-01-19
2025-08-07 15:09:03,166 - __main__ - INFO - Fetching data for period: 2025-01-20
2025-08-07 15:09:03,286 - __main__ - INFO - Fetching data for period: 2025-01-21
2025-08-07 15:09:03,418 - __main__ - INFO - Fetching data for period: 2025-01-22
2025-08-07 15:09:03,547 - __main__ - INFO - Fetching data for period: 2025-01-23
2025-08-07 15:09:03,683 - __main__ - INFO - Fetching data for period: 2025-01-24
2025-08-07 15:09:03,799 - __main__ - INFO - Fetching data for period: 2025-01-25
2025-08-07 15:09:03,938 - __main__ - INFO - Fetching data for period: 2025-01-26
2025-08-07 15:09:04,060 - __main__ - INFO - Fetching data for period: 2025-01-27
2025-08-07 15:09:04,192 - __main__ - INFO - Fetching data for period: 2025-01-28
2025-08-07 15:09:04,312 - __main__ - INFO - Fetching data for period: 2025-01-29
2025-08-07 15:09:04,443 - __main__ - INFO - Fetching data for period: 2025-01-30
2025-08-07 15:09:04,568 - __main__ - INFO - Fetching data for period: 2025-01-31
2025-08-07 15:09:04,708 - __main__ - INFO - Fetching data for period: 2025-02-01
2025-08-07 15:09:04,842 - __main__ - INFO - Fetching data for period: 2025-02-02
2025-08-07 15:09:04,973 - __main__ - INFO - Fetching data for period: 2025-02-03
2025-08-07 15:09:05,078 - __main__ - INFO - Fetching data for period: 2025-02-04
2025-08-07 15:09:05,195 - __main__ - INFO - Fetching data for period: 2025-02-05
2025-08-07 15:09:05,315 - __main__ - INFO - Fetching data for period: 2025-02-06
2025-08-07 15:09:05,441 - __main__ - INFO - Fetching data for period: 2025-02-07
2025-08-07 15:09:05,563 - __main__ - INFO - Fetching data for period: 2025-02-08
2025-08-07 15:09:05,718 - __main__ - INFO - Fetching data for period: 2025-02-09
2025-08-07 15:09:05,840 - __main__ - INFO - Fetching data for period: 2025-02-10
2025-08-07 15:09:05,956 - __main__ - INFO - Fetching data for period: 2025-02-11
2025-08-07 15:09:06,076 - __main__ - INFO - Fetching data for period: 2025-02-12
2025-08-07 15:09:06,192 - __main__ - INFO - Fetching data for period: 2025-02-13
2025-08-07 15:09:06,307 - __main__ - INFO - Fetching data for period: 2025-02-14
2025-08-07 15:09:06,442 - __main__ - INFO - Fetching data for period: 2025-02-15
2025-08-07 15:09:06,570 - __main__ - INFO - Fetching data for period: 2025-02-16
2025-08-07 15:09:06,694 - __main__ - INFO - Fetching data for period: 2025-02-17
2025-08-07 15:09:06,808 - __main__ - INFO - Fetching data for period: 2025-02-18
2025-08-07 15:09:06,917 - __main__ - INFO - Fetching data for period: 2025-02-19
2025-08-07 15:09:07,036 - __main__ - INFO - Fetching data for period: 2025-02-20
2025-08-07 15:09:07,179 - __main__ - INFO - Fetching data for period: 2025-02-21
2025-08-07 15:09:07,314 - __main__ - INFO - Fetching data for period: 2025-02-22
2025-08-07 15:09:07,429 - __main__ - INFO - Fetching data for period: 2025-02-23
2025-08-07 15:09:07,555 - __main__ - INFO - Fetching data for period: 2025-02-24
2025-08-07 15:09:07,670 - __main__ - INFO - Fetching data for period: 2025-02-25
2025-08-07 15:09:07,782 - __main__ - INFO - Fetching data for period: 2025-02-26
2025-08-07 15:09:07,887 - __main__ - INFO - Fetching data for period: 2025-02-27
2025-08-07 15:09:08,012 - __main__ - INFO - Fetching data for period: 2025-02-28
2025-08-07 15:09:08,128 - __main__ - INFO - Fetching data for period: 2025-03-01
2025-08-07 15:09:08,265 - __main__ - INFO - Fetching data for period: 2025-03-02
2025-08-07 15:09:08,401 - __main__ - INFO - Fetching data for period: 2025-03-03
2025-08-07 15:09:08,529 - __main__ - INFO - Fetching data for period: 2025-03-04
2025-08-07 15:09:08,643 - __main__ - INFO - Fetching data for period: 2025-03-05
2025-08-07 15:09:08,751 - __main__ - INFO - Fetching data for period: 2025-03-06
2025-08-07 15:09:08,862 - __main__ - INFO - Fetching data for period: 2025-03-07
2025-08-07 15:09:09,142 - __main__ - INFO - Fetching data for period: 2025-03-08
2025-08-07 15:09:09,277 - __main__ - INFO - Fetching data for period: 2025-03-09
2025-08-07 15:09:09,407 - __main__ - INFO - Fetching data for period: 2025-03-10
2025-08-07 15:09:09,528 - __main__ - INFO - Fetching data for period: 2025-03-11
2025-08-07 15:09:09,647 - __main__ - INFO - Fetching data for period: 2025-03-12
2025-08-07 15:09:09,760 - __main__ - INFO - Fetching data for period: 2025-03-13
2025-08-07 15:09:09,914 - __main__ - INFO - Fetching data for period: 2025-03-14
2025-08-07 15:09:10,040 - __main__ - INFO - Fetching data for period: 2025-03-15
2025-08-07 15:09:10,163 - __main__ - INFO - Fetching data for period: 2025-03-16
2025-08-07 15:09:10,281 - __main__ - INFO - Fetching data for period: 2025-03-17
2025-08-07 15:09:10,422 - __main__ - INFO - Fetching data for period: 2025-03-18
2025-08-07 15:09:10,535 - __main__ - INFO - Fetching data for period: 2025-03-19
2025-08-07 15:09:10,669 - __main__ - INFO - Fetching data for period: 2025-03-20
2025-08-07 15:09:10,809 - __main__ - INFO - Fetching data for period: 2025-03-21
2025-08-07 15:09:10,930 - __main__ - INFO - Fetching data for period: 2025-03-22
2025-08-07 15:09:11,041 - __main__ - INFO - Fetching data for period: 2025-03-23
2025-08-07 15:09:11,161 - __main__ - INFO - Fetching data for period: 2025-03-24
2025-08-07 15:09:11,285 - __main__ - INFO - Fetching data for period: 2025-03-25
2025-08-07 15:09:11,410 - __main__ - INFO - Fetching data for period: 2025-03-26
2025-08-07 15:09:11,527 - __main__ - INFO - Fetching data for period: 2025-03-27
2025-08-07 15:09:11,652 - __main__ - INFO - Fetching data for period: 2025-03-28
2025-08-07 15:09:11,781 - __main__ - INFO - Fetching data for period: 2025-03-29
2025-08-07 15:09:11,920 - __main__ - INFO - Fetching data for period: 2025-03-30
2025-08-07 15:09:12,063 - __main__ - INFO - Fetching data for period: 2025-03-31
2025-08-07 15:09:12,190 - __main__ - INFO - Fetching data for period: 2025-04-01
2025-08-07 15:09:12,340 - __main__ - INFO - Fetching data for period: 2025-04-02
2025-08-07 15:09:12,502 - __main__ - INFO - Fetching data for period: 2025-04-03
2025-08-07 15:09:12,656 - __main__ - INFO - Fetching data for period: 2025-04-04
2025-08-07 15:09:12,812 - __main__ - INFO - Fetching data for period: 2025-04-05
2025-08-07 15:09:12,972 - __main__ - INFO - Fetching data for period: 2025-04-06
2025-08-07 15:09:13,190 - __main__ - INFO - Fetching data for period: 2025-04-07
2025-08-07 15:09:13,374 - __main__ - INFO - Fetching data for period: 2025-04-08
2025-08-07 15:09:13,526 - __main__ - INFO - Fetching data for period: 2025-04-09
2025-08-07 15:09:13,743 - __main__ - INFO - Fetching data for period: 2025-04-10
2025-08-07 15:09:13,896 - __main__ - INFO - Fetching data for period: 2025-04-11
2025-08-07 15:09:14,054 - __main__ - INFO - Fetching data for period: 2025-04-12
2025-08-07 15:09:14,206 - __main__ - INFO - Fetching data for period: 2025-04-13
2025-08-07 15:09:14,420 - __main__ - INFO - Fetching data for period: 2025-04-14
2025-08-07 15:09:14,604 - __main__ - INFO - Fetching data for period: 2025-04-15
2025-08-07 15:09:14,729 - __main__ - INFO - Fetching data for period: 2025-04-16
2025-08-07 15:09:14,847 - __main__ - INFO - Fetching data for period: 2025-04-17
2025-08-07 15:09:14,980 - __main__ - INFO - Fetching data for period: 2025-04-18
2025-08-07 15:09:15,106 - __main__ - INFO - Fetching data for period: 2025-04-19
2025-08-07 15:09:15,236 - __main__ - INFO - Fetching data for period: 2025-04-20
2025-08-07 15:09:15,462 - __main__ - INFO - Fetching data for period: 2025-04-21
2025-08-07 15:09:15,584 - __main__ - INFO - Fetching data for period: 2025-04-22
2025-08-07 15:09:15,736 - __main__ - INFO - Fetching data for period: 2025-04-23
2025-08-07 15:09:15,956 - __main__ - INFO - Fetching data for period: 2025-04-24
2025-08-07 15:09:16,081 - __main__ - INFO - Fetching data for period: 2025-04-25
2025-08-07 15:09:16,247 - __main__ - INFO - Fetching data for period: 2025-04-26
2025-08-07 15:09:16,405 - __main__ - INFO - Fetching data for period: 2025-04-27
2025-08-07 15:09:16,570 - __main__ - INFO - Fetching data for period: 2025-04-28
2025-08-07 15:09:16,711 - __main__ - INFO - Fetching data for period: 2025-04-29
2025-08-07 15:09:16,880 - __main__ - INFO - Fetching data for period: 2025-04-30
2025-08-07 15:09:17,081 - __main__ - INFO - Fetching data for period: 2025-05-01
2025-08-07 15:09:17,245 - __main__ - INFO - Fetching data for period: 2025-05-02
2025-08-07 15:09:17,412 - __main__ - INFO - Fetching data for period: 2025-05-03
2025-08-07 15:09:17,599 - __main__ - INFO - Fetching data for period: 2025-05-04
2025-08-07 15:09:17,971 - __main__ - INFO - Fetching data for period: 2025-05-05
2025-08-07 15:09:18,144 - __main__ - INFO - Fetching data for period: 2025-05-06
2025-08-07 15:09:18,315 - __main__ - INFO - Fetching data for period: 2025-05-07
2025-08-07 15:09:18,480 - __main__ - INFO - Fetching data for period: 2025-05-08
2025-08-07 15:09:18,632 - __main__ - INFO - Fetching data for period: 2025-05-09
2025-08-07 15:09:18,820 - __main__ - INFO - Fetching data for period: 2025-05-10
2025-08-07 15:09:18,989 - __main__ - INFO - Fetching data for period: 2025-05-11
2025-08-07 15:09:19,159 - __main__ - INFO - Fetching data for period: 2025-05-12
2025-08-07 15:09:19,327 - __main__ - INFO - Fetching data for period: 2025-05-13
2025-08-07 15:09:19,494 - __main__ - INFO - Fetching data for period: 2025-05-14
2025-08-07 15:09:19,650 - __main__ - INFO - Fetching data for period: 2025-05-15
2025-08-07 15:09:19,805 - __main__ - INFO - Fetching data for period: 2025-05-16
2025-08-07 15:09:19,984 - __main__ - INFO - Fetching data for period: 2025-05-17
2025-08-07 15:09:20,149 - __main__ - INFO - Fetching data for period: 2025-05-18
2025-08-07 15:09:20,315 - __main__ - INFO - Fetching data for period: 2025-05-19
2025-08-07 15:09:20,485 - __main__ - INFO - Fetching data for period: 2025-05-20
2025-08-07 15:09:20,642 - __main__ - INFO - Fetching data for period: 2025-05-21
2025-08-07 15:09:20,888 - __main__ - INFO - Fetching data for period: 2025-05-22
2025-08-07 15:09:21,074 - __main__ - INFO - Fetching data for period: 2025-05-23
2025-08-07 15:09:21,248 - __main__ - INFO - Fetching data for period: 2025-05-24
2025-08-07 15:09:21,409 - __main__ - INFO - Fetching data for period: 2025-05-25
2025-08-07 15:09:21,739 - __main__ - INFO - Fetching data for period: 2025-05-26
2025-08-07 15:09:21,913 - __main__ - INFO - Fetching data for period: 2025-05-27
2025-08-07 15:09:22,071 - __main__ - INFO - Fetching data for period: 2025-05-28
2025-08-07 15:09:22,230 - __main__ - INFO - Fetching data for period: 2025-05-29
2025-08-07 15:09:22,388 - __main__ - INFO - Fetching data for period: 2025-05-30
2025-08-07 15:09:22,700 - __main__ - INFO - Fetching data for period: 2025-05-31
2025-08-07 15:09:22,881 - __main__ - INFO - Fetching data for period: 2025-06-01
2025-08-07 15:09:23,096 - __main__ - INFO - Fetching data for period: 2025-06-02
2025-08-07 15:09:23,288 - __main__ - INFO - Fetching data for period: 2025-06-03
2025-08-07 15:09:23,417 - __main__ - INFO - Fetching data for period: 2025-06-04
2025-08-07 15:09:23,551 - __main__ - INFO - Fetching data for period: 2025-06-05
2025-08-07 15:09:23,678 - __main__ - INFO - Fetching data for period: 2025-06-06
2025-08-07 15:09:23,944 - __main__ - INFO - Fetching data for period: 2025-06-07
2025-08-07 15:09:24,065 - __main__ - INFO - Fetching data for period: 2025-06-08
2025-08-07 15:09:24,195 - __main__ - INFO - Fetching data for period: 2025-06-09
2025-08-07 15:09:24,352 - __main__ - INFO - Fetching data for period: 2025-06-10
2025-08-07 15:09:24,486 - __main__ - INFO - Fetching data for period: 2025-06-11
2025-08-07 15:09:24,645 - __main__ - INFO - Fetching data for period: 2025-06-12
2025-08-07 15:09:24,798 - __main__ - INFO - Fetching data for period: 2025-06-13
2025-08-07 15:09:24,944 - __main__ - INFO - Fetching data for period: 2025-06-14
2025-08-07 15:09:25,123 - __main__ - INFO - Fetching data for period: 2025-06-15
2025-08-07 15:09:25,302 - __main__ - INFO - Fetching data for period: 2025-06-16
2025-08-07 15:09:25,448 - __main__ - INFO - Fetching data for period: 2025-06-17
2025-08-07 15:09:25,669 - __main__ - INFO - Fetching data for period: 2025-06-18
2025-08-07 15:09:25,861 - __main__ - INFO - Fetching data for period: 2025-06-19
2025-08-07 15:09:26,011 - __main__ - INFO - Fetching data for period: 2025-06-20
2025-08-07 15:09:26,175 - __main__ - INFO - Fetching data for period: 2025-06-21
2025-08-07 15:09:26,345 - __main__ - INFO - Fetching data for period: 2025-06-22
2025-08-07 15:09:26,500 - __main__ - INFO - Fetching data for period: 2025-06-23
2025-08-07 15:09:26,839 - __main__ - INFO - Fetching data for period: 2025-06-24
2025-08-07 15:09:27,006 - __main__ - INFO - Fetching data for period: 2025-06-25
2025-08-07 15:09:27,175 - __main__ - INFO - Fetching data for period: 2025-06-26
2025-08-07 15:09:27,472 - __main__ - INFO - Fetching data for period: 2025-06-27
2025-08-07 15:09:27,608 - __main__ - INFO - Fetching data for period: 2025-06-28
2025-08-07 15:09:27,788 - __main__ - INFO - Fetching data for period: 2025-06-29
2025-08-07 15:09:27,938 - __main__ - INFO - Fetching data for period: 2025-06-30
2025-08-07 15:09:28,096 - __main__ - INFO - Fetching data for period: 2025-07-01
2025-08-07 15:09:28,277 - __main__ - INFO - Fetching data for period: 2025-07-02
2025-08-07 15:09:28,456 - __main__ - INFO - Fetching data for period: 2025-07-03
2025-08-07 15:09:28,633 - __main__ - INFO - Fetching data for period: 2025-07-04
2025-08-07 15:09:28,795 - __main__ - INFO - Fetching data for period: 2025-07-05
2025-08-07 15:09:28,962 - __main__ - INFO - Fetching data for period: 2025-07-06
2025-08-07 15:09:29,124 - __main__ - INFO - Fetching data for period: 2025-07-07
2025-08-07 15:09:29,269 - __main__ - INFO - Fetching data for period: 2025-07-08
2025-08-07 15:09:29,403 - __main__ - INFO - Fetching data for period: 2025-07-09
2025-08-07 15:09:29,556 - __main__ - INFO - Fetching data for period: 2025-07-10
2025-08-07 15:09:29,698 - __main__ - INFO - Fetching data for period: 2025-07-11
2025-08-07 15:09:29,860 - __main__ - INFO - Fetching data for period: 2025-07-12
2025-08-07 15:09:30,028 - __main__ - INFO - Fetching data for period: 2025-07-13
2025-08-07 15:09:30,182 - __main__ - INFO - Fetching data for period: 2025-07-14
2025-08-07 15:09:30,326 - __main__ - INFO - Fetching data for period: 2025-07-15
2025-08-07 15:09:30,495 - __main__ - INFO - Fetching data for period: 2025-07-16
2025-08-07 15:09:30,648 - __main__ - INFO - Fetching data for period: 2025-07-17
2025-08-07 15:09:30,901 - __main__ - INFO - Fetching data for period: 2025-07-18
2025-08-07 15:09:31,084 - __main__ - INFO - Fetching data for period: 2025-07-19
2025-08-07 15:09:31,235 - __main__ - INFO - Fetching data for period: 2025-07-20
2025-08-07 15:09:31,414 - __main__ - INFO - Fetching data for period: 2025-07-21
2025-08-07 15:09:31,651 - __main__ - INFO - Fetching data for period: 2025-07-22
2025-08-07 15:09:31,877 - __main__ - INFO - Fetching data for period: 2025-07-23
2025-08-07 15:09:32,034 - __main__ - INFO - Fetching data for period: 2025-07-24
2025-08-07 15:09:32,214 - __main__ - INFO - Fetching data for period: 2025-07-25
2025-08-07 15:09:32,390 - __main__ - INFO - Fetching data for period: 2025-07-26
2025-08-07 15:09:32,560 - __main__ - INFO - Fetching data for period: 2025-07-27
2025-08-07 15:09:32,704 - __main__ - INFO - Fetching data for period: 2025-07-28
2025-08-07 15:09:32,861 - __main__ - INFO - Fetching data for period: 2025-07-29
2025-08-07 15:09:33,016 - __main__ - INFO - Fetching data for period: 2025-07-30
2025-08-07 15:09:33,192 - __main__ - INFO - Fetching data for period: 2025-07-31
2025-08-07 15:09:33,338 - __main__ - INFO - Fetching data for period: 2025-08-01
2025-08-07 15:09:33,523 - __main__ - INFO - Fetching data for period: 2025-08-02
2025-08-07 15:09:33,683 - __main__ - INFO - Fetching data for period: 2025-08-03
2025-08-07 15:09:33,853 - __main__ - INFO - Fetching data for period: 2025-08-04
2025-08-07 15:09:34,035 - __main__ - INFO - Fetching data for period: 2025-08-05
2025-08-07 15:09:34,133 - __main__ - INFO - Fetching data for period: 2025-08-06
2025-08-07 15:09:34,223 - __main__ - INFO - Fetching data for period: 2025-08-07
2025-08-07 15:09:57,780 - __main__ - INFO - Fetching data for period: 2024-01-01
2025-08-07 15:09:58,268 - __main__ - INFO - Fetching data for period: 2024-01-02
2025-08-07 15:09:58,716 - __main__ - INFO - Fetching data for period: 2024-01-03
2025-08-07 15:09:59,191 - __main__ - INFO - Fetching data for period: 2024-01-04
2025-08-07 15:09:59,726 - __main__ - INFO - Fetching data for period: 2024-01-05
2025-08-07 15:10:00,293 - __main__ - INFO - Fetching data for period: 2024-01-06
2025-08-07 15:10:01,312 - __main__ - INFO - Fetching data for period: 2024-01-07
2025-08-07 15:10:01,786 - __main__ - INFO - Fetching data for period: 2024-01-08
2025-08-07 15:10:02,277 - __main__ - INFO - Fetching data for period: 2024-01-09
2025-08-07 15:10:02,781 - __main__ - INFO - Fetching data for period: 2024-01-10
2025-08-07 15:10:03,317 - __main__ - INFO - Fetching data for period: 2024-01-11
2025-08-07 15:10:03,882 - __main__ - INFO - Fetching data for period: 2024-01-12
2025-08-07 15:10:04,394 - __main__ - INFO - Fetching data for period: 2024-01-13
2025-08-07 15:10:04,872 - __main__ - INFO - Fetching data for period: 2024-01-14
2025-08-07 15:10:05,367 - __main__ - INFO - Fetching data for period: 2024-01-15
2025-08-07 15:10:05,853 - __main__ - INFO - Fetching data for period: 2024-01-16
2025-08-07 15:10:06,328 - __main__ - INFO - Fetching data for period: 2024-01-17
2025-08-07 15:10:06,906 - __main__ - INFO - Fetching data for period: 2024-01-18
2025-08-07 15:10:07,360 - __main__ - INFO - Fetching data for period: 2024-01-19
2025-08-07 15:10:07,898 - __main__ - INFO - Fetching data for period: 2024-01-20
2025-08-07 15:10:08,351 - __main__ - INFO - Fetching data for period: 2024-01-21
2025-08-07 15:10:08,846 - __main__ - INFO - Fetching data for period: 2024-01-22
2025-08-07 15:10:09,412 - __main__ - INFO - Fetching data for period: 2024-01-23
2025-08-07 15:10:09,850 - __main__ - INFO - Fetching data for period: 2024-01-24
2025-08-07 15:10:10,317 - __main__ - INFO - Fetching data for period: 2024-01-25
2025-08-07 15:10:10,796 - __main__ - INFO - Fetching data for period: 2024-01-26
2025-08-07 15:10:11,233 - __main__ - INFO - Fetching data for period: 2024-01-27
2025-08-07 15:10:11,658 - __main__ - INFO - Fetching data for period: 2024-01-28
2025-08-07 15:10:12,118 - __main__ - INFO - Fetching data for period: 2024-01-29
2025-08-07 15:10:12,572 - __main__ - INFO - Fetching data for period: 2024-01-30
2025-08-07 15:10:13,025 - __main__ - INFO - Fetching data for period: 2024-01-31
2025-08-07 15:10:13,472 - __main__ - INFO - Fetching data for period: 2024-02-01
2025-08-07 15:10:13,925 - __main__ - INFO - Fetching data for period: 2024-02-02
2025-08-07 15:10:14,372 - __main__ - INFO - Fetching data for period: 2024-02-03
2025-08-07 15:10:14,850 - __main__ - INFO - Fetching data for period: 2024-02-04
2025-08-07 15:10:15,306 - __main__ - INFO - Fetching data for period: 2024-02-05
2025-08-07 15:10:15,762 - __main__ - INFO - Fetching data for period: 2024-02-06
2025-08-07 15:10:16,199 - __main__ - INFO - Fetching data for period: 2024-02-07
2025-08-07 15:10:16,648 - __main__ - INFO - Fetching data for period: 2024-02-08
2025-08-07 15:10:17,179 - __main__ - INFO - Fetching data for period: 2024-02-09
2025-08-07 15:10:17,624 - __main__ - INFO - Fetching data for period: 2024-02-10
2025-08-07 15:10:18,069 - __main__ - INFO - Fetching data for period: 2024-02-11
2025-08-07 15:10:18,539 - __main__ - INFO - Fetching data for period: 2024-02-12
2025-08-07 15:10:19,026 - __main__ - INFO - Fetching data for period: 2024-02-13
2025-08-07 15:10:19,487 - __main__ - INFO - Fetching data for period: 2024-02-14
2025-08-07 15:10:19,922 - __main__ - INFO - Fetching data for period: 2024-02-15
2025-08-07 15:10:20,461 - __main__ - INFO - Fetching data for period: 2024-02-16
2025-08-07 15:10:20,943 - __main__ - INFO - Fetching data for period: 2024-02-17
2025-08-07 15:10:21,503 - __main__ - INFO - Fetching data for period: 2024-02-18
2025-08-07 15:10:21,979 - __main__ - INFO - Fetching data for period: 2024-02-19
2025-08-07 15:10:22,443 - __main__ - INFO - Fetching data for period: 2024-02-20
2025-08-07 15:10:22,993 - __main__ - INFO - Fetching data for period: 2024-02-21
2025-08-07 15:10:23,443 - __main__ - INFO - Fetching data for period: 2024-02-22
2025-08-07 15:10:23,946 - __main__ - INFO - Fetching data for period: 2024-02-23
2025-08-07 15:10:24,378 - __main__ - INFO - Fetching data for period: 2024-02-24
2025-08-07 15:10:24,813 - __main__ - INFO - Fetching data for period: 2024-02-25
2025-08-07 15:10:25,249 - __main__ - INFO - Fetching data for period: 2024-02-26
2025-08-07 15:10:25,704 - __main__ - INFO - Fetching data for period: 2024-02-27
2025-08-07 15:10:26,199 - __main__ - INFO - Fetching data for period: 2024-02-28
2025-08-07 15:10:26,696 - __main__ - INFO - Fetching data for period: 2024-02-29
2025-08-07 15:10:27,184 - __main__ - INFO - Fetching data for period: 2024-03-01
2025-08-07 15:10:27,821 - __main__ - INFO - Fetching data for period: 2024-03-02
2025-08-07 15:10:28,300 - __main__ - INFO - Fetching data for period: 2024-03-03
2025-08-07 15:10:28,723 - __main__ - INFO - Fetching data for period: 2024-03-04
2025-08-07 15:10:29,203 - __main__ - INFO - Fetching data for period: 2024-03-05
2025-08-07 15:10:29,721 - __main__ - INFO - Fetching data for period: 2024-03-06
2025-08-07 15:10:30,213 - __main__ - INFO - Fetching data for period: 2024-03-07
2025-08-07 15:10:30,672 - __main__ - INFO - Fetching data for period: 2024-03-08
2025-08-07 15:10:31,134 - __main__ - INFO - Fetching data for period: 2024-03-09
2025-08-07 15:10:31,577 - __main__ - INFO - Fetching data for period: 2024-03-10
2025-08-07 15:10:32,108 - __main__ - INFO - Fetching data for period: 2024-03-11
2025-08-07 15:10:32,776 - __main__ - INFO - Fetching data for period: 2024-03-12
2025-08-07 15:10:33,197 - __main__ - INFO - Fetching data for period: 2024-03-13
2025-08-07 15:10:33,664 - __main__ - INFO - Fetching data for period: 2024-03-14
2025-08-07 15:10:34,061 - __main__ - INFO - Fetching data for period: 2024-03-15
2025-08-07 15:10:34,466 - __main__ - INFO - Fetching data for period: 2024-03-16
2025-08-07 15:10:34,861 - __main__ - INFO - Fetching data for period: 2024-03-17
2025-08-07 15:10:35,240 - __main__ - INFO - Fetching data for period: 2024-03-18
2025-08-07 15:10:35,641 - __main__ - INFO - Fetching data for period: 2024-03-19
2025-08-07 15:10:36,012 - __main__ - INFO - Fetching data for period: 2024-03-20
2025-08-07 15:10:36,420 - __main__ - INFO - Fetching data for period: 2024-03-21
2025-08-07 15:10:36,843 - __main__ - INFO - Fetching data for period: 2024-03-22
2025-08-07 15:10:37,218 - __main__ - INFO - Fetching data for period: 2024-03-23
2025-08-07 15:10:37,607 - __main__ - INFO - Fetching data for period: 2024-03-24
2025-08-07 15:10:38,002 - __main__ - INFO - Fetching data for period: 2024-03-25
2025-08-07 15:10:38,414 - __main__ - INFO - Fetching data for period: 2024-03-26
2025-08-07 15:10:38,823 - __main__ - INFO - Fetching data for period: 2024-03-27
2025-08-07 15:10:39,311 - __main__ - INFO - Fetching data for period: 2024-03-28
2025-08-07 15:10:39,667 - __main__ - INFO - Fetching data for period: 2024-03-29
2025-08-07 15:10:40,033 - __main__ - INFO - Fetching data for period: 2024-03-30
2025-08-07 15:10:40,422 - __main__ - INFO - Fetching data for period: 2024-03-31
2025-08-07 15:10:40,818 - __main__ - INFO - Fetching data for period: 2024-04-01
2025-08-07 15:10:41,273 - __main__ - INFO - Fetching data for period: 2024-04-02
2025-08-07 15:10:41,679 - __main__ - INFO - Fetching data for period: 2024-04-03
2025-08-07 15:10:42,071 - __main__ - INFO - Fetching data for period: 2024-04-04
2025-08-07 15:10:42,465 - __main__ - INFO - Fetching data for period: 2024-04-05
2025-08-07 15:10:42,868 - __main__ - INFO - Fetching data for period: 2024-04-06
2025-08-07 15:10:43,361 - __main__ - INFO - Fetching data for period: 2024-04-07
2025-08-07 15:10:43,770 - __main__ - INFO - Fetching data for period: 2024-04-08
2025-08-07 15:10:44,175 - __main__ - INFO - Fetching data for period: 2024-04-09
2025-08-07 15:10:44,597 - __main__ - INFO - Fetching data for period: 2024-04-10
2025-08-07 15:10:44,991 - __main__ - INFO - Fetching data for period: 2024-04-11
2025-08-07 15:10:45,373 - __main__ - INFO - Fetching data for period: 2024-04-12
2025-08-07 15:10:45,826 - __main__ - INFO - Fetching data for period: 2024-04-13
2025-08-07 15:10:46,201 - __main__ - INFO - Fetching data for period: 2024-04-14
2025-08-07 15:10:46,735 - __main__ - INFO - Fetching data for period: 2024-04-15
2025-08-07 15:10:47,127 - __main__ - INFO - Fetching data for period: 2024-04-16
2025-08-07 15:10:47,523 - __main__ - INFO - Fetching data for period: 2024-04-17
2025-08-07 15:10:47,936 - __main__ - INFO - Fetching data for period: 2024-04-18
2025-08-07 15:10:48,330 - __main__ - INFO - Fetching data for period: 2024-04-19
2025-08-07 15:10:48,734 - __main__ - INFO - Fetching data for period: 2024-04-20
2025-08-07 15:10:49,170 - __main__ - INFO - Fetching data for period: 2024-04-21
2025-08-07 15:10:49,557 - __main__ - INFO - Fetching data for period: 2024-04-22
2025-08-07 15:10:49,941 - __main__ - INFO - Fetching data for period: 2024-04-23
2025-08-07 15:10:50,349 - __main__ - INFO - Fetching data for period: 2024-04-24
2025-08-07 15:10:50,715 - __main__ - INFO - Fetching data for period: 2024-04-25
2025-08-07 15:10:51,079 - __main__ - INFO - Fetching data for period: 2024-04-26
2025-08-07 15:10:51,463 - __main__ - INFO - Fetching data for period: 2024-04-27
2025-08-07 15:10:51,873 - __main__ - INFO - Fetching data for period: 2024-04-28
2025-08-07 15:10:52,299 - __main__ - INFO - Fetching data for period: 2024-04-29
2025-08-07 15:10:52,703 - __main__ - INFO - Fetching data for period: 2024-04-30
2025-08-07 15:10:53,126 - __main__ - INFO - Fetching data for period: 2024-05-01
2025-08-07 15:10:53,520 - __main__ - INFO - Fetching data for period: 2024-05-02
2025-08-07 15:10:53,880 - __main__ - INFO - Fetching data for period: 2024-05-03
2025-08-07 15:10:54,233 - __main__ - INFO - Fetching data for period: 2024-05-04
2025-08-07 15:10:54,658 - __main__ - INFO - Fetching data for period: 2024-05-05
2025-08-07 15:10:55,117 - __main__ - INFO - Fetching data for period: 2024-05-06
2025-08-07 15:10:55,532 - __main__ - INFO - Fetching data for period: 2024-05-07
2025-08-07 15:10:55,911 - __main__ - INFO - Fetching data for period: 2024-05-08
2025-08-07 15:10:56,374 - __main__ - INFO - Fetching data for period: 2024-05-09
2025-08-07 15:10:56,892 - __main__ - INFO - Fetching data for period: 2024-05-10
2025-08-07 15:10:57,467 - __main__ - INFO - Fetching data for period: 2024-05-11
2025-08-07 15:10:57,984 - __main__ - INFO - Fetching data for period: 2024-05-12
2025-08-07 15:10:58,483 - __main__ - INFO - Fetching data for period: 2024-05-13
2025-08-07 15:10:59,033 - __main__ - INFO - Fetching data for period: 2024-05-14
2025-08-07 15:10:59,820 - __main__ - INFO - Fetching data for period: 2024-05-15
2025-08-07 15:11:00,664 - __main__ - INFO - Fetching data for period: 2024-05-16
2025-08-07 15:11:01,311 - __main__ - INFO - Fetching data for period: 2024-05-17
2025-08-07 15:11:01,869 - __main__ - INFO - Fetching data for period: 2024-05-18
2025-08-07 15:11:02,346 - __main__ - INFO - Fetching data for period: 2024-05-19
2025-08-07 15:11:02,956 - __main__ - INFO - Fetching data for period: 2024-05-20
2025-08-07 15:11:03,768 - __main__ - INFO - Fetching data for period: 2024-05-21
2025-08-07 15:11:04,177 - __main__ - INFO - Fetching data for period: 2024-05-22
2025-08-07 15:11:04,597 - __main__ - INFO - Fetching data for period: 2024-05-23
2025-08-07 15:11:04,983 - __main__ - INFO - Fetching data for period: 2024-05-24
2025-08-07 15:11:05,356 - __main__ - INFO - Fetching data for period: 2024-05-25
2025-08-07 15:11:05,791 - __main__ - INFO - Fetching data for period: 2024-05-26
2025-08-07 15:11:06,245 - __main__ - INFO - Fetching data for period: 2024-05-27
2025-08-07 15:11:06,691 - __main__ - INFO - Fetching data for period: 2024-05-28
2025-08-07 15:11:07,167 - __main__ - INFO - Fetching data for period: 2024-05-29
2025-08-07 15:11:07,628 - __main__ - INFO - Fetching data for period: 2024-05-30
2025-08-07 15:11:08,075 - __main__ - INFO - Fetching data for period: 2024-05-31
2025-08-07 15:11:08,459 - __main__ - INFO - Fetching data for period: 2024-06-01
2025-08-07 15:11:08,853 - __main__ - INFO - Fetching data for period: 2024-06-02
2025-08-07 15:11:09,257 - __main__ - INFO - Fetching data for period: 2024-06-03
2025-08-07 15:11:09,683 - __main__ - INFO - Fetching data for period: 2024-06-04
2025-08-07 15:11:10,126 - __main__ - INFO - Fetching data for period: 2024-06-05
2025-08-07 15:11:10,606 - __main__ - INFO - Fetching data for period: 2024-06-06
2025-08-07 15:11:11,028 - __main__ - INFO - Fetching data for period: 2024-06-07
2025-08-07 15:11:11,460 - __main__ - INFO - Fetching data for period: 2024-06-08
2025-08-07 15:11:11,840 - __main__ - INFO - Fetching data for period: 2024-06-09
2025-08-07 15:11:12,246 - __main__ - INFO - Fetching data for period: 2024-06-10
2025-08-07 15:11:12,688 - __main__ - INFO - Fetching data for period: 2024-06-11
2025-08-07 15:11:13,097 - __main__ - INFO - Fetching data for period: 2024-06-12
2025-08-07 15:11:13,566 - __main__ - INFO - Fetching data for period: 2024-06-13
2025-08-07 15:11:13,976 - __main__ - INFO - Fetching data for period: 2024-06-14
2025-08-07 15:11:14,469 - __main__ - INFO - Fetching data for period: 2024-06-15
2025-08-07 15:11:14,834 - __main__ - INFO - Fetching data for period: 2024-06-16
2025-08-07 15:11:15,255 - __main__ - INFO - Fetching data for period: 2024-06-17
2025-08-07 15:11:15,743 - __main__ - INFO - Fetching data for period: 2024-06-18
2025-08-07 15:11:16,171 - __main__ - INFO - Fetching data for period: 2024-06-19
2025-08-07 15:11:16,619 - __main__ - INFO - Fetching data for period: 2024-06-20
2025-08-07 15:11:17,019 - __main__ - INFO - Fetching data for period: 2024-06-21
2025-08-07 15:11:17,413 - __main__ - INFO - Fetching data for period: 2024-06-22
2025-08-07 15:11:17,830 - __main__ - INFO - Fetching data for period: 2024-06-23
2025-08-07 15:11:18,196 - __main__ - INFO - Fetching data for period: 2024-06-24
2025-08-07 15:11:18,602 - __main__ - INFO - Fetching data for period: 2024-06-25
2025-08-07 15:11:18,981 - __main__ - INFO - Fetching data for period: 2024-06-26
2025-08-07 15:11:19,427 - __main__ - INFO - Fetching data for period: 2024-06-27
2025-08-07 15:11:19,795 - __main__ - INFO - Fetching data for period: 2024-06-28
2025-08-07 15:11:20,184 - __main__ - INFO - Fetching data for period: 2024-06-29
2025-08-07 15:11:20,564 - __main__ - INFO - Fetching data for period: 2024-06-30
2025-08-07 15:11:20,945 - __main__ - INFO - Fetching data for period: 2024-07-01
2025-08-07 15:11:21,349 - __main__ - INFO - Fetching data for period: 2024-07-02
2025-08-07 15:11:21,854 - __main__ - INFO - Fetching data for period: 2024-07-03
2025-08-07 15:11:22,279 - __main__ - INFO - Fetching data for period: 2024-07-04
2025-08-07 15:11:22,693 - __main__ - INFO - Fetching data for period: 2024-07-05
2025-08-07 15:11:23,111 - __main__ - INFO - Fetching data for period: 2024-07-06
2025-08-07 15:11:23,456 - __main__ - INFO - Fetching data for period: 2024-07-07
2025-08-07 15:11:23,939 - __main__ - INFO - Fetching data for period: 2024-07-08
2025-08-07 15:11:24,340 - __main__ - INFO - Fetching data for period: 2024-07-09
2025-08-07 15:11:24,718 - __main__ - INFO - Fetching data for period: 2024-07-10
2025-08-07 15:11:25,103 - __main__ - INFO - Fetching data for period: 2024-07-11
2025-08-07 15:11:25,482 - __main__ - INFO - Fetching data for period: 2024-07-12
2025-08-07 15:11:25,902 - __main__ - INFO - Fetching data for period: 2024-07-13
2025-08-07 15:11:26,273 - __main__ - INFO - Fetching data for period: 2024-07-14
2025-08-07 15:11:26,695 - __main__ - INFO - Fetching data for period: 2024-07-15
2025-08-07 15:11:27,072 - __main__ - INFO - Fetching data for period: 2024-07-16
2025-08-07 15:11:27,505 - __main__ - INFO - Fetching data for period: 2024-07-17
2025-08-07 15:11:27,892 - __main__ - INFO - Fetching data for period: 2024-07-18
2025-08-07 15:11:28,281 - __main__ - INFO - Fetching data for period: 2024-07-19
2025-08-07 15:11:28,647 - __main__ - INFO - Fetching data for period: 2024-07-20
2025-08-07 15:11:29,094 - __main__ - INFO - Fetching data for period: 2024-07-21
2025-08-07 15:11:29,472 - __main__ - INFO - Fetching data for period: 2024-07-22
2025-08-07 15:11:29,847 - __main__ - INFO - Fetching data for period: 2024-07-23
2025-08-07 15:11:30,225 - __main__ - INFO - Fetching data for period: 2024-07-24
2025-08-07 15:11:30,591 - __main__ - INFO - Fetching data for period: 2024-07-25
2025-08-07 15:11:31,039 - __main__ - INFO - Fetching data for period: 2024-07-26
2025-08-07 15:11:31,413 - __main__ - INFO - Fetching data for period: 2024-07-27
2025-08-07 15:11:31,873 - __main__ - INFO - Fetching data for period: 2024-07-28
2025-08-07 15:11:32,218 - __main__ - INFO - Fetching data for period: 2024-07-29
2025-08-07 15:11:32,583 - __main__ - INFO - Fetching data for period: 2024-07-30
2025-08-07 15:11:33,011 - __main__ - INFO - Fetching data for period: 2024-07-31
2025-08-07 15:11:33,402 - __main__ - INFO - Fetching data for period: 2024-08-01
2025-08-07 15:11:33,823 - __main__ - INFO - Fetching data for period: 2024-08-02
2025-08-07 15:11:34,241 - __main__ - INFO - Fetching data for period: 2024-08-03
2025-08-07 15:11:34,622 - __main__ - INFO - Fetching data for period: 2024-08-04
2025-08-07 15:11:35,023 - __main__ - INFO - Fetching data for period: 2024-08-05
2025-08-07 15:11:35,407 - __main__ - INFO - Fetching data for period: 2024-08-06
2025-08-07 15:11:35,792 - __main__ - INFO - Fetching data for period: 2024-08-07
2025-08-07 15:11:36,167 - __main__ - INFO - Fetching data for period: 2024-08-08
2025-08-07 15:11:36,616 - __main__ - INFO - Fetching data for period: 2024-08-09
2025-08-07 15:11:36,996 - __main__ - INFO - Fetching data for period: 2024-08-10
2025-08-07 15:11:37,381 - __main__ - INFO - Fetching data for period: 2024-08-11
2025-08-07 15:11:37,759 - __main__ - INFO - Fetching data for period: 2024-08-12
2025-08-07 15:11:38,108 - __main__ - INFO - Fetching data for period: 2024-08-13
2025-08-07 15:11:38,479 - __main__ - INFO - Fetching data for period: 2024-08-14
2025-08-07 15:11:38,825 - __main__ - INFO - Fetching data for period: 2024-08-15
2025-08-07 15:11:39,208 - __main__ - INFO - Fetching data for period: 2024-08-16
2025-08-07 15:11:39,601 - __main__ - INFO - Fetching data for period: 2024-08-17
2025-08-07 15:11:39,977 - __main__ - INFO - Fetching data for period: 2024-08-18
2025-08-07 15:11:40,359 - __main__ - INFO - Fetching data for period: 2024-08-19
2025-08-07 15:11:40,792 - __main__ - INFO - Fetching data for period: 2024-08-20
2025-08-07 15:11:41,190 - __main__ - INFO - Fetching data for period: 2024-08-21
2025-08-07 15:11:41,589 - __main__ - INFO - Fetching data for period: 2024-08-22
2025-08-07 15:11:41,961 - __main__ - INFO - Fetching data for period: 2024-08-23
2025-08-07 15:11:42,336 - __main__ - INFO - Fetching data for period: 2024-08-24
2025-08-07 15:11:42,716 - __main__ - INFO - Fetching data for period: 2024-08-25
2025-08-07 15:11:43,153 - __main__ - INFO - Fetching data for period: 2024-08-26
2025-08-07 15:11:43,527 - __main__ - INFO - Fetching data for period: 2024-08-27
2025-08-07 15:11:43,988 - __main__ - INFO - Fetching data for period: 2024-08-28
2025-08-07 15:11:44,422 - __main__ - INFO - Fetching data for period: 2024-08-29
2025-08-07 15:11:44,818 - __main__ - INFO - Fetching data for period: 2024-08-30
2025-08-07 15:11:45,200 - __main__ - INFO - Fetching data for period: 2024-08-31
2025-08-07 15:11:45,559 - __main__ - INFO - Fetching data for period: 2024-09-01
2025-08-07 15:11:45,934 - __main__ - INFO - Fetching data for period: 2024-09-02
2025-08-07 15:11:46,532 - __main__ - INFO - Fetching data for period: 2024-09-03
2025-08-07 15:11:46,890 - __main__ - INFO - Fetching data for period: 2024-09-04
2025-08-07 15:11:47,295 - __main__ - INFO - Fetching data for period: 2024-09-05
2025-08-07 15:11:47,724 - __main__ - INFO - Fetching data for period: 2024-09-06
2025-08-07 15:11:48,136 - __main__ - INFO - Fetching data for period: 2024-09-07
2025-08-07 15:11:48,545 - __main__ - INFO - Fetching data for period: 2024-09-08
2025-08-07 15:11:48,971 - __main__ - INFO - Fetching data for period: 2024-09-09
2025-08-07 15:11:49,369 - __main__ - INFO - Fetching data for period: 2024-09-10
2025-08-07 15:11:49,775 - __main__ - INFO - Fetching data for period: 2024-09-11
2025-08-07 15:11:50,164 - __main__ - INFO - Fetching data for period: 2024-09-12
2025-08-07 15:11:50,526 - __main__ - INFO - Fetching data for period: 2024-09-13
2025-08-07 15:11:50,902 - __main__ - INFO - Fetching data for period: 2024-09-14
2025-08-07 15:11:51,267 - __main__ - INFO - Fetching data for period: 2024-09-15
2025-08-07 15:11:51,638 - __main__ - INFO - Fetching data for period: 2024-09-16
2025-08-07 15:11:52,071 - __main__ - INFO - Fetching data for period: 2024-09-17
2025-08-07 15:11:52,523 - __main__ - INFO - Fetching data for period: 2024-09-18
2025-08-07 15:11:53,037 - __main__ - INFO - Fetching data for period: 2024-09-19
2025-08-07 15:11:53,456 - __main__ - INFO - Fetching data for period: 2024-09-20
2025-08-07 15:11:53,856 - __main__ - INFO - Fetching data for period: 2024-09-21
2025-08-07 15:11:54,219 - __main__ - INFO - Fetching data for period: 2024-09-22
2025-08-07 15:11:54,619 - __main__ - INFO - Fetching data for period: 2024-09-23
2025-08-07 15:11:55,010 - __main__ - INFO - Fetching data for period: 2024-09-24
2025-08-07 15:11:55,415 - __main__ - INFO - Fetching data for period: 2024-09-25
2025-08-07 15:11:55,776 - __main__ - INFO - Fetching data for period: 2024-09-26
2025-08-07 15:11:56,198 - __main__ - INFO - Fetching data for period: 2024-09-27
2025-08-07 15:11:56,596 - __main__ - INFO - Fetching data for period: 2024-09-28
2025-08-07 15:11:56,971 - __main__ - INFO - Fetching data for period: 2024-09-29
2025-08-07 15:11:57,387 - __main__ - INFO - Fetching data for period: 2024-09-30
2025-08-07 15:11:57,791 - __main__ - INFO - Fetching data for period: 2024-10-01
2025-08-07 15:11:58,164 - __main__ - INFO - Fetching data for period: 2024-10-02
2025-08-07 15:11:58,853 - __main__ - INFO - Fetching data for period: 2024-10-03
2025-08-07 15:11:59,239 - __main__ - INFO - Fetching data for period: 2024-10-04
2025-08-07 15:11:59,656 - __main__ - INFO - Fetching data for period: 2024-10-05
2025-08-07 15:12:00,190 - __main__ - INFO - Fetching data for period: 2024-10-06
2025-08-07 15:12:00,614 - __main__ - INFO - Fetching data for period: 2024-10-07
2025-08-07 15:12:01,507 - __main__ - INFO - Fetching data for period: 2024-10-08
2025-08-07 15:12:01,923 - __main__ - INFO - Fetching data for period: 2024-10-09
2025-08-07 15:12:02,338 - __main__ - INFO - Fetching data for period: 2024-10-10
2025-08-07 15:12:02,763 - __main__ - INFO - Fetching data for period: 2024-10-11
2025-08-07 15:12:03,165 - __main__ - INFO - Fetching data for period: 2024-10-12
2025-08-07 15:12:03,570 - __main__ - INFO - Fetching data for period: 2024-10-13
2025-08-07 15:12:03,948 - __main__ - INFO - Fetching data for period: 2024-10-14
2025-08-07 15:12:04,373 - __main__ - INFO - Fetching data for period: 2024-10-15
2025-08-07 15:12:04,739 - __main__ - INFO - Fetching data for period: 2024-10-16
2025-08-07 15:12:05,164 - __main__ - INFO - Fetching data for period: 2024-10-17
2025-08-07 15:12:05,583 - __main__ - INFO - Fetching data for period: 2024-10-18
2025-08-07 15:12:06,056 - __main__ - INFO - Fetching data for period: 2024-10-19
2025-08-07 15:12:06,461 - __main__ - INFO - Fetching data for period: 2024-10-20
2025-08-07 15:12:06,950 - __main__ - INFO - Fetching data for period: 2024-10-21
2025-08-07 15:12:07,345 - __main__ - INFO - Fetching data for period: 2024-10-22
2025-08-07 15:12:07,779 - __main__ - INFO - Fetching data for period: 2024-10-23
2025-08-07 15:12:08,162 - __main__ - INFO - Fetching data for period: 2024-10-24
2025-08-07 15:12:08,546 - __main__ - INFO - Fetching data for period: 2024-10-25
2025-08-07 15:12:08,918 - __main__ - INFO - Fetching data for period: 2024-10-26
2025-08-07 15:12:09,299 - __main__ - INFO - Fetching data for period: 2024-10-27
2025-08-07 15:12:09,736 - __main__ - INFO - Fetching data for period: 2024-10-28
2025-08-07 15:12:10,134 - __main__ - INFO - Fetching data for period: 2024-10-29
2025-08-07 15:12:10,540 - __main__ - INFO - Fetching data for period: 2024-10-30
2025-08-07 15:12:10,929 - __main__ - INFO - Fetching data for period: 2024-10-31
2025-08-07 15:12:11,315 - __main__ - INFO - Fetching data for period: 2024-11-01
2025-08-07 15:12:11,703 - __main__ - INFO - Fetching data for period: 2024-11-02
2025-08-07 15:12:12,104 - __main__ - INFO - Fetching data for period: 2024-11-03
2025-08-07 15:12:12,486 - __main__ - INFO - Fetching data for period: 2024-11-04
2025-08-07 15:12:12,910 - __main__ - INFO - Fetching data for period: 2024-11-05
2025-08-07 15:12:13,338 - __main__ - INFO - Fetching data for period: 2024-11-06
2025-08-07 15:12:13,780 - __main__ - INFO - Fetching data for period: 2024-11-07
2025-08-07 15:12:14,230 - __main__ - INFO - Fetching data for period: 2024-11-08
2025-08-07 15:12:14,661 - __main__ - INFO - Fetching data for period: 2024-11-09
2025-08-07 15:12:15,056 - __main__ - INFO - Fetching data for period: 2024-11-10
2025-08-07 15:12:15,500 - __main__ - INFO - Fetching data for period: 2024-11-11
2025-08-07 15:12:15,866 - __main__ - INFO - Fetching data for period: 2024-11-12
2025-08-07 15:12:16,364 - __main__ - INFO - Fetching data for period: 2024-11-13
2025-08-07 15:12:16,786 - __main__ - INFO - Fetching data for period: 2024-11-14
2025-08-07 15:12:17,413 - __main__ - INFO - Fetching data for period: 2024-11-15
2025-08-07 15:12:18,088 - __main__ - INFO - Fetching data for period: 2024-11-16
2025-08-07 15:12:18,644 - __main__ - INFO - Fetching data for period: 2024-11-17
2025-08-07 15:12:19,109 - __main__ - INFO - Fetching data for period: 2024-11-18
2025-08-07 15:12:19,585 - __main__ - INFO - Fetching data for period: 2024-11-19
2025-08-07 15:12:20,056 - __main__ - INFO - Fetching data for period: 2024-11-20
2025-08-07 15:12:20,579 - __main__ - INFO - Fetching data for period: 2024-11-21
2025-08-07 15:12:21,038 - __main__ - INFO - Fetching data for period: 2024-11-22
2025-08-07 15:12:21,507 - __main__ - INFO - Fetching data for period: 2024-11-23
2025-08-07 15:12:22,050 - __main__ - INFO - Fetching data for period: 2024-11-24
2025-08-07 15:12:22,549 - __main__ - INFO - Fetching data for period: 2024-11-25
2025-08-07 15:12:23,035 - __main__ - INFO - Fetching data for period: 2024-11-26
2025-08-07 15:12:23,505 - __main__ - INFO - Fetching data for period: 2024-11-27
2025-08-07 15:12:23,954 - __main__ - INFO - Fetching data for period: 2024-11-28
2025-08-07 15:12:24,417 - __main__ - INFO - Fetching data for period: 2024-11-29
2025-08-07 15:12:24,897 - __main__ - INFO - Fetching data for period: 2024-11-30
2025-08-07 15:12:25,369 - __main__ - INFO - Fetching data for period: 2024-12-01
2025-08-07 15:12:25,857 - __main__ - INFO - Fetching data for period: 2024-12-02
2025-08-07 15:12:26,306 - __main__ - INFO - Fetching data for period: 2024-12-03
2025-08-07 15:12:26,740 - __main__ - INFO - Fetching data for period: 2024-12-04
2025-08-07 15:12:27,182 - __main__ - INFO - Fetching data for period: 2024-12-05
2025-08-07 15:12:27,663 - __main__ - INFO - Fetching data for period: 2024-12-06
2025-08-07 15:12:28,204 - __main__ - INFO - Fetching data for period: 2024-12-07
2025-08-07 15:12:28,657 - __main__ - INFO - Fetching data for period: 2024-12-08
2025-08-07 15:12:29,123 - __main__ - INFO - Fetching data for period: 2024-12-09
2025-08-07 15:12:29,563 - __main__ - INFO - Fetching data for period: 2024-12-10
2025-08-07 15:12:30,079 - __main__ - INFO - Fetching data for period: 2024-12-11
2025-08-07 15:12:30,620 - __main__ - INFO - Fetching data for period: 2024-12-12
2025-08-07 15:12:31,269 - __main__ - INFO - Fetching data for period: 2024-12-13
2025-08-07 15:12:31,761 - __main__ - INFO - Fetching data for period: 2024-12-14
2025-08-07 15:12:32,279 - __main__ - INFO - Fetching data for period: 2024-12-15
2025-08-07 15:12:32,805 - __main__ - INFO - Fetching data for period: 2024-12-16
2025-08-07 15:12:33,406 - __main__ - INFO - Fetching data for period: 2024-12-17
2025-08-07 15:12:33,852 - __main__ - INFO - Fetching data for period: 2024-12-18
2025-08-07 15:12:34,313 - __main__ - INFO - Fetching data for period: 2024-12-19
2025-08-07 15:12:34,784 - __main__ - INFO - Fetching data for period: 2024-12-20
2025-08-07 15:12:35,325 - __main__ - INFO - Fetching data for period: 2024-12-21
2025-08-07 15:12:35,796 - __main__ - INFO - Fetching data for period: 2024-12-22
2025-08-07 15:12:36,269 - __main__ - INFO - Fetching data for period: 2024-12-23
2025-08-07 15:12:36,765 - __main__ - INFO - Fetching data for period: 2024-12-24
2025-08-07 15:12:37,250 - __main__ - INFO - Fetching data for period: 2024-12-25
2025-08-07 15:12:37,746 - __main__ - INFO - Fetching data for period: 2024-12-26
2025-08-07 15:12:38,204 - __main__ - INFO - Fetching data for period: 2024-12-27
2025-08-07 15:12:38,653 - __main__ - INFO - Fetching data for period: 2024-12-28
2025-08-07 15:12:39,100 - __main__ - INFO - Fetching data for period: 2024-12-29
2025-08-07 15:12:39,551 - __main__ - INFO - Fetching data for period: 2024-12-30
2025-08-07 15:12:40,003 - __main__ - INFO - Fetching data for period: 2024-12-31
2025-08-07 15:12:40,529 - __main__ - INFO - Fetching data for period: 2025-01-01
2025-08-07 15:12:41,024 - __main__ - INFO - Fetching data for period: 2025-01-02
2025-08-07 15:12:41,483 - __main__ - INFO - Fetching data for period: 2025-01-03
2025-08-07 15:12:41,973 - __main__ - INFO - Fetching data for period: 2025-01-04
2025-08-07 15:12:42,443 - __main__ - INFO - Fetching data for period: 2025-01-05
2025-08-07 15:12:42,892 - __main__ - INFO - Fetching data for period: 2025-01-06
2025-08-07 15:12:43,343 - __main__ - INFO - Fetching data for period: 2025-01-07
2025-08-07 15:12:43,788 - __main__ - INFO - Fetching data for period: 2025-01-08
2025-08-07 15:12:44,248 - __main__ - INFO - Fetching data for period: 2025-01-09
2025-08-07 15:12:44,790 - __main__ - INFO - Fetching data for period: 2025-01-10
2025-08-07 15:12:45,270 - __main__ - INFO - Fetching data for period: 2025-01-11
2025-08-07 15:12:45,735 - __main__ - INFO - Fetching data for period: 2025-01-12
2025-08-07 15:12:46,176 - __main__ - INFO - Fetching data for period: 2025-01-13
2025-08-07 15:12:46,649 - __main__ - INFO - Fetching data for period: 2025-01-14
2025-08-07 15:12:46,750 - __main__ - ERROR - Unexpected error during data processing: "None of [Index(['date', 'charged', 'drained'], dtype='object')] are in the [columns]"
Traceback (most recent call last):
  File "c:\Users\rfo7799\Desktop\Git\HealthData\data_pre_processing.py", line 174, in preprocessing_garmin_data
    bb_df = bb_df[['date','charged','drained']]
            ~~~~~^^^^^^^^^^^^^^^^^^^^^^^^^^^^^^
  File "C:\Users\rfo7799\AppData\Local\Programs\Python\Python311\Lib\site-packages\pandas\core\frame.py", line 3767, in __getitem__
    indexer = self.columns._get_indexer_strict(key, "columns")[1]
              ^^^^^^^^^^^^^^^^^^^^^^^^^^^^^^^^^^^^^^^^^^^^^^^^
  File "C:\Users\rfo7799\AppData\Local\Programs\Python\Python311\Lib\site-packages\pandas\core\indexes\base.py", line 5877, in _get_indexer_strict
    self._raise_if_missing(keyarr, indexer, axis_name)
  File "C:\Users\rfo7799\AppData\Local\Programs\Python\Python311\Lib\site-packages\pandas\core\indexes\base.py", line 5938, in _raise_if_missing
    raise KeyError(f"None of [{key}] are in the [{axis_name}]")
KeyError: "None of [Index(['date', 'charged', 'drained'], dtype='object')] are in the [columns]"
2025-08-07 15:12:46,796 - __main__ - INFO - Fetching data for period: 2025-01-15
2025-08-07 15:12:47,237 - __main__ - INFO - Fetching data for period: 2025-01-16
2025-08-07 15:12:47,668 - __main__ - INFO - Fetching data for period: 2025-01-17
2025-08-07 15:12:48,117 - __main__ - INFO - Fetching data for period: 2025-01-18
2025-08-07 15:12:48,596 - __main__ - INFO - Fetching data for period: 2025-01-19
2025-08-07 15:12:49,039 - __main__ - INFO - Fetching data for period: 2025-01-20
2025-08-07 15:12:49,533 - __main__ - INFO - Fetching data for period: 2025-01-21
2025-08-07 15:12:50,008 - __main__ - INFO - Fetching data for period: 2025-01-22
2025-08-07 15:12:50,461 - __main__ - INFO - Fetching data for period: 2025-01-23
2025-08-07 15:12:50,980 - __main__ - INFO - Fetching data for period: 2025-01-24
2025-08-07 15:12:51,411 - __main__ - INFO - Fetching data for period: 2025-01-25
2025-08-07 15:12:51,867 - __main__ - INFO - Fetching data for period: 2025-01-26
2025-08-07 15:12:52,329 - __main__ - INFO - Fetching data for period: 2025-01-27
2025-08-07 15:12:52,827 - __main__ - INFO - Fetching data for period: 2025-01-28
2025-08-07 15:12:53,285 - __main__ - INFO - Fetching data for period: 2025-01-29
2025-08-07 15:12:53,892 - __main__ - INFO - Fetching data for period: 2025-01-30
2025-08-07 15:12:54,345 - __main__ - INFO - Fetching data for period: 2025-01-31
2025-08-07 15:12:54,815 - __main__ - INFO - Fetching data for period: 2025-02-01
2025-08-07 15:12:58,445 - __main__ - INFO - Fetching data for period: 2025-02-02
2025-08-07 15:12:58,897 - __main__ - INFO - Fetching data for period: 2025-02-03
2025-08-07 15:12:59,361 - __main__ - INFO - Fetching data for period: 2025-02-04
2025-08-07 15:12:59,984 - __main__ - INFO - Fetching data for period: 2025-02-05
2025-08-07 15:13:00,486 - __main__ - INFO - Fetching data for period: 2025-02-06
2025-08-07 15:13:01,006 - __main__ - INFO - Fetching data for period: 2025-02-07
2025-08-07 15:13:01,499 - __main__ - INFO - Fetching data for period: 2025-02-08
2025-08-07 15:13:01,964 - __main__ - INFO - Fetching data for period: 2025-02-09
2025-08-07 15:13:02,493 - __main__ - INFO - Fetching data for period: 2025-02-10
2025-08-07 15:13:02,949 - __main__ - INFO - Fetching data for period: 2025-02-11
2025-08-07 15:13:03,467 - __main__ - INFO - Fetching data for period: 2025-02-12
2025-08-07 15:13:03,918 - __main__ - INFO - Fetching data for period: 2025-02-13
2025-08-07 15:13:04,418 - __main__ - INFO - Fetching data for period: 2025-02-14
2025-08-07 15:13:04,866 - __main__ - INFO - Fetching data for period: 2025-02-15
2025-08-07 15:13:05,319 - __main__ - INFO - Fetching data for period: 2025-02-16
2025-08-07 15:13:05,751 - __main__ - INFO - Fetching data for period: 2025-02-17
2025-08-07 15:13:06,203 - __main__ - INFO - Fetching data for period: 2025-02-18
2025-08-07 15:13:06,661 - __main__ - INFO - Fetching data for period: 2025-02-19
2025-08-07 15:13:07,217 - __main__ - INFO - Fetching data for period: 2025-02-20
2025-08-07 15:13:07,639 - __main__ - INFO - Fetching data for period: 2025-02-21
2025-08-07 15:13:08,074 - __main__ - INFO - Fetching data for period: 2025-02-22
2025-08-07 15:13:08,622 - __main__ - INFO - Fetching data for period: 2025-02-23
2025-08-07 15:13:09,057 - __main__ - INFO - Fetching data for period: 2025-02-24
2025-08-07 15:13:09,494 - __main__ - INFO - Fetching data for period: 2025-02-25
2025-08-07 15:13:09,998 - __main__ - INFO - Fetching data for period: 2025-02-26
2025-08-07 15:13:10,471 - __main__ - INFO - Fetching data for period: 2025-02-27
2025-08-07 15:13:11,003 - __main__ - INFO - Fetching data for period: 2025-02-28
2025-08-07 15:13:11,483 - __main__ - INFO - Fetching data for period: 2025-03-01
2025-08-07 15:13:11,947 - __main__ - INFO - Fetching data for period: 2025-03-02
2025-08-07 15:13:12,579 - __main__ - INFO - Fetching data for period: 2025-03-03
2025-08-07 15:13:13,040 - __main__ - INFO - Fetching data for period: 2025-03-04
2025-08-07 15:13:13,514 - __main__ - INFO - Fetching data for period: 2025-03-05
2025-08-07 15:13:13,972 - __main__ - INFO - Fetching data for period: 2025-03-06
2025-08-07 15:13:14,413 - __main__ - INFO - Fetching data for period: 2025-03-07
2025-08-07 15:13:14,858 - __main__ - INFO - Fetching data for period: 2025-03-08
2025-08-07 15:13:15,311 - __main__ - INFO - Fetching data for period: 2025-03-09
2025-08-07 15:13:15,752 - __main__ - INFO - Fetching data for period: 2025-03-10
2025-08-07 15:13:16,216 - __main__ - INFO - Fetching data for period: 2025-03-11
2025-08-07 15:13:16,649 - __main__ - INFO - Fetching data for period: 2025-03-12
2025-08-07 15:13:17,122 - __main__ - INFO - Fetching data for period: 2025-03-13
2025-08-07 15:13:17,563 - __main__ - INFO - Fetching data for period: 2025-03-14
2025-08-07 15:13:18,108 - __main__ - INFO - Fetching data for period: 2025-03-15
2025-08-07 15:13:18,539 - __main__ - INFO - Fetching data for period: 2025-03-16
2025-08-07 15:13:19,011 - __main__ - INFO - Fetching data for period: 2025-03-17
2025-08-07 15:13:19,514 - __main__ - INFO - Fetching data for period: 2025-03-18
2025-08-07 15:13:19,958 - __main__ - INFO - Fetching data for period: 2025-03-19
2025-08-07 15:13:20,414 - __main__ - INFO - Fetching data for period: 2025-03-20
2025-08-07 15:13:20,941 - __main__ - INFO - Fetching data for period: 2025-03-21
2025-08-07 15:13:21,422 - __main__ - INFO - Fetching data for period: 2025-03-22
2025-08-07 15:13:21,879 - __main__ - INFO - Fetching data for period: 2025-03-23
2025-08-07 15:13:22,334 - __main__ - INFO - Fetching data for period: 2025-03-24
2025-08-07 15:13:22,772 - __main__ - INFO - Fetching data for period: 2025-03-25
2025-08-07 15:13:23,243 - __main__ - INFO - Fetching data for period: 2025-03-26
2025-08-07 15:13:23,765 - __main__ - INFO - Fetching data for period: 2025-03-27
2025-08-07 15:13:24,227 - __main__ - INFO - Fetching data for period: 2025-03-28
2025-08-07 15:13:24,664 - __main__ - INFO - Fetching data for period: 2025-03-29
2025-08-07 15:13:25,101 - __main__ - INFO - Fetching data for period: 2025-03-30
2025-08-07 15:13:25,547 - __main__ - INFO - Fetching data for period: 2025-03-31
2025-08-07 15:13:26,071 - __main__ - INFO - Fetching data for period: 2025-04-01
2025-08-07 15:13:26,558 - __main__ - INFO - Fetching data for period: 2025-04-02
2025-08-07 15:13:27,068 - __main__ - INFO - Fetching data for period: 2025-04-03
2025-08-07 15:13:27,561 - __main__ - INFO - Fetching data for period: 2025-04-04
2025-08-07 15:13:28,061 - __main__ - INFO - Fetching data for period: 2025-04-05
2025-08-07 15:13:28,526 - __main__ - INFO - Fetching data for period: 2025-04-06
2025-08-07 15:13:29,011 - __main__ - INFO - Fetching data for period: 2025-04-07
2025-08-07 15:13:29,493 - __main__ - INFO - Fetching data for period: 2025-04-08
2025-08-07 15:13:30,100 - __main__ - INFO - Fetching data for period: 2025-04-09
2025-08-07 15:13:30,593 - __main__ - INFO - Fetching data for period: 2025-04-10
2025-08-07 15:13:31,080 - __main__ - INFO - Fetching data for period: 2025-04-11
2025-08-07 15:13:31,779 - __main__ - INFO - Fetching data for period: 2025-04-12
2025-08-07 15:13:32,303 - __main__ - INFO - Fetching data for period: 2025-04-13
2025-08-07 15:13:32,828 - __main__ - INFO - Fetching data for period: 2025-04-14
2025-08-07 15:13:33,324 - __main__ - INFO - Fetching data for period: 2025-04-15
2025-08-07 15:13:33,830 - __main__ - INFO - Fetching data for period: 2025-04-16
2025-08-07 15:13:34,309 - __main__ - INFO - Fetching data for period: 2025-04-17
2025-08-07 15:13:34,783 - __main__ - INFO - Fetching data for period: 2025-04-18
2025-08-07 15:13:35,233 - __main__ - INFO - Fetching data for period: 2025-04-19
2025-08-07 15:13:35,693 - __main__ - INFO - Fetching data for period: 2025-04-20
2025-08-07 15:13:36,217 - __main__ - INFO - Fetching data for period: 2025-04-21
2025-08-07 15:13:36,692 - __main__ - INFO - Fetching data for period: 2025-04-22
2025-08-07 15:13:37,168 - __main__ - INFO - Fetching data for period: 2025-04-23
2025-08-07 15:13:37,655 - __main__ - INFO - Fetching data for period: 2025-04-24
2025-08-07 15:13:38,171 - __main__ - INFO - Fetching data for period: 2025-04-25
2025-08-07 15:13:38,713 - __main__ - INFO - Fetching data for period: 2025-04-26
2025-08-07 15:13:39,191 - __main__ - INFO - Fetching data for period: 2025-04-27
2025-08-07 15:13:39,682 - __main__ - INFO - Fetching data for period: 2025-04-28
2025-08-07 15:13:40,229 - __main__ - INFO - Fetching data for period: 2025-04-29
2025-08-07 15:13:40,724 - __main__ - INFO - Fetching data for period: 2025-04-30
2025-08-07 15:13:41,207 - __main__ - INFO - Fetching data for period: 2025-05-01
2025-08-07 15:13:41,731 - __main__ - INFO - Fetching data for period: 2025-05-02
2025-08-07 15:13:42,234 - __main__ - INFO - Fetching data for period: 2025-05-03
2025-08-07 15:13:42,781 - __main__ - INFO - Fetching data for period: 2025-05-04
2025-08-07 15:13:43,245 - __main__ - INFO - Fetching data for period: 2025-05-05
2025-08-07 15:13:43,770 - __main__ - INFO - Fetching data for period: 2025-05-06
2025-08-07 15:13:44,252 - __main__ - INFO - Fetching data for period: 2025-05-07
2025-08-07 15:13:44,747 - __main__ - INFO - Fetching data for period: 2025-05-08
2025-08-07 15:13:45,295 - __main__ - INFO - Fetching data for period: 2025-05-09
2025-08-07 15:13:45,780 - __main__ - INFO - Fetching data for period: 2025-05-10
2025-08-07 15:13:46,287 - __main__ - INFO - Fetching data for period: 2025-05-11
2025-08-07 15:13:46,811 - __main__ - INFO - Fetching data for period: 2025-05-12
2025-08-07 15:13:47,370 - __main__ - INFO - Fetching data for period: 2025-05-13
2025-08-07 15:13:47,928 - __main__ - INFO - Fetching data for period: 2025-05-14
2025-08-07 15:13:48,415 - __main__ - INFO - Fetching data for period: 2025-05-15
2025-08-07 15:13:48,915 - __main__ - INFO - Fetching data for period: 2025-05-16
2025-08-07 15:13:49,415 - __main__ - INFO - Fetching data for period: 2025-05-17
2025-08-07 15:13:49,917 - __main__ - INFO - Fetching data for period: 2025-05-18
2025-08-07 15:13:50,437 - __main__ - INFO - Fetching data for period: 2025-05-19
2025-08-07 15:13:50,953 - __main__ - INFO - Fetching data for period: 2025-05-20
2025-08-07 15:13:51,466 - __main__ - INFO - Fetching data for period: 2025-05-21
2025-08-07 15:13:51,947 - __main__ - INFO - Fetching data for period: 2025-05-22
2025-08-07 15:13:52,429 - __main__ - INFO - Fetching data for period: 2025-05-23
2025-08-07 15:13:52,973 - __main__ - INFO - Fetching data for period: 2025-05-24
2025-08-07 15:13:53,538 - __main__ - INFO - Fetching data for period: 2025-05-25
2025-08-07 15:13:54,035 - __main__ - INFO - Fetching data for period: 2025-05-26
2025-08-07 15:13:54,543 - __main__ - INFO - Fetching data for period: 2025-05-27
2025-08-07 15:13:55,057 - __main__ - INFO - Fetching data for period: 2025-05-28
2025-08-07 15:13:57,679 - __main__ - INFO - Fetching data for period: 2025-05-29
2025-08-07 15:13:58,183 - __main__ - INFO - Fetching data for period: 2025-05-30
2025-08-07 15:13:58,717 - __main__ - INFO - Fetching data for period: 2025-05-31
2025-08-07 15:13:59,248 - __main__ - INFO - Fetching data for period: 2025-06-01
2025-08-07 15:13:59,841 - __main__ - INFO - Fetching data for period: 2025-06-02
2025-08-07 15:14:00,625 - __main__ - INFO - Fetching data for period: 2025-06-03
2025-08-07 15:14:01,091 - __main__ - INFO - Fetching data for period: 2025-06-04
2025-08-07 15:14:01,556 - __main__ - INFO - Fetching data for period: 2025-06-05
2025-08-07 15:14:02,026 - __main__ - INFO - Fetching data for period: 2025-06-06
2025-08-07 15:14:02,491 - __main__ - INFO - Fetching data for period: 2025-06-07
2025-08-07 15:14:02,966 - __main__ - INFO - Fetching data for period: 2025-06-08
2025-08-07 15:14:03,465 - __main__ - INFO - Fetching data for period: 2025-06-09
2025-08-07 15:14:03,934 - __main__ - INFO - Fetching data for period: 2025-06-10
2025-08-07 15:14:04,458 - __main__ - INFO - Fetching data for period: 2025-06-11
2025-08-07 15:14:04,916 - __main__ - INFO - Fetching data for period: 2025-06-12
2025-08-07 15:14:05,465 - __main__ - INFO - Fetching data for period: 2025-06-13
2025-08-07 15:14:05,962 - __main__ - INFO - Fetching data for period: 2025-06-14
2025-08-07 15:14:06,433 - __main__ - INFO - Fetching data for period: 2025-06-15
2025-08-07 15:14:06,901 - __main__ - INFO - Fetching data for period: 2025-06-16
2025-08-07 15:14:07,455 - __main__ - INFO - Fetching data for period: 2025-06-17
2025-08-07 15:14:07,935 - __main__ - INFO - Fetching data for period: 2025-06-18
2025-08-07 15:14:08,419 - __main__ - INFO - Fetching data for period: 2025-06-19
2025-08-07 15:14:08,953 - __main__ - INFO - Fetching data for period: 2025-06-20
2025-08-07 15:14:09,444 - __main__ - INFO - Fetching data for period: 2025-06-21
2025-08-07 15:14:09,931 - __main__ - INFO - Fetching data for period: 2025-06-22
2025-08-07 15:14:10,412 - __main__ - INFO - Fetching data for period: 2025-06-23
2025-08-07 15:14:10,904 - __main__ - INFO - Fetching data for period: 2025-06-24
2025-08-07 15:14:11,491 - __main__ - INFO - Fetching data for period: 2025-06-25
2025-08-07 15:14:11,981 - __main__ - INFO - Fetching data for period: 2025-06-26
2025-08-07 15:14:12,477 - __main__ - INFO - Fetching data for period: 2025-06-27
2025-08-07 15:14:12,991 - __main__ - INFO - Fetching data for period: 2025-06-28
2025-08-07 15:14:13,496 - __main__ - INFO - Fetching data for period: 2025-06-29
2025-08-07 15:14:13,990 - __main__ - INFO - Fetching data for period: 2025-06-30
2025-08-07 15:14:14,461 - __main__ - INFO - Fetching data for period: 2025-07-01
2025-08-07 15:14:14,949 - __main__ - INFO - Fetching data for period: 2025-07-02
2025-08-07 15:14:15,586 - __main__ - INFO - Fetching data for period: 2025-07-03
2025-08-07 15:14:16,069 - __main__ - INFO - Fetching data for period: 2025-07-04
2025-08-07 15:14:16,597 - __main__ - INFO - Fetching data for period: 2025-07-05
2025-08-07 15:14:17,083 - __main__ - INFO - Fetching data for period: 2025-07-06
2025-08-07 15:14:17,576 - __main__ - INFO - Fetching data for period: 2025-07-07
2025-08-07 15:14:18,030 - __main__ - INFO - Fetching data for period: 2025-07-08
2025-08-07 15:14:18,527 - __main__ - INFO - Fetching data for period: 2025-07-09
2025-08-07 15:14:19,062 - __main__ - INFO - Fetching data for period: 2025-07-10
2025-08-07 15:14:19,571 - __main__ - INFO - Fetching data for period: 2025-07-11
2025-08-07 15:14:20,038 - __main__ - INFO - Fetching data for period: 2025-07-12
2025-08-07 15:14:20,543 - __main__ - INFO - Fetching data for period: 2025-07-13
2025-08-07 15:14:21,033 - __main__ - INFO - Fetching data for period: 2025-07-14
2025-08-07 15:14:21,633 - __main__ - INFO - Fetching data for period: 2025-07-15
2025-08-07 15:14:22,117 - __main__ - INFO - Fetching data for period: 2025-07-16
2025-08-07 15:14:22,596 - __main__ - INFO - Fetching data for period: 2025-07-17
2025-08-07 15:14:23,072 - __main__ - INFO - Fetching data for period: 2025-07-18
2025-08-07 15:14:23,549 - __main__ - INFO - Fetching data for period: 2025-07-19
2025-08-07 15:14:24,044 - __main__ - INFO - Fetching data for period: 2025-07-20
2025-08-07 15:14:24,546 - __main__ - INFO - Fetching data for period: 2025-07-21
2025-08-07 15:14:25,035 - __main__ - INFO - Fetching data for period: 2025-07-22
2025-08-07 15:14:25,513 - __main__ - INFO - Fetching data for period: 2025-07-23
2025-08-07 15:14:26,000 - __main__ - INFO - Fetching data for period: 2025-07-24
2025-08-07 15:14:26,468 - __main__ - INFO - Fetching data for period: 2025-07-25
2025-08-07 15:14:27,127 - __main__ - INFO - Fetching data for period: 2025-07-26
2025-08-07 15:14:27,670 - __main__ - INFO - Fetching data for period: 2025-07-27
2025-08-07 15:14:28,236 - __main__ - INFO - Fetching data for period: 2025-07-28
2025-08-07 15:14:28,740 - __main__ - INFO - Fetching data for period: 2025-07-29
2025-08-07 15:14:29,444 - __main__ - INFO - Fetching data for period: 2025-07-30
2025-08-07 15:14:29,989 - __main__ - INFO - Fetching data for period: 2025-07-31
2025-08-07 15:14:30,510 - __main__ - INFO - Fetching data for period: 2025-08-01
2025-08-07 15:14:31,035 - __main__ - INFO - Fetching data for period: 2025-08-02
2025-08-07 15:14:31,538 - __main__ - INFO - Fetching data for period: 2025-08-03
2025-08-07 15:14:32,091 - __main__ - INFO - Fetching data for period: 2025-08-04
2025-08-07 15:14:32,558 - __main__ - INFO - Fetching data for period: 2025-08-05
2025-08-07 15:14:32,903 - __main__ - ERROR - Unexpected error during data processing: 'startGMT'
Traceback (most recent call last):
  File "c:\Users\rfo7799\Desktop\Git\HealthData\data_pre_processing.py", line 191, in preprocessing_garmin_data
    steps_df['Date'] = pd.to_datetime(steps_df['startGMT']).dt.strftime('%Y-%m-%d')
                                      ~~~~~~~~^^^^^^^^^^^^
  File "C:\Users\rfo7799\AppData\Local\Programs\Python\Python311\Lib\site-packages\pandas\core\frame.py", line 3761, in __getitem__
    indexer = self.columns.get_loc(key)
              ^^^^^^^^^^^^^^^^^^^^^^^^^
  File "C:\Users\rfo7799\AppData\Local\Programs\Python\Python311\Lib\site-packages\pandas\core\indexes\range.py", line 349, in get_loc
    raise KeyError(key)
KeyError: 'startGMT'
2025-08-07 15:14:32,919 - __main__ - INFO - Fetching data for period: 2025-08-06
2025-08-07 15:14:33,244 - __main__ - ERROR - Unexpected error during data processing: 'startGMT'
Traceback (most recent call last):
  File "c:\Users\rfo7799\Desktop\Git\HealthData\data_pre_processing.py", line 191, in preprocessing_garmin_data
    steps_df['Date'] = pd.to_datetime(steps_df['startGMT']).dt.strftime('%Y-%m-%d')
                                      ~~~~~~~~^^^^^^^^^^^^
  File "C:\Users\rfo7799\AppData\Local\Programs\Python\Python311\Lib\site-packages\pandas\core\frame.py", line 3761, in __getitem__
    indexer = self.columns.get_loc(key)
              ^^^^^^^^^^^^^^^^^^^^^^^^^
  File "C:\Users\rfo7799\AppData\Local\Programs\Python\Python311\Lib\site-packages\pandas\core\indexes\range.py", line 349, in get_loc
    raise KeyError(key)
KeyError: 'startGMT'
2025-08-07 15:14:33,245 - __main__ - INFO - Fetching data for period: 2025-08-07
2025-08-07 15:14:33,578 - __main__ - ERROR - Unexpected error during data processing: 'startGMT'
Traceback (most recent call last):
  File "c:\Users\rfo7799\Desktop\Git\HealthData\data_pre_processing.py", line 191, in preprocessing_garmin_data
    steps_df['Date'] = pd.to_datetime(steps_df['startGMT']).dt.strftime('%Y-%m-%d')
                                      ~~~~~~~~^^^^^^^^^^^^
  File "C:\Users\rfo7799\AppData\Local\Programs\Python\Python311\Lib\site-packages\pandas\core\frame.py", line 3761, in __getitem__
    indexer = self.columns.get_loc(key)
              ^^^^^^^^^^^^^^^^^^^^^^^^^
  File "C:\Users\rfo7799\AppData\Local\Programs\Python\Python311\Lib\site-packages\pandas\core\indexes\range.py", line 349, in get_loc
    raise KeyError(key)
KeyError: 'startGMT'
2025-08-07 15:14:33,580 - __main__ - INFO - Getting activities data...
2025-08-07 15:14:35,317 - __main__ - INFO - Starting combination of dataframes...
2025-08-07 15:14:35,600 - __main__ - INFO - Pre-Processing finished.
2025-08-07 15:14:35,819 - __main__ - INFO - Handling Missing Values
