2025-08-07 15:22:43,623 - __main__ - INFO - Attempting to log in to Garmin Connect...
2025-08-07 15:22:46,943 - __main__ - INFO - Login successful.
2025-08-07 15:22:46,944 - __main__ - INFO - Script started. Fetching data from 2024-01-01 to 2025-08-07
2025-08-07 15:22:46,945 - __main__ - INFO - Fetching data for period: 2024-01-01
2025-08-07 15:22:47,067 - __main__ - INFO - Fetching data for period: 2024-01-02
2025-08-07 15:22:47,211 - __main__ - INFO - Fetching data for period: 2024-01-03
2025-08-07 15:22:47,335 - __main__ - INFO - Fetching data for period: 2024-01-04
2025-08-07 15:22:47,479 - __main__ - INFO - Fetching data for period: 2024-01-05
2025-08-07 15:22:47,641 - __main__ - INFO - Fetching data for period: 2024-01-06
2025-08-07 15:22:47,767 - __main__ - INFO - Fetching data for period: 2024-01-07
2025-08-07 15:22:47,894 - __main__ - INFO - Fetching data for period: 2024-01-08
2025-08-07 15:22:48,020 - __main__ - INFO - Fetching data for period: 2024-01-09
2025-08-07 15:22:48,140 - __main__ - INFO - Fetching data for period: 2024-01-10
2025-08-07 15:22:48,271 - __main__ - INFO - Fetching data for period: 2024-01-11
2025-08-07 15:22:48,395 - __main__ - INFO - Fetching data for period: 2024-01-12
2025-08-07 15:22:48,526 - __main__ - INFO - Fetching data for period: 2024-01-13
2025-08-07 15:22:48,652 - __main__ - INFO - Fetching data for period: 2024-01-14
2025-08-07 15:22:48,779 - __main__ - INFO - Fetching data for period: 2024-01-15
2025-08-07 15:22:48,912 - __main__ - INFO - Fetching data for period: 2024-01-16
2025-08-07 15:22:49,057 - __main__ - INFO - Fetching data for period: 2024-01-17
2025-08-07 15:22:49,178 - __main__ - INFO - Fetching data for period: 2024-01-18
2025-08-07 15:22:49,305 - __main__ - INFO - Fetching data for period: 2024-01-19
2025-08-07 15:22:49,433 - __main__ - INFO - Fetching data for period: 2024-01-20
2025-08-07 15:22:49,554 - __main__ - INFO - Fetching data for period: 2024-01-21
2025-08-07 15:22:49,688 - __main__ - INFO - Fetching data for period: 2024-01-22
2025-08-07 15:22:49,807 - __main__ - INFO - Fetching data for period: 2024-01-23
2025-08-07 15:22:49,968 - __main__ - INFO - Fetching data for period: 2024-01-24
2025-08-07 15:22:50,093 - __main__ - INFO - Fetching data for period: 2024-01-25
2025-08-07 15:22:50,222 - __main__ - INFO - Fetching data for period: 2024-01-26
2025-08-07 15:22:50,343 - __main__ - INFO - Fetching data for period: 2024-01-27
2025-08-07 15:22:50,472 - __main__ - INFO - Fetching data for period: 2024-01-28
2025-08-07 15:22:50,602 - __main__ - INFO - Fetching data for period: 2024-01-29
2025-08-07 15:22:50,765 - __main__ - INFO - Fetching data for period: 2024-01-30
2025-08-07 15:22:50,883 - __main__ - INFO - Fetching data for period: 2024-01-31
2025-08-07 15:22:51,025 - __main__ - INFO - Fetching data for period: 2024-02-01
2025-08-07 15:22:51,147 - __main__ - INFO - Fetching data for period: 2024-02-02
2025-08-07 15:22:51,274 - __main__ - INFO - Fetching data for period: 2024-02-03
2025-08-07 15:22:51,390 - __main__ - INFO - Fetching data for period: 2024-02-04
2025-08-07 15:22:51,511 - __main__ - INFO - Fetching data for period: 2024-02-05
2025-08-07 15:22:51,656 - __main__ - INFO - Fetching data for period: 2024-02-06
2025-08-07 15:22:51,776 - __main__ - INFO - Fetching data for period: 2024-02-07
2025-08-07 15:22:51,897 - __main__ - INFO - Fetching data for period: 2024-02-08
2025-08-07 15:22:52,276 - __main__ - INFO - Fetching data for period: 2024-02-09
2025-08-07 15:22:52,426 - __main__ - INFO - Fetching data for period: 2024-02-10
2025-08-07 15:22:52,573 - __main__ - INFO - Fetching data for period: 2024-02-11
2025-08-07 15:22:52,700 - __main__ - INFO - Fetching data for period: 2024-02-12
2025-08-07 15:22:52,827 - __main__ - INFO - Fetching data for period: 2024-02-13
2025-08-07 15:22:52,945 - __main__ - INFO - Fetching data for period: 2024-02-14
2025-08-07 15:22:53,081 - __main__ - INFO - Fetching data for period: 2024-02-15
2025-08-07 15:22:53,217 - __main__ - INFO - Fetching data for period: 2024-02-16
2025-08-07 15:22:53,336 - __main__ - INFO - Fetching data for period: 2024-02-17
2025-08-07 15:22:53,460 - __main__ - INFO - Fetching data for period: 2024-02-18
2025-08-07 15:22:53,594 - __main__ - INFO - Fetching data for period: 2024-02-19
2025-08-07 15:22:53,713 - __main__ - INFO - Fetching data for period: 2024-02-20
2025-08-07 15:22:53,913 - __main__ - INFO - Fetching data for period: 2024-02-21
2025-08-07 15:22:54,112 - __main__ - INFO - Fetching data for period: 2024-02-22
2025-08-07 15:22:54,230 - __main__ - INFO - Fetching data for period: 2024-02-23
2025-08-07 15:22:54,364 - __main__ - INFO - Fetching data for period: 2024-02-24
2025-08-07 15:22:54,484 - __main__ - INFO - Fetching data for period: 2024-02-25
2025-08-07 15:22:54,598 - __main__ - INFO - Fetching data for period: 2024-02-26
2025-08-07 15:22:54,723 - __main__ - INFO - Fetching data for period: 2024-02-27
2025-08-07 15:22:54,873 - __main__ - INFO - Fetching data for period: 2024-02-28
2025-08-07 15:22:54,995 - __main__ - INFO - Fetching data for period: 2024-02-29
2025-08-07 15:22:55,126 - __main__ - INFO - Fetching data for period: 2024-03-01
2025-08-07 15:22:55,271 - __main__ - INFO - Fetching data for period: 2024-03-02
2025-08-07 15:22:55,414 - __main__ - INFO - Fetching data for period: 2024-03-03
2025-08-07 15:22:55,532 - __main__ - INFO - Fetching data for period: 2024-03-04
2025-08-07 15:22:55,670 - __main__ - INFO - Fetching data for period: 2024-03-05
2025-08-07 15:22:55,806 - __main__ - INFO - Fetching data for period: 2024-03-06
2025-08-07 15:22:55,927 - __main__ - INFO - Fetching data for period: 2024-03-07
2025-08-07 15:22:56,063 - __main__ - INFO - Fetching data for period: 2024-03-08
2025-08-07 15:22:56,188 - __main__ - INFO - Fetching data for period: 2024-03-09
2025-08-07 15:22:56,306 - __main__ - INFO - Fetching data for period: 2024-03-10
2025-08-07 15:22:56,435 - __main__ - INFO - Fetching data for period: 2024-03-11
2025-08-07 15:22:56,554 - __main__ - INFO - Fetching data for period: 2024-03-12
2025-08-07 15:22:56,676 - __main__ - INFO - Fetching data for period: 2024-03-13
2025-08-07 15:22:56,790 - __main__ - INFO - Fetching data for period: 2024-03-14
2025-08-07 15:22:56,928 - __main__ - INFO - Fetching data for period: 2024-03-15
2025-08-07 15:22:57,075 - __main__ - INFO - Fetching data for period: 2024-03-16
2025-08-07 15:22:57,201 - __main__ - INFO - Fetching data for period: 2024-03-17
2025-08-07 15:22:57,320 - __main__ - INFO - Fetching data for period: 2024-03-18
2025-08-07 15:22:57,451 - __main__ - INFO - Fetching data for period: 2024-03-19
2025-08-07 15:22:57,592 - __main__ - INFO - Fetching data for period: 2024-03-20
2025-08-07 15:22:57,719 - __main__ - INFO - Fetching data for period: 2024-03-21
2025-08-07 15:22:57,835 - __main__ - INFO - Fetching data for period: 2024-03-22
2025-08-07 15:22:57,951 - __main__ - INFO - Fetching data for period: 2024-03-23
2025-08-07 15:22:58,120 - __main__ - INFO - Fetching data for period: 2024-03-24
2025-08-07 15:22:58,242 - __main__ - INFO - Fetching data for period: 2024-03-25
2025-08-07 15:22:58,356 - __main__ - INFO - Fetching data for period: 2024-03-26
2025-08-07 15:22:58,620 - __main__ - INFO - Fetching data for period: 2024-03-27
2025-08-07 15:22:58,751 - __main__ - INFO - Fetching data for period: 2024-03-28
2025-08-07 15:22:58,876 - __main__ - INFO - Fetching data for period: 2024-03-29
2025-08-07 15:22:58,995 - __main__ - INFO - Fetching data for period: 2024-03-30
2025-08-07 15:22:59,158 - __main__ - INFO - Fetching data for period: 2024-03-31
2025-08-07 15:22:59,325 - __main__ - INFO - Fetching data for period: 2024-04-01
2025-08-07 15:22:59,537 - __main__ - INFO - Fetching data for period: 2024-04-02
2025-08-07 15:22:59,741 - __main__ - INFO - Fetching data for period: 2024-04-03
2025-08-07 15:22:59,881 - __main__ - INFO - Fetching data for period: 2024-04-04
2025-08-07 15:23:00,031 - __main__ - INFO - Fetching data for period: 2024-04-05
2025-08-07 15:23:00,213 - __main__ - INFO - Fetching data for period: 2024-04-06
2025-08-07 15:23:00,364 - __main__ - INFO - Fetching data for period: 2024-04-07
2025-08-07 15:23:00,509 - __main__ - INFO - Fetching data for period: 2024-04-08
2025-08-07 15:23:00,809 - __main__ - INFO - Fetching data for period: 2024-04-09
2025-08-07 15:23:00,947 - __main__ - INFO - Fetching data for period: 2024-04-10
2025-08-07 15:23:01,084 - __main__ - INFO - Fetching data for period: 2024-04-11
2025-08-07 15:23:01,208 - __main__ - INFO - Fetching data for period: 2024-04-12
2025-08-07 15:23:01,325 - __main__ - INFO - Fetching data for period: 2024-04-13
2025-08-07 15:23:01,447 - __main__ - INFO - Fetching data for period: 2024-04-14
2025-08-07 15:23:01,564 - __main__ - INFO - Fetching data for period: 2024-04-15
2025-08-07 15:23:01,691 - __main__ - INFO - Fetching data for period: 2024-04-16
2025-08-07 15:23:01,812 - __main__ - INFO - Fetching data for period: 2024-04-17
2025-08-07 15:23:01,926 - __main__ - INFO - Fetching data for period: 2024-04-18
2025-08-07 15:23:02,059 - __main__ - INFO - Fetching data for period: 2024-04-19
2025-08-07 15:23:02,192 - __main__ - INFO - Fetching data for period: 2024-04-20
2025-08-07 15:23:02,315 - __main__ - INFO - Fetching data for period: 2024-04-21
2025-08-07 15:23:02,458 - __main__ - INFO - Fetching data for period: 2024-04-22
2025-08-07 15:23:02,582 - __main__ - INFO - Fetching data for period: 2024-04-23
2025-08-07 15:23:02,717 - __main__ - INFO - Fetching data for period: 2024-04-24
2025-08-07 15:23:02,854 - __main__ - INFO - Fetching data for period: 2024-04-25
2025-08-07 15:23:02,972 - __main__ - INFO - Fetching data for period: 2024-04-26
2025-08-07 15:23:03,144 - __main__ - INFO - Fetching data for period: 2024-04-27
2025-08-07 15:23:03,260 - __main__ - INFO - Fetching data for period: 2024-04-28
2025-08-07 15:23:03,378 - __main__ - INFO - Fetching data for period: 2024-04-29
2025-08-07 15:23:03,503 - __main__ - INFO - Fetching data for period: 2024-04-30
2025-08-07 15:23:03,683 - __main__ - INFO - Fetching data for period: 2024-05-01
2025-08-07 15:23:03,813 - __main__ - INFO - Fetching data for period: 2024-05-02
2025-08-07 15:23:03,976 - __main__ - INFO - Fetching data for period: 2024-05-03
2025-08-07 15:23:04,101 - __main__ - INFO - Fetching data for period: 2024-05-04
2025-08-07 15:23:04,242 - __main__ - INFO - Fetching data for period: 2024-05-05
2025-08-07 15:23:04,370 - __main__ - INFO - Fetching data for period: 2024-05-06
2025-08-07 15:23:04,507 - __main__ - INFO - Fetching data for period: 2024-05-07
2025-08-07 15:23:04,625 - __main__ - INFO - Fetching data for period: 2024-05-08
2025-08-07 15:23:04,743 - __main__ - INFO - Fetching data for period: 2024-05-09
2025-08-07 15:23:04,860 - __main__ - INFO - Fetching data for period: 2024-05-10
2025-08-07 15:23:05,007 - __main__ - INFO - Fetching data for period: 2024-05-11
2025-08-07 15:23:05,130 - __main__ - INFO - Fetching data for period: 2024-05-12
2025-08-07 15:23:05,414 - __main__ - INFO - Fetching data for period: 2024-05-13
2025-08-07 15:23:05,535 - __main__ - INFO - Fetching data for period: 2024-05-14
2025-08-07 15:23:05,651 - __main__ - INFO - Fetching data for period: 2024-05-15
2025-08-07 15:23:05,776 - __main__ - INFO - Fetching data for period: 2024-05-16
2025-08-07 15:23:05,918 - __main__ - INFO - Fetching data for period: 2024-05-17
2025-08-07 15:23:06,046 - __main__ - INFO - Fetching data for period: 2024-05-18
2025-08-07 15:23:06,202 - __main__ - INFO - Fetching data for period: 2024-05-19
2025-08-07 15:23:06,323 - __main__ - INFO - Fetching data for period: 2024-05-20
2025-08-07 15:23:06,436 - __main__ - INFO - Fetching data for period: 2024-05-21
2025-08-07 15:23:06,557 - __main__ - INFO - Fetching data for period: 2024-05-22
2025-08-07 15:23:06,685 - __main__ - INFO - Fetching data for period: 2024-05-23
2025-08-07 15:23:06,832 - __main__ - INFO - Fetching data for period: 2024-05-24
2025-08-07 15:23:06,952 - __main__ - INFO - Fetching data for period: 2024-05-25
2025-08-07 15:23:07,071 - __main__ - INFO - Fetching data for period: 2024-05-26
2025-08-07 15:23:07,189 - __main__ - INFO - Fetching data for period: 2024-05-27
2025-08-07 15:23:07,306 - __main__ - INFO - Fetching data for period: 2024-05-28
2025-08-07 15:23:07,419 - __main__ - INFO - Fetching data for period: 2024-05-29
2025-08-07 15:23:07,557 - __main__ - INFO - Fetching data for period: 2024-05-30
2025-08-07 15:23:07,703 - __main__ - INFO - Fetching data for period: 2024-05-31
2025-08-07 15:23:07,831 - __main__ - INFO - Fetching data for period: 2024-06-01
2025-08-07 15:23:07,975 - __main__ - INFO - Fetching data for period: 2024-06-02
2025-08-07 15:23:08,120 - __main__ - INFO - Fetching data for period: 2024-06-03
2025-08-07 15:23:08,239 - __main__ - INFO - Fetching data for period: 2024-06-04
2025-08-07 15:23:08,359 - __main__ - INFO - Fetching data for period: 2024-06-05
2025-08-07 15:23:08,502 - __main__ - INFO - Fetching data for period: 2024-06-06
2025-08-07 15:23:08,650 - __main__ - INFO - Fetching data for period: 2024-06-07
2025-08-07 15:23:08,776 - __main__ - INFO - Fetching data for period: 2024-06-08
2025-08-07 15:23:08,894 - __main__ - INFO - Fetching data for period: 2024-06-09
2025-08-07 15:23:09,265 - __main__ - INFO - Fetching data for period: 2024-06-10
2025-08-07 15:23:09,487 - __main__ - INFO - Fetching data for period: 2024-06-11
2025-08-07 15:23:09,600 - __main__ - INFO - Fetching data for period: 2024-06-12
2025-08-07 15:23:09,719 - __main__ - INFO - Fetching data for period: 2024-06-13
2025-08-07 15:23:09,876 - __main__ - INFO - Fetching data for period: 2024-06-14
2025-08-07 15:23:09,992 - __main__ - INFO - Fetching data for period: 2024-06-15
2025-08-07 15:23:10,130 - __main__ - INFO - Fetching data for period: 2024-06-16
2025-08-07 15:23:10,258 - __main__ - INFO - Fetching data for period: 2024-06-17
2025-08-07 15:23:10,381 - __main__ - INFO - Fetching data for period: 2024-06-18
2025-08-07 15:23:10,501 - __main__ - INFO - Fetching data for period: 2024-06-19
2025-08-07 15:23:10,614 - __main__ - INFO - Fetching data for period: 2024-06-20
2025-08-07 15:23:10,732 - __main__ - INFO - Fetching data for period: 2024-06-21
2025-08-07 15:23:10,846 - __main__ - INFO - Fetching data for period: 2024-06-22
2025-08-07 15:23:10,966 - __main__ - INFO - Fetching data for period: 2024-06-23
2025-08-07 15:23:11,088 - __main__ - INFO - Fetching data for period: 2024-06-24
2025-08-07 15:23:11,228 - __main__ - INFO - Fetching data for period: 2024-06-25
2025-08-07 15:23:11,352 - __main__ - INFO - Fetching data for period: 2024-06-26
2025-08-07 15:23:11,480 - __main__ - INFO - Fetching data for period: 2024-06-27
2025-08-07 15:23:11,606 - __main__ - INFO - Fetching data for period: 2024-06-28
2025-08-07 15:23:11,726 - __main__ - INFO - Fetching data for period: 2024-06-29
2025-08-07 15:23:11,836 - __main__ - INFO - Fetching data for period: 2024-06-30
2025-08-07 15:23:11,958 - __main__ - INFO - Fetching data for period: 2024-07-01
2025-08-07 15:23:12,082 - __main__ - INFO - Fetching data for period: 2024-07-02
2025-08-07 15:23:12,211 - __main__ - INFO - Fetching data for period: 2024-07-03
2025-08-07 15:23:12,331 - __main__ - INFO - Fetching data for period: 2024-07-04
2025-08-07 15:23:12,476 - __main__ - INFO - Fetching data for period: 2024-07-05
2025-08-07 15:23:12,606 - __main__ - INFO - Fetching data for period: 2024-07-06
2025-08-07 15:23:12,756 - __main__ - INFO - Fetching data for period: 2024-07-07
2025-08-07 15:23:12,885 - __main__ - INFO - Fetching data for period: 2024-07-08
2025-08-07 15:23:13,002 - __main__ - INFO - Fetching data for period: 2024-07-09
2025-08-07 15:23:13,128 - __main__ - INFO - Fetching data for period: 2024-07-10
2025-08-07 15:23:13,276 - __main__ - INFO - Fetching data for period: 2024-07-11
2025-08-07 15:23:13,396 - __main__ - INFO - Fetching data for period: 2024-07-12
2025-08-07 15:23:13,519 - __main__ - INFO - Fetching data for period: 2024-07-13
2025-08-07 15:23:13,642 - __main__ - INFO - Fetching data for period: 2024-07-14
2025-08-07 15:23:13,765 - __main__ - INFO - Fetching data for period: 2024-07-15
2025-08-07 15:23:13,879 - __main__ - INFO - Fetching data for period: 2024-07-16
2025-08-07 15:23:13,997 - __main__ - INFO - Fetching data for period: 2024-07-17
2025-08-07 15:23:14,122 - __main__ - INFO - Fetching data for period: 2024-07-18
2025-08-07 15:23:14,241 - __main__ - INFO - Fetching data for period: 2024-07-19
2025-08-07 15:23:14,363 - __main__ - INFO - Fetching data for period: 2024-07-20
2025-08-07 15:23:14,486 - __main__ - INFO - Fetching data for period: 2024-07-21
2025-08-07 15:23:14,603 - __main__ - INFO - Fetching data for period: 2024-07-22
2025-08-07 15:23:14,747 - __main__ - INFO - Fetching data for period: 2024-07-23
2025-08-07 15:23:14,868 - __main__ - INFO - Fetching data for period: 2024-07-24
2025-08-07 15:23:14,995 - __main__ - INFO - Fetching data for period: 2024-07-25
2025-08-07 15:23:15,138 - __main__ - INFO - Fetching data for period: 2024-07-26
2025-08-07 15:23:15,271 - __main__ - INFO - Fetching data for period: 2024-07-27
2025-08-07 15:23:15,388 - __main__ - INFO - Fetching data for period: 2024-07-28
2025-08-07 15:23:15,510 - __main__ - INFO - Fetching data for period: 2024-07-29
2025-08-07 15:23:15,649 - __main__ - INFO - Fetching data for period: 2024-07-30
2025-08-07 15:23:15,798 - __main__ - INFO - Fetching data for period: 2024-07-31
2025-08-07 15:23:15,920 - __main__ - INFO - Fetching data for period: 2024-08-01
2025-08-07 15:23:16,044 - __main__ - INFO - Fetching data for period: 2024-08-02
2025-08-07 15:23:16,178 - __main__ - INFO - Fetching data for period: 2024-08-03
2025-08-07 15:23:16,313 - __main__ - INFO - Fetching data for period: 2024-08-04
2025-08-07 15:23:16,440 - __main__ - INFO - Fetching data for period: 2024-08-05
2025-08-07 15:23:16,560 - __main__ - INFO - Fetching data for period: 2024-08-06
2025-08-07 15:23:16,683 - __main__ - INFO - Fetching data for period: 2024-08-07
2025-08-07 15:23:16,815 - __main__ - INFO - Fetching data for period: 2024-08-08
2025-08-07 15:23:16,936 - __main__ - INFO - Fetching data for period: 2024-08-09
2025-08-07 15:23:17,056 - __main__ - INFO - Fetching data for period: 2024-08-10
2025-08-07 15:23:17,176 - __main__ - INFO - Fetching data for period: 2024-08-11
2025-08-07 15:23:17,297 - __main__ - INFO - Fetching data for period: 2024-08-12
2025-08-07 15:23:17,428 - __main__ - INFO - Fetching data for period: 2024-08-13
2025-08-07 15:23:17,556 - __main__ - INFO - Fetching data for period: 2024-08-14
2025-08-07 15:23:17,674 - __main__ - INFO - Fetching data for period: 2024-08-15
2025-08-07 15:23:17,835 - __main__ - INFO - Fetching data for period: 2024-08-16
2025-08-07 15:23:17,950 - __main__ - INFO - Fetching data for period: 2024-08-17
2025-08-07 15:23:18,217 - __main__ - INFO - Fetching data for period: 2024-08-18
2025-08-07 15:23:18,342 - __main__ - INFO - Fetching data for period: 2024-08-19
2025-08-07 15:23:18,468 - __main__ - INFO - Fetching data for period: 2024-08-20
2025-08-07 15:23:18,638 - __main__ - INFO - Fetching data for period: 2024-08-21
2025-08-07 15:23:18,761 - __main__ - INFO - Fetching data for period: 2024-08-22
2025-08-07 15:23:18,900 - __main__ - INFO - Fetching data for period: 2024-08-23
2025-08-07 15:23:19,018 - __main__ - INFO - Fetching data for period: 2024-08-24
2025-08-07 15:23:19,158 - __main__ - INFO - Fetching data for period: 2024-08-25
2025-08-07 15:23:19,275 - __main__ - INFO - Fetching data for period: 2024-08-26
2025-08-07 15:23:19,390 - __main__ - INFO - Fetching data for period: 2024-08-27
2025-08-07 15:23:19,534 - __main__ - INFO - Fetching data for period: 2024-08-28
2025-08-07 15:23:19,661 - __main__ - INFO - Fetching data for period: 2024-08-29
2025-08-07 15:23:19,782 - __main__ - INFO - Fetching data for period: 2024-08-30
2025-08-07 15:23:19,912 - __main__ - INFO - Fetching data for period: 2024-08-31
2025-08-07 15:23:20,033 - __main__ - INFO - Fetching data for period: 2024-09-01
2025-08-07 15:23:20,146 - __main__ - INFO - Fetching data for period: 2024-09-02
2025-08-07 15:23:20,541 - __main__ - INFO - Fetching data for period: 2024-09-03
2025-08-07 15:23:20,664 - __main__ - INFO - Fetching data for period: 2024-09-04
2025-08-07 15:23:20,786 - __main__ - INFO - Fetching data for period: 2024-09-05
2025-08-07 15:23:20,918 - __main__ - INFO - Fetching data for period: 2024-09-06
2025-08-07 15:23:21,054 - __main__ - INFO - Fetching data for period: 2024-09-07
2025-08-07 15:23:21,169 - __main__ - INFO - Fetching data for period: 2024-09-08
2025-08-07 15:23:21,308 - __main__ - INFO - Fetching data for period: 2024-09-09
2025-08-07 15:23:21,431 - __main__ - INFO - Fetching data for period: 2024-09-10
2025-08-07 15:23:21,554 - __main__ - INFO - Fetching data for period: 2024-09-11
2025-08-07 15:23:21,675 - __main__ - INFO - Fetching data for period: 2024-09-12
2025-08-07 15:23:21,797 - __main__ - INFO - Fetching data for period: 2024-09-13
2025-08-07 15:23:21,941 - __main__ - INFO - Fetching data for period: 2024-09-14
2025-08-07 15:23:22,058 - __main__ - INFO - Fetching data for period: 2024-09-15
2025-08-07 15:23:22,193 - __main__ - INFO - Fetching data for period: 2024-09-16
2025-08-07 15:23:22,320 - __main__ - INFO - Fetching data for period: 2024-09-17
2025-08-07 15:23:22,443 - __main__ - INFO - Fetching data for period: 2024-09-18
2025-08-07 15:23:22,562 - __main__ - INFO - Fetching data for period: 2024-09-19
2025-08-07 15:23:22,680 - __main__ - INFO - Fetching data for period: 2024-09-20
2025-08-07 15:23:22,808 - __main__ - INFO - Fetching data for period: 2024-09-21
2025-08-07 15:23:22,927 - __main__ - INFO - Fetching data for period: 2024-09-22
2025-08-07 15:23:23,040 - __main__ - INFO - Fetching data for period: 2024-09-23
2025-08-07 15:23:23,223 - __main__ - INFO - Fetching data for period: 2024-09-24
2025-08-07 15:23:23,345 - __main__ - INFO - Fetching data for period: 2024-09-25
2025-08-07 15:23:23,492 - __main__ - INFO - Fetching data for period: 2024-09-26
2025-08-07 15:23:23,614 - __main__ - INFO - Fetching data for period: 2024-09-27
2025-08-07 15:23:23,736 - __main__ - INFO - Fetching data for period: 2024-09-28
2025-08-07 15:23:23,879 - __main__ - INFO - Fetching data for period: 2024-09-29
2025-08-07 15:23:23,997 - __main__ - INFO - Fetching data for period: 2024-09-30
2025-08-07 15:23:24,118 - __main__ - INFO - Fetching data for period: 2024-10-01
2025-08-07 15:23:24,245 - __main__ - INFO - Fetching data for period: 2024-10-02
2025-08-07 15:23:24,365 - __main__ - INFO - Fetching data for period: 2024-10-03
2025-08-07 15:23:24,493 - __main__ - INFO - Fetching data for period: 2024-10-04
2025-08-07 15:23:24,612 - __main__ - INFO - Fetching data for period: 2024-10-05
2025-08-07 15:23:24,729 - __main__ - INFO - Fetching data for period: 2024-10-06
2025-08-07 15:23:24,869 - __main__ - INFO - Fetching data for period: 2024-10-07
2025-08-07 15:23:24,984 - __main__ - INFO - Fetching data for period: 2024-10-08
2025-08-07 15:23:25,113 - __main__ - INFO - Fetching data for period: 2024-10-09
2025-08-07 15:23:25,241 - __main__ - INFO - Fetching data for period: 2024-10-10
2025-08-07 15:23:25,380 - __main__ - INFO - Fetching data for period: 2024-10-11
2025-08-07 15:23:25,538 - __main__ - INFO - Fetching data for period: 2024-10-12
2025-08-07 15:23:25,677 - __main__ - INFO - Fetching data for period: 2024-10-13
2025-08-07 15:23:25,797 - __main__ - INFO - Fetching data for period: 2024-10-14
2025-08-07 15:23:25,930 - __main__ - INFO - Fetching data for period: 2024-10-15
2025-08-07 15:23:26,052 - __main__ - INFO - Fetching data for period: 2024-10-16
2025-08-07 15:23:26,167 - __main__ - INFO - Fetching data for period: 2024-10-17
2025-08-07 15:23:26,293 - __main__ - INFO - Fetching data for period: 2024-10-18
2025-08-07 15:23:26,422 - __main__ - INFO - Fetching data for period: 2024-10-19
2025-08-07 15:23:26,538 - __main__ - INFO - Fetching data for period: 2024-10-20
2025-08-07 15:23:26,685 - __main__ - INFO - Fetching data for period: 2024-10-21
2025-08-07 15:23:26,985 - __main__ - INFO - Fetching data for period: 2024-10-22
2025-08-07 15:23:27,110 - __main__ - INFO - Fetching data for period: 2024-10-23
2025-08-07 15:23:27,234 - __main__ - INFO - Fetching data for period: 2024-10-24
2025-08-07 15:23:27,353 - __main__ - INFO - Fetching data for period: 2024-10-25
2025-08-07 15:23:27,466 - __main__ - INFO - Fetching data for period: 2024-10-26
2025-08-07 15:23:27,587 - __main__ - INFO - Fetching data for period: 2024-10-27
2025-08-07 15:23:27,713 - __main__ - INFO - Fetching data for period: 2024-10-28
2025-08-07 15:23:27,846 - __main__ - INFO - Fetching data for period: 2024-10-29
2025-08-07 15:23:27,963 - __main__ - INFO - Fetching data for period: 2024-10-30
2025-08-07 15:23:28,127 - __main__ - INFO - Fetching data for period: 2024-10-31
2025-08-07 15:23:28,245 - __main__ - INFO - Fetching data for period: 2024-11-01
2025-08-07 15:23:28,374 - __main__ - INFO - Fetching data for period: 2024-11-02
2025-08-07 15:23:28,490 - __main__ - INFO - Fetching data for period: 2024-11-03
2025-08-07 15:23:28,624 - __main__ - INFO - Fetching data for period: 2024-11-04
2025-08-07 15:23:28,744 - __main__ - INFO - Fetching data for period: 2024-11-05
2025-08-07 15:23:28,881 - __main__ - INFO - Fetching data for period: 2024-11-06
2025-08-07 15:23:28,999 - __main__ - INFO - Fetching data for period: 2024-11-07
2025-08-07 15:23:29,115 - __main__ - INFO - Fetching data for period: 2024-11-08
2025-08-07 15:23:29,234 - __main__ - INFO - Fetching data for period: 2024-11-09
2025-08-07 15:23:29,351 - __main__ - INFO - Fetching data for period: 2024-11-10
2025-08-07 15:23:29,485 - __main__ - INFO - Fetching data for period: 2024-11-11
2025-08-07 15:23:29,599 - __main__ - INFO - Fetching data for period: 2024-11-12
2025-08-07 15:23:29,725 - __main__ - INFO - Fetching data for period: 2024-11-13
2025-08-07 15:23:29,844 - __main__ - INFO - Fetching data for period: 2024-11-14
2025-08-07 15:23:29,958 - __main__ - INFO - Fetching data for period: 2024-11-15
2025-08-07 15:23:30,105 - __main__ - INFO - Fetching data for period: 2024-11-16
2025-08-07 15:23:30,220 - __main__ - INFO - Fetching data for period: 2024-11-17
2025-08-07 15:23:30,361 - __main__ - INFO - Fetching data for period: 2024-11-18
2025-08-07 15:23:30,479 - __main__ - INFO - Fetching data for period: 2024-11-19
2025-08-07 15:23:30,608 - __main__ - INFO - Fetching data for period: 2024-11-20
2025-08-07 15:23:30,730 - __main__ - INFO - Fetching data for period: 2024-11-21
2025-08-07 15:23:30,847 - __main__ - INFO - Fetching data for period: 2024-11-22
2025-08-07 15:23:31,261 - __main__ - INFO - Fetching data for period: 2024-11-23
2025-08-07 15:23:31,461 - __main__ - INFO - Fetching data for period: 2024-11-24
2025-08-07 15:23:31,574 - __main__ - INFO - Fetching data for period: 2024-11-25
2025-08-07 15:23:31,691 - __main__ - INFO - Fetching data for period: 2024-11-26
2025-08-07 15:23:31,813 - __main__ - INFO - Fetching data for period: 2024-11-27
2025-08-07 15:23:31,950 - __main__ - INFO - Fetching data for period: 2024-11-28
2025-08-07 15:23:32,070 - __main__ - INFO - Fetching data for period: 2024-11-29
2025-08-07 15:23:32,200 - __main__ - INFO - Fetching data for period: 2024-11-30
2025-08-07 15:23:32,320 - __main__ - INFO - Fetching data for period: 2024-12-01
2025-08-07 15:23:32,477 - __main__ - INFO - Fetching data for period: 2024-12-02
2025-08-07 15:23:32,596 - __main__ - INFO - Fetching data for period: 2024-12-03
2025-08-07 15:23:32,718 - __main__ - INFO - Fetching data for period: 2024-12-04
2025-08-07 15:23:32,831 - __main__ - INFO - Fetching data for period: 2024-12-05
2025-08-07 15:23:32,944 - __main__ - INFO - Fetching data for period: 2024-12-06
2025-08-07 15:23:33,065 - __main__ - INFO - Fetching data for period: 2024-12-07
2025-08-07 15:23:33,155 - __main__ - INFO - Fetching data for period: 2024-12-08
2025-08-07 15:23:33,299 - __main__ - INFO - Fetching data for period: 2024-12-09
2025-08-07 15:23:33,415 - __main__ - INFO - Fetching data for period: 2024-12-10
2025-08-07 15:23:33,545 - __main__ - INFO - Fetching data for period: 2024-12-11
2025-08-07 15:23:33,669 - __main__ - INFO - Fetching data for period: 2024-12-12
2025-08-07 15:23:33,789 - __main__ - INFO - Fetching data for period: 2024-12-13
2025-08-07 15:23:33,907 - __main__ - INFO - Fetching data for period: 2024-12-14
2025-08-07 15:23:34,058 - __main__ - INFO - Fetching data for period: 2024-12-15
2025-08-07 15:23:34,193 - __main__ - INFO - Fetching data for period: 2024-12-16
2025-08-07 15:23:34,303 - __main__ - INFO - Fetching data for period: 2024-12-17
2025-08-07 15:23:34,421 - __main__ - INFO - Fetching data for period: 2024-12-18
2025-08-07 15:23:34,537 - __main__ - INFO - Fetching data for period: 2024-12-19
2025-08-07 15:23:34,667 - __main__ - INFO - Fetching data for period: 2024-12-20
2025-08-07 15:23:34,794 - __main__ - INFO - Fetching data for period: 2024-12-21
2025-08-07 15:23:34,925 - __main__ - INFO - Fetching data for period: 2024-12-22
2025-08-07 15:23:35,052 - __main__ - INFO - Fetching data for period: 2024-12-23
2025-08-07 15:23:35,201 - __main__ - INFO - Fetching data for period: 2024-12-24
2025-08-07 15:23:35,341 - __main__ - INFO - Fetching data for period: 2024-12-25
2025-08-07 15:23:35,465 - __main__ - INFO - Fetching data for period: 2024-12-26
2025-08-07 15:23:35,578 - __main__ - INFO - Fetching data for period: 2024-12-27
2025-08-07 15:23:35,702 - __main__ - INFO - Fetching data for period: 2024-12-28
2025-08-07 15:23:35,833 - __main__ - INFO - Fetching data for period: 2024-12-29
2025-08-07 15:23:35,955 - __main__ - INFO - Fetching data for period: 2024-12-30
2025-08-07 15:23:36,071 - __main__ - INFO - Fetching data for period: 2024-12-31
2025-08-07 15:23:36,187 - __main__ - INFO - Fetching data for period: 2025-01-01
2025-08-07 15:23:36,307 - __main__ - INFO - Fetching data for period: 2025-01-02
2025-08-07 15:23:36,427 - __main__ - INFO - Fetching data for period: 2025-01-03
2025-08-07 15:23:36,562 - __main__ - INFO - Fetching data for period: 2025-01-04
2025-08-07 15:23:36,732 - __main__ - INFO - Fetching data for period: 2025-01-05
2025-08-07 15:23:36,880 - __main__ - INFO - Fetching data for period: 2025-01-06
2025-08-07 15:23:37,001 - __main__ - INFO - Fetching data for period: 2025-01-07
2025-08-07 15:23:37,139 - __main__ - INFO - Fetching data for period: 2025-01-08
2025-08-07 15:23:37,260 - __main__ - INFO - Fetching data for period: 2025-01-09
2025-08-07 15:23:37,372 - __main__ - INFO - Fetching data for period: 2025-01-10
2025-08-07 15:23:37,488 - __main__ - INFO - Fetching data for period: 2025-01-11
2025-08-07 15:23:37,618 - __main__ - INFO - Fetching data for period: 2025-01-12
2025-08-07 15:23:37,800 - __main__ - INFO - Fetching data for period: 2025-01-13
2025-08-07 15:23:37,954 - __main__ - INFO - Fetching data for period: 2025-01-14
2025-08-07 15:23:38,074 - __main__ - INFO - Fetching data for period: 2025-01-15
2025-08-07 15:23:38,191 - __main__ - INFO - Fetching data for period: 2025-01-16
2025-08-07 15:23:38,309 - __main__ - INFO - Fetching data for period: 2025-01-17
2025-08-07 15:23:38,633 - __main__ - INFO - Fetching data for period: 2025-01-18
2025-08-07 15:23:38,745 - __main__ - INFO - Fetching data for period: 2025-01-19
2025-08-07 15:23:38,873 - __main__ - INFO - Fetching data for period: 2025-01-20
2025-08-07 15:23:39,001 - __main__ - INFO - Fetching data for period: 2025-01-21
2025-08-07 15:23:39,134 - __main__ - INFO - Fetching data for period: 2025-01-22
2025-08-07 15:23:39,259 - __main__ - INFO - Fetching data for period: 2025-01-23
2025-08-07 15:23:39,377 - __main__ - INFO - Fetching data for period: 2025-01-24
2025-08-07 15:23:39,502 - __main__ - INFO - Fetching data for period: 2025-01-25
2025-08-07 15:23:39,629 - __main__ - INFO - Fetching data for period: 2025-01-26
2025-08-07 15:23:39,758 - __main__ - INFO - Fetching data for period: 2025-01-27
2025-08-07 15:23:39,901 - __main__ - INFO - Fetching data for period: 2025-01-28
2025-08-07 15:23:40,024 - __main__ - INFO - Fetching data for period: 2025-01-29
2025-08-07 15:23:40,155 - __main__ - INFO - Fetching data for period: 2025-01-30
2025-08-07 15:23:40,270 - __main__ - INFO - Fetching data for period: 2025-01-31
2025-08-07 15:23:40,382 - __main__ - INFO - Fetching data for period: 2025-02-01
2025-08-07 15:23:40,498 - __main__ - INFO - Fetching data for period: 2025-02-02
2025-08-07 15:23:40,620 - __main__ - INFO - Fetching data for period: 2025-02-03
2025-08-07 15:23:40,730 - __main__ - INFO - Fetching data for period: 2025-02-04
2025-08-07 15:23:40,892 - __main__ - INFO - Fetching data for period: 2025-02-05
2025-08-07 15:23:41,008 - __main__ - INFO - Fetching data for period: 2025-02-06
2025-08-07 15:23:41,142 - __main__ - INFO - Fetching data for period: 2025-02-07
2025-08-07 15:23:41,261 - __main__ - INFO - Fetching data for period: 2025-02-08
2025-08-07 15:23:41,391 - __main__ - INFO - Fetching data for period: 2025-02-09
2025-08-07 15:23:41,529 - __main__ - INFO - Fetching data for period: 2025-02-10
2025-08-07 15:23:41,651 - __main__ - INFO - Fetching data for period: 2025-02-11
2025-08-07 15:23:41,771 - __main__ - INFO - Fetching data for period: 2025-02-12
2025-08-07 15:23:41,893 - __main__ - INFO - Fetching data for period: 2025-02-13
2025-08-07 15:23:42,015 - __main__ - INFO - Fetching data for period: 2025-02-14
2025-08-07 15:23:42,135 - __main__ - INFO - Fetching data for period: 2025-02-15
2025-08-07 15:23:42,255 - __main__ - INFO - Fetching data for period: 2025-02-16
2025-08-07 15:23:42,377 - __main__ - INFO - Fetching data for period: 2025-02-17
2025-08-07 15:23:42,504 - __main__ - INFO - Fetching data for period: 2025-02-18
2025-08-07 15:23:42,627 - __main__ - INFO - Fetching data for period: 2025-02-19
2025-08-07 15:23:42,755 - __main__ - INFO - Fetching data for period: 2025-02-20
2025-08-07 15:23:42,880 - __main__ - INFO - Fetching data for period: 2025-02-21
2025-08-07 15:23:43,001 - __main__ - INFO - Fetching data for period: 2025-02-22
2025-08-07 15:23:43,124 - __main__ - INFO - Fetching data for period: 2025-02-23
2025-08-07 15:23:43,245 - __main__ - INFO - Fetching data for period: 2025-02-24
2025-08-07 15:23:43,361 - __main__ - INFO - Fetching data for period: 2025-02-25
2025-08-07 15:23:43,479 - __main__ - INFO - Fetching data for period: 2025-02-26
2025-08-07 15:23:43,634 - __main__ - INFO - Fetching data for period: 2025-02-27
2025-08-07 15:23:43,760 - __main__ - INFO - Fetching data for period: 2025-02-28
2025-08-07 15:23:43,892 - __main__ - INFO - Fetching data for period: 2025-03-01
2025-08-07 15:23:44,017 - __main__ - INFO - Fetching data for period: 2025-03-02
2025-08-07 15:23:44,135 - __main__ - INFO - Fetching data for period: 2025-03-03
2025-08-07 15:23:44,269 - __main__ - INFO - Fetching data for period: 2025-03-04
2025-08-07 15:23:44,387 - __main__ - INFO - Fetching data for period: 2025-03-05
2025-08-07 15:23:44,517 - __main__ - INFO - Fetching data for period: 2025-03-06
2025-08-07 15:23:44,640 - __main__ - INFO - Fetching data for period: 2025-03-07
2025-08-07 15:23:44,764 - __main__ - INFO - Fetching data for period: 2025-03-08
2025-08-07 15:23:44,917 - __main__ - INFO - Fetching data for period: 2025-03-09
2025-08-07 15:23:45,047 - __main__ - INFO - Fetching data for period: 2025-03-10
2025-08-07 15:23:45,167 - __main__ - INFO - Fetching data for period: 2025-03-11
2025-08-07 15:23:45,293 - __main__ - INFO - Fetching data for period: 2025-03-12
2025-08-07 15:23:45,436 - __main__ - INFO - Fetching data for period: 2025-03-13
2025-08-07 15:23:45,559 - __main__ - INFO - Fetching data for period: 2025-03-14
2025-08-07 15:23:45,690 - __main__ - INFO - Fetching data for period: 2025-03-15
2025-08-07 15:23:45,813 - __main__ - INFO - Fetching data for period: 2025-03-16
2025-08-07 15:23:45,941 - __main__ - INFO - Fetching data for period: 2025-03-17
2025-08-07 15:23:46,075 - __main__ - INFO - Fetching data for period: 2025-03-18
2025-08-07 15:23:46,221 - __main__ - INFO - Fetching data for period: 2025-03-19
2025-08-07 15:23:46,352 - __main__ - INFO - Fetching data for period: 2025-03-20
2025-08-07 15:23:46,475 - __main__ - INFO - Fetching data for period: 2025-03-21
2025-08-07 15:23:46,597 - __main__ - INFO - Fetching data for period: 2025-03-22
2025-08-07 15:23:46,741 - __main__ - INFO - Fetching data for period: 2025-03-23
2025-08-07 15:23:46,861 - __main__ - INFO - Fetching data for period: 2025-03-24
2025-08-07 15:23:47,003 - __main__ - INFO - Fetching data for period: 2025-03-25
2025-08-07 15:23:47,156 - __main__ - INFO - Fetching data for period: 2025-03-26
2025-08-07 15:23:47,279 - __main__ - INFO - Fetching data for period: 2025-03-27
2025-08-07 15:23:47,430 - __main__ - INFO - Fetching data for period: 2025-03-28
2025-08-07 15:23:47,567 - __main__ - INFO - Fetching data for period: 2025-03-29
2025-08-07 15:23:47,691 - __main__ - INFO - Fetching data for period: 2025-03-30
2025-08-07 15:23:47,848 - __main__ - INFO - Fetching data for period: 2025-03-31
2025-08-07 15:23:47,990 - __main__ - INFO - Fetching data for period: 2025-04-01
2025-08-07 15:23:48,144 - __main__ - INFO - Fetching data for period: 2025-04-02
2025-08-07 15:23:48,312 - __main__ - INFO - Fetching data for period: 2025-04-03
2025-08-07 15:23:48,480 - __main__ - INFO - Fetching data for period: 2025-04-04
2025-08-07 15:23:48,673 - __main__ - INFO - Fetching data for period: 2025-04-05
2025-08-07 15:23:48,840 - __main__ - INFO - Fetching data for period: 2025-04-06
2025-08-07 15:23:49,038 - __main__ - INFO - Fetching data for period: 2025-04-07
2025-08-07 15:23:49,285 - __main__ - INFO - Fetching data for period: 2025-04-08
2025-08-07 15:23:49,449 - __main__ - INFO - Fetching data for period: 2025-04-09
2025-08-07 15:23:49,634 - __main__ - INFO - Fetching data for period: 2025-04-10
2025-08-07 15:23:49,808 - __main__ - INFO - Fetching data for period: 2025-04-11
2025-08-07 15:23:49,986 - __main__ - INFO - Fetching data for period: 2025-04-12
2025-08-07 15:23:50,170 - __main__ - INFO - Fetching data for period: 2025-04-13
2025-08-07 15:23:50,362 - __main__ - INFO - Fetching data for period: 2025-04-14
2025-08-07 15:23:50,884 - __main__ - INFO - Fetching data for period: 2025-04-15
2025-08-07 15:23:51,028 - __main__ - INFO - Fetching data for period: 2025-04-16
2025-08-07 15:23:51,155 - __main__ - INFO - Fetching data for period: 2025-04-17
2025-08-07 15:23:51,298 - __main__ - INFO - Fetching data for period: 2025-04-18
2025-08-07 15:23:51,563 - __main__ - INFO - Fetching data for period: 2025-04-19
2025-08-07 15:23:51,695 - __main__ - INFO - Fetching data for period: 2025-04-20
2025-08-07 15:23:51,829 - __main__ - INFO - Fetching data for period: 2025-04-21
2025-08-07 15:23:51,987 - __main__ - INFO - Fetching data for period: 2025-04-22
2025-08-07 15:23:52,132 - __main__ - INFO - Fetching data for period: 2025-04-23
2025-08-07 15:23:52,254 - __main__ - INFO - Fetching data for period: 2025-04-24
2025-08-07 15:23:52,375 - __main__ - INFO - Fetching data for period: 2025-04-25
2025-08-07 15:23:52,556 - __main__ - INFO - Fetching data for period: 2025-04-26
2025-08-07 15:23:52,922 - __main__ - INFO - Fetching data for period: 2025-04-27
2025-08-07 15:23:53,161 - __main__ - INFO - Fetching data for period: 2025-04-28
2025-08-07 15:23:53,317 - __main__ - INFO - Fetching data for period: 2025-04-29
2025-08-07 15:23:53,700 - __main__ - INFO - Fetching data for period: 2025-04-30
2025-08-07 15:23:53,861 - __main__ - INFO - Fetching data for period: 2025-05-01
2025-08-07 15:23:54,011 - __main__ - INFO - Fetching data for period: 2025-05-02
2025-08-07 15:23:54,416 - __main__ - INFO - Fetching data for period: 2025-05-03
2025-08-07 15:23:54,595 - __main__ - INFO - Fetching data for period: 2025-05-04
2025-08-07 15:23:54,760 - __main__ - INFO - Fetching data for period: 2025-05-05
2025-08-07 15:23:54,938 - __main__ - INFO - Fetching data for period: 2025-05-06
2025-08-07 15:23:55,112 - __main__ - INFO - Fetching data for period: 2025-05-07
2025-08-07 15:23:55,282 - __main__ - INFO - Fetching data for period: 2025-05-08
2025-08-07 15:23:55,457 - __main__ - INFO - Fetching data for period: 2025-05-09
2025-08-07 15:23:55,669 - __main__ - INFO - Fetching data for period: 2025-05-10
2025-08-07 15:23:55,848 - __main__ - INFO - Fetching data for period: 2025-05-11
2025-08-07 15:23:56,019 - __main__ - INFO - Fetching data for period: 2025-05-12
2025-08-07 15:23:56,179 - __main__ - INFO - Fetching data for period: 2025-05-13
2025-08-07 15:23:56,373 - __main__ - INFO - Fetching data for period: 2025-05-14
2025-08-07 15:23:56,525 - __main__ - INFO - Fetching data for period: 2025-05-15
2025-08-07 15:23:56,681 - __main__ - INFO - Fetching data for period: 2025-05-16
2025-08-07 15:23:56,868 - __main__ - INFO - Fetching data for period: 2025-05-17
2025-08-07 15:23:57,023 - __main__ - INFO - Fetching data for period: 2025-05-18
2025-08-07 15:23:57,218 - __main__ - INFO - Fetching data for period: 2025-05-19
2025-08-07 15:23:57,365 - __main__ - INFO - Fetching data for period: 2025-05-20
2025-08-07 15:23:57,539 - __main__ - INFO - Fetching data for period: 2025-05-21
2025-08-07 15:23:57,682 - __main__ - INFO - Fetching data for period: 2025-05-22
2025-08-07 15:23:57,836 - __main__ - INFO - Fetching data for period: 2025-05-23
2025-08-07 15:23:57,984 - __main__ - INFO - Fetching data for period: 2025-05-24
2025-08-07 15:23:58,167 - __main__ - INFO - Fetching data for period: 2025-05-25
2025-08-07 15:23:58,333 - __main__ - INFO - Fetching data for period: 2025-05-26
2025-08-07 15:23:58,700 - __main__ - INFO - Fetching data for period: 2025-05-27
2025-08-07 15:23:58,875 - __main__ - INFO - Fetching data for period: 2025-05-28
2025-08-07 15:23:59,045 - __main__ - INFO - Fetching data for period: 2025-05-29
2025-08-07 15:23:59,221 - __main__ - INFO - Fetching data for period: 2025-05-30
2025-08-07 15:23:59,423 - __main__ - INFO - Fetching data for period: 2025-05-31
2025-08-07 15:23:59,671 - __main__ - INFO - Fetching data for period: 2025-06-01
2025-08-07 15:24:00,009 - __main__ - INFO - Fetching data for period: 2025-06-02
2025-08-07 15:24:00,216 - __main__ - INFO - Fetching data for period: 2025-06-03
2025-08-07 15:24:00,487 - __main__ - INFO - Fetching data for period: 2025-06-04
2025-08-07 15:24:00,613 - __main__ - INFO - Fetching data for period: 2025-06-05
2025-08-07 15:24:00,757 - __main__ - INFO - Fetching data for period: 2025-06-06
2025-08-07 15:24:00,988 - __main__ - INFO - Fetching data for period: 2025-06-07
2025-08-07 15:24:01,252 - __main__ - INFO - Fetching data for period: 2025-06-08
2025-08-07 15:24:01,402 - __main__ - INFO - Fetching data for period: 2025-06-09
2025-08-07 15:24:01,743 - __main__ - INFO - Fetching data for period: 2025-06-10
2025-08-07 15:24:01,940 - __main__ - INFO - Fetching data for period: 2025-06-11
2025-08-07 15:24:02,253 - __main__ - INFO - Fetching data for period: 2025-06-12
2025-08-07 15:24:02,412 - __main__ - INFO - Fetching data for period: 2025-06-13
2025-08-07 15:24:02,591 - __main__ - INFO - Fetching data for period: 2025-06-14
2025-08-07 15:24:02,937 - __main__ - INFO - Fetching data for period: 2025-06-15
2025-08-07 15:24:03,105 - __main__ - INFO - Fetching data for period: 2025-06-16
2025-08-07 15:24:03,297 - __main__ - INFO - Fetching data for period: 2025-06-17
2025-08-07 15:24:03,464 - __main__ - INFO - Fetching data for period: 2025-06-18
2025-08-07 15:24:03,613 - __main__ - INFO - Fetching data for period: 2025-06-19
2025-08-07 15:24:03,782 - __main__ - INFO - Fetching data for period: 2025-06-20
2025-08-07 15:24:03,955 - __main__ - INFO - Fetching data for period: 2025-06-21
2025-08-07 15:24:04,141 - __main__ - INFO - Fetching data for period: 2025-06-22
2025-08-07 15:24:04,330 - __main__ - INFO - Fetching data for period: 2025-06-23
2025-08-07 15:24:04,513 - __main__ - INFO - Fetching data for period: 2025-06-24
2025-08-07 15:24:04,662 - __main__ - INFO - Fetching data for period: 2025-06-25
2025-08-07 15:24:04,816 - __main__ - INFO - Fetching data for period: 2025-06-26
2025-08-07 15:24:04,975 - __main__ - INFO - Fetching data for period: 2025-06-27
2025-08-07 15:24:05,133 - __main__ - INFO - Fetching data for period: 2025-06-28
2025-08-07 15:24:05,507 - __main__ - INFO - Fetching data for period: 2025-06-29
2025-08-07 15:24:05,873 - __main__ - INFO - Fetching data for period: 2025-06-30
2025-08-07 15:24:06,041 - __main__ - INFO - Fetching data for period: 2025-07-01
2025-08-07 15:24:06,201 - __main__ - INFO - Fetching data for period: 2025-07-02
2025-08-07 15:24:06,370 - __main__ - INFO - Fetching data for period: 2025-07-03
2025-08-07 15:24:06,524 - __main__ - INFO - Fetching data for period: 2025-07-04
2025-08-07 15:24:06,678 - __main__ - INFO - Fetching data for period: 2025-07-05
2025-08-07 15:24:06,846 - __main__ - INFO - Fetching data for period: 2025-07-06
2025-08-07 15:24:07,024 - __main__ - INFO - Fetching data for period: 2025-07-07
2025-08-07 15:24:07,163 - __main__ - INFO - Fetching data for period: 2025-07-08
2025-08-07 15:24:07,325 - __main__ - INFO - Fetching data for period: 2025-07-09
2025-08-07 15:24:07,487 - __main__ - INFO - Fetching data for period: 2025-07-10
2025-08-07 15:24:07,679 - __main__ - INFO - Fetching data for period: 2025-07-11
2025-08-07 15:24:07,847 - __main__ - INFO - Fetching data for period: 2025-07-12
2025-08-07 15:24:08,194 - __main__ - INFO - Fetching data for period: 2025-07-13
2025-08-07 15:24:08,372 - __main__ - INFO - Fetching data for period: 2025-07-14
2025-08-07 15:24:08,721 - __main__ - INFO - Fetching data for period: 2025-07-15
2025-08-07 15:24:08,891 - __main__ - INFO - Fetching data for period: 2025-07-16
2025-08-07 15:24:09,044 - __main__ - INFO - Fetching data for period: 2025-07-17
2025-08-07 15:24:09,216 - __main__ - INFO - Fetching data for period: 2025-07-18
2025-08-07 15:24:09,377 - __main__ - INFO - Fetching data for period: 2025-07-19
2025-08-07 15:24:09,540 - __main__ - INFO - Fetching data for period: 2025-07-20
2025-08-07 15:24:09,713 - __main__ - INFO - Fetching data for period: 2025-07-21
2025-08-07 15:24:09,884 - __main__ - INFO - Fetching data for period: 2025-07-22
2025-08-07 15:24:10,072 - __main__ - INFO - Fetching data for period: 2025-07-23
2025-08-07 15:24:10,429 - __main__ - INFO - Fetching data for period: 2025-07-24
2025-08-07 15:24:10,609 - __main__ - INFO - Fetching data for period: 2025-07-25
2025-08-07 15:24:10,801 - __main__ - INFO - Fetching data for period: 2025-07-26
2025-08-07 15:24:10,968 - __main__ - INFO - Fetching data for period: 2025-07-27
2025-08-07 15:24:11,152 - __main__ - INFO - Fetching data for period: 2025-07-28
2025-08-07 15:24:11,511 - __main__ - INFO - Fetching data for period: 2025-07-29
2025-08-07 15:24:11,664 - __main__ - INFO - Fetching data for period: 2025-07-30
2025-08-07 15:24:12,025 - __main__ - INFO - Fetching data for period: 2025-07-31
2025-08-07 15:24:12,195 - __main__ - INFO - Fetching data for period: 2025-08-01
2025-08-07 15:24:12,382 - __main__ - INFO - Fetching data for period: 2025-08-02
2025-08-07 15:24:12,537 - __main__ - INFO - Fetching data for period: 2025-08-03
2025-08-07 15:24:12,706 - __main__ - INFO - Fetching data for period: 2025-08-04
2025-08-07 15:24:12,869 - __main__ - INFO - Fetching data for period: 2025-08-05
2025-08-07 15:24:12,962 - __main__ - INFO - Fetching data for period: 2025-08-06
2025-08-07 15:24:13,095 - __main__ - INFO - Fetching data for period: 2025-08-07
2025-08-07 15:24:38,428 - __main__ - INFO - Fetching data for period: 2024-01-01
2025-08-07 15:24:38,902 - __main__ - INFO - Fetching data for period: 2024-01-02
2025-08-07 15:24:39,374 - __main__ - INFO - Fetching data for period: 2024-01-03
2025-08-07 15:24:39,862 - __main__ - INFO - Fetching data for period: 2024-01-04
2025-08-07 15:24:40,381 - __main__ - INFO - Fetching data for period: 2024-01-05
2025-08-07 15:24:40,831 - __main__ - INFO - Fetching data for period: 2024-01-06
2025-08-07 15:24:41,282 - __main__ - INFO - Fetching data for period: 2024-01-07
2025-08-07 15:24:41,844 - __main__ - INFO - Fetching data for period: 2024-01-08
2025-08-07 15:24:42,306 - __main__ - INFO - Fetching data for period: 2024-01-09
2025-08-07 15:24:42,816 - __main__ - INFO - Fetching data for period: 2024-01-10
2025-08-07 15:24:43,293 - __main__ - INFO - Fetching data for period: 2024-01-11
2025-08-07 15:24:43,852 - __main__ - INFO - Fetching data for period: 2024-01-12
2025-08-07 15:24:44,362 - __main__ - INFO - Fetching data for period: 2024-01-13
2025-08-07 15:24:44,949 - __main__ - INFO - Fetching data for period: 2024-01-14
2025-08-07 15:24:45,620 - __main__ - INFO - Fetching data for period: 2024-01-15
2025-08-07 15:24:46,074 - __main__ - INFO - Fetching data for period: 2024-01-16
2025-08-07 15:24:46,604 - __main__ - INFO - Fetching data for period: 2024-01-17
2025-08-07 15:24:47,087 - __main__ - INFO - Fetching data for period: 2024-01-18
2025-08-07 15:24:47,547 - __main__ - INFO - Fetching data for period: 2024-01-19
2025-08-07 15:24:48,078 - __main__ - INFO - Fetching data for period: 2024-01-20
2025-08-07 15:24:48,675 - __main__ - INFO - Fetching data for period: 2024-01-21
2025-08-07 15:24:49,161 - __main__ - INFO - Fetching data for period: 2024-01-22
2025-08-07 15:24:49,687 - __main__ - INFO - Fetching data for period: 2024-01-23
2025-08-07 15:24:50,195 - __main__ - INFO - Fetching data for period: 2024-01-24
2025-08-07 15:24:50,719 - __main__ - INFO - Fetching data for period: 2024-01-25
2025-08-07 15:24:51,232 - __main__ - INFO - Fetching data for period: 2024-01-26
2025-08-07 15:24:51,737 - __main__ - INFO - Fetching data for period: 2024-01-27
2025-08-07 15:24:52,232 - __main__ - INFO - Fetching data for period: 2024-01-28
2025-08-07 15:24:52,719 - __main__ - INFO - Fetching data for period: 2024-01-29
2025-08-07 15:24:53,184 - __main__ - INFO - Fetching data for period: 2024-01-30
2025-08-07 15:24:53,650 - __main__ - INFO - Fetching data for period: 2024-01-31
2025-08-07 15:24:54,226 - __main__ - INFO - Fetching data for period: 2024-02-01
2025-08-07 15:24:54,671 - __main__ - INFO - Fetching data for period: 2024-02-02
2025-08-07 15:24:55,155 - __main__ - INFO - Fetching data for period: 2024-02-03
2025-08-07 15:24:55,614 - __main__ - INFO - Fetching data for period: 2024-02-04
2025-08-07 15:24:56,052 - __main__ - INFO - Fetching data for period: 2024-02-05
2025-08-07 15:24:56,515 - __main__ - INFO - Fetching data for period: 2024-02-06
2025-08-07 15:24:56,957 - __main__ - INFO - Fetching data for period: 2024-02-07
2025-08-07 15:24:57,408 - __main__ - INFO - Fetching data for period: 2024-02-08
2025-08-07 15:24:57,905 - __main__ - INFO - Fetching data for period: 2024-02-09
2025-08-07 15:24:58,428 - __main__ - INFO - Fetching data for period: 2024-02-10
2025-08-07 15:24:58,899 - __main__ - INFO - Fetching data for period: 2024-02-11
2025-08-07 15:24:59,493 - __main__ - INFO - Fetching data for period: 2024-02-12
2025-08-07 15:25:00,034 - __main__ - INFO - Fetching data for period: 2024-02-13
2025-08-07 15:25:00,594 - __main__ - INFO - Fetching data for period: 2024-02-14
2025-08-07 15:25:01,059 - __main__ - INFO - Fetching data for period: 2024-02-15
2025-08-07 15:25:01,507 - __main__ - INFO - Fetching data for period: 2024-02-16
2025-08-07 15:25:01,961 - __main__ - INFO - Fetching data for period: 2024-02-17
2025-08-07 15:25:02,441 - __main__ - INFO - Fetching data for period: 2024-02-18
2025-08-07 15:25:02,930 - __main__ - INFO - Fetching data for period: 2024-02-19
2025-08-07 15:25:03,403 - __main__ - INFO - Fetching data for period: 2024-02-20
2025-08-07 15:25:03,918 - __main__ - INFO - Fetching data for period: 2024-02-21
2025-08-07 15:25:04,417 - __main__ - INFO - Fetching data for period: 2024-02-22
2025-08-07 15:25:04,897 - __main__ - INFO - Fetching data for period: 2024-02-23
2025-08-07 15:25:05,374 - __main__ - INFO - Fetching data for period: 2024-02-24
2025-08-07 15:25:05,819 - __main__ - INFO - Fetching data for period: 2024-02-25
2025-08-07 15:25:06,330 - __main__ - INFO - Fetching data for period: 2024-02-26
2025-08-07 15:25:06,916 - __main__ - INFO - Fetching data for period: 2024-02-27
2025-08-07 15:25:07,373 - __main__ - INFO - Fetching data for period: 2024-02-28
2025-08-07 15:25:07,836 - __main__ - INFO - Fetching data for period: 2024-02-29
2025-08-07 15:25:08,342 - __main__ - INFO - Fetching data for period: 2024-03-01
2025-08-07 15:25:08,810 - __main__ - INFO - Fetching data for period: 2024-03-02
2025-08-07 15:25:09,352 - __main__ - INFO - Fetching data for period: 2024-03-03
2025-08-07 15:25:09,821 - __main__ - INFO - Fetching data for period: 2024-03-04
2025-08-07 15:25:10,368 - __main__ - INFO - Fetching data for period: 2024-03-05
2025-08-07 15:25:10,849 - __main__ - INFO - Fetching data for period: 2024-03-06
2025-08-07 15:25:11,300 - __main__ - INFO - Fetching data for period: 2024-03-07
2025-08-07 15:25:11,750 - __main__ - INFO - Fetching data for period: 2024-03-08
2025-08-07 15:25:12,396 - __main__ - INFO - Fetching data for period: 2024-03-09
2025-08-07 15:25:12,895 - __main__ - INFO - Fetching data for period: 2024-03-10
2025-08-07 15:25:13,419 - __main__ - INFO - Fetching data for period: 2024-03-11
2025-08-07 15:25:13,972 - __main__ - INFO - Fetching data for period: 2024-03-12
2025-08-07 15:25:14,358 - __main__ - INFO - Fetching data for period: 2024-03-13
2025-08-07 15:25:14,738 - __main__ - INFO - Fetching data for period: 2024-03-14
2025-08-07 15:25:15,409 - __main__ - INFO - Fetching data for period: 2024-03-15
2025-08-07 15:25:15,849 - __main__ - INFO - Fetching data for period: 2024-03-16
2025-08-07 15:25:16,252 - __main__ - INFO - Fetching data for period: 2024-03-17
2025-08-07 15:25:16,644 - __main__ - INFO - Fetching data for period: 2024-03-18
2025-08-07 15:25:17,049 - __main__ - INFO - Fetching data for period: 2024-03-19
2025-08-07 15:25:17,437 - __main__ - INFO - Fetching data for period: 2024-03-20
2025-08-07 15:25:17,813 - __main__ - INFO - Fetching data for period: 2024-03-21
2025-08-07 15:25:18,245 - __main__ - INFO - Fetching data for period: 2024-03-22
2025-08-07 15:25:18,621 - __main__ - INFO - Fetching data for period: 2024-03-23
2025-08-07 15:25:19,024 - __main__ - INFO - Fetching data for period: 2024-03-24
2025-08-07 15:25:19,444 - __main__ - INFO - Fetching data for period: 2024-03-25
2025-08-07 15:25:19,849 - __main__ - INFO - Fetching data for period: 2024-03-26
2025-08-07 15:25:20,259 - __main__ - INFO - Fetching data for period: 2024-03-27
2025-08-07 15:25:20,642 - __main__ - INFO - Fetching data for period: 2024-03-28
2025-08-07 15:25:21,132 - __main__ - INFO - Fetching data for period: 2024-03-29
2025-08-07 15:25:21,491 - __main__ - INFO - Fetching data for period: 2024-03-30
2025-08-07 15:25:21,913 - __main__ - INFO - Fetching data for period: 2024-03-31
2025-08-07 15:25:22,304 - __main__ - INFO - Fetching data for period: 2024-04-01
2025-08-07 15:25:22,672 - __main__ - INFO - Fetching data for period: 2024-04-02
2025-08-07 15:25:23,043 - __main__ - INFO - Fetching data for period: 2024-04-03
2025-08-07 15:25:23,464 - __main__ - INFO - Fetching data for period: 2024-04-04
2025-08-07 15:25:23,867 - __main__ - INFO - Fetching data for period: 2024-04-05
2025-08-07 15:25:24,256 - __main__ - INFO - Fetching data for period: 2024-04-06
2025-08-07 15:25:24,609 - __main__ - INFO - Fetching data for period: 2024-04-07
2025-08-07 15:25:24,988 - __main__ - INFO - Fetching data for period: 2024-04-08
2025-08-07 15:25:25,344 - __main__ - INFO - Fetching data for period: 2024-04-09
2025-08-07 15:25:25,743 - __main__ - INFO - Fetching data for period: 2024-04-10
2025-08-07 15:25:26,202 - __main__ - INFO - Fetching data for period: 2024-04-11
2025-08-07 15:25:26,583 - __main__ - INFO - Fetching data for period: 2024-04-12
2025-08-07 15:25:27,023 - __main__ - INFO - Fetching data for period: 2024-04-13
2025-08-07 15:25:27,419 - __main__ - INFO - Fetching data for period: 2024-04-14
2025-08-07 15:25:27,820 - __main__ - INFO - Fetching data for period: 2024-04-15
2025-08-07 15:25:28,175 - __main__ - INFO - Fetching data for period: 2024-04-16
2025-08-07 15:25:28,573 - __main__ - INFO - Fetching data for period: 2024-04-17
2025-08-07 15:25:28,949 - __main__ - INFO - Fetching data for period: 2024-04-18
2025-08-07 15:25:29,341 - __main__ - INFO - Fetching data for period: 2024-04-19
2025-08-07 15:25:29,775 - __main__ - INFO - Fetching data for period: 2024-04-20
2025-08-07 15:25:30,156 - __main__ - INFO - Fetching data for period: 2024-04-21
2025-08-07 15:25:30,516 - __main__ - INFO - Fetching data for period: 2024-04-22
2025-08-07 15:25:30,948 - __main__ - INFO - Fetching data for period: 2024-04-23
2025-08-07 15:25:31,325 - __main__ - INFO - Fetching data for period: 2024-04-24
2025-08-07 15:25:31,708 - __main__ - INFO - Fetching data for period: 2024-04-25
2025-08-07 15:25:32,079 - __main__ - INFO - Fetching data for period: 2024-04-26
2025-08-07 15:25:32,458 - __main__ - INFO - Fetching data for period: 2024-04-27
2025-08-07 15:25:32,831 - __main__ - INFO - Fetching data for period: 2024-04-28
2025-08-07 15:25:33,233 - __main__ - INFO - Fetching data for period: 2024-04-29
2025-08-07 15:25:33,613 - __main__ - INFO - Fetching data for period: 2024-04-30
2025-08-07 15:25:34,166 - __main__ - INFO - Fetching data for period: 2024-05-01
2025-08-07 15:25:34,530 - __main__ - INFO - Fetching data for period: 2024-05-02
2025-08-07 15:25:34,988 - __main__ - INFO - Fetching data for period: 2024-05-03
2025-08-07 15:25:35,408 - __main__ - INFO - Fetching data for period: 2024-05-04
2025-08-07 15:25:35,897 - __main__ - INFO - Fetching data for period: 2024-05-05
2025-08-07 15:25:36,318 - __main__ - INFO - Fetching data for period: 2024-05-06
2025-08-07 15:25:36,774 - __main__ - INFO - Fetching data for period: 2024-05-07
2025-08-07 15:25:37,174 - __main__ - INFO - Fetching data for period: 2024-05-08
2025-08-07 15:25:37,626 - __main__ - INFO - Fetching data for period: 2024-05-09
2025-08-07 15:25:38,009 - __main__ - INFO - Fetching data for period: 2024-05-10
2025-08-07 15:25:38,379 - __main__ - INFO - Fetching data for period: 2024-05-11
2025-08-07 15:25:38,767 - __main__ - INFO - Fetching data for period: 2024-05-12
2025-08-07 15:25:39,133 - __main__ - INFO - Fetching data for period: 2024-05-13
2025-08-07 15:25:39,507 - __main__ - INFO - Fetching data for period: 2024-05-14
2025-08-07 15:25:39,875 - __main__ - INFO - Fetching data for period: 2024-05-15
2025-08-07 15:25:40,246 - __main__ - INFO - Fetching data for period: 2024-05-16
2025-08-07 15:25:40,656 - __main__ - INFO - Fetching data for period: 2024-05-17
2025-08-07 15:25:41,008 - __main__ - INFO - Fetching data for period: 2024-05-18
2025-08-07 15:25:41,396 - __main__ - INFO - Fetching data for period: 2024-05-19
2025-08-07 15:25:41,777 - __main__ - INFO - Fetching data for period: 2024-05-20
2025-08-07 15:25:42,189 - __main__ - INFO - Fetching data for period: 2024-05-21
2025-08-07 15:25:42,601 - __main__ - INFO - Fetching data for period: 2024-05-22
2025-08-07 15:25:43,000 - __main__ - INFO - Fetching data for period: 2024-05-23
2025-08-07 15:25:43,364 - __main__ - INFO - Fetching data for period: 2024-05-24
2025-08-07 15:25:47,480 - __main__ - INFO - Fetching data for period: 2024-05-25
2025-08-07 15:25:47,864 - __main__ - INFO - Fetching data for period: 2024-05-26
2025-08-07 15:25:48,328 - __main__ - INFO - Fetching data for period: 2024-05-27
2025-08-07 15:25:48,741 - __main__ - INFO - Fetching data for period: 2024-05-28
2025-08-07 15:25:49,127 - __main__ - INFO - Fetching data for period: 2024-05-29
2025-08-07 15:25:49,508 - __main__ - INFO - Fetching data for period: 2024-05-30
2025-08-07 15:25:49,908 - __main__ - INFO - Fetching data for period: 2024-05-31
2025-08-07 15:25:50,284 - __main__ - INFO - Fetching data for period: 2024-06-01
2025-08-07 15:25:50,699 - __main__ - INFO - Fetching data for period: 2024-06-02
2025-08-07 15:25:51,156 - __main__ - INFO - Fetching data for period: 2024-06-03
2025-08-07 15:25:51,649 - __main__ - INFO - Fetching data for period: 2024-06-04
2025-08-07 15:25:52,008 - __main__ - INFO - Fetching data for period: 2024-06-05
2025-08-07 15:25:52,394 - __main__ - INFO - Fetching data for period: 2024-06-06
2025-08-07 15:25:52,802 - __main__ - INFO - Fetching data for period: 2024-06-07
2025-08-07 15:25:53,169 - __main__ - INFO - Fetching data for period: 2024-06-08
2025-08-07 15:25:53,714 - __main__ - INFO - Fetching data for period: 2024-06-09
2025-08-07 15:25:54,074 - __main__ - INFO - Fetching data for period: 2024-06-10
2025-08-07 15:25:54,441 - __main__ - INFO - Fetching data for period: 2024-06-11
2025-08-07 15:25:54,834 - __main__ - INFO - Fetching data for period: 2024-06-12
2025-08-07 15:25:55,227 - __main__ - INFO - Fetching data for period: 2024-06-13
2025-08-07 15:25:55,605 - __main__ - INFO - Fetching data for period: 2024-06-14
2025-08-07 15:25:56,003 - __main__ - INFO - Fetching data for period: 2024-06-15
2025-08-07 15:25:56,504 - __main__ - INFO - Fetching data for period: 2024-06-16
2025-08-07 15:25:56,941 - __main__ - INFO - Fetching data for period: 2024-06-17
2025-08-07 15:25:57,351 - __main__ - INFO - Fetching data for period: 2024-06-18
2025-08-07 15:25:57,788 - __main__ - INFO - Fetching data for period: 2024-06-19
2025-08-07 15:25:58,157 - __main__ - INFO - Fetching data for period: 2024-06-20
2025-08-07 15:25:58,536 - __main__ - INFO - Fetching data for period: 2024-06-21
2025-08-07 15:25:58,914 - __main__ - INFO - Fetching data for period: 2024-06-22
2025-08-07 15:25:59,359 - __main__ - INFO - Fetching data for period: 2024-06-23
2025-08-07 15:25:59,832 - __main__ - INFO - Fetching data for period: 2024-06-24
2025-08-07 15:26:00,365 - __main__ - INFO - Fetching data for period: 2024-06-25
2025-08-07 15:26:00,767 - __main__ - INFO - Fetching data for period: 2024-06-26
2025-08-07 15:26:01,166 - __main__ - INFO - Fetching data for period: 2024-06-27
2025-08-07 15:26:01,546 - __main__ - INFO - Fetching data for period: 2024-06-28
2025-08-07 15:26:01,953 - __main__ - INFO - Fetching data for period: 2024-06-29
2025-08-07 15:26:02,318 - __main__ - INFO - Fetching data for period: 2024-06-30
2025-08-07 15:26:02,705 - __main__ - INFO - Fetching data for period: 2024-07-01
2025-08-07 15:26:03,106 - __main__ - INFO - Fetching data for period: 2024-07-02
2025-08-07 15:26:03,534 - __main__ - INFO - Fetching data for period: 2024-07-03
2025-08-07 15:26:03,907 - __main__ - INFO - Fetching data for period: 2024-07-04
2025-08-07 15:26:04,301 - __main__ - INFO - Fetching data for period: 2024-07-05
2025-08-07 15:26:04,680 - __main__ - INFO - Fetching data for period: 2024-07-06
2025-08-07 15:26:05,116 - __main__ - INFO - Fetching data for period: 2024-07-07
2025-08-07 15:26:05,568 - __main__ - INFO - Fetching data for period: 2024-07-08
2025-08-07 15:26:05,928 - __main__ - INFO - Fetching data for period: 2024-07-09
2025-08-07 15:26:06,310 - __main__ - INFO - Fetching data for period: 2024-07-10
2025-08-07 15:26:06,693 - __main__ - INFO - Fetching data for period: 2024-07-11
2025-08-07 15:26:07,051 - __main__ - INFO - Fetching data for period: 2024-07-12
2025-08-07 15:26:07,438 - __main__ - INFO - Fetching data for period: 2024-07-13
2025-08-07 15:26:07,852 - __main__ - INFO - Fetching data for period: 2024-07-14
2025-08-07 15:26:08,228 - __main__ - INFO - Fetching data for period: 2024-07-15
2025-08-07 15:26:08,634 - __main__ - INFO - Fetching data for period: 2024-07-16
2025-08-07 15:26:08,989 - __main__ - INFO - Fetching data for period: 2024-07-17
2025-08-07 15:26:09,390 - __main__ - INFO - Fetching data for period: 2024-07-18
2025-08-07 15:26:09,789 - __main__ - INFO - Fetching data for period: 2024-07-19
2025-08-07 15:26:10,243 - __main__ - INFO - Fetching data for period: 2024-07-20
2025-08-07 15:26:10,608 - __main__ - INFO - Fetching data for period: 2024-07-21
2025-08-07 15:26:11,041 - __main__ - INFO - Fetching data for period: 2024-07-22
2025-08-07 15:26:11,513 - __main__ - INFO - Fetching data for period: 2024-07-23
2025-08-07 15:26:11,886 - __main__ - INFO - Fetching data for period: 2024-07-24
2025-08-07 15:26:12,288 - __main__ - INFO - Fetching data for period: 2024-07-25
2025-08-07 15:26:12,637 - __main__ - INFO - Fetching data for period: 2024-07-26
2025-08-07 15:26:13,013 - __main__ - INFO - Fetching data for period: 2024-07-27
2025-08-07 15:26:13,436 - __main__ - INFO - Fetching data for period: 2024-07-28
2025-08-07 15:26:13,811 - __main__ - INFO - Fetching data for period: 2024-07-29
2025-08-07 15:26:14,174 - __main__ - INFO - Fetching data for period: 2024-07-30
2025-08-07 15:26:14,555 - __main__ - INFO - Fetching data for period: 2024-07-31
2025-08-07 15:26:14,938 - __main__ - INFO - Fetching data for period: 2024-08-01
2025-08-07 15:26:15,312 - __main__ - INFO - Fetching data for period: 2024-08-02
2025-08-07 15:26:15,732 - __main__ - INFO - Fetching data for period: 2024-08-03
2025-08-07 15:26:16,186 - __main__ - INFO - Fetching data for period: 2024-08-04
2025-08-07 15:26:16,573 - __main__ - INFO - Fetching data for period: 2024-08-05
2025-08-07 15:26:16,920 - __main__ - INFO - Fetching data for period: 2024-08-06
2025-08-07 15:26:17,319 - __main__ - INFO - Fetching data for period: 2024-08-07
2025-08-07 15:26:17,686 - __main__ - INFO - Fetching data for period: 2024-08-08
2025-08-07 15:26:18,103 - __main__ - INFO - Fetching data for period: 2024-08-09
2025-08-07 15:26:18,506 - __main__ - INFO - Fetching data for period: 2024-08-10
2025-08-07 15:26:18,872 - __main__ - INFO - Fetching data for period: 2024-08-11
2025-08-07 15:26:19,254 - __main__ - INFO - Fetching data for period: 2024-08-12
2025-08-07 15:26:19,667 - __main__ - INFO - Fetching data for period: 2024-08-13
2025-08-07 15:26:20,100 - __main__ - INFO - Fetching data for period: 2024-08-14
2025-08-07 15:26:20,527 - __main__ - INFO - Fetching data for period: 2024-08-15
2025-08-07 15:26:20,916 - __main__ - INFO - Fetching data for period: 2024-08-16
2025-08-07 15:26:21,292 - __main__ - INFO - Fetching data for period: 2024-08-17
2025-08-07 15:26:21,665 - __main__ - INFO - Fetching data for period: 2024-08-18
2025-08-07 15:26:22,168 - __main__ - INFO - Fetching data for period: 2024-08-19
2025-08-07 15:26:22,592 - __main__ - INFO - Fetching data for period: 2024-08-20
2025-08-07 15:26:23,015 - __main__ - INFO - Fetching data for period: 2024-08-21
2025-08-07 15:26:23,440 - __main__ - INFO - Fetching data for period: 2024-08-22
2025-08-07 15:26:23,829 - __main__ - INFO - Fetching data for period: 2024-08-23
2025-08-07 15:26:24,248 - __main__ - INFO - Fetching data for period: 2024-08-24
2025-08-07 15:26:24,682 - __main__ - INFO - Fetching data for period: 2024-08-25
2025-08-07 15:26:25,089 - __main__ - INFO - Fetching data for period: 2024-08-26
2025-08-07 15:26:25,488 - __main__ - INFO - Fetching data for period: 2024-08-27
2025-08-07 15:26:25,857 - __main__ - INFO - Fetching data for period: 2024-08-28
2025-08-07 15:26:26,241 - __main__ - INFO - Fetching data for period: 2024-08-29
2025-08-07 15:26:26,686 - __main__ - INFO - Fetching data for period: 2024-08-30
2025-08-07 15:26:27,045 - __main__ - INFO - Fetching data for period: 2024-08-31
2025-08-07 15:26:27,432 - __main__ - INFO - Fetching data for period: 2024-09-01
2025-08-07 15:26:27,868 - __main__ - INFO - Fetching data for period: 2024-09-02
2025-08-07 15:26:29,101 - __main__ - INFO - Fetching data for period: 2024-09-03
2025-08-07 15:26:29,511 - __main__ - INFO - Fetching data for period: 2024-09-04
2025-08-07 15:26:29,878 - __main__ - INFO - Fetching data for period: 2024-09-05
2025-08-07 15:26:30,243 - __main__ - INFO - Fetching data for period: 2024-09-06
2025-08-07 15:26:30,672 - __main__ - INFO - Fetching data for period: 2024-09-07
2025-08-07 15:26:31,109 - __main__ - INFO - Fetching data for period: 2024-09-08
2025-08-07 15:26:31,632 - __main__ - INFO - Fetching data for period: 2024-09-09
2025-08-07 15:26:32,009 - __main__ - INFO - Fetching data for period: 2024-09-10
2025-08-07 15:26:32,413 - __main__ - INFO - Fetching data for period: 2024-09-11
2025-08-07 15:26:32,825 - __main__ - INFO - Fetching data for period: 2024-09-12
2025-08-07 15:26:33,221 - __main__ - INFO - Fetching data for period: 2024-09-13
2025-08-07 15:26:33,589 - __main__ - INFO - Fetching data for period: 2024-09-14
2025-08-07 15:26:33,995 - __main__ - INFO - Fetching data for period: 2024-09-15
2025-08-07 15:26:34,405 - __main__ - INFO - Fetching data for period: 2024-09-16
2025-08-07 15:26:34,778 - __main__ - INFO - Fetching data for period: 2024-09-17
2025-08-07 15:26:35,167 - __main__ - INFO - Fetching data for period: 2024-09-18
2025-08-07 15:26:35,557 - __main__ - INFO - Fetching data for period: 2024-09-19
2025-08-07 15:26:35,992 - __main__ - INFO - Fetching data for period: 2024-09-20
2025-08-07 15:26:36,382 - __main__ - INFO - Fetching data for period: 2024-09-21
2025-08-07 15:26:36,757 - __main__ - INFO - Fetching data for period: 2024-09-22
2025-08-07 15:26:37,230 - __main__ - INFO - Fetching data for period: 2024-09-23
2025-08-07 15:26:37,610 - __main__ - INFO - Fetching data for period: 2024-09-24
2025-08-07 15:26:38,012 - __main__ - INFO - Fetching data for period: 2024-09-25
2025-08-07 15:26:38,416 - __main__ - INFO - Fetching data for period: 2024-09-26
2025-08-07 15:26:38,772 - __main__ - INFO - Fetching data for period: 2024-09-27
2025-08-07 15:26:39,187 - __main__ - INFO - Fetching data for period: 2024-09-28
2025-08-07 15:26:39,561 - __main__ - INFO - Fetching data for period: 2024-09-29
2025-08-07 15:26:39,930 - __main__ - INFO - Fetching data for period: 2024-09-30
2025-08-07 15:26:40,319 - __main__ - INFO - Fetching data for period: 2024-10-01
2025-08-07 15:26:40,836 - __main__ - INFO - Fetching data for period: 2024-10-02
2025-08-07 15:26:41,317 - __main__ - INFO - Fetching data for period: 2024-10-03
2025-08-07 15:26:41,706 - __main__ - INFO - Fetching data for period: 2024-10-04
2025-08-07 15:26:42,101 - __main__ - INFO - Fetching data for period: 2024-10-05
2025-08-07 15:26:42,579 - __main__ - INFO - Fetching data for period: 2024-10-06
2025-08-07 15:26:42,959 - __main__ - INFO - Fetching data for period: 2024-10-07
2025-08-07 15:26:43,375 - __main__ - INFO - Fetching data for period: 2024-10-08
2025-08-07 15:26:43,840 - __main__ - INFO - Fetching data for period: 2024-10-09
2025-08-07 15:26:44,293 - __main__ - INFO - Fetching data for period: 2024-10-10
2025-08-07 15:26:44,671 - __main__ - INFO - Fetching data for period: 2024-10-11
2025-08-07 15:26:45,223 - __main__ - INFO - Fetching data for period: 2024-10-12
2025-08-07 15:26:45,623 - __main__ - INFO - Fetching data for period: 2024-10-13
2025-08-07 15:26:46,049 - __main__ - INFO - Fetching data for period: 2024-10-14
2025-08-07 15:26:46,468 - __main__ - INFO - Fetching data for period: 2024-10-15
2025-08-07 15:26:46,958 - __main__ - INFO - Fetching data for period: 2024-10-16
2025-08-07 15:26:47,334 - __main__ - INFO - Fetching data for period: 2024-10-17
2025-08-07 15:26:47,726 - __main__ - INFO - Fetching data for period: 2024-10-18
2025-08-07 15:26:48,119 - __main__ - INFO - Fetching data for period: 2024-10-19
2025-08-07 15:26:48,518 - __main__ - INFO - Fetching data for period: 2024-10-20
2025-08-07 15:26:48,927 - __main__ - INFO - Fetching data for period: 2024-10-21
2025-08-07 15:26:49,324 - __main__ - INFO - Fetching data for period: 2024-10-22
2025-08-07 15:26:49,733 - __main__ - INFO - Fetching data for period: 2024-10-23
2025-08-07 15:26:50,126 - __main__ - INFO - Fetching data for period: 2024-10-24
2025-08-07 15:26:50,532 - __main__ - INFO - Fetching data for period: 2024-10-25
2025-08-07 15:26:50,923 - __main__ - INFO - Fetching data for period: 2024-10-26
2025-08-07 15:26:51,402 - __main__ - INFO - Fetching data for period: 2024-10-27
2025-08-07 15:26:51,784 - __main__ - INFO - Fetching data for period: 2024-10-28
2025-08-07 15:26:52,157 - __main__ - INFO - Fetching data for period: 2024-10-29
2025-08-07 15:26:52,593 - __main__ - INFO - Fetching data for period: 2024-10-30
2025-08-07 15:26:52,984 - __main__ - INFO - Fetching data for period: 2024-10-31
2025-08-07 15:26:53,370 - __main__ - INFO - Fetching data for period: 2024-11-01
2025-08-07 15:26:53,759 - __main__ - INFO - Fetching data for period: 2024-11-02
2025-08-07 15:26:54,139 - __main__ - INFO - Fetching data for period: 2024-11-03
2025-08-07 15:26:54,546 - __main__ - INFO - Fetching data for period: 2024-11-04
2025-08-07 15:26:54,934 - __main__ - INFO - Fetching data for period: 2024-11-05
2025-08-07 15:26:55,302 - __main__ - INFO - Fetching data for period: 2024-11-06
2025-08-07 15:26:55,654 - __main__ - INFO - Fetching data for period: 2024-11-07
2025-08-07 15:26:56,050 - __main__ - INFO - Fetching data for period: 2024-11-08
2025-08-07 15:26:56,425 - __main__ - INFO - Fetching data for period: 2024-11-09
2025-08-07 15:26:56,836 - __main__ - INFO - Fetching data for period: 2024-11-10
2025-08-07 15:26:57,211 - __main__ - INFO - Fetching data for period: 2024-11-11
2025-08-07 15:26:57,581 - __main__ - INFO - Fetching data for period: 2024-11-12
2025-08-07 15:26:57,942 - __main__ - INFO - Fetching data for period: 2024-11-13
2025-08-07 15:26:58,319 - __main__ - INFO - Fetching data for period: 2024-11-14
2025-08-07 15:26:58,701 - __main__ - INFO - Fetching data for period: 2024-11-15
2025-08-07 15:26:59,056 - __main__ - INFO - Fetching data for period: 2024-11-16
2025-08-07 15:26:59,698 - __main__ - INFO - Fetching data for period: 2024-11-17
2025-08-07 15:27:00,305 - __main__ - INFO - Fetching data for period: 2024-11-18
2025-08-07 15:27:00,844 - __main__ - INFO - Fetching data for period: 2024-11-19
2025-08-07 15:27:01,495 - __main__ - INFO - Fetching data for period: 2024-11-20
2025-08-07 15:27:01,947 - __main__ - INFO - Fetching data for period: 2024-11-21
2025-08-07 15:27:02,434 - __main__ - INFO - Fetching data for period: 2024-11-22
2025-08-07 15:27:02,937 - __main__ - INFO - Fetching data for period: 2024-11-23
2025-08-07 15:27:03,436 - __main__ - INFO - Fetching data for period: 2024-11-24
2025-08-07 15:27:03,919 - __main__ - INFO - Fetching data for period: 2024-11-25
2025-08-07 15:27:05,920 - __main__ - INFO - Fetching data for period: 2024-11-26
2025-08-07 15:27:06,438 - __main__ - INFO - Fetching data for period: 2024-11-27
2025-08-07 15:27:06,986 - __main__ - INFO - Fetching data for period: 2024-11-28
2025-08-07 15:27:08,997 - __main__ - INFO - Fetching data for period: 2024-11-29
2025-08-07 15:27:09,532 - __main__ - INFO - Fetching data for period: 2024-11-30
2025-08-07 15:27:09,990 - __main__ - INFO - Fetching data for period: 2024-12-01
2025-08-07 15:27:10,681 - __main__ - INFO - Fetching data for period: 2024-12-02
2025-08-07 15:27:11,152 - __main__ - INFO - Fetching data for period: 2024-12-03
2025-08-07 15:27:11,712 - __main__ - INFO - Fetching data for period: 2024-12-04
2025-08-07 15:27:12,264 - __main__ - INFO - Fetching data for period: 2024-12-05
2025-08-07 15:27:12,792 - __main__ - INFO - Fetching data for period: 2024-12-06
2025-08-07 15:27:13,284 - __main__ - INFO - Fetching data for period: 2024-12-07
2025-08-07 15:27:13,750 - __main__ - INFO - Fetching data for period: 2024-12-08
2025-08-07 15:27:14,258 - __main__ - INFO - Fetching data for period: 2024-12-09
2025-08-07 15:27:14,742 - __main__ - INFO - Fetching data for period: 2024-12-10
2025-08-07 15:27:15,217 - __main__ - INFO - Fetching data for period: 2024-12-11
2025-08-07 15:27:15,725 - __main__ - INFO - Fetching data for period: 2024-12-12
2025-08-07 15:27:16,197 - __main__ - INFO - Fetching data for period: 2024-12-13
2025-08-07 15:27:16,652 - __main__ - INFO - Fetching data for period: 2024-12-14
2025-08-07 15:27:17,160 - __main__ - INFO - Fetching data for period: 2024-12-15
2025-08-07 15:27:17,708 - __main__ - INFO - Fetching data for period: 2024-12-16
2025-08-07 15:27:18,257 - __main__ - INFO - Fetching data for period: 2024-12-17
2025-08-07 15:27:18,781 - __main__ - INFO - Fetching data for period: 2024-12-18
2025-08-07 15:27:19,284 - __main__ - INFO - Fetching data for period: 2024-12-19
2025-08-07 15:27:19,885 - __main__ - INFO - Fetching data for period: 2024-12-20
2025-08-07 15:27:20,499 - __main__ - INFO - Fetching data for period: 2024-12-21
2025-08-07 15:27:20,985 - __main__ - INFO - Fetching data for period: 2024-12-22
2025-08-07 15:27:21,626 - __main__ - INFO - Fetching data for period: 2024-12-23
2025-08-07 15:27:22,190 - __main__ - INFO - Fetching data for period: 2024-12-24
2025-08-07 15:27:22,652 - __main__ - INFO - Fetching data for period: 2024-12-25
2025-08-07 15:27:23,141 - __main__ - INFO - Fetching data for period: 2024-12-26
2025-08-07 15:27:23,603 - __main__ - INFO - Fetching data for period: 2024-12-27
2025-08-07 15:27:24,050 - __main__ - INFO - Fetching data for period: 2024-12-28
2025-08-07 15:27:24,573 - __main__ - INFO - Fetching data for period: 2024-12-29
2025-08-07 15:27:25,035 - __main__ - INFO - Fetching data for period: 2024-12-30
2025-08-07 15:27:25,655 - __main__ - INFO - Fetching data for period: 2024-12-31
2025-08-07 15:27:26,152 - __main__ - INFO - Fetching data for period: 2025-01-01
2025-08-07 15:27:26,634 - __main__ - INFO - Fetching data for period: 2025-01-02
2025-08-07 15:27:27,107 - __main__ - INFO - Fetching data for period: 2025-01-03
2025-08-07 15:27:27,646 - __main__ - INFO - Fetching data for period: 2025-01-04
2025-08-07 15:27:32,018 - __main__ - INFO - Fetching data for period: 2025-01-05
2025-08-07 15:27:32,501 - __main__ - INFO - Fetching data for period: 2025-01-06
2025-08-07 15:27:33,015 - __main__ - INFO - Fetching data for period: 2025-01-07
2025-08-07 15:27:33,483 - __main__ - INFO - Fetching data for period: 2025-01-08
2025-08-07 15:27:34,018 - __main__ - INFO - Fetching data for period: 2025-01-09
2025-08-07 15:27:34,545 - __main__ - INFO - Fetching data for period: 2025-01-10
2025-08-07 15:27:35,012 - __main__ - INFO - Fetching data for period: 2025-01-11
2025-08-07 15:27:35,526 - __main__ - INFO - Fetching data for period: 2025-01-12
2025-08-07 15:27:36,004 - __main__ - INFO - Fetching data for period: 2025-01-13
2025-08-07 15:27:36,470 - __main__ - INFO - Fetching data for period: 2025-01-14
2025-08-07 15:27:36,580 - __main__ - ERROR - Unexpected error during data processing: "None of [Index(['date', 'charged', 'drained'], dtype='object')] are in the [columns]"
Traceback (most recent call last):
  File "c:\Users\rfo7799\Desktop\Git\HealthData\data_pre_processing.py", line 174, in preprocessing_garmin_data
    bb_df = bb_df[['date','charged','drained']]
            ~~~~~^^^^^^^^^^^^^^^^^^^^^^^^^^^^^^
  File "C:\Users\rfo7799\AppData\Local\Programs\Python\Python311\Lib\site-packages\pandas\core\frame.py", line 3767, in __getitem__
    indexer = self.columns._get_indexer_strict(key, "columns")[1]
              ^^^^^^^^^^^^^^^^^^^^^^^^^^^^^^^^^^^^^^^^^^^^^^^^
  File "C:\Users\rfo7799\AppData\Local\Programs\Python\Python311\Lib\site-packages\pandas\core\indexes\base.py", line 5877, in _get_indexer_strict
    self._raise_if_missing(keyarr, indexer, axis_name)
  File "C:\Users\rfo7799\AppData\Local\Programs\Python\Python311\Lib\site-packages\pandas\core\indexes\base.py", line 5938, in _raise_if_missing
    raise KeyError(f"None of [{key}] are in the [{axis_name}]")
KeyError: "None of [Index(['date', 'charged', 'drained'], dtype='object')] are in the [columns]"
2025-08-07 15:27:36,621 - __main__ - INFO - Fetching data for period: 2025-01-15
2025-08-07 15:27:37,157 - __main__ - INFO - Fetching data for period: 2025-01-16
2025-08-07 15:27:37,787 - __main__ - INFO - Fetching data for period: 2025-01-17
2025-08-07 15:27:38,294 - __main__ - INFO - Fetching data for period: 2025-01-18
2025-08-07 15:27:39,061 - __main__ - INFO - Fetching data for period: 2025-01-19
2025-08-07 15:27:39,550 - __main__ - INFO - Fetching data for period: 2025-01-20
2025-08-07 15:27:40,013 - __main__ - INFO - Fetching data for period: 2025-01-21
2025-08-07 15:27:40,500 - __main__ - INFO - Fetching data for period: 2025-01-22
2025-08-07 15:27:41,015 - __main__ - INFO - Fetching data for period: 2025-01-23
2025-08-07 15:27:41,634 - __main__ - INFO - Fetching data for period: 2025-01-24
2025-08-07 15:27:42,104 - __main__ - INFO - Fetching data for period: 2025-01-25
2025-08-07 15:27:42,652 - __main__ - INFO - Fetching data for period: 2025-01-26
2025-08-07 15:27:43,168 - __main__ - INFO - Fetching data for period: 2025-01-27
2025-08-07 15:27:43,661 - __main__ - INFO - Fetching data for period: 2025-01-28
2025-08-07 15:27:44,121 - __main__ - INFO - Fetching data for period: 2025-01-29
2025-08-07 15:27:44,604 - __main__ - INFO - Fetching data for period: 2025-01-30
2025-08-07 15:27:45,107 - __main__ - INFO - Fetching data for period: 2025-01-31
2025-08-07 15:27:45,591 - __main__ - INFO - Fetching data for period: 2025-02-01
2025-08-07 15:27:46,315 - __main__ - INFO - Fetching data for period: 2025-02-02
2025-08-07 15:27:46,820 - __main__ - INFO - Fetching data for period: 2025-02-03
2025-08-07 15:27:47,288 - __main__ - INFO - Fetching data for period: 2025-02-04
2025-08-07 15:27:47,773 - __main__ - INFO - Fetching data for period: 2025-02-05
2025-08-07 15:27:48,300 - __main__ - INFO - Fetching data for period: 2025-02-06
2025-08-07 15:27:48,785 - __main__ - INFO - Fetching data for period: 2025-02-07
2025-08-07 15:27:49,435 - __main__ - INFO - Fetching data for period: 2025-02-08
2025-08-07 15:27:49,918 - __main__ - INFO - Fetching data for period: 2025-02-09
2025-08-07 15:27:50,402 - __main__ - INFO - Fetching data for period: 2025-02-10
2025-08-07 15:27:50,892 - __main__ - INFO - Fetching data for period: 2025-02-11
2025-08-07 15:27:51,595 - __main__ - INFO - Fetching data for period: 2025-02-12
2025-08-07 15:27:52,080 - __main__ - INFO - Fetching data for period: 2025-02-13
2025-08-07 15:27:52,587 - __main__ - INFO - Fetching data for period: 2025-02-14
2025-08-07 15:27:53,090 - __main__ - INFO - Fetching data for period: 2025-02-15
2025-08-07 15:27:53,585 - __main__ - INFO - Fetching data for period: 2025-02-16
2025-08-07 15:27:54,143 - __main__ - INFO - Fetching data for period: 2025-02-17
2025-08-07 15:27:54,643 - __main__ - INFO - Fetching data for period: 2025-02-18
2025-08-07 15:27:55,138 - __main__ - INFO - Fetching data for period: 2025-02-19
2025-08-07 15:27:55,614 - __main__ - INFO - Fetching data for period: 2025-02-20
2025-08-07 15:27:56,121 - __main__ - INFO - Fetching data for period: 2025-02-21
2025-08-07 15:27:56,588 - __main__ - INFO - Fetching data for period: 2025-02-22
2025-08-07 15:27:57,091 - __main__ - INFO - Fetching data for period: 2025-02-23
2025-08-07 15:27:57,595 - __main__ - INFO - Fetching data for period: 2025-02-24
2025-08-07 15:27:58,088 - __main__ - INFO - Fetching data for period: 2025-02-25
2025-08-07 15:27:58,587 - __main__ - INFO - Fetching data for period: 2025-02-26
2025-08-07 15:27:59,180 - __main__ - INFO - Fetching data for period: 2025-02-27
2025-08-07 15:27:59,806 - __main__ - INFO - Fetching data for period: 2025-02-28
2025-08-07 15:28:00,349 - __main__ - INFO - Fetching data for period: 2025-03-01
2025-08-07 15:28:00,862 - __main__ - INFO - Fetching data for period: 2025-03-02
2025-08-07 15:28:01,373 - __main__ - INFO - Fetching data for period: 2025-03-03
2025-08-07 15:28:01,857 - __main__ - INFO - Fetching data for period: 2025-03-04
2025-08-07 15:28:02,325 - __main__ - INFO - Fetching data for period: 2025-03-05
2025-08-07 15:28:02,929 - __main__ - INFO - Fetching data for period: 2025-03-06
2025-08-07 15:28:03,461 - __main__ - INFO - Fetching data for period: 2025-03-07
2025-08-07 15:28:04,069 - __main__ - INFO - Fetching data for period: 2025-03-08
2025-08-07 15:28:04,583 - __main__ - INFO - Fetching data for period: 2025-03-09
2025-08-07 15:28:05,127 - __main__ - INFO - Fetching data for period: 2025-03-10
2025-08-07 15:28:05,641 - __main__ - INFO - Fetching data for period: 2025-03-11
2025-08-07 15:28:06,146 - __main__ - INFO - Fetching data for period: 2025-03-12
2025-08-07 15:28:06,632 - __main__ - INFO - Fetching data for period: 2025-03-13
2025-08-07 15:28:07,166 - __main__ - INFO - Fetching data for period: 2025-03-14
2025-08-07 15:28:07,626 - __main__ - INFO - Fetching data for period: 2025-03-15
2025-08-07 15:28:08,134 - __main__ - INFO - Fetching data for period: 2025-03-16
2025-08-07 15:28:08,648 - __main__ - INFO - Fetching data for period: 2025-03-17
2025-08-07 15:28:09,189 - __main__ - INFO - Fetching data for period: 2025-03-18
2025-08-07 15:28:09,675 - __main__ - INFO - Fetching data for period: 2025-03-19
2025-08-07 15:28:10,178 - __main__ - INFO - Fetching data for period: 2025-03-20
2025-08-07 15:28:10,773 - __main__ - INFO - Fetching data for period: 2025-03-21
2025-08-07 15:28:11,501 - __main__ - INFO - Fetching data for period: 2025-03-22
2025-08-07 15:28:12,004 - __main__ - INFO - Fetching data for period: 2025-03-23
2025-08-07 15:28:12,564 - __main__ - INFO - Fetching data for period: 2025-03-24
2025-08-07 15:28:13,042 - __main__ - INFO - Fetching data for period: 2025-03-25
2025-08-07 15:28:13,523 - __main__ - INFO - Fetching data for period: 2025-03-26
2025-08-07 15:28:14,035 - __main__ - INFO - Fetching data for period: 2025-03-27
2025-08-07 15:28:14,492 - __main__ - INFO - Fetching data for period: 2025-03-28
2025-08-07 15:28:14,998 - __main__ - INFO - Fetching data for period: 2025-03-29
2025-08-07 15:28:15,477 - __main__ - INFO - Fetching data for period: 2025-03-30
2025-08-07 15:28:16,025 - __main__ - INFO - Fetching data for period: 2025-03-31
2025-08-07 15:28:16,533 - __main__ - INFO - Fetching data for period: 2025-04-01
2025-08-07 15:28:17,044 - __main__ - INFO - Fetching data for period: 2025-04-02
2025-08-07 15:28:17,581 - __main__ - INFO - Fetching data for period: 2025-04-03
2025-08-07 15:28:18,144 - __main__ - INFO - Fetching data for period: 2025-04-04
2025-08-07 15:28:18,818 - __main__ - INFO - Fetching data for period: 2025-04-05
2025-08-07 15:28:19,390 - __main__ - INFO - Fetching data for period: 2025-04-06
2025-08-07 15:28:19,898 - __main__ - INFO - Fetching data for period: 2025-04-07
2025-08-07 15:28:20,417 - __main__ - INFO - Fetching data for period: 2025-04-08
2025-08-07 15:28:20,930 - __main__ - INFO - Fetching data for period: 2025-04-09
2025-08-07 15:28:21,638 - __main__ - INFO - Fetching data for period: 2025-04-10
2025-08-07 15:28:22,183 - __main__ - INFO - Fetching data for period: 2025-04-11
2025-08-07 15:28:22,723 - __main__ - INFO - Fetching data for period: 2025-04-12
2025-08-07 15:28:23,301 - __main__ - INFO - Fetching data for period: 2025-04-13
2025-08-07 15:28:23,844 - __main__ - INFO - Fetching data for period: 2025-04-14
2025-08-07 15:28:24,364 - __main__ - INFO - Fetching data for period: 2025-04-15
2025-08-07 15:28:24,873 - __main__ - INFO - Fetching data for period: 2025-04-16
2025-08-07 15:28:25,399 - __main__ - INFO - Fetching data for period: 2025-04-17
2025-08-07 15:28:25,955 - __main__ - INFO - Fetching data for period: 2025-04-18
2025-08-07 15:28:26,477 - __main__ - INFO - Fetching data for period: 2025-04-19
2025-08-07 15:28:26,962 - __main__ - INFO - Fetching data for period: 2025-04-20
2025-08-07 15:28:27,489 - __main__ - INFO - Fetching data for period: 2025-04-21
2025-08-07 15:28:28,062 - __main__ - INFO - Fetching data for period: 2025-04-22
2025-08-07 15:28:28,634 - __main__ - INFO - Fetching data for period: 2025-04-23
2025-08-07 15:28:29,164 - __main__ - INFO - Fetching data for period: 2025-04-24
2025-08-07 15:28:29,797 - __main__ - INFO - Fetching data for period: 2025-04-25
2025-08-07 15:28:30,416 - __main__ - INFO - Fetching data for period: 2025-04-26
2025-08-07 15:28:30,949 - __main__ - INFO - Fetching data for period: 2025-04-27
2025-08-07 15:28:31,477 - __main__ - INFO - Fetching data for period: 2025-04-28
2025-08-07 15:28:32,127 - __main__ - INFO - Fetching data for period: 2025-04-29
2025-08-07 15:28:32,781 - __main__ - INFO - Fetching data for period: 2025-04-30
2025-08-07 15:28:33,335 - __main__ - INFO - Fetching data for period: 2025-05-01
2025-08-07 15:28:33,940 - __main__ - INFO - Fetching data for period: 2025-05-02
2025-08-07 15:28:34,495 - __main__ - INFO - Fetching data for period: 2025-05-03
2025-08-07 15:28:35,057 - __main__ - INFO - Fetching data for period: 2025-05-04
2025-08-07 15:28:35,573 - __main__ - INFO - Fetching data for period: 2025-05-05
2025-08-07 15:28:36,102 - __main__ - INFO - Fetching data for period: 2025-05-06
2025-08-07 15:28:36,625 - __main__ - INFO - Fetching data for period: 2025-05-07
2025-08-07 15:28:37,791 - __main__ - INFO - Fetching data for period: 2025-05-08
2025-08-07 15:28:38,410 - __main__ - INFO - Fetching data for period: 2025-05-09
2025-08-07 15:28:38,941 - __main__ - INFO - Fetching data for period: 2025-05-10
2025-08-07 15:28:41,264 - __main__ - INFO - Fetching data for period: 2025-05-11
2025-08-07 15:28:42,021 - __main__ - INFO - Fetching data for period: 2025-05-12
2025-08-07 15:28:42,579 - __main__ - INFO - Fetching data for period: 2025-05-13
2025-08-07 15:28:43,127 - __main__ - INFO - Fetching data for period: 2025-05-14
2025-08-07 15:28:43,794 - __main__ - INFO - Fetching data for period: 2025-05-15
2025-08-07 15:28:44,295 - __main__ - INFO - Fetching data for period: 2025-05-16
2025-08-07 15:28:44,813 - __main__ - INFO - Fetching data for period: 2025-05-17
2025-08-07 15:28:45,335 - __main__ - INFO - Fetching data for period: 2025-05-18
2025-08-07 15:28:45,906 - __main__ - INFO - Fetching data for period: 2025-05-19
2025-08-07 15:28:46,445 - __main__ - INFO - Fetching data for period: 2025-05-20
2025-08-07 15:28:46,960 - __main__ - INFO - Fetching data for period: 2025-05-21
2025-08-07 15:28:47,573 - __main__ - INFO - Fetching data for period: 2025-05-22
2025-08-07 15:28:48,111 - __main__ - INFO - Fetching data for period: 2025-05-23
2025-08-07 15:28:48,646 - __main__ - INFO - Fetching data for period: 2025-05-24
2025-08-07 15:28:49,195 - __main__ - INFO - Fetching data for period: 2025-05-25
2025-08-07 15:28:49,719 - __main__ - INFO - Fetching data for period: 2025-05-26
2025-08-07 15:28:50,282 - __main__ - INFO - Fetching data for period: 2025-05-27
2025-08-07 15:28:50,792 - __main__ - INFO - Fetching data for period: 2025-05-28
2025-08-07 15:28:51,326 - __main__ - INFO - Fetching data for period: 2025-05-29
2025-08-07 15:28:51,874 - __main__ - INFO - Fetching data for period: 2025-05-30
2025-08-07 15:28:52,419 - __main__ - INFO - Fetching data for period: 2025-05-31
2025-08-07 15:28:52,942 - __main__ - INFO - Fetching data for period: 2025-06-01
2025-08-07 15:28:53,463 - __main__ - INFO - Fetching data for period: 2025-06-02
2025-08-07 15:28:53,972 - __main__ - INFO - Fetching data for period: 2025-06-03
2025-08-07 15:28:54,481 - __main__ - INFO - Fetching data for period: 2025-06-04
2025-08-07 15:28:54,986 - __main__ - INFO - Fetching data for period: 2025-06-05
2025-08-07 15:28:55,499 - __main__ - INFO - Fetching data for period: 2025-06-06
2025-08-07 15:28:56,020 - __main__ - INFO - Fetching data for period: 2025-06-07
2025-08-07 15:28:56,642 - __main__ - INFO - Fetching data for period: 2025-06-08
2025-08-07 15:28:57,177 - __main__ - INFO - Fetching data for period: 2025-06-09
2025-08-07 15:28:57,750 - __main__ - INFO - Fetching data for period: 2025-06-10
2025-08-07 15:28:58,252 - __main__ - INFO - Fetching data for period: 2025-06-11
2025-08-07 15:28:58,814 - __main__ - INFO - Fetching data for period: 2025-06-12
2025-08-07 15:28:59,364 - __main__ - INFO - Fetching data for period: 2025-06-13
2025-08-07 15:28:59,947 - __main__ - INFO - Fetching data for period: 2025-06-14
2025-08-07 15:29:00,631 - __main__ - INFO - Fetching data for period: 2025-06-15
2025-08-07 15:29:01,193 - __main__ - INFO - Fetching data for period: 2025-06-16
2025-08-07 15:29:01,729 - __main__ - INFO - Fetching data for period: 2025-06-17
2025-08-07 15:29:02,239 - __main__ - INFO - Fetching data for period: 2025-06-18
2025-08-07 15:29:03,037 - __main__ - INFO - Fetching data for period: 2025-06-19
2025-08-07 15:29:03,557 - __main__ - INFO - Fetching data for period: 2025-06-20
2025-08-07 15:29:04,152 - __main__ - INFO - Fetching data for period: 2025-06-21
2025-08-07 15:29:04,648 - __main__ - INFO - Fetching data for period: 2025-06-22
2025-08-07 15:29:05,183 - __main__ - INFO - Fetching data for period: 2025-06-23
2025-08-07 15:29:05,722 - __main__ - INFO - Fetching data for period: 2025-06-24
2025-08-07 15:29:06,254 - __main__ - INFO - Fetching data for period: 2025-06-25
2025-08-07 15:29:06,767 - __main__ - INFO - Fetching data for period: 2025-06-26
2025-08-07 15:29:07,297 - __main__ - INFO - Fetching data for period: 2025-06-27
2025-08-07 15:29:07,817 - __main__ - INFO - Fetching data for period: 2025-06-28
2025-08-07 15:29:08,327 - __main__ - INFO - Fetching data for period: 2025-06-29
2025-08-07 15:29:08,831 - __main__ - INFO - Fetching data for period: 2025-06-30
2025-08-07 15:29:09,323 - __main__ - INFO - Fetching data for period: 2025-07-01
2025-08-07 15:29:09,868 - __main__ - INFO - Fetching data for period: 2025-07-02
2025-08-07 15:29:10,472 - __main__ - INFO - Fetching data for period: 2025-07-03
2025-08-07 15:29:11,064 - __main__ - INFO - Fetching data for period: 2025-07-04
2025-08-07 15:29:11,618 - __main__ - INFO - Fetching data for period: 2025-07-05
2025-08-07 15:29:12,165 - __main__ - INFO - Fetching data for period: 2025-07-06
2025-08-07 15:29:12,845 - __main__ - INFO - Fetching data for period: 2025-07-07
2025-08-07 15:29:13,323 - __main__ - INFO - Fetching data for period: 2025-07-08
2025-08-07 15:29:13,821 - __main__ - INFO - Fetching data for period: 2025-07-09
2025-08-07 15:29:14,333 - __main__ - INFO - Fetching data for period: 2025-07-10
2025-08-07 15:29:14,872 - __main__ - INFO - Fetching data for period: 2025-07-11
2025-08-07 15:29:15,393 - __main__ - INFO - Fetching data for period: 2025-07-12
2025-08-07 15:29:15,904 - __main__ - INFO - Fetching data for period: 2025-07-13
2025-08-07 15:29:16,432 - __main__ - INFO - Fetching data for period: 2025-07-14
2025-08-07 15:29:16,946 - __main__ - INFO - Fetching data for period: 2025-07-15
2025-08-07 15:29:17,523 - __main__ - INFO - Fetching data for period: 2025-07-16
2025-08-07 15:29:18,028 - __main__ - INFO - Fetching data for period: 2025-07-17
2025-08-07 15:29:18,531 - __main__ - INFO - Fetching data for period: 2025-07-18
2025-08-07 15:29:19,074 - __main__ - INFO - Fetching data for period: 2025-07-19
2025-08-07 15:29:19,639 - __main__ - INFO - Fetching data for period: 2025-07-20
2025-08-07 15:29:20,182 - __main__ - INFO - Fetching data for period: 2025-07-21
2025-08-07 15:29:20,809 - __main__ - INFO - Fetching data for period: 2025-07-22
2025-08-07 15:29:21,324 - __main__ - INFO - Fetching data for period: 2025-07-23
2025-08-07 15:29:21,821 - __main__ - INFO - Fetching data for period: 2025-07-24
2025-08-07 15:29:22,316 - __main__ - INFO - Fetching data for period: 2025-07-25
2025-08-07 15:29:22,862 - __main__ - INFO - Fetching data for period: 2025-07-26
2025-08-07 15:29:23,281 - __main__ - INFO - Fetching data for period: 2025-07-27
2025-08-07 15:29:23,689 - __main__ - INFO - Fetching data for period: 2025-07-28
2025-08-07 15:29:24,118 - __main__ - INFO - Fetching data for period: 2025-07-29
2025-08-07 15:29:24,614 - __main__ - INFO - Fetching data for period: 2025-07-30
2025-08-07 15:29:25,037 - __main__ - INFO - Fetching data for period: 2025-07-31
2025-08-07 15:29:25,523 - __main__ - INFO - Fetching data for period: 2025-08-01
2025-08-07 15:29:25,925 - __main__ - INFO - Fetching data for period: 2025-08-02
2025-08-07 15:29:26,414 - __main__ - INFO - Fetching data for period: 2025-08-03
2025-08-07 15:29:26,847 - __main__ - INFO - Fetching data for period: 2025-08-04
2025-08-07 15:29:27,229 - __main__ - INFO - Fetching data for period: 2025-08-05
2025-08-07 15:29:27,512 - __main__ - ERROR - Unexpected error during data processing: 'startGMT'
Traceback (most recent call last):
  File "c:\Users\rfo7799\Desktop\Git\HealthData\data_pre_processing.py", line 191, in preprocessing_garmin_data
    steps_df['Date'] = pd.to_datetime(steps_df['startGMT']).dt.strftime('%Y-%m-%d')
                                      ~~~~~~~~^^^^^^^^^^^^
  File "C:\Users\rfo7799\AppData\Local\Programs\Python\Python311\Lib\site-packages\pandas\core\frame.py", line 3761, in __getitem__
    indexer = self.columns.get_loc(key)
              ^^^^^^^^^^^^^^^^^^^^^^^^^
  File "C:\Users\rfo7799\AppData\Local\Programs\Python\Python311\Lib\site-packages\pandas\core\indexes\range.py", line 349, in get_loc
    raise KeyError(key)
KeyError: 'startGMT'
2025-08-07 15:29:27,529 - __main__ - INFO - Fetching data for period: 2025-08-06
2025-08-07 15:29:27,801 - __main__ - ERROR - Unexpected error during data processing: 'startGMT'
Traceback (most recent call last):
  File "c:\Users\rfo7799\Desktop\Git\HealthData\data_pre_processing.py", line 191, in preprocessing_garmin_data
    steps_df['Date'] = pd.to_datetime(steps_df['startGMT']).dt.strftime('%Y-%m-%d')
                                      ~~~~~~~~^^^^^^^^^^^^
  File "C:\Users\rfo7799\AppData\Local\Programs\Python\Python311\Lib\site-packages\pandas\core\frame.py", line 3761, in __getitem__
    indexer = self.columns.get_loc(key)
              ^^^^^^^^^^^^^^^^^^^^^^^^^
  File "C:\Users\rfo7799\AppData\Local\Programs\Python\Python311\Lib\site-packages\pandas\core\indexes\range.py", line 349, in get_loc
    raise KeyError(key)
KeyError: 'startGMT'
2025-08-07 15:29:27,802 - __main__ - INFO - Fetching data for period: 2025-08-07
2025-08-07 15:29:28,056 - __main__ - ERROR - Unexpected error during data processing: 'startGMT'
Traceback (most recent call last):
  File "c:\Users\rfo7799\Desktop\Git\HealthData\data_pre_processing.py", line 191, in preprocessing_garmin_data
    steps_df['Date'] = pd.to_datetime(steps_df['startGMT']).dt.strftime('%Y-%m-%d')
                                      ~~~~~~~~^^^^^^^^^^^^
  File "C:\Users\rfo7799\AppData\Local\Programs\Python\Python311\Lib\site-packages\pandas\core\frame.py", line 3761, in __getitem__
    indexer = self.columns.get_loc(key)
              ^^^^^^^^^^^^^^^^^^^^^^^^^
  File "C:\Users\rfo7799\AppData\Local\Programs\Python\Python311\Lib\site-packages\pandas\core\indexes\range.py", line 349, in get_loc
    raise KeyError(key)
KeyError: 'startGMT'
2025-08-07 15:29:28,058 - __main__ - INFO - Getting activities data...
2025-08-07 15:29:29,293 - __main__ - INFO - Starting combination of dataframes...
2025-08-07 15:29:29,536 - __main__ - INFO - Pre-Processing finished.
2025-08-07 15:29:29,756 - __main__ - INFO - Handling Missing Values
