2025-08-08 12:54:12,732 - data_pre_processing - INFO - Attempting to log in to Garmin Connect...
2025-08-08 12:54:15,990 - data_pre_processing - INFO - Login successful.
2025-08-08 12:54:15,990 - data_pre_processing - INFO - Script started. Fetching data from 2024-01-01 to 2025-08-08
2025-08-08 12:54:15,992 - data_pre_processing - INFO - Fetching data for period: 2024-01-01
2025-08-08 12:54:16,160 - data_pre_processing - INFO - Fetching data for period: 2024-01-02
2025-08-08 12:54:16,305 - data_pre_processing - INFO - Fetching data for period: 2024-01-03
2025-08-08 12:54:16,441 - data_pre_processing - INFO - Fetching data for period: 2024-01-04
2025-08-08 12:54:16,583 - data_pre_processing - INFO - Fetching data for period: 2024-01-05
2025-08-08 12:54:16,717 - data_pre_processing - INFO - Fetching data for period: 2024-01-06
2025-08-08 12:54:17,064 - data_pre_processing - INFO - Fetching data for period: 2024-01-07
2025-08-08 12:54:17,183 - data_pre_processing - INFO - Fetching data for period: 2024-01-08
2025-08-08 12:54:17,305 - data_pre_processing - INFO - Fetching data for period: 2024-01-09
2025-08-08 12:54:17,423 - data_pre_processing - INFO - Fetching data for period: 2024-01-10
2025-08-08 12:54:17,545 - data_pre_processing - INFO - Fetching data for period: 2024-01-11
2025-08-08 12:54:17,668 - data_pre_processing - INFO - Fetching data for period: 2024-01-12
2025-08-08 12:54:17,784 - data_pre_processing - INFO - Fetching data for period: 2024-01-13
2025-08-08 12:54:17,902 - data_pre_processing - INFO - Fetching data for period: 2024-01-14
2025-08-08 12:54:18,026 - data_pre_processing - INFO - Fetching data for period: 2024-01-15
2025-08-08 12:54:18,149 - data_pre_processing - INFO - Fetching data for period: 2024-01-16
2025-08-08 12:54:18,287 - data_pre_processing - INFO - Fetching data for period: 2024-01-17
2025-08-08 12:54:18,433 - data_pre_processing - INFO - Fetching data for period: 2024-01-18
2025-08-08 12:54:18,557 - data_pre_processing - INFO - Fetching data for period: 2024-01-19
2025-08-08 12:54:18,679 - data_pre_processing - INFO - Fetching data for period: 2024-01-20
2025-08-08 12:54:18,794 - data_pre_processing - INFO - Fetching data for period: 2024-01-21
2025-08-08 12:54:18,915 - data_pre_processing - INFO - Fetching data for period: 2024-01-22
2025-08-08 12:54:19,040 - data_pre_processing - INFO - Fetching data for period: 2024-01-23
2025-08-08 12:54:19,191 - data_pre_processing - INFO - Fetching data for period: 2024-01-24
2025-08-08 12:54:19,321 - data_pre_processing - INFO - Fetching data for period: 2024-01-25
2025-08-08 12:54:19,450 - data_pre_processing - INFO - Fetching data for period: 2024-01-26
2025-08-08 12:54:19,586 - data_pre_processing - INFO - Fetching data for period: 2024-01-27
2025-08-08 12:54:19,711 - data_pre_processing - INFO - Fetching data for period: 2024-01-28
2025-08-08 12:54:19,839 - data_pre_processing - INFO - Fetching data for period: 2024-01-29
2025-08-08 12:54:19,973 - data_pre_processing - INFO - Fetching data for period: 2024-01-30
2025-08-08 12:54:20,099 - data_pre_processing - INFO - Fetching data for period: 2024-01-31
2025-08-08 12:54:20,243 - data_pre_processing - INFO - Fetching data for period: 2024-02-01
2025-08-08 12:54:20,381 - data_pre_processing - INFO - Fetching data for period: 2024-02-02
2025-08-08 12:54:20,521 - data_pre_processing - INFO - Fetching data for period: 2024-02-03
2025-08-08 12:54:20,654 - data_pre_processing - INFO - Fetching data for period: 2024-02-04
2025-08-08 12:54:20,799 - data_pre_processing - INFO - Fetching data for period: 2024-02-05
2025-08-08 12:54:20,934 - data_pre_processing - INFO - Fetching data for period: 2024-02-06
2025-08-08 12:54:21,072 - data_pre_processing - INFO - Fetching data for period: 2024-02-07
2025-08-08 12:54:21,223 - data_pre_processing - INFO - Fetching data for period: 2024-02-08
2025-08-08 12:54:21,339 - data_pre_processing - INFO - Fetching data for period: 2024-02-09
2025-08-08 12:54:21,487 - data_pre_processing - INFO - Fetching data for period: 2024-02-10
2025-08-08 12:54:21,613 - data_pre_processing - INFO - Fetching data for period: 2024-02-11
2025-08-08 12:54:21,989 - data_pre_processing - INFO - Fetching data for period: 2024-02-12
2025-08-08 12:54:22,113 - data_pre_processing - INFO - Fetching data for period: 2024-02-13
2025-08-08 12:54:22,236 - data_pre_processing - INFO - Fetching data for period: 2024-02-14
2025-08-08 12:54:22,366 - data_pre_processing - INFO - Fetching data for period: 2024-02-15
2025-08-08 12:54:22,510 - data_pre_processing - INFO - Fetching data for period: 2024-02-16
2025-08-08 12:54:22,665 - data_pre_processing - INFO - Fetching data for period: 2024-02-17
2025-08-08 12:54:22,803 - data_pre_processing - INFO - Fetching data for period: 2024-02-18
2025-08-08 12:54:22,956 - data_pre_processing - INFO - Fetching data for period: 2024-02-19
2025-08-08 12:54:23,083 - data_pre_processing - INFO - Fetching data for period: 2024-02-20
2025-08-08 12:54:23,209 - data_pre_processing - INFO - Fetching data for period: 2024-02-21
2025-08-08 12:54:23,339 - data_pre_processing - INFO - Fetching data for period: 2024-02-22
2025-08-08 12:54:23,456 - data_pre_processing - INFO - Fetching data for period: 2024-02-23
2025-08-08 12:54:23,593 - data_pre_processing - INFO - Fetching data for period: 2024-02-24
2025-08-08 12:54:23,718 - data_pre_processing - INFO - Fetching data for period: 2024-02-25
2025-08-08 12:54:23,843 - data_pre_processing - INFO - Fetching data for period: 2024-02-26
2025-08-08 12:54:23,975 - data_pre_processing - INFO - Fetching data for period: 2024-02-27
2025-08-08 12:54:24,106 - data_pre_processing - INFO - Fetching data for period: 2024-02-28
2025-08-08 12:54:24,225 - data_pre_processing - INFO - Fetching data for period: 2024-02-29
2025-08-08 12:54:24,349 - data_pre_processing - INFO - Fetching data for period: 2024-03-01
2025-08-08 12:54:24,474 - data_pre_processing - INFO - Fetching data for period: 2024-03-02
2025-08-08 12:54:24,601 - data_pre_processing - INFO - Fetching data for period: 2024-03-03
2025-08-08 12:54:24,738 - data_pre_processing - INFO - Fetching data for period: 2024-03-04
2025-08-08 12:54:24,860 - data_pre_processing - INFO - Fetching data for period: 2024-03-05
2025-08-08 12:54:24,991 - data_pre_processing - INFO - Fetching data for period: 2024-03-06
2025-08-08 12:54:25,116 - data_pre_processing - INFO - Fetching data for period: 2024-03-07
2025-08-08 12:54:25,237 - data_pre_processing - INFO - Fetching data for period: 2024-03-08
2025-08-08 12:54:25,366 - data_pre_processing - INFO - Fetching data for period: 2024-03-09
2025-08-08 12:54:25,479 - data_pre_processing - INFO - Fetching data for period: 2024-03-10
2025-08-08 12:54:25,626 - data_pre_processing - INFO - Fetching data for period: 2024-03-11
2025-08-08 12:54:25,760 - data_pre_processing - INFO - Fetching data for period: 2024-03-12
2025-08-08 12:54:25,877 - data_pre_processing - INFO - Fetching data for period: 2024-03-13
2025-08-08 12:54:26,005 - data_pre_processing - INFO - Fetching data for period: 2024-03-14
2025-08-08 12:54:26,132 - data_pre_processing - INFO - Fetching data for period: 2024-03-15
2025-08-08 12:54:26,254 - data_pre_processing - INFO - Fetching data for period: 2024-03-16
2025-08-08 12:54:26,377 - data_pre_processing - INFO - Fetching data for period: 2024-03-17
2025-08-08 12:54:26,506 - data_pre_processing - INFO - Fetching data for period: 2024-03-18
2025-08-08 12:54:26,652 - data_pre_processing - INFO - Fetching data for period: 2024-03-19
2025-08-08 12:54:26,775 - data_pre_processing - INFO - Fetching data for period: 2024-03-20
2025-08-08 12:54:26,896 - data_pre_processing - INFO - Fetching data for period: 2024-03-21
2025-08-08 12:54:27,022 - data_pre_processing - INFO - Fetching data for period: 2024-03-22
2025-08-08 12:54:27,144 - data_pre_processing - INFO - Fetching data for period: 2024-03-23
2025-08-08 12:54:27,261 - data_pre_processing - INFO - Fetching data for period: 2024-03-24
2025-08-08 12:54:27,384 - data_pre_processing - INFO - Fetching data for period: 2024-03-25
2025-08-08 12:54:27,506 - data_pre_processing - INFO - Fetching data for period: 2024-03-26
2025-08-08 12:54:27,626 - data_pre_processing - INFO - Fetching data for period: 2024-03-27
2025-08-08 12:54:27,767 - data_pre_processing - INFO - Fetching data for period: 2024-03-28
2025-08-08 12:54:27,889 - data_pre_processing - INFO - Fetching data for period: 2024-03-29
2025-08-08 12:54:28,016 - data_pre_processing - INFO - Fetching data for period: 2024-03-30
2025-08-08 12:54:28,131 - data_pre_processing - INFO - Fetching data for period: 2024-03-31
2025-08-08 12:54:28,248 - data_pre_processing - INFO - Fetching data for period: 2024-04-01
2025-08-08 12:54:28,365 - data_pre_processing - INFO - Fetching data for period: 2024-04-02
2025-08-08 12:54:28,491 - data_pre_processing - INFO - Fetching data for period: 2024-04-03
2025-08-08 12:54:28,862 - data_pre_processing - INFO - Fetching data for period: 2024-04-04
2025-08-08 12:54:28,977 - data_pre_processing - INFO - Fetching data for period: 2024-04-05
2025-08-08 12:54:29,121 - data_pre_processing - INFO - Fetching data for period: 2024-04-06
2025-08-08 12:54:29,243 - data_pre_processing - INFO - Fetching data for period: 2024-04-07
2025-08-08 12:54:29,358 - data_pre_processing - INFO - Fetching data for period: 2024-04-08
2025-08-08 12:54:29,476 - data_pre_processing - INFO - Fetching data for period: 2024-04-09
2025-08-08 12:54:29,597 - data_pre_processing - INFO - Fetching data for period: 2024-04-10
2025-08-08 12:54:29,721 - data_pre_processing - INFO - Fetching data for period: 2024-04-11
2025-08-08 12:54:29,841 - data_pre_processing - INFO - Fetching data for period: 2024-04-12
2025-08-08 12:54:29,961 - data_pre_processing - INFO - Fetching data for period: 2024-04-13
2025-08-08 12:54:30,090 - data_pre_processing - INFO - Fetching data for period: 2024-04-14
2025-08-08 12:54:30,225 - data_pre_processing - INFO - Fetching data for period: 2024-04-15
2025-08-08 12:54:30,359 - data_pre_processing - INFO - Fetching data for period: 2024-04-16
2025-08-08 12:54:30,511 - data_pre_processing - INFO - Fetching data for period: 2024-04-17
2025-08-08 12:54:30,640 - data_pre_processing - INFO - Fetching data for period: 2024-04-18
2025-08-08 12:54:30,825 - data_pre_processing - INFO - Fetching data for period: 2024-04-19
2025-08-08 12:54:30,989 - data_pre_processing - INFO - Fetching data for period: 2024-04-20
2025-08-08 12:54:31,122 - data_pre_processing - INFO - Fetching data for period: 2024-04-21
2025-08-08 12:54:31,318 - data_pre_processing - INFO - Fetching data for period: 2024-04-22
2025-08-08 12:54:31,456 - data_pre_processing - INFO - Fetching data for period: 2024-04-23
2025-08-08 12:54:31,573 - data_pre_processing - INFO - Fetching data for period: 2024-04-24
2025-08-08 12:54:31,691 - data_pre_processing - INFO - Fetching data for period: 2024-04-25
2025-08-08 12:54:31,858 - data_pre_processing - INFO - Fetching data for period: 2024-04-26
2025-08-08 12:54:32,044 - data_pre_processing - INFO - Fetching data for period: 2024-04-27
2025-08-08 12:54:32,215 - data_pre_processing - INFO - Fetching data for period: 2024-04-28
2025-08-08 12:54:32,336 - data_pre_processing - INFO - Fetching data for period: 2024-04-29
2025-08-08 12:54:32,522 - data_pre_processing - INFO - Fetching data for period: 2024-04-30
2025-08-08 12:54:32,660 - data_pre_processing - INFO - Fetching data for period: 2024-05-01
2025-08-08 12:54:32,828 - data_pre_processing - INFO - Fetching data for period: 2024-05-02
2025-08-08 12:54:32,965 - data_pre_processing - INFO - Fetching data for period: 2024-05-03
2025-08-08 12:54:33,087 - data_pre_processing - INFO - Fetching data for period: 2024-05-04
2025-08-08 12:54:33,238 - data_pre_processing - INFO - Fetching data for period: 2024-05-05
2025-08-08 12:54:33,374 - data_pre_processing - INFO - Fetching data for period: 2024-05-06
2025-08-08 12:54:33,510 - data_pre_processing - INFO - Fetching data for period: 2024-05-07
2025-08-08 12:54:33,686 - data_pre_processing - INFO - Fetching data for period: 2024-05-08
2025-08-08 12:54:33,821 - data_pre_processing - INFO - Fetching data for period: 2024-05-09
2025-08-08 12:54:33,986 - data_pre_processing - INFO - Fetching data for period: 2024-05-10
2025-08-08 12:54:34,248 - data_pre_processing - INFO - Fetching data for period: 2024-05-11
2025-08-08 12:54:34,431 - data_pre_processing - INFO - Fetching data for period: 2024-05-12
2025-08-08 12:54:34,568 - data_pre_processing - INFO - Fetching data for period: 2024-05-13
2025-08-08 12:54:34,819 - data_pre_processing - INFO - Fetching data for period: 2024-05-14
2025-08-08 12:54:34,975 - data_pre_processing - INFO - Fetching data for period: 2024-05-15
2025-08-08 12:54:35,104 - data_pre_processing - INFO - Fetching data for period: 2024-05-16
2025-08-08 12:54:35,286 - data_pre_processing - INFO - Fetching data for period: 2024-05-17
2025-08-08 12:54:35,421 - data_pre_processing - INFO - Fetching data for period: 2024-05-18
2025-08-08 12:54:35,545 - data_pre_processing - INFO - Fetching data for period: 2024-05-19
2025-08-08 12:54:35,687 - data_pre_processing - INFO - Fetching data for period: 2024-05-20
2025-08-08 12:54:35,806 - data_pre_processing - INFO - Fetching data for period: 2024-05-21
2025-08-08 12:54:35,933 - data_pre_processing - INFO - Fetching data for period: 2024-05-22
2025-08-08 12:54:36,053 - data_pre_processing - INFO - Fetching data for period: 2024-05-23
2025-08-08 12:54:36,169 - data_pre_processing - INFO - Fetching data for period: 2024-05-24
2025-08-08 12:54:36,291 - data_pre_processing - INFO - Fetching data for period: 2024-05-25
2025-08-08 12:54:36,412 - data_pre_processing - INFO - Fetching data for period: 2024-05-26
2025-08-08 12:54:36,534 - data_pre_processing - INFO - Fetching data for period: 2024-05-27
2025-08-08 12:54:36,657 - data_pre_processing - INFO - Fetching data for period: 2024-05-28
2025-08-08 12:54:36,777 - data_pre_processing - INFO - Fetching data for period: 2024-05-29
2025-08-08 12:54:36,906 - data_pre_processing - INFO - Fetching data for period: 2024-05-30
2025-08-08 12:54:37,026 - data_pre_processing - INFO - Fetching data for period: 2024-05-31
2025-08-08 12:54:37,150 - data_pre_processing - INFO - Fetching data for period: 2024-06-01
2025-08-08 12:54:37,272 - data_pre_processing - INFO - Fetching data for period: 2024-06-02
2025-08-08 12:54:37,394 - data_pre_processing - INFO - Fetching data for period: 2024-06-03
2025-08-08 12:54:37,710 - data_pre_processing - INFO - Fetching data for period: 2024-06-04
2025-08-08 12:54:37,837 - data_pre_processing - INFO - Fetching data for period: 2024-06-05
2025-08-08 12:54:37,953 - data_pre_processing - INFO - Fetching data for period: 2024-06-06
2025-08-08 12:54:38,080 - data_pre_processing - INFO - Fetching data for period: 2024-06-07
2025-08-08 12:54:38,209 - data_pre_processing - INFO - Fetching data for period: 2024-06-08
2025-08-08 12:54:38,328 - data_pre_processing - INFO - Fetching data for period: 2024-06-09
2025-08-08 12:54:38,475 - data_pre_processing - INFO - Fetching data for period: 2024-06-10
2025-08-08 12:54:38,597 - data_pre_processing - INFO - Fetching data for period: 2024-06-11
2025-08-08 12:54:38,732 - data_pre_processing - INFO - Fetching data for period: 2024-06-12
2025-08-08 12:54:38,848 - data_pre_processing - INFO - Fetching data for period: 2024-06-13
2025-08-08 12:54:38,970 - data_pre_processing - INFO - Fetching data for period: 2024-06-14
2025-08-08 12:54:39,103 - data_pre_processing - INFO - Fetching data for period: 2024-06-15
2025-08-08 12:54:39,245 - data_pre_processing - INFO - Fetching data for period: 2024-06-16
2025-08-08 12:54:39,361 - data_pre_processing - INFO - Fetching data for period: 2024-06-17
2025-08-08 12:54:39,480 - data_pre_processing - INFO - Fetching data for period: 2024-06-18
2025-08-08 12:54:39,625 - data_pre_processing - INFO - Fetching data for period: 2024-06-19
2025-08-08 12:54:39,757 - data_pre_processing - INFO - Fetching data for period: 2024-06-20
2025-08-08 12:54:39,960 - data_pre_processing - INFO - Fetching data for period: 2024-06-21
2025-08-08 12:54:40,090 - data_pre_processing - INFO - Fetching data for period: 2024-06-22
2025-08-08 12:54:40,257 - data_pre_processing - INFO - Fetching data for period: 2024-06-23
2025-08-08 12:54:40,383 - data_pre_processing - INFO - Fetching data for period: 2024-06-24
2025-08-08 12:54:40,504 - data_pre_processing - INFO - Fetching data for period: 2024-06-25
2025-08-08 12:54:40,627 - data_pre_processing - INFO - Fetching data for period: 2024-06-26
2025-08-08 12:54:40,746 - data_pre_processing - INFO - Fetching data for period: 2024-06-27
2025-08-08 12:54:40,860 - data_pre_processing - INFO - Fetching data for period: 2024-06-28
2025-08-08 12:54:40,982 - data_pre_processing - INFO - Fetching data for period: 2024-06-29
2025-08-08 12:54:41,100 - data_pre_processing - INFO - Fetching data for period: 2024-06-30
2025-08-08 12:54:41,218 - data_pre_processing - INFO - Fetching data for period: 2024-07-01
2025-08-08 12:54:41,340 - data_pre_processing - INFO - Fetching data for period: 2024-07-02
2025-08-08 12:54:41,456 - data_pre_processing - INFO - Fetching data for period: 2024-07-03
2025-08-08 12:54:41,576 - data_pre_processing - INFO - Fetching data for period: 2024-07-04
2025-08-08 12:54:41,731 - data_pre_processing - INFO - Fetching data for period: 2024-07-05
2025-08-08 12:54:41,868 - data_pre_processing - INFO - Fetching data for period: 2024-07-06
2025-08-08 12:54:41,996 - data_pre_processing - INFO - Fetching data for period: 2024-07-07
2025-08-08 12:54:42,113 - data_pre_processing - INFO - Fetching data for period: 2024-07-08
2025-08-08 12:54:42,285 - data_pre_processing - INFO - Fetching data for period: 2024-07-09
2025-08-08 12:54:42,406 - data_pre_processing - INFO - Fetching data for period: 2024-07-10
2025-08-08 12:54:42,533 - data_pre_processing - INFO - Fetching data for period: 2024-07-11
2025-08-08 12:54:42,661 - data_pre_processing - INFO - Fetching data for period: 2024-07-12
2025-08-08 12:54:42,788 - data_pre_processing - INFO - Fetching data for period: 2024-07-13
2025-08-08 12:54:42,916 - data_pre_processing - INFO - Fetching data for period: 2024-07-14
2025-08-08 12:54:43,031 - data_pre_processing - INFO - Fetching data for period: 2024-07-15
2025-08-08 12:54:43,151 - data_pre_processing - INFO - Fetching data for period: 2024-07-16
2025-08-08 12:54:43,278 - data_pre_processing - INFO - Fetching data for period: 2024-07-17
2025-08-08 12:54:43,400 - data_pre_processing - INFO - Fetching data for period: 2024-07-18
2025-08-08 12:54:43,538 - data_pre_processing - INFO - Fetching data for period: 2024-07-19
2025-08-08 12:54:43,890 - data_pre_processing - INFO - Fetching data for period: 2024-07-20
2025-08-08 12:54:44,007 - data_pre_processing - INFO - Fetching data for period: 2024-07-21
2025-08-08 12:54:44,133 - data_pre_processing - INFO - Fetching data for period: 2024-07-22
2025-08-08 12:54:44,254 - data_pre_processing - INFO - Fetching data for period: 2024-07-23
2025-08-08 12:54:44,383 - data_pre_processing - INFO - Fetching data for period: 2024-07-24
2025-08-08 12:54:44,508 - data_pre_processing - INFO - Fetching data for period: 2024-07-25
2025-08-08 12:54:44,630 - data_pre_processing - INFO - Fetching data for period: 2024-07-26
2025-08-08 12:54:44,755 - data_pre_processing - INFO - Fetching data for period: 2024-07-27
2025-08-08 12:54:44,886 - data_pre_processing - INFO - Fetching data for period: 2024-07-28
2025-08-08 12:54:45,009 - data_pre_processing - INFO - Fetching data for period: 2024-07-29
2025-08-08 12:54:45,152 - data_pre_processing - INFO - Fetching data for period: 2024-07-30
2025-08-08 12:54:45,274 - data_pre_processing - INFO - Fetching data for period: 2024-07-31
2025-08-08 12:54:45,387 - data_pre_processing - INFO - Fetching data for period: 2024-08-01
2025-08-08 12:54:45,514 - data_pre_processing - INFO - Fetching data for period: 2024-08-02
2025-08-08 12:54:45,632 - data_pre_processing - INFO - Fetching data for period: 2024-08-03
2025-08-08 12:54:45,750 - data_pre_processing - INFO - Fetching data for period: 2024-08-04
2025-08-08 12:54:45,867 - data_pre_processing - INFO - Fetching data for period: 2024-08-05
2025-08-08 12:54:46,017 - data_pre_processing - INFO - Fetching data for period: 2024-08-06
2025-08-08 12:54:46,152 - data_pre_processing - INFO - Fetching data for period: 2024-08-07
2025-08-08 12:54:46,316 - data_pre_processing - INFO - Fetching data for period: 2024-08-08
2025-08-08 12:54:46,441 - data_pre_processing - INFO - Fetching data for period: 2024-08-09
2025-08-08 12:54:46,578 - data_pre_processing - INFO - Fetching data for period: 2024-08-10
2025-08-08 12:54:46,708 - data_pre_processing - INFO - Fetching data for period: 2024-08-11
2025-08-08 12:54:46,836 - data_pre_processing - INFO - Fetching data for period: 2024-08-12
2025-08-08 12:54:46,969 - data_pre_processing - INFO - Fetching data for period: 2024-08-13
2025-08-08 12:54:47,084 - data_pre_processing - INFO - Fetching data for period: 2024-08-14
2025-08-08 12:54:47,204 - data_pre_processing - INFO - Fetching data for period: 2024-08-15
2025-08-08 12:54:47,327 - data_pre_processing - INFO - Fetching data for period: 2024-08-16
2025-08-08 12:54:47,450 - data_pre_processing - INFO - Fetching data for period: 2024-08-17
2025-08-08 12:54:47,576 - data_pre_processing - INFO - Fetching data for period: 2024-08-18
2025-08-08 12:54:47,696 - data_pre_processing - INFO - Fetching data for period: 2024-08-19
2025-08-08 12:54:47,828 - data_pre_processing - INFO - Fetching data for period: 2024-08-20
2025-08-08 12:54:47,944 - data_pre_processing - INFO - Fetching data for period: 2024-08-21
2025-08-08 12:54:48,060 - data_pre_processing - INFO - Fetching data for period: 2024-08-22
2025-08-08 12:54:48,181 - data_pre_processing - INFO - Fetching data for period: 2024-08-23
2025-08-08 12:54:48,330 - data_pre_processing - INFO - Fetching data for period: 2024-08-24
2025-08-08 12:54:48,449 - data_pre_processing - INFO - Fetching data for period: 2024-08-25
2025-08-08 12:54:48,571 - data_pre_processing - INFO - Fetching data for period: 2024-08-26
2025-08-08 12:54:48,689 - data_pre_processing - INFO - Fetching data for period: 2024-08-27
2025-08-08 12:54:48,801 - data_pre_processing - INFO - Fetching data for period: 2024-08-28
2025-08-08 12:54:48,976 - data_pre_processing - INFO - Fetching data for period: 2024-08-29
2025-08-08 12:54:49,099 - data_pre_processing - INFO - Fetching data for period: 2024-08-30
2025-08-08 12:54:49,214 - data_pre_processing - INFO - Fetching data for period: 2024-08-31
2025-08-08 12:54:49,341 - data_pre_processing - INFO - Fetching data for period: 2024-09-01
2025-08-08 12:54:49,466 - data_pre_processing - INFO - Fetching data for period: 2024-09-02
2025-08-08 12:54:49,591 - data_pre_processing - INFO - Fetching data for period: 2024-09-03
2025-08-08 12:54:49,710 - data_pre_processing - INFO - Fetching data for period: 2024-09-04
2025-08-08 12:54:49,834 - data_pre_processing - INFO - Fetching data for period: 2024-09-05
2025-08-08 12:54:49,954 - data_pre_processing - INFO - Fetching data for period: 2024-09-06
2025-08-08 12:54:50,068 - data_pre_processing - INFO - Fetching data for period: 2024-09-07
2025-08-08 12:54:50,196 - data_pre_processing - INFO - Fetching data for period: 2024-09-08
2025-08-08 12:54:50,317 - data_pre_processing - INFO - Fetching data for period: 2024-09-09
2025-08-08 12:54:50,452 - data_pre_processing - INFO - Fetching data for period: 2024-09-10
2025-08-08 12:54:50,580 - data_pre_processing - INFO - Fetching data for period: 2024-09-11
2025-08-08 12:54:50,703 - data_pre_processing - INFO - Fetching data for period: 2024-09-12
2025-08-08 12:54:50,856 - data_pre_processing - INFO - Fetching data for period: 2024-09-13
2025-08-08 12:54:50,980 - data_pre_processing - INFO - Fetching data for period: 2024-09-14
2025-08-08 12:54:51,455 - data_pre_processing - INFO - Fetching data for period: 2024-09-15
2025-08-08 12:54:51,573 - data_pre_processing - INFO - Fetching data for period: 2024-09-16
2025-08-08 12:54:51,696 - data_pre_processing - INFO - Fetching data for period: 2024-09-17
2025-08-08 12:54:51,808 - data_pre_processing - INFO - Fetching data for period: 2024-09-18
2025-08-08 12:54:51,930 - data_pre_processing - INFO - Fetching data for period: 2024-09-19
2025-08-08 12:54:52,048 - data_pre_processing - INFO - Fetching data for period: 2024-09-20
2025-08-08 12:54:52,186 - data_pre_processing - INFO - Fetching data for period: 2024-09-21
2025-08-08 12:54:52,314 - data_pre_processing - INFO - Fetching data for period: 2024-09-22
2025-08-08 12:54:52,455 - data_pre_processing - INFO - Fetching data for period: 2024-09-23
2025-08-08 12:54:52,572 - data_pre_processing - INFO - Fetching data for period: 2024-09-24
2025-08-08 12:54:52,690 - data_pre_processing - INFO - Fetching data for period: 2024-09-25
2025-08-08 12:54:52,808 - data_pre_processing - INFO - Fetching data for period: 2024-09-26
2025-08-08 12:54:52,932 - data_pre_processing - INFO - Fetching data for period: 2024-09-27
2025-08-08 12:54:53,046 - data_pre_processing - INFO - Fetching data for period: 2024-09-28
2025-08-08 12:54:53,169 - data_pre_processing - INFO - Fetching data for period: 2024-09-29
2025-08-08 12:54:53,293 - data_pre_processing - INFO - Fetching data for period: 2024-09-30
2025-08-08 12:54:53,415 - data_pre_processing - INFO - Fetching data for period: 2024-10-01
2025-08-08 12:54:53,547 - data_pre_processing - INFO - Fetching data for period: 2024-10-02
2025-08-08 12:54:53,665 - data_pre_processing - INFO - Fetching data for period: 2024-10-03
2025-08-08 12:54:53,803 - data_pre_processing - INFO - Fetching data for period: 2024-10-04
2025-08-08 12:54:53,922 - data_pre_processing - INFO - Fetching data for period: 2024-10-05
2025-08-08 12:54:54,121 - data_pre_processing - INFO - Fetching data for period: 2024-10-06
2025-08-08 12:54:54,238 - data_pre_processing - INFO - Fetching data for period: 2024-10-07
2025-08-08 12:54:54,363 - data_pre_processing - INFO - Fetching data for period: 2024-10-08
2025-08-08 12:54:54,592 - data_pre_processing - INFO - Fetching data for period: 2024-10-09
2025-08-08 12:54:54,738 - data_pre_processing - INFO - Fetching data for period: 2024-10-10
2025-08-08 12:54:54,852 - data_pre_processing - INFO - Fetching data for period: 2024-10-11
2025-08-08 12:54:54,984 - data_pre_processing - INFO - Fetching data for period: 2024-10-12
2025-08-08 12:54:55,102 - data_pre_processing - INFO - Fetching data for period: 2024-10-13
2025-08-08 12:54:55,224 - data_pre_processing - INFO - Fetching data for period: 2024-10-14
2025-08-08 12:54:55,378 - data_pre_processing - INFO - Fetching data for period: 2024-10-15
2025-08-08 12:54:55,502 - data_pre_processing - INFO - Fetching data for period: 2024-10-16
2025-08-08 12:54:55,705 - data_pre_processing - INFO - Fetching data for period: 2024-10-17
2025-08-08 12:54:55,839 - data_pre_processing - INFO - Fetching data for period: 2024-10-18
2025-08-08 12:54:55,952 - data_pre_processing - INFO - Fetching data for period: 2024-10-19
2025-08-08 12:54:56,077 - data_pre_processing - INFO - Fetching data for period: 2024-10-20
2025-08-08 12:54:56,234 - data_pre_processing - INFO - Fetching data for period: 2024-10-21
2025-08-08 12:54:56,357 - data_pre_processing - INFO - Fetching data for period: 2024-10-22
2025-08-08 12:54:56,485 - data_pre_processing - INFO - Fetching data for period: 2024-10-23
2025-08-08 12:54:56,639 - data_pre_processing - INFO - Fetching data for period: 2024-10-24
2025-08-08 12:54:56,774 - data_pre_processing - INFO - Fetching data for period: 2024-10-25
2025-08-08 12:54:56,890 - data_pre_processing - INFO - Fetching data for period: 2024-10-26
2025-08-08 12:54:57,013 - data_pre_processing - INFO - Fetching data for period: 2024-10-27
2025-08-08 12:54:57,133 - data_pre_processing - INFO - Fetching data for period: 2024-10-28
2025-08-08 12:54:57,254 - data_pre_processing - INFO - Fetching data for period: 2024-10-29
2025-08-08 12:54:57,403 - data_pre_processing - INFO - Fetching data for period: 2024-10-30
2025-08-08 12:54:57,564 - data_pre_processing - INFO - Fetching data for period: 2024-10-31
2025-08-08 12:54:57,677 - data_pre_processing - INFO - Fetching data for period: 2024-11-01
2025-08-08 12:54:57,807 - data_pre_processing - INFO - Fetching data for period: 2024-11-02
2025-08-08 12:54:57,967 - data_pre_processing - INFO - Fetching data for period: 2024-11-03
2025-08-08 12:54:58,089 - data_pre_processing - INFO - Fetching data for period: 2024-11-04
2025-08-08 12:54:58,231 - data_pre_processing - INFO - Fetching data for period: 2024-11-05
2025-08-08 12:54:58,351 - data_pre_processing - INFO - Fetching data for period: 2024-11-06
2025-08-08 12:54:58,478 - data_pre_processing - INFO - Fetching data for period: 2024-11-07
2025-08-08 12:54:58,602 - data_pre_processing - INFO - Fetching data for period: 2024-11-08
2025-08-08 12:54:58,726 - data_pre_processing - INFO - Fetching data for period: 2024-11-09
2025-08-08 12:54:58,926 - data_pre_processing - INFO - Fetching data for period: 2024-11-10
2025-08-08 12:54:59,068 - data_pre_processing - INFO - Fetching data for period: 2024-11-11
2025-08-08 12:54:59,189 - data_pre_processing - INFO - Fetching data for period: 2024-11-12
2025-08-08 12:54:59,311 - data_pre_processing - INFO - Fetching data for period: 2024-11-13
2025-08-08 12:54:59,452 - data_pre_processing - INFO - Fetching data for period: 2024-11-14
2025-08-08 12:54:59,576 - data_pre_processing - INFO - Fetching data for period: 2024-11-15
2025-08-08 12:54:59,699 - data_pre_processing - INFO - Fetching data for period: 2024-11-16
2025-08-08 12:54:59,841 - data_pre_processing - INFO - Fetching data for period: 2024-11-17
2025-08-08 12:54:59,973 - data_pre_processing - INFO - Fetching data for period: 2024-11-18
2025-08-08 12:55:00,139 - data_pre_processing - INFO - Fetching data for period: 2024-11-19
2025-08-08 12:55:00,289 - data_pre_processing - INFO - Fetching data for period: 2024-11-20
2025-08-08 12:55:00,433 - data_pre_processing - INFO - Fetching data for period: 2024-11-21
2025-08-08 12:55:00,888 - data_pre_processing - INFO - Fetching data for period: 2024-11-22
2025-08-08 12:55:01,019 - data_pre_processing - INFO - Fetching data for period: 2024-11-23
2025-08-08 12:55:01,137 - data_pre_processing - INFO - Fetching data for period: 2024-11-24
2025-08-08 12:55:01,261 - data_pre_processing - INFO - Fetching data for period: 2024-11-25
2025-08-08 12:55:01,389 - data_pre_processing - INFO - Fetching data for period: 2024-11-26
2025-08-08 12:55:01,507 - data_pre_processing - INFO - Fetching data for period: 2024-11-27
2025-08-08 12:55:01,631 - data_pre_processing - INFO - Fetching data for period: 2024-11-28
2025-08-08 12:55:01,754 - data_pre_processing - INFO - Fetching data for period: 2024-11-29
2025-08-08 12:55:01,880 - data_pre_processing - INFO - Fetching data for period: 2024-11-30
2025-08-08 12:55:02,001 - data_pre_processing - INFO - Fetching data for period: 2024-12-01
2025-08-08 12:55:02,120 - data_pre_processing - INFO - Fetching data for period: 2024-12-02
2025-08-08 12:55:02,259 - data_pre_processing - INFO - Fetching data for period: 2024-12-03
2025-08-08 12:55:02,387 - data_pre_processing - INFO - Fetching data for period: 2024-12-04
2025-08-08 12:55:02,523 - data_pre_processing - INFO - Fetching data for period: 2024-12-05
2025-08-08 12:55:02,645 - data_pre_processing - INFO - Fetching data for period: 2024-12-06
2025-08-08 12:55:02,769 - data_pre_processing - INFO - Fetching data for period: 2024-12-07
2025-08-08 12:55:02,863 - data_pre_processing - INFO - Fetching data for period: 2024-12-08
2025-08-08 12:55:02,979 - data_pre_processing - INFO - Fetching data for period: 2024-12-09
2025-08-08 12:55:03,104 - data_pre_processing - INFO - Fetching data for period: 2024-12-10
2025-08-08 12:55:03,231 - data_pre_processing - INFO - Fetching data for period: 2024-12-11
2025-08-08 12:55:03,352 - data_pre_processing - INFO - Fetching data for period: 2024-12-12
2025-08-08 12:55:03,468 - data_pre_processing - INFO - Fetching data for period: 2024-12-13
2025-08-08 12:55:03,587 - data_pre_processing - INFO - Fetching data for period: 2024-12-14
2025-08-08 12:55:03,707 - data_pre_processing - INFO - Fetching data for period: 2024-12-15
2025-08-08 12:55:03,830 - data_pre_processing - INFO - Fetching data for period: 2024-12-16
2025-08-08 12:55:04,046 - data_pre_processing - INFO - Fetching data for period: 2024-12-17
2025-08-08 12:55:04,168 - data_pre_processing - INFO - Fetching data for period: 2024-12-18
2025-08-08 12:55:04,302 - data_pre_processing - INFO - Fetching data for period: 2024-12-19
2025-08-08 12:55:04,431 - data_pre_processing - INFO - Fetching data for period: 2024-12-20
2025-08-08 12:55:04,585 - data_pre_processing - INFO - Fetching data for period: 2024-12-21
2025-08-08 12:55:04,700 - data_pre_processing - INFO - Fetching data for period: 2024-12-22
2025-08-08 12:55:04,823 - data_pre_processing - INFO - Fetching data for period: 2024-12-23
2025-08-08 12:55:04,951 - data_pre_processing - INFO - Fetching data for period: 2024-12-24
2025-08-08 12:55:05,086 - data_pre_processing - INFO - Fetching data for period: 2024-12-25
2025-08-08 12:55:05,206 - data_pre_processing - INFO - Fetching data for period: 2024-12-26
2025-08-08 12:55:05,333 - data_pre_processing - INFO - Fetching data for period: 2024-12-27
2025-08-08 12:55:05,456 - data_pre_processing - INFO - Fetching data for period: 2024-12-28
2025-08-08 12:55:05,633 - data_pre_processing - INFO - Fetching data for period: 2024-12-29
2025-08-08 12:55:05,789 - data_pre_processing - INFO - Fetching data for period: 2024-12-30
2025-08-08 12:55:05,922 - data_pre_processing - INFO - Fetching data for period: 2024-12-31
2025-08-08 12:55:06,087 - data_pre_processing - INFO - Fetching data for period: 2025-01-01
2025-08-08 12:55:06,212 - data_pre_processing - INFO - Fetching data for period: 2025-01-02
2025-08-08 12:55:06,331 - data_pre_processing - INFO - Fetching data for period: 2025-01-03
2025-08-08 12:55:06,457 - data_pre_processing - INFO - Fetching data for period: 2025-01-04
2025-08-08 12:55:06,595 - data_pre_processing - INFO - Fetching data for period: 2025-01-05
2025-08-08 12:55:06,715 - data_pre_processing - INFO - Fetching data for period: 2025-01-06
2025-08-08 12:55:06,844 - data_pre_processing - INFO - Fetching data for period: 2025-01-07
2025-08-08 12:55:06,978 - data_pre_processing - INFO - Fetching data for period: 2025-01-08
2025-08-08 12:55:07,095 - data_pre_processing - INFO - Fetching data for period: 2025-01-09
2025-08-08 12:55:07,212 - data_pre_processing - INFO - Fetching data for period: 2025-01-10
2025-08-08 12:55:07,393 - data_pre_processing - INFO - Fetching data for period: 2025-01-11
2025-08-08 12:55:07,524 - data_pre_processing - INFO - Fetching data for period: 2025-01-12
2025-08-08 12:55:07,645 - data_pre_processing - INFO - Fetching data for period: 2025-01-13
2025-08-08 12:55:07,759 - data_pre_processing - INFO - Fetching data for period: 2025-01-14
2025-08-08 12:55:07,889 - data_pre_processing - INFO - Fetching data for period: 2025-01-15
2025-08-08 12:55:08,008 - data_pre_processing - INFO - Fetching data for period: 2025-01-16
2025-08-08 12:55:08,424 - data_pre_processing - INFO - Fetching data for period: 2025-01-17
2025-08-08 12:55:08,539 - data_pre_processing - INFO - Fetching data for period: 2025-01-18
2025-08-08 12:55:08,672 - data_pre_processing - INFO - Fetching data for period: 2025-01-19
2025-08-08 12:55:08,787 - data_pre_processing - INFO - Fetching data for period: 2025-01-20
2025-08-08 12:55:08,919 - data_pre_processing - INFO - Fetching data for period: 2025-01-21
2025-08-08 12:55:09,039 - data_pre_processing - INFO - Fetching data for period: 2025-01-22
2025-08-08 12:55:09,172 - data_pre_processing - INFO - Fetching data for period: 2025-01-23
2025-08-08 12:55:09,305 - data_pre_processing - INFO - Fetching data for period: 2025-01-24
2025-08-08 12:55:09,432 - data_pre_processing - INFO - Fetching data for period: 2025-01-25
2025-08-08 12:55:09,573 - data_pre_processing - INFO - Fetching data for period: 2025-01-26
2025-08-08 12:55:09,706 - data_pre_processing - INFO - Fetching data for period: 2025-01-27
2025-08-08 12:55:09,830 - data_pre_processing - INFO - Fetching data for period: 2025-01-28
2025-08-08 12:55:09,975 - data_pre_processing - INFO - Fetching data for period: 2025-01-29
2025-08-08 12:55:10,115 - data_pre_processing - INFO - Fetching data for period: 2025-01-30
2025-08-08 12:55:10,276 - data_pre_processing - INFO - Fetching data for period: 2025-01-31
2025-08-08 12:55:10,408 - data_pre_processing - INFO - Fetching data for period: 2025-02-01
2025-08-08 12:55:10,532 - data_pre_processing - INFO - Fetching data for period: 2025-02-02
2025-08-08 12:55:10,678 - data_pre_processing - INFO - Fetching data for period: 2025-02-03
2025-08-08 12:55:10,804 - data_pre_processing - INFO - Fetching data for period: 2025-02-04
2025-08-08 12:55:10,935 - data_pre_processing - INFO - Fetching data for period: 2025-02-05
2025-08-08 12:55:11,127 - data_pre_processing - INFO - Fetching data for period: 2025-02-06
2025-08-08 12:55:11,249 - data_pre_processing - INFO - Fetching data for period: 2025-02-07
2025-08-08 12:55:11,363 - data_pre_processing - INFO - Fetching data for period: 2025-02-08
2025-08-08 12:55:11,480 - data_pre_processing - INFO - Fetching data for period: 2025-02-09
2025-08-08 12:55:11,603 - data_pre_processing - INFO - Fetching data for period: 2025-02-10
2025-08-08 12:55:11,721 - data_pre_processing - INFO - Fetching data for period: 2025-02-11
2025-08-08 12:55:11,849 - data_pre_processing - INFO - Fetching data for period: 2025-02-12
2025-08-08 12:55:11,976 - data_pre_processing - INFO - Fetching data for period: 2025-02-13
2025-08-08 12:55:12,094 - data_pre_processing - INFO - Fetching data for period: 2025-02-14
2025-08-08 12:55:12,222 - data_pre_processing - INFO - Fetching data for period: 2025-02-15
2025-08-08 12:55:12,340 - data_pre_processing - INFO - Fetching data for period: 2025-02-16
2025-08-08 12:55:12,462 - data_pre_processing - INFO - Fetching data for period: 2025-02-17
2025-08-08 12:55:12,591 - data_pre_processing - INFO - Fetching data for period: 2025-02-18
2025-08-08 12:55:12,706 - data_pre_processing - INFO - Fetching data for period: 2025-02-19
2025-08-08 12:55:12,821 - data_pre_processing - INFO - Fetching data for period: 2025-02-20
2025-08-08 12:55:12,939 - data_pre_processing - INFO - Fetching data for period: 2025-02-21
2025-08-08 12:55:13,066 - data_pre_processing - INFO - Fetching data for period: 2025-02-22
2025-08-08 12:55:13,200 - data_pre_processing - INFO - Fetching data for period: 2025-02-23
2025-08-08 12:55:13,329 - data_pre_processing - INFO - Fetching data for period: 2025-02-24
2025-08-08 12:55:13,475 - data_pre_processing - INFO - Fetching data for period: 2025-02-25
2025-08-08 12:55:13,601 - data_pre_processing - INFO - Fetching data for period: 2025-02-26
2025-08-08 12:55:13,732 - data_pre_processing - INFO - Fetching data for period: 2025-02-27
2025-08-08 12:55:13,852 - data_pre_processing - INFO - Fetching data for period: 2025-02-28
2025-08-08 12:55:13,986 - data_pre_processing - INFO - Fetching data for period: 2025-03-01
2025-08-08 12:55:14,115 - data_pre_processing - INFO - Fetching data for period: 2025-03-02
2025-08-08 12:55:14,300 - data_pre_processing - INFO - Fetching data for period: 2025-03-03
2025-08-08 12:55:14,449 - data_pre_processing - INFO - Fetching data for period: 2025-03-04
2025-08-08 12:55:14,570 - data_pre_processing - INFO - Fetching data for period: 2025-03-05
2025-08-08 12:55:14,685 - data_pre_processing - INFO - Fetching data for period: 2025-03-06
2025-08-08 12:55:14,820 - data_pre_processing - INFO - Fetching data for period: 2025-03-07
2025-08-08 12:55:14,947 - data_pre_processing - INFO - Fetching data for period: 2025-03-08
2025-08-08 12:55:15,086 - data_pre_processing - INFO - Fetching data for period: 2025-03-09
2025-08-08 12:55:15,231 - data_pre_processing - INFO - Fetching data for period: 2025-03-10
2025-08-08 12:55:15,349 - data_pre_processing - INFO - Fetching data for period: 2025-03-11
2025-08-08 12:55:15,472 - data_pre_processing - INFO - Fetching data for period: 2025-03-12
2025-08-08 12:55:15,601 - data_pre_processing - INFO - Fetching data for period: 2025-03-13
2025-08-08 12:55:15,717 - data_pre_processing - INFO - Fetching data for period: 2025-03-14
2025-08-08 12:55:15,850 - data_pre_processing - INFO - Fetching data for period: 2025-03-15
2025-08-08 12:55:15,968 - data_pre_processing - INFO - Fetching data for period: 2025-03-16
2025-08-08 12:55:16,112 - data_pre_processing - INFO - Fetching data for period: 2025-03-17
2025-08-08 12:55:16,233 - data_pre_processing - INFO - Fetching data for period: 2025-03-18
2025-08-08 12:55:16,357 - data_pre_processing - INFO - Fetching data for period: 2025-03-19
2025-08-08 12:55:16,474 - data_pre_processing - INFO - Fetching data for period: 2025-03-20
2025-08-08 12:55:16,605 - data_pre_processing - INFO - Fetching data for period: 2025-03-21
2025-08-08 12:55:16,743 - data_pre_processing - INFO - Fetching data for period: 2025-03-22
2025-08-08 12:55:16,889 - data_pre_processing - INFO - Fetching data for period: 2025-03-23
2025-08-08 12:55:17,032 - data_pre_processing - INFO - Fetching data for period: 2025-03-24
2025-08-08 12:55:17,156 - data_pre_processing - INFO - Fetching data for period: 2025-03-25
2025-08-08 12:55:17,277 - data_pre_processing - INFO - Fetching data for period: 2025-03-26
2025-08-08 12:55:17,410 - data_pre_processing - INFO - Fetching data for period: 2025-03-27
2025-08-08 12:55:17,534 - data_pre_processing - INFO - Fetching data for period: 2025-03-28
2025-08-08 12:55:17,648 - data_pre_processing - INFO - Fetching data for period: 2025-03-29
2025-08-08 12:55:17,771 - data_pre_processing - INFO - Fetching data for period: 2025-03-30
2025-08-08 12:55:17,893 - data_pre_processing - INFO - Fetching data for period: 2025-03-31
2025-08-08 12:55:18,018 - data_pre_processing - INFO - Fetching data for period: 2025-04-01
2025-08-08 12:55:18,182 - data_pre_processing - INFO - Fetching data for period: 2025-04-02
2025-08-08 12:55:18,367 - data_pre_processing - INFO - Fetching data for period: 2025-04-03
2025-08-08 12:55:18,550 - data_pre_processing - INFO - Fetching data for period: 2025-04-04
2025-08-08 12:55:18,747 - data_pre_processing - INFO - Fetching data for period: 2025-04-05
2025-08-08 12:55:18,932 - data_pre_processing - INFO - Fetching data for period: 2025-04-06
2025-08-08 12:55:19,114 - data_pre_processing - INFO - Fetching data for period: 2025-04-07
2025-08-08 12:55:19,301 - data_pre_processing - INFO - Fetching data for period: 2025-04-08
2025-08-08 12:55:19,591 - data_pre_processing - INFO - Fetching data for period: 2025-04-09
2025-08-08 12:55:19,764 - data_pre_processing - INFO - Fetching data for period: 2025-04-10
2025-08-08 12:55:20,001 - data_pre_processing - INFO - Fetching data for period: 2025-04-11
2025-08-08 12:55:20,190 - data_pre_processing - INFO - Fetching data for period: 2025-04-12
2025-08-08 12:55:20,471 - data_pre_processing - INFO - Fetching data for period: 2025-04-13
2025-08-08 12:55:20,651 - data_pre_processing - INFO - Fetching data for period: 2025-04-14
2025-08-08 12:55:20,818 - data_pre_processing - INFO - Fetching data for period: 2025-04-15
2025-08-08 12:55:20,978 - data_pre_processing - INFO - Fetching data for period: 2025-04-16
2025-08-08 12:55:21,115 - data_pre_processing - INFO - Fetching data for period: 2025-04-17
2025-08-08 12:55:21,249 - data_pre_processing - INFO - Fetching data for period: 2025-04-18
2025-08-08 12:55:21,385 - data_pre_processing - INFO - Fetching data for period: 2025-04-19
2025-08-08 12:55:21,521 - data_pre_processing - INFO - Fetching data for period: 2025-04-20
2025-08-08 12:55:21,672 - data_pre_processing - INFO - Fetching data for period: 2025-04-21
2025-08-08 12:55:21,807 - data_pre_processing - INFO - Fetching data for period: 2025-04-22
2025-08-08 12:55:22,012 - data_pre_processing - INFO - Fetching data for period: 2025-04-23
2025-08-08 12:55:22,177 - data_pre_processing - INFO - Fetching data for period: 2025-04-24
2025-08-08 12:55:22,328 - data_pre_processing - INFO - Fetching data for period: 2025-04-25
2025-08-08 12:55:22,547 - data_pre_processing - INFO - Fetching data for period: 2025-04-26
2025-08-08 12:55:22,713 - data_pre_processing - INFO - Fetching data for period: 2025-04-27
2025-08-08 12:55:22,980 - data_pre_processing - INFO - Fetching data for period: 2025-04-28
2025-08-08 12:55:23,145 - data_pre_processing - INFO - Fetching data for period: 2025-04-29
2025-08-08 12:55:23,466 - data_pre_processing - INFO - Fetching data for period: 2025-04-30
2025-08-08 12:55:23,650 - data_pre_processing - INFO - Fetching data for period: 2025-05-01
2025-08-08 12:55:23,853 - data_pre_processing - INFO - Fetching data for period: 2025-05-02
2025-08-08 12:55:24,135 - data_pre_processing - INFO - Fetching data for period: 2025-05-03
2025-08-08 12:55:24,345 - data_pre_processing - INFO - Fetching data for period: 2025-05-04
2025-08-08 12:55:24,522 - data_pre_processing - INFO - Fetching data for period: 2025-05-05
2025-08-08 12:55:24,838 - data_pre_processing - INFO - Fetching data for period: 2025-05-06
2025-08-08 12:55:25,119 - data_pre_processing - INFO - Fetching data for period: 2025-05-07
2025-08-08 12:55:25,297 - data_pre_processing - INFO - Fetching data for period: 2025-05-08
2025-08-08 12:55:25,479 - data_pre_processing - INFO - Fetching data for period: 2025-05-09
2025-08-08 12:55:25,660 - data_pre_processing - INFO - Fetching data for period: 2025-05-10
2025-08-08 12:55:25,828 - data_pre_processing - INFO - Fetching data for period: 2025-05-11
2025-08-08 12:55:26,022 - data_pre_processing - INFO - Fetching data for period: 2025-05-12
2025-08-08 12:55:26,204 - data_pre_processing - INFO - Fetching data for period: 2025-05-13
2025-08-08 12:55:26,405 - data_pre_processing - INFO - Fetching data for period: 2025-05-14
2025-08-08 12:55:26,570 - data_pre_processing - INFO - Fetching data for period: 2025-05-15
2025-08-08 12:55:26,765 - data_pre_processing - INFO - Fetching data for period: 2025-05-16
2025-08-08 12:55:26,990 - data_pre_processing - INFO - Fetching data for period: 2025-05-17
2025-08-08 12:55:27,155 - data_pre_processing - INFO - Fetching data for period: 2025-05-18
2025-08-08 12:55:27,337 - data_pre_processing - INFO - Fetching data for period: 2025-05-19
